 Equilibrium: g127545.01500, Type: efit

 Jac_type = hamada, power_bp = 0, power_b = 0, power_r = 0


  mpsi mtheta   psilow    psihigh    rs_right   rs_left     zs_top     zs_bot

   128   256  1.000E-04  9.900E-01  2.247E+00  1.066E+00  9.281E-01 -1.050E+00


    amean      rmean      aratio     kappa      delta1     delta2     volume

  5.905E-01  1.657E+00  2.806E+00  1.675E+00  3.358E-01  5.022E-01  1.807E+01


     li1        li2        li3         ro         zo        psio

  1.061E+00  9.033E-01  9.203E-01  1.688E+00 -2.614E-02  1.948E-01


    betap1     betap2     betap3     betat      betan     ppeakfac     bt0

  1.238E-01  1.054E-01  1.074E-01  4.502E-03  3.493E-01  4.279E+00  1.028E+00


      q0        qmin        q95       qmax        qa        crnt       I/aB

  8.988E-01  8.988E-01  3.300E+00  4.391E+00  5.021E+00  7.820E-01  1.289E+00


ipsi  psifac      f       mu0 p     dvdpsi      q          di         dr        ca1

  0 1.000E-04 1.814E+00 1.017E-02 1.086E+01 8.989E-01  8.490E+01  8.514E+01  0.000E+00
  1 2.491E-04 1.814E+00 1.016E-02 1.086E+01 8.990E-01  4.944E+01  4.968E+01  0.000E+00
  2 6.962E-04 1.814E+00 1.015E-02 1.086E+01 8.992E-01  4.144E+01  4.167E+01  0.000E+00
  3 1.441E-03 1.814E+00 1.014E-02 1.087E+01 8.995E-01  2.491E+01  2.514E+01  0.000E+00
  4 2.483E-03 1.814E+00 1.012E-02 1.087E+01 8.999E-01  9.152E+00  9.388E+00  0.000E+00
  5 3.822E-03 1.813E+00 1.009E-02 1.088E+01 9.006E-01  3.833E+00  4.072E+00  0.000E+00
  6 5.457E-03 1.813E+00 1.005E-02 1.089E+01 9.015E-01  2.282E+00  2.521E+00  0.000E+00
  7 7.387E-03 1.812E+00 1.001E-02 1.090E+01 9.026E-01  1.606E+00  1.845E+00  0.000E+00
  8 9.610E-03 1.812E+00 9.961E-03 1.092E+01 9.039E-01  1.260E+00  1.498E+00  0.000E+00
  9 1.213E-02 1.811E+00 9.907E-03 1.094E+01 9.053E-01  1.016E+00  1.254E+00  0.000E+00
 10 1.493E-02 1.811E+00 9.846E-03 1.096E+01 9.069E-01  7.570E-01  9.955E-01  0.000E+00
 11 1.803E-02 1.810E+00 9.780E-03 1.098E+01 9.086E-01  5.387E-01  7.774E-01  0.000E+00
 12 2.141E-02 1.809E+00 9.708E-03 1.100E+01 9.106E-01  3.917E-01  6.305E-01  0.000E+00
 13 2.508E-02 1.808E+00 9.630E-03 1.103E+01 9.127E-01  2.878E-01  5.267E-01  0.000E+00
 14 2.903E-02 1.808E+00 9.546E-03 1.105E+01 9.150E-01  2.065E-01  4.454E-01  0.000E+00
 15 3.327E-02 1.807E+00 9.457E-03 1.108E+01 9.175E-01  1.414E-01  3.803E-01  0.000E+00
 16 3.778E-02 1.806E+00 9.362E-03 1.112E+01 9.201E-01  8.771E-02  3.266E-01  0.000E+00
 17 4.256E-02 1.805E+00 9.263E-03 1.115E+01 9.229E-01  3.954E-02  2.785E-01  0.000E+00
 18 4.762E-02 1.803E+00 9.158E-03 1.119E+01 9.260E-01  3.461E-04  2.394E-01  0.000E+00
 19 5.295E-02 1.802E+00 9.048E-03 1.122E+01 9.292E-01 -3.389E-02  2.052E-01  2.751E+00
 20 5.854E-02 1.801E+00 8.934E-03 1.126E+01 9.326E-01 -6.093E-02  1.782E-01  2.397E+00
 21 6.440E-02 1.800E+00 8.815E-03 1.131E+01 9.362E-01 -8.393E-02  1.553E-01  2.302E+00
 22 7.052E-02 1.798E+00 8.692E-03 1.135E+01 9.400E-01 -1.050E-01  1.343E-01  2.327E+00
 23 7.689E-02 1.797E+00 8.565E-03 1.140E+01 9.440E-01 -1.218E-01  1.175E-01  2.402E+00
 24 8.351E-02 1.796E+00 8.434E-03 1.145E+01 9.482E-01 -1.381E-01  1.013E-01  2.526E+00
 25 9.039E-02 1.794E+00 8.299E-03 1.150E+01 9.526E-01 -1.518E-01  8.764E-02  2.668E+00
 26 9.750E-02 1.793E+00 8.161E-03 1.156E+01 9.572E-01 -1.634E-01  7.612E-02  2.833E+00
 27 1.049E-01 1.791E+00 8.019E-03 1.161E+01 9.620E-01 -1.737E-01  6.587E-02  3.005E+00
 28 1.124E-01 1.790E+00 7.875E-03 1.167E+01 9.671E-01 -1.834E-01  5.625E-02  3.214E+00
 29 1.203E-01 1.788E+00 7.727E-03 1.173E+01 9.724E-01 -1.917E-01  4.802E-02  3.433E+00
 30 1.283E-01 1.786E+00 7.577E-03 1.180E+01 9.779E-01 -1.989E-01  4.091E-02  3.665E+00
 31 1.366E-01 1.785E+00 7.425E-03 1.186E+01 9.836E-01 -2.057E-01  3.422E-02  3.909E+00
 32 1.451E-01 1.783E+00 7.270E-03 1.193E+01 9.896E-01 -2.112E-01  2.877E-02  4.176E+00
 33 1.538E-01 1.781E+00 7.113E-03 1.201E+01 9.959E-01 -2.167E-01  2.337E-02  4.453E+00
 34 1.627E-01 1.780E+00 6.955E-03 1.208E+01 1.002E+00 -2.217E-01  1.843E-02  4.741E+00
 35 1.718E-01 1.778E+00 6.795E-03 1.216E+01 1.009E+00 -2.256E-01  1.467E-02  5.056E+00
 36 1.811E-01 1.776E+00 6.633E-03 1.224E+01 1.016E+00 -2.296E-01  1.074E-02  5.377E+00
 37 1.905E-01 1.774E+00 6.471E-03 1.232E+01 1.023E+00 -2.331E-01  7.331E-03  5.729E+00
 38 2.002E-01 1.773E+00 6.308E-03 1.240E+01 1.031E+00 -2.360E-01  4.589E-03  6.073E+00
 39 2.101E-01 1.771E+00 6.144E-03 1.249E+01 1.039E+00 -2.389E-01  1.739E-03  6.470E+00
 40 2.201E-01 1.769E+00 5.980E-03 1.258E+01 1.047E+00 -2.413E-01 -5.670E-04  6.865E+00
 41 2.303E-01 1.767E+00 5.815E-03 1.268E+01 1.055E+00 -2.436E-01 -2.770E-03  7.287E+00
 42 2.406E-01 1.765E+00 5.651E-03 1.278E+01 1.064E+00 -2.457E-01 -4.766E-03  7.727E+00
 43 2.511E-01 1.764E+00 5.487E-03 1.288E+01 1.073E+00 -2.475E-01 -6.420E-03  8.202E+00
 44 2.617E-01 1.762E+00 5.323E-03 1.298E+01 1.082E+00 -2.491E-01 -7.969E-03  8.694E+00
 45 2.725E-01 1.760E+00 5.160E-03 1.309E+01 1.092E+00 -2.504E-01 -9.189E-03  9.211E+00
 46 2.834E-01 1.758E+00 4.997E-03 1.320E+01 1.102E+00 -2.518E-01 -1.047E-02  9.772E+00
 47 2.945E-01 1.756E+00 4.836E-03 1.331E+01 1.113E+00 -2.531E-01 -1.160E-02  1.036E+01
 48 3.056E-01 1.755E+00 4.676E-03 1.342E+01 1.123E+00 -2.540E-01 -1.246E-02  1.098E+01
 49 3.169E-01 1.753E+00 4.517E-03 1.354E+01 1.134E+00 -2.550E-01 -1.329E-02  1.164E+01
 50 3.283E-01 1.751E+00 4.360E-03 1.367E+01 1.146E+00 -2.557E-01 -1.396E-02  1.235E+01
 51 3.398E-01 1.749E+00 4.204E-03 1.379E+01 1.158E+00 -2.564E-01 -1.451E-02  1.309E+01
 52 3.514E-01 1.748E+00 4.051E-03 1.393E+01 1.170E+00 -2.571E-01 -1.512E-02  1.388E+01
 53 3.630E-01 1.746E+00 3.899E-03 1.406E+01 1.183E+00 -2.577E-01 -1.555E-02  1.471E+01
 54 3.748E-01 1.744E+00 3.749E-03 1.420E+01 1.196E+00 -2.581E-01 -1.585E-02  1.560E+01
 55 3.866E-01 1.743E+00 3.602E-03 1.434E+01 1.209E+00 -2.585E-01 -1.613E-02  1.655E+01
 56 3.985E-01 1.741E+00 3.457E-03 1.449E+01 1.223E+00 -2.588E-01 -1.639E-02  1.757E+01
 57 4.104E-01 1.740E+00 3.315E-03 1.464E+01 1.238E+00 -2.591E-01 -1.656E-02  1.864E+01
 58 4.224E-01 1.738E+00 3.175E-03 1.479E+01 1.252E+00 -2.593E-01 -1.665E-02  1.977E+01
 59 4.345E-01 1.737E+00 3.038E-03 1.495E+01 1.268E+00 -2.595E-01 -1.667E-02  2.098E+01
 60 4.465E-01 1.735E+00 2.904E-03 1.511E+01 1.284E+00 -2.596E-01 -1.668E-02  2.225E+01
 61 4.586E-01 1.734E+00 2.773E-03 1.528E+01 1.300E+00 -2.597E-01 -1.670E-02  2.363E+01
 62 4.708E-01 1.732E+00 2.645E-03 1.545E+01 1.317E+00 -2.598E-01 -1.662E-02  2.507E+01
 63 4.829E-01 1.731E+00 2.520E-03 1.563E+01 1.334E+00 -2.598E-01 -1.651E-02  2.661E+01
 64 4.950E-01 1.729E+00 2.398E-03 1.581E+01 1.352E+00 -2.598E-01 -1.639E-02  2.826E+01
 65 5.072E-01 1.728E+00 2.280E-03 1.599E+01 1.371E+00 -2.598E-01 -1.625E-02  3.000E+01
 66 5.193E-01 1.727E+00 2.164E-03 1.618E+01 1.390E+00 -2.596E-01 -1.601E-02  3.184E+01
 67 5.315E-01 1.725E+00 2.053E-03 1.638E+01 1.410E+00 -2.596E-01 -1.582E-02  3.378E+01
 68 5.436E-01 1.724E+00 1.944E-03 1.658E+01 1.430E+00 -2.595E-01 -1.563E-02  3.587E+01
 69 5.556E-01 1.723E+00 1.839E-03 1.678E+01 1.451E+00 -2.594E-01 -1.535E-02  3.808E+01
 70 5.677E-01 1.722E+00 1.737E-03 1.700E+01 1.473E+00 -2.592E-01 -1.509E-02  4.040E+01
 71 5.797E-01 1.721E+00 1.639E-03 1.721E+01 1.496E+00 -2.590E-01 -1.479E-02  4.286E+01
 72 5.916E-01 1.720E+00 1.544E-03 1.744E+01 1.519E+00 -2.589E-01 -1.451E-02  4.549E+01
 73 6.035E-01 1.719E+00 1.452E-03 1.766E+01 1.543E+00 -2.587E-01 -1.422E-02  4.830E+01
 74 6.153E-01 1.718E+00 1.364E-03 1.790E+01 1.567E+00 -2.585E-01 -1.389E-02  5.114E+01
 75 6.271E-01 1.717E+00 1.280E-03 1.814E+01 1.592E+00 -2.583E-01 -1.355E-02  5.499E+01
 76 6.387E-01 1.716E+00 1.199E-03 1.838E+01 1.619E+00 -2.581E-01 -1.321E-02  5.753E+01
 77 6.503E-01 1.715E+00 1.121E-03 1.864E+01 1.646E+00 -2.579E-01 -1.286E-02  6.083E+01
 78 6.618E-01 1.714E+00 1.046E-03 1.890E+01 1.673E+00 -2.577E-01 -1.253E-02  6.496E+01
 79 6.732E-01 1.713E+00 9.753E-04 1.916E+01 1.702E+00 -2.574E-01 -1.217E-02  6.870E+01
 80 6.845E-01 1.713E+00 9.074E-04 1.943E+01 1.732E+00 -2.572E-01 -1.180E-02  7.290E+01
 81 6.956E-01 1.712E+00 8.428E-04 1.971E+01 1.762E+00 -2.570E-01 -1.145E-02  7.735E+01
 82 7.067E-01 1.711E+00 7.812E-04 2.000E+01 1.794E+00 -2.567E-01 -1.108E-02  8.198E+01
 83 7.176E-01 1.711E+00 7.228E-04 2.030E+01 1.826E+00 -2.565E-01 -1.072E-02  8.687E+01
 84 7.284E-01 1.710E+00 6.675E-04 2.060E+01 1.859E+00 -2.563E-01 -1.035E-02  9.213E+01
 85 7.390E-01 1.709E+00 6.151E-04 2.091E+01 1.894E+00 -2.560E-01 -9.973E-03  9.764E+01
 86 7.495E-01 1.709E+00 5.656E-04 2.122E+01 1.929E+00 -2.558E-01 -9.619E-03  1.034E+02
 87 7.598E-01 1.708E+00 5.189E-04 2.155E+01 1.966E+00 -2.555E-01 -9.255E-03  1.098E+02
 88 7.700E-01 1.708E+00 4.750E-04 2.188E+01 2.004E+00 -2.553E-01 -8.892E-03  1.163E+02
 89 7.800E-01 1.707E+00 4.338E-04 2.222E+01 2.043E+00 -2.551E-01 -8.531E-03  1.232E+02
 90 7.899E-01 1.707E+00 3.952E-04 2.257E+01 2.083E+00 -2.548E-01 -8.182E-03  1.308E+02
 91 7.996E-01 1.706E+00 3.590E-04 2.293E+01 2.124E+00 -2.546E-01 -7.828E-03  1.386E+02
 92 8.090E-01 1.706E+00 3.253E-04 2.330E+01 2.167E+00 -2.544E-01 -7.475E-03  1.469E+02
 93 8.183E-01 1.706E+00 2.940E-04 2.368E+01 2.211E+00 -2.542E-01 -7.139E-03  1.557E+02
 94 8.274E-01 1.705E+00 2.648E-04 2.406E+01 2.256E+00 -2.539E-01 -6.790E-03  1.652E+02
 95 8.363E-01 1.705E+00 2.378E-04 2.446E+01 2.302E+00 -2.537E-01 -6.453E-03  1.755E+02
 96 8.450E-01 1.705E+00 2.129E-04 2.487E+01 2.350E+00 -2.535E-01 -6.131E-03  1.860E+02
 97 8.535E-01 1.704E+00 1.900E-04 2.528E+01 2.400E+00 -2.533E-01 -5.807E-03  1.973E+02
 98 8.618E-01 1.704E+00 1.689E-04 2.571E+01 2.451E+00 -2.531E-01 -5.499E-03  2.098E+02
 99 8.698E-01 1.704E+00 1.496E-04 2.615E+01 2.503E+00 -2.529E-01 -5.195E-03  2.229E+02
100 8.777E-01 1.704E+00 1.320E-04 2.659E+01 2.557E+00 -2.527E-01 -4.893E-03  2.368E+02
101 8.852E-01 1.704E+00 1.160E-04 2.705E+01 2.613E+00 -2.526E-01 -4.603E-03  2.519E+02
102 8.926E-01 1.703E+00 1.014E-04 2.752E+01 2.670E+00 -2.524E-01 -4.315E-03  2.679E+02
103 8.997E-01 1.703E+00 8.833E-05 2.801E+01 2.729E+00 -2.522E-01 -4.046E-03  2.858E+02
104 9.066E-01 1.703E+00 7.655E-05 2.850E+01 2.789E+00 -2.521E-01 -3.778E-03  3.047E+02
105 9.132E-01 1.703E+00 6.600E-05 2.900E+01 2.852E+00 -2.519E-01 -3.518E-03  3.253E+02
106 9.196E-01 1.703E+00 5.660E-05 2.952E+01 2.916E+00 -2.517E-01 -3.270E-03  3.468E+02
107 9.257E-01 1.703E+00 4.827E-05 3.005E+01 2.982E+00 -2.516E-01 -3.025E-03  3.700E+02
108 9.316E-01 1.703E+00 4.092E-05 3.059E+01 3.049E+00 -2.515E-01 -2.795E-03  3.966E+02
109 9.372E-01 1.703E+00 3.447E-05 3.114E+01 3.118E+00 -2.513E-01 -2.575E-03  4.247E+02
110 9.425E-01 1.703E+00 2.884E-05 3.170E+01 3.190E+00 -2.512E-01 -2.360E-03  4.559E+02
111 9.475E-01 1.703E+00 2.397E-05 3.227E+01 3.263E+00 -2.511E-01 -2.159E-03  4.889E+02
112 9.523E-01 1.703E+00 1.978E-05 3.286E+01 3.337E+00 -2.510E-01 -1.967E-03  5.273E+02
113 9.568E-01 1.703E+00 1.620E-05 3.346E+01 3.413E+00 -2.509E-01 -1.789E-03  5.677E+02
114 9.611E-01 1.702E+00 1.317E-05 3.406E+01 3.491E+00 -2.508E-01 -1.621E-03  6.126E+02
115 9.650E-01 1.702E+00 1.063E-05 3.468E+01 3.570E+00 -2.507E-01 -1.461E-03  6.644E+02
116 9.687E-01 1.702E+00 8.511E-06 3.530E+01 3.651E+00 -2.506E-01 -1.311E-03  7.224E+02
117 9.721E-01 1.702E+00 6.768E-06 3.592E+01 3.732E+00 -2.505E-01 -1.178E-03  7.844E+02
118 9.752E-01 1.702E+00 5.348E-06 3.655E+01 3.814E+00 -2.504E-01 -1.052E-03  8.539E+02
119 9.780E-01 1.702E+00 4.206E-06 3.717E+01 3.895E+00 -2.504E-01 -9.397E-04  9.318E+02
120 9.805E-01 1.702E+00 3.299E-06 3.779E+01 3.976E+00 -2.503E-01 -8.375E-04  1.022E+03
121 9.827E-01 1.702E+00 2.589E-06 3.839E+01 4.055E+00 -2.503E-01 -7.424E-04  1.120E+03
122 9.846E-01 1.702E+00 2.043E-06 3.896E+01 4.130E+00 -2.503E-01 -6.688E-04  1.213E+03
123 9.863E-01 1.702E+00 1.631E-06 3.949E+01 4.200E+00 -2.502E-01 -5.963E-04  1.326E+03
124 9.876E-01 1.702E+00 1.328E-06 3.996E+01 4.264E+00 -2.502E-01 -5.449E-04  1.434E+03
125 9.887E-01 1.702E+00 1.114E-06 4.036E+01 4.316E+00 -2.502E-01 -4.944E-04  1.529E+03
126 9.894E-01 1.702E+00 9.724E-07 4.066E+01 4.357E+00 -2.502E-01 -4.792E-04  1.549E+03
127 9.899E-01 1.702E+00 8.920E-07 4.085E+01 4.382E+00 -2.501E-01 -4.405E-04  1.757E+03
128 9.900E-01 1.702E+00 8.660E-07 4.092E+01 4.391E+00 -2.501E-01 -4.159E-04  1.908E+03

ipsi  psifac      f       mu0 p     dvdpsi      q          di         dr        ca1


   mlow mhigh mpert mband   nn  lim_fl  dmlim       qlim      psilim

   -12    24    37    36     1     T  1.000E-01  4.100E+00  9.839E-01


 Singular Surfaces:

  i     psi        rho         q          q1        di0         di        err

  1  1.594E-01  3.993E-01  1.000E+00  7.306E-01 -2.201E-01 -2.206E-01  2.470E-03
  2  7.690E-01  8.769E-01  2.000E+00  3.777E+00 -2.553E-01 -2.552E-01 -5.439E-04
  3  9.273E-01  9.630E-01  3.000E+00  1.136E+01 -2.516E-01 -2.517E-01  6.288E-04
  4  9.812E-01  9.906E-01  4.000E+00  3.476E+01 -2.503E-01 -2.612E-01  4.343E-02

  i     psi        rho         q          q1        di0         di        err

 Zero crossing at psi = 7.442E-01, q = 1.911E+00

 Total Energy Eigenvalues:

   isol   plasma     vacuum     total

     1  1.475E+00  2.375E-01  1.713E+00
     2  5.149E+00  4.721E+00  9.870E+00
     3  1.753E+01  1.578E+01  3.331E+01
     4  4.103E+01  1.186E+01  5.289E+01
     5  3.560E+01  3.127E+01  6.687E+01
     6  5.047E+01  4.678E+01  9.725E+01
     7  6.477E+01  6.532E+01  1.301E+02
     8  7.960E+01  8.571E+01  1.653E+02
     9  9.835E+01  6.871E+01  1.671E+02
    10  9.951E+01  1.065E+02  2.061E+02
    11  9.561E+01  1.230E+02  2.186E+02
    12  1.209E+02  1.275E+02  2.484E+02
    13  1.423E+02  1.490E+02  2.913E+02
    14  1.639E+02  1.709E+02  3.349E+02
    15  1.599E+02  1.792E+02  3.390E+02
    16  1.863E+02  1.928E+02  3.791E+02
    17  2.087E+02  2.150E+02  4.237E+02
    18  2.081E+02  2.229E+02  4.310E+02
    19  2.312E+02  2.374E+02  4.686E+02
    20  2.539E+02  2.601E+02  5.140E+02
    21  2.528E+02  2.618E+02  5.146E+02
    22  2.772E+02  2.834E+02  5.607E+02
    23  2.998E+02  3.023E+02  6.022E+02
    24  3.023E+02  3.086E+02  6.109E+02
    25  3.317E+02  3.371E+02  6.687E+02
    26  3.574E+02  3.507E+02  7.081E+02
    27  3.707E+02  3.717E+02  7.424E+02
    28  4.295E+02  4.115E+02  8.410E+02
    29  4.259E+02  4.208E+02  8.467E+02
    30  5.141E+02  4.863E+02  1.000E+03
    31  6.127E+02  5.751E+02  1.188E+03
    32  7.049E+02  6.805E+02  1.385E+03
    33  1.043E+03  4.284E+02  1.471E+03
    34  7.789E+02  8.165E+02  1.595E+03
    35  1.052E+03  9.096E+02  1.962E+03
    36  1.366E+03  7.710E+02  2.137E+03
    37  4.766E+03  8.574E+02  5.624E+03

   isol   plasma     vacuum     total

 Total Energy Eigenvectors:

   isol  imax   plasma     vacuum     total

     1    11  1.475E+00  2.375E-01  1.713E+00

  ipert    m    re wt      im wt      abs wt

     1   -12  5.715E-07  1.334E-05  1.336E-05   
     2   -11  8.994E-06  7.535E-06  1.173E-05   
     3   -10 -3.820E-05 -6.362E-05  7.421E-05   
     4    -9  6.626E-05  8.238E-05  1.057E-04   
     5    -8 -8.145E-05 -1.979E-05  8.382E-05   
     6    -7  8.265E-05 -2.134E-04  2.288E-04   
     7    -6  2.029E-05  3.123E-04  3.129E-04   
     8    -5  1.073E-04 -2.169E-04  2.420E-04   
     9    -4  5.967E-06 -3.673E-05  3.721E-05   
    10    -3  2.853E-04 -6.650E-05  2.929E-04   
    11    -2  2.039E-04  1.162E-04  2.347E-04   
    12    -1  2.152E-04 -1.480E-04  2.612E-04   
    13     0  7.033E-04  8.349E-05  7.082E-04   
    14     1 -1.019E-04 -7.088E-04  7.161E-04   
    15     2 -3.521E-03  2.996E-03  4.623E-03   
    16     3  2.933E-03 -1.432E-02  1.462E-02   
    17     4  9.584E-01  5.421E-20  9.584E-01  *
    18     5  1.349E-01 -7.802E-02  1.558E-01   
    19     6  3.243E-02  3.710E-02  4.928E-02   
    20     7 -2.849E-02 -6.552E-03  2.923E-02   
    21     8  8.962E-04 -5.094E-03  5.172E-03   
    22     9  2.015E-03  5.402E-03  5.766E-03   
    23    10 -3.185E-03 -1.357E-03  3.462E-03   
    24    11 -7.344E-05 -8.044E-04  8.077E-04   
    25    12  2.441E-04  8.603E-04  8.942E-04   
    26    13 -1.907E-04 -2.639E-04  3.256E-04   
    27    14  6.614E-06 -1.876E-04  1.877E-04   
    28    15  2.686E-05  9.584E-05  9.953E-05   
    29    16  2.267E-05 -1.624E-05  2.789E-05   
    30    17  3.709E-05 -5.149E-05  6.346E-05   
    31    18  7.689E-07 -5.542E-06  5.595E-06   
    32    19  3.256E-05 -3.090E-06  3.271E-05   
    33    20  1.474E-05 -5.138E-06  1.561E-05   
    34    21  8.245E-06 -1.068E-05  1.349E-05   
    35    22  7.806E-06  1.496E-06  7.948E-06   
    36    23  5.044E-06 -7.554E-07  5.100E-06   
    37    24  3.239E-10 -1.171E-06  1.171E-06   

  ipert    m    re wt      im wt      abs wt


   isol  imax   plasma     vacuum     total

     2    11  5.149E+00  4.721E+00  9.870E+00

  ipert    m    re wt      im wt      abs wt

     1   -12 -1.580E-04 -1.817E-05  1.591E-04   
     2   -11  2.322E-04  1.232E-04  2.628E-04   
     3   -10 -2.538E-04 -2.014E-04  3.240E-04   
     4    -9  3.349E-04  3.815E-04  5.076E-04   
     5    -8  9.341E-05 -5.751E-04  5.827E-04   
     6    -7  2.562E-04  7.211E-04  7.652E-04   
     7    -6  7.795E-04 -1.950E-04  8.035E-04   
     8    -5  6.112E-04 -4.616E-04  7.659E-04   
     9    -4  8.893E-04  8.613E-04  1.238E-03   
    10    -3  1.944E-03  1.174E-04  1.948E-03   
    11    -2  1.778E-03  3.375E-05  1.779E-03   
    12    -1  3.109E-03 -6.269E-04  3.171E-03   
    13     0  4.114E-03  5.123E-04  4.146E-03   
    14     1 -2.411E-03 -4.170E-03  4.817E-03   
    15     2 -3.345E-02  1.573E-02  3.697E-02   
    16     3  2.342E-01 -4.465E-02  2.384E-01   
    17     4 -1.243E-01 -8.059E-02  1.482E-01   
    18     5  9.193E-01  0.000E+00  9.193E-01  *
    19     6 -1.288E-01 -5.607E-02  1.405E-01   
    20     7 -3.894E-03  2.052E-02  2.088E-02   
    21     8 -2.865E-02 -5.735E-03  2.921E-02   
    22     9 -1.189E-02 -2.821E-03  1.222E-02   
    23    10 -4.576E-03  6.002E-05  4.576E-03   
    24    11 -4.670E-03  9.158E-04  4.759E-03   
    25    12  5.623E-04 -1.705E-03  1.796E-03   
    26    13 -4.382E-04  1.082E-05  4.383E-04   
    27    14  4.420E-04 -4.298E-05  4.441E-04   
    28    15  3.832E-04 -2.708E-04  4.692E-04   
    29    16  4.154E-04 -7.644E-05  4.224E-04   
    30    17  2.972E-04 -8.251E-05  3.084E-04   
    31    18  2.824E-04 -1.766E-05  2.830E-04   
    32    19  1.955E-04 -7.426E-05  2.091E-04   
    33    20  1.335E-04 -6.807E-08  1.335E-04   
    34    21  1.078E-04 -2.451E-05  1.105E-04   
    35    22  5.152E-05  3.425E-06  5.164E-05   
    36    23  4.207E-05 -6.479E-06  4.257E-05   
    37    24  3.948E-06  2.797E-06  4.838E-06   

  ipert    m    re wt      im wt      abs wt


   isol  imax   plasma     vacuum     total

     3    11  1.753E+01  1.578E+01  3.331E+01

  ipert    m    re wt      im wt      abs wt

     1   -12 -4.512E-04  6.975E-05  4.566E-04   
     2   -11  6.326E-04  1.470E-04  6.495E-04   
     3   -10 -7.050E-04 -4.266E-04  8.241E-04   
     4    -9  8.353E-04  5.923E-04  1.024E-03   
     5    -8 -8.190E-05 -9.435E-04  9.471E-04   
     6    -7  1.180E-03  8.045E-04  1.428E-03   
     7    -6  8.538E-04 -7.247E-04  1.120E-03   
     8    -5  3.069E-03  1.889E-04  3.075E-03   
     9    -4  1.817E-03  1.464E-04  1.823E-03   
    10    -3  4.375E-03 -5.919E-04  4.415E-03   
    11    -2  6.116E-03 -6.577E-04  6.151E-03   
    12    -1  8.490E-03 -4.547E-05  8.490E-03   
    13     0  1.082E-02 -7.422E-05  1.082E-02   
    14     1 -1.387E-02  8.526E-03  1.628E-02   
    15     2 -5.306E-03 -4.292E-02  4.325E-02   
    16     3  1.768E-01  1.224E-01  2.150E-01   
    17     4 -5.335E-02  3.921E-02  6.621E-02   
    18     5  8.361E-02 -8.989E-02  1.228E-01   
    19     6  9.187E-01  5.551E-17  9.187E-01  *
    20     7 -1.660E-01 -1.807E-03  1.660E-01   
    21     8 -4.146E-02  2.977E-02  5.104E-02   
    22     9 -6.215E-02 -1.220E-02  6.334E-02   
    23    10 -8.506E-03  4.421E-03  9.586E-03   
    24    11 -9.690E-03 -3.186E-03  1.020E-02   
    25    12 -3.315E-03  5.922E-04  3.367E-03   
    26    13 -7.204E-05 -2.125E-03  2.127E-03   
    27    14  7.211E-04  4.979E-04  8.763E-04   
    28    15  8.401E-04 -1.289E-03  1.538E-03   
    29    16  6.850E-04 -6.761E-05  6.884E-04   
    30    17  8.979E-04 -4.483E-04  1.004E-03   
    31    18  5.118E-04 -1.681E-04  5.387E-04   
    32    19  5.512E-04 -1.922E-04  5.837E-04   
    33    20  2.903E-04 -1.104E-04  3.106E-04   
    34    21  2.929E-04 -4.292E-05  2.960E-04   
    35    22  1.330E-04 -5.146E-05  1.427E-04   
    36    23  9.629E-05  5.752E-06  9.646E-05   
    37    24  3.142E-05 -9.945E-06  3.296E-05   

  ipert    m    re wt      im wt      abs wt


   isol  imax   plasma     vacuum     total

     4    11  4.103E+01  1.186E+01  5.289E+01

  ipert    m    re wt      im wt      abs wt

     1   -12  2.257E-04 -2.276E-04  3.205E-04   
     2   -11 -7.653E-04  6.426E-05  7.679E-04   
     3   -10  7.448E-04  1.772E-05  7.450E-04   
     4    -9 -1.903E-03 -6.424E-04  2.008E-03   
     5    -8  1.139E-03  1.834E-03  2.159E-03   
     6    -7 -2.651E-03 -3.796E-03  4.630E-03   
     7    -6 -2.004E-03  7.862E-03  8.113E-03   
     8    -5  3.248E-03 -1.088E-02  1.135E-02   
     9    -4 -8.752E-03  1.075E-02  1.386E-02   
    10    -3  1.698E-03  1.569E-03  2.312E-03   
    11    -2 -5.387E-03 -1.905E-03  5.714E-03   
    12    -1 -5.710E-04  1.412E-04  5.882E-04   
    13     0  1.589E-02  1.938E-03  1.600E-02   
    14     1  2.314E-02  1.262E-03  2.318E-02   
    15     2 -1.708E-01 -1.124E-03  1.708E-01   
    16     3  8.855E-01  0.000E+00  8.855E-01  *
    17     4  3.020E-02  3.110E-04  3.020E-02   
    18     5 -2.382E-01 -1.556E-02  2.387E-01   
    19     6 -1.297E-01  1.713E-01  2.149E-01   
    20     7  9.522E-02  1.264E-01  1.582E-01   
    21     8 -1.568E-02 -3.996E-02  4.293E-02   
    22     9  2.272E-02 -1.349E-02  2.642E-02   
    23    10  6.892E-03 -8.036E-03  1.059E-02   
    24    11  1.079E-02 -2.769E-03  1.114E-02   
    25    12 -3.210E-03 -2.449E-04  3.219E-03   
    26    13  8.407E-04  6.396E-04  1.056E-03   
    27    14 -5.478E-04  6.361E-04  8.395E-04   
    28    15 -8.863E-04  5.046E-04  1.020E-03   
    29    16 -5.354E-04  9.008E-04  1.048E-03   
    30    17 -6.604E-04  2.586E-04  7.092E-04   
    31    18 -3.351E-04  4.571E-04  5.668E-04   
    32    19 -2.542E-04  2.176E-04  3.346E-04   
    33    20 -1.063E-04  1.659E-04  1.970E-04   
    34    21 -1.461E-04  1.200E-04  1.890E-04   
    35    22 -1.536E-05  5.542E-05  5.751E-05   
    36    23 -6.970E-05  3.038E-05  7.603E-05   
    37    24  1.711E-05  2.118E-05  2.723E-05   

  ipert    m    re wt      im wt      abs wt


   isol  imax   plasma     vacuum     total

     5    11  3.560E+01  3.127E+01  6.687E+01

  ipert    m    re wt      im wt      abs wt

     1   -12 -6.342E-04  1.319E-04  6.477E-04   
     2   -11  9.774E-04  2.363E-04  1.006E-03   
     3   -10 -1.130E-03 -7.182E-04  1.339E-03   
     4    -9  1.564E-03  9.667E-04  1.839E-03   
     5    -8 -4.851E-04 -1.661E-03  1.731E-03   
     6    -7  2.477E-03  1.913E-03  3.130E-03   
     7    -6  1.178E-03 -3.145E-03  3.358E-03   
     8    -5  4.865E-03  3.608E-03  6.057E-03   
     9    -4  4.833E-03 -3.195E-03  5.794E-03   
    10    -3  8.201E-03  7.801E-04  8.238E-03   
    11    -2  1.124E-02  4.286E-04  1.125E-02   
    12    -1  1.363E-02 -1.079E-03  1.367E-02   
    13     0  7.431E-03  7.200E-03  1.035E-02   
    14     1 -1.059E-02 -8.711E-03  1.372E-02   
    15     2  2.435E-02 -4.334E-03  2.473E-02   
    16     3 -5.976E-02  1.493E-01  1.608E-01   
    17     4  1.841E-02  3.659E-03  1.877E-02   
    18     5  3.798E-02 -3.140E-02  4.928E-02   
    19     6  1.392E-01 -4.849E-02  1.474E-01   
    20     7  9.108E-01  0.000E+00  9.108E-01  *
    21     8 -2.334E-01 -7.562E-02  2.454E-01   
    22     9 -4.011E-02  3.040E-02  5.033E-02   
    23    10 -4.147E-02 -1.717E-02  4.488E-02   
    24    11 -1.518E-02  4.559E-03  1.585E-02   
    25    12 -3.033E-03 -4.853E-03  5.723E-03   
    26    13 -2.463E-03 -3.746E-04  2.492E-03   
    27    14  1.846E-03 -1.667E-03  2.487E-03   
    28    15  9.268E-04 -7.398E-04  1.186E-03   
    29    16  1.702E-03 -4.890E-04  1.771E-03   
    30    17  1.185E-03 -7.050E-04  1.379E-03   
    31    18  1.085E-03 -2.090E-04  1.105E-03   
    32    19  7.825E-04 -3.331E-04  8.504E-04   
    33    20  5.911E-04 -5.756E-05  5.939E-04   
    34    21  3.819E-04 -1.634E-04  4.154E-04   
    35    22  2.405E-04  1.868E-05  2.412E-04   
    36    23  1.462E-04 -4.102E-05  1.519E-04   
    37    24  2.753E-05  1.483E-05  3.127E-05   

  ipert    m    re wt      im wt      abs wt


   isol  imax   plasma     vacuum     total

     6    11  5.047E+01  4.678E+01  9.725E+01

  ipert    m    re wt      im wt      abs wt

     1   -12 -6.776E-04  1.168E-04  6.876E-04   
     2   -11  9.456E-04  2.980E-04  9.915E-04   
     3   -10 -1.218E-03 -7.704E-04  1.441E-03   
     4    -9  1.585E-03  1.276E-03  2.035E-03   
     5    -8 -2.862E-04 -2.180E-03  2.198E-03   
     6    -7  2.004E-03  2.653E-03  3.325E-03   
     7    -6  3.498E-03 -2.782E-03  4.469E-03   
     8    -5  3.781E-03  1.999E-03  4.277E-03   
     9    -4  8.956E-03 -1.142E-03  9.028E-03   
    10    -3  1.036E-02 -3.133E-04  1.037E-02   
    11    -2  1.644E-02 -2.606E-04  1.644E-02   
    12    -1  1.988E-02 -1.083E-03  1.991E-02   
    13     0  1.124E-02 -2.508E-03  1.152E-02   
    14     1 -8.265E-04  3.795E-03  3.884E-03   
    15     2 -1.404E-02 -1.222E-02  1.861E-02   
    16     3  1.990E-02  1.046E-02  2.248E-02   
    17     4 -2.684E-03 -9.129E-03  9.515E-03   
    18     5  3.487E-02 -8.877E-03  3.598E-02   
    19     6  6.706E-02  1.243E-02  6.821E-02   
    20     7  2.258E-01 -8.275E-02  2.405E-01   
    21     8  9.345E-01 -5.551E-17  9.345E-01  *
    22     9 -7.412E-02 -2.438E-02  7.803E-02   
    23    10  1.818E-02  1.558E-02  2.395E-02   
    24    11 -1.737E-02 -1.407E-02  2.235E-02   
    25    12  1.395E-03  5.032E-03  5.222E-03   
    26    13 -2.144E-03 -6.293E-03  6.648E-03   
    27    14  1.157E-03  1.653E-03  2.018E-03   
    28    15  1.767E-03 -2.835E-03  3.341E-03   
    29    16  1.302E-03  2.388E-04  1.324E-03   
    30    17  1.749E-03 -1.212E-03  2.128E-03   
    31    18  9.181E-04 -1.551E-04  9.311E-04   
    32    19  1.117E-03 -4.455E-04  1.203E-03   
    33    20  4.743E-04 -1.695E-04  5.037E-04   
    34    21  4.984E-04 -9.433E-05  5.073E-04   
    35    22  1.886E-04 -7.890E-05  2.044E-04   
    36    23  1.626E-04  1.788E-05  1.636E-04   
    37    24  3.276E-05 -2.183E-05  3.937E-05   

  ipert    m    re wt      im wt      abs wt


   isol  imax   plasma     vacuum     total

     7    11  6.477E+01  6.532E+01  1.301E+02

  ipert    m    re wt      im wt      abs wt

     1   -12 -5.467E-04  8.502E-05  5.533E-04   
     2   -11  7.894E-04  2.554E-04  8.297E-04   
     3   -10 -1.024E-03 -6.653E-04  1.221E-03   
     4    -9  1.426E-03  1.159E-03  1.837E-03   
     5    -8 -2.032E-04 -1.963E-03  1.973E-03   
     6    -7  2.008E-03  2.618E-03  3.300E-03   
     7    -6  3.042E-03 -2.967E-03  4.249E-03   
     8    -5  3.559E-03  3.029E-03  4.673E-03   
     9    -4  1.036E-02 -1.827E-03  1.052E-02   
    10    -3  1.024E-02  1.550E-03  1.035E-02   
    11    -2  1.747E-02  6.035E-04  1.748E-02   
    12    -1  1.800E-02 -3.729E-04  1.800E-02   
    13     0  9.103E-03  7.495E-04  9.133E-03   
    14     1  5.307E-03 -1.124E-03  5.425E-03   
    15     2 -2.790E-02  3.748E-03  2.815E-02   
    16     3 -1.720E-02 -1.969E-03  1.731E-02   
    17     4 -7.053E-03  7.092E-03  1.000E-02   
    18     5  2.773E-02 -7.084E-03  2.862E-02   
    19     6  7.777E-02 -1.265E-02  7.880E-02   
    20     7  4.638E-02  1.034E-02  4.752E-02   
    21     8  5.708E-02 -2.714E-02  6.321E-02   
    22     9  9.517E-01  5.551E-17  9.517E-01  *
    23    10  1.359E-01 -3.311E-02  1.399E-01   
    24    11  7.177E-02  7.727E-03  7.218E-02   
    25    12  1.751E-02 -1.109E-02  2.073E-02   
    26    13  7.730E-03  2.106E-03  8.011E-03   
    27    14  3.727E-03 -3.155E-03  4.883E-03   
    28    15  1.254E-03 -7.463E-06  1.254E-03   
    29    16  1.927E-03 -1.065E-03  2.202E-03   
    30    17  1.021E-03 -3.423E-04  1.076E-03   
    31    18  1.214E-03 -4.110E-04  1.282E-03   
    32    19  5.965E-04 -2.416E-04  6.436E-04   
    33    20  5.636E-04 -8.957E-05  5.707E-04   
    34    21  2.288E-04 -1.008E-04  2.501E-04   
    35    22  1.711E-04  3.152E-05  1.740E-04   
    36    23  3.909E-05 -2.285E-05  4.528E-05   
    37    24  9.795E-06  2.893E-05  3.054E-05   

  ipert    m    re wt      im wt      abs wt


   isol  imax   plasma     vacuum     total

     8    11  7.960E+01  8.571E+01  1.653E+02

  ipert    m    re wt      im wt      abs wt

     1   -12 -1.370E-04 -6.062E-05  1.498E-04   
     2   -11  1.532E-04  2.685E-04  3.092E-04   
     3   -10 -2.036E-04 -3.557E-04  4.098E-04   
     4    -9  1.606E-04  7.890E-04  8.052E-04   
     5    -8  4.285E-04 -9.287E-04  1.023E-03   
     6    -7 -3.301E-04  1.336E-03  1.376E-03   
     7    -6  2.883E-03 -1.263E-03  3.147E-03   
     8    -5 -1.919E-03  1.743E-04  1.927E-03   
     9    -4  8.651E-03  5.489E-04  8.669E-03   
    10    -3 -2.518E-03 -6.802E-03  7.253E-03   
    11    -2  9.819E-03 -4.574E-03  1.083E-02   
    12    -1  7.440E-03 -1.420E-02  1.603E-02   
    13     0  5.701E-04 -2.934E-02  2.934E-02   
    14     1  5.792E-03  1.372E-02  1.490E-02   
    15     2 -4.213E-02 -9.988E-02  1.084E-01   
    16     3 -1.356E-02 -1.464E-02  1.996E-02   
    17     4  3.422E-03 -3.541E-03  4.924E-03   
    18     5  6.674E-03  8.580E-04  6.729E-03   
    19     6  3.390E-03  1.936E-03  3.903E-03   
    20     7  3.314E-02 -1.716E-02  3.731E-02   
    21     8 -3.958E-02  1.449E-02  4.215E-02   
    22     9 -1.497E-01 -3.111E-02  1.529E-01   
    23    10  9.217E-01 -5.551E-17  9.217E-01  *
    24    11  2.067E-01 -2.943E-02  2.088E-01   
    25    12  1.075E-01  1.124E-02  1.080E-01   
    26    13  3.048E-02 -1.060E-02  3.227E-02   
    27    14  1.255E-02  4.727E-03  1.341E-02   
    28    15  3.541E-03 -3.353E-03  4.877E-03   
    29    16  6.004E-04  1.523E-03  1.637E-03   
    30    17  6.668E-04 -1.123E-03  1.306E-03   
    31    18 -2.933E-04  3.252E-04  4.379E-04   
    32    19  3.064E-04 -2.947E-04  4.251E-04   
    33    20 -2.216E-04  2.537E-05  2.231E-04   
    34    21  8.489E-05 -1.716E-05  8.661E-05   
    35    22 -1.604E-04 -1.348E-05  1.609E-04   
    36    23 -5.076E-06  4.190E-05  4.220E-05   
    37    24 -5.136E-05 -1.922E-05  5.484E-05   

  ipert    m    re wt      im wt      abs wt


   isol  imax   plasma     vacuum     total

     9    11  9.835E+01  6.871E+01  1.671E+02

  ipert    m    re wt      im wt      abs wt

     1   -12  9.017E-04 -3.705E-04  9.749E-04   
     2   -11 -2.549E-03 -5.972E-04  2.618E-03   
     3   -10  2.200E-03  1.192E-03  2.502E-03   
     4    -9 -5.160E-03 -3.433E-03  6.198E-03   
     5    -8  3.418E-03  6.195E-03  7.076E-03   
     6    -7 -5.773E-03 -1.220E-02  1.349E-02   
     7    -6 -7.902E-04  1.817E-02  1.818E-02   
     8    -5  1.325E-02 -2.836E-02  3.130E-02   
     9    -4 -2.542E-02  3.643E-02  4.443E-02   
    10    -3  8.181E-02 -4.642E-02  9.406E-02   
    11    -2  3.739E-02  1.577E-02  4.058E-02   
    12    -1  1.449E-01 -2.497E-03  1.449E-01   
    13     0  2.709E-01  1.228E-02  2.712E-01   
    14     1 -5.168E-02 -6.537E-02  8.333E-02   
    15     2  8.885E-01  5.551E-17  8.885E-01  *
    16     3  1.589E-01 -8.526E-03  1.592E-01   
    17     4  6.021E-03  3.178E-04  6.029E-03   
    18     5 -1.443E-02  7.616E-03  1.631E-02   
    19     6 -2.629E-02 -1.582E-02  3.068E-02   
    20     7 -1.191E-02  1.894E-02  2.237E-02   
    21     8  1.242E-02 -1.049E-02  1.626E-02   
    22     9  1.392E-02  1.963E-02  2.406E-02   
    23    10  4.302E-02 -1.024E-01  1.110E-01   
    24    11  8.619E-03 -2.437E-02  2.585E-02   
    25    12  1.614E-02 -1.606E-02  2.277E-02   
    26    13  3.019E-03 -5.045E-03  5.880E-03   
    27    14  2.190E-03 -1.090E-03  2.446E-03   
    28    15  1.663E-04 -4.500E-04  4.797E-04   
    29    16 -2.454E-04  2.668E-05  2.469E-04   
    30    17 -1.234E-04  1.671E-04  2.077E-04   
    31    18 -1.562E-04  2.561E-05  1.583E-04   
    32    19 -6.223E-05  4.857E-05  7.894E-05   
    33    20 -6.087E-05  1.678E-05  6.314E-05   
    34    21  2.989E-05  4.173E-06  3.018E-05   
    35    22 -4.356E-05  2.659E-06  4.364E-05   
    36    23  4.298E-05  2.173E-05  4.816E-05   
    37    24 -2.004E-05 -1.971E-05  2.811E-05   

  ipert    m    re wt      im wt      abs wt


   isol  imax   plasma     vacuum     total

    10    11  9.951E+01  1.065E+02  2.061E+02

  ipert    m    re wt      im wt      abs wt

     1   -12 -2.815E-05  5.740E-05  6.393E-05   
     2   -11 -4.576E-06 -6.859E-05  6.875E-05   
     3   -10 -4.784E-05  5.254E-05  7.106E-05   
     4    -9  9.295E-05 -1.177E-04  1.500E-04   
     5    -8 -4.682E-05 -2.473E-05  5.295E-05   
     6    -7  5.248E-04 -4.640E-05  5.269E-04   
     7    -6  8.630E-04 -4.936E-04  9.942E-04   
     8    -5  2.387E-03 -1.207E-04  2.390E-03   
     9    -4  5.861E-03 -9.740E-04  5.941E-03   
    10    -3  1.059E-02 -4.198E-04  1.060E-02   
    11    -2  1.769E-02 -5.839E-04  1.770E-02   
    12    -1  3.109E-02 -1.082E-03  3.111E-02   
    13     0  2.478E-02 -1.252E-03  2.482E-02   
    14     1  3.551E-02  3.665E-03  3.570E-02   
    15     2 -1.520E-02 -3.473E-03  1.559E-02   
    16     3 -8.235E-03 -6.528E-04  8.260E-03   
    17     4 -1.724E-03 -4.734E-04  1.788E-03   
    18     5  4.951E-03 -6.837E-04  4.998E-03   
    19     6  7.572E-03 -3.554E-03  8.365E-03   
    20     7  2.542E-03 -3.661E-04  2.568E-03   
    21     8  1.555E-02 -1.349E-02  2.059E-02   
    22     9 -4.373E-02  1.606E-02  4.659E-02   
    23    10 -2.433E-01 -1.837E-02  2.440E-01   
    24    11  8.825E-01  2.776E-17  8.825E-01  *
    25    12  2.819E-01 -2.973E-02  2.835E-01   
    26    13  1.359E-01  9.248E-03  1.363E-01   
    27    14  4.768E-02 -9.805E-03  4.868E-02   
    28    15  1.829E-02  4.105E-03  1.875E-02   
    29    16  5.984E-03 -2.964E-03  6.678E-03   
    30    17  1.254E-03  1.271E-03  1.786E-03   
    31    18  7.661E-04 -8.372E-04  1.135E-03   
    32    19 -2.978E-04  2.667E-04  3.998E-04   
    33    20  1.767E-04 -1.804E-04  2.525E-04   
    34    21 -2.506E-04  3.004E-05  2.524E-04   
    35    22  3.488E-05  2.879E-05  4.523E-05   
    36    23 -1.565E-04 -1.465E-05  1.572E-04   
    37    24 -1.092E-05  5.288E-05  5.400E-05   

  ipert    m    re wt      im wt      abs wt


   isol  imax   plasma     vacuum     total

    11    11  9.561E+01  1.230E+02  2.186E+02

  ipert    m    re wt      im wt      abs wt

     1   -12  9.753E-04 -5.963E-04  1.143E-03   
     2   -11 -2.837E-03 -3.268E-04  2.856E-03   
     3   -10  2.365E-03  7.275E-04  2.474E-03   
     4    -9 -3.787E-03 -2.198E-03  4.378E-03   
     5    -8  2.846E-03  3.485E-03  4.499E-03   
     6    -7  2.623E-04 -5.749E-03  5.755E-03   
     7    -6  7.622E-03  5.013E-03  9.123E-03   
     8    -5  2.628E-02 -8.905E-03  2.775E-02   
     9    -4  6.446E-02 -4.063E-03  6.459E-02   
    10    -3  1.568E-01 -1.062E-02  1.572E-01   
    11    -2  2.434E-01 -1.285E-02  2.437E-01   
    12    -1  5.067E-01 -4.257E-02  5.085E-01   
    13     0  3.866E-01 -4.305E-02  3.890E-01   
    14     1  6.388E-01 -5.551E-17  6.388E-01  *
    15     2 -1.741E-01 -2.036E-02  1.753E-01   
    16     3 -5.189E-02 -3.810E-04  5.189E-02   
    17     4 -2.128E-03 -4.881E-04  2.184E-03   
    18     5  3.279E-03 -2.473E-03  4.107E-03   
    19     6 -8.487E-04  6.499E-03  6.555E-03   
    20     7 -1.410E-02 -6.757E-03  1.563E-02   
    21     8 -2.351E-02  7.573E-03  2.470E-02   
    22     9 -2.020E-02 -1.424E-03  2.025E-02   
    23    10 -1.198E-02  7.251E-03  1.400E-02   
    24    11 -6.327E-02  5.850E-03  6.354E-02   
    25    12 -1.609E-02  4.431E-03  1.669E-02   
    26    13 -2.861E-03 -7.044E-05  2.861E-03   
    27    14  8.158E-04 -6.691E-04  1.055E-03   
    28    15  8.811E-04 -4.465E-04  9.878E-04   
    29    16  7.742E-04 -9.027E-05  7.794E-04   
    30    17  2.855E-05 -9.506E-05  9.926E-05   
    31    18 -1.467E-04  1.576E-04  2.153E-04   
    32    19 -2.462E-04  7.028E-05  2.560E-04   
    33    20 -2.572E-04  1.089E-04  2.793E-04   
    34    21 -1.776E-04  7.598E-05  1.932E-04   
    35    22 -1.293E-04  3.619E-05  1.343E-04   
    36    23 -8.804E-05  2.557E-05  9.168E-05   
    37    24 -1.875E-05  1.210E-05  2.232E-05   

  ipert    m    re wt      im wt      abs wt


   isol  imax   plasma     vacuum     total

    12    11  1.209E+02  1.275E+02  2.484E+02

  ipert    m    re wt      im wt      abs wt

     1   -12  7.442E-05 -3.163E-05  8.087E-05   
     2   -11 -1.270E-04  4.526E-06  1.271E-04   
     3   -10  1.251E-04  7.178E-05  1.443E-04   
     4    -9 -1.950E-04 -1.320E-04  2.355E-04   
     5    -8 -6.526E-05  1.388E-04  1.534E-04   
     6    -7 -3.753E-04 -2.874E-04  4.727E-04   
     7    -6 -8.938E-04  2.617E-04  9.313E-04   
     8    -5 -1.315E-03 -4.634E-04  1.394E-03   
     9    -4 -2.611E-03 -1.013E-05  2.611E-03   
    10    -3 -4.827E-03 -1.148E-04  4.829E-03   
    11    -2 -5.775E-03 -6.084E-04  5.807E-03   
    12    -1 -6.810E-03 -4.957E-04  6.828E-03   
    13     0 -5.941E-03 -6.384E-04  5.975E-03   
    14     1 -9.025E-04  1.703E-03  1.928E-03   
    15     2 -6.943E-03 -3.854E-03  7.941E-03   
    16     3  4.715E-03  3.721E-04  4.730E-03   
    17     4  1.035E-04  1.441E-03  1.444E-03   
    18     5 -3.705E-03 -2.059E-03  4.239E-03   
    19     6 -2.341E-03  8.635E-04  2.495E-03   
    20     7 -2.287E-03 -2.454E-03  3.355E-03   
    21     8 -5.657E-03  5.473E-03  7.872E-03   
    22     9  1.355E-02 -1.257E-02  1.849E-02   
    23    10 -3.496E-02  2.034E-02  4.044E-02   
    24    11 -3.341E-01 -1.550E-02  3.345E-01   
    25    12  8.215E-01 -2.776E-17  8.215E-01  *
    26    13  3.487E-01 -2.938E-02  3.499E-01   
    27    14  1.719E-01  8.106E-03  1.721E-01   
    28    15  6.706E-02 -9.183E-03  6.769E-02   
    29    16  2.604E-02  4.137E-03  2.637E-02   
    30    17  8.872E-03 -2.465E-03  9.208E-03   
    31    18  2.142E-03  1.427E-03  2.574E-03   
    32    19  8.649E-04 -5.830E-04  1.043E-03   
    33    20 -3.211E-04  3.780E-04  4.960E-04   
    34    21  9.687E-05 -8.647E-05  1.299E-04   
    35    22 -2.803E-04  6.810E-05  2.884E-04   
    36    23  2.116E-05  3.145E-05  3.791E-05   
    37    24 -8.394E-05 -2.292E-05  8.701E-05   

  ipert    m    re wt      im wt      abs wt


   isol  imax   plasma     vacuum     total

    13    11  1.423E+02  1.490E+02  2.913E+02

  ipert    m    re wt      im wt      abs wt

     1   -12  2.925E-05  7.412E-05  7.968E-05   
     2   -11  2.225E-05 -1.264E-04  1.283E-04   
     3   -10 -7.672E-05  1.565E-04  1.742E-04   
     4    -9  4.241E-05 -2.239E-04  2.279E-04   
     5    -8 -3.059E-04  3.003E-05  3.073E-04   
     6    -7 -1.347E-04 -6.097E-04  6.244E-04   
     7    -6 -9.637E-04 -6.833E-04  1.181E-03   
     8    -5 -8.703E-04 -1.517E-03  1.749E-03   
     9    -4 -2.567E-03 -2.483E-03  3.571E-03   
    10    -3 -2.730E-03 -3.031E-03  4.080E-03   
    11    -2 -3.876E-03 -3.680E-03  5.345E-03   
    12    -1 -3.571E-03 -1.198E-03  3.767E-03   
    13     0 -8.475E-04 -2.597E-04  8.864E-04   
    14     1 -1.671E-03  2.544E-03  3.044E-03   
    15     2  3.033E-03  2.018E-03  3.643E-03   
    16     3 -8.039E-04  3.534E-04  8.782E-04   
    17     4  3.679E-04 -8.009E-04  8.813E-04   
    18     5  3.006E-04  4.153E-04  5.127E-04   
    19     6 -1.475E-03 -2.076E-03  2.547E-03   
    20     7 -5.588E-04 -6.717E-04  8.738E-04   
    21     8  1.748E-03 -5.112E-03  5.403E-03   
    22     9 -3.717E-03  5.894E-03  6.968E-03   
    23    10  1.963E-02 -1.395E-02  2.408E-02   
    24    11 -2.846E-03  1.917E-02  1.938E-02   
    25    12 -4.189E-01 -9.898E-03  4.190E-01   
    26    13  7.393E-01 -5.551E-17  7.393E-01  *
    27    14  4.071E-01 -3.337E-02  4.084E-01   
    28    15  2.141E-01  4.422E-03  2.141E-01   
    29    16  9.334E-02 -1.046E-02  9.392E-02   
    30    17  3.825E-02  2.809E-03  3.835E-02   
    31    18  1.444E-02 -2.715E-03  1.470E-02   
    32    19  4.444E-03  1.050E-03  4.566E-03   
    33    20  1.790E-03 -6.370E-04  1.900E-03   
    34    21  7.403E-05  2.656E-04  2.758E-04   
    35    22  2.647E-04 -1.005E-04  2.832E-04   
    36    23 -1.717E-04  3.844E-05  1.760E-04   
    37    24  4.607E-05  3.658E-05  5.883E-05   

  ipert    m    re wt      im wt      abs wt


   isol  imax   plasma     vacuum     total

    14    11  1.639E+02  1.709E+02  3.349E+02

  ipert    m    re wt      im wt      abs wt

     1   -12  1.583E-04 -1.376E-04  2.098E-04   
     2   -11 -7.102E-04 -2.890E-05  7.108E-04   
     3   -10 -2.452E-04  1.219E-04  2.739E-04   
     4    -9 -2.822E-03 -4.272E-04  2.854E-03   
     5    -8 -4.624E-03  6.157E-04  4.665E-03   
     6    -7 -1.214E-02 -1.683E-03  1.226E-02   
     7    -6 -2.377E-02  6.658E-04  2.378E-02   
     8    -5 -4.111E-02 -4.196E-03  4.133E-02   
     9    -4 -6.575E-02 -1.089E-03  6.576E-02   
    10    -3 -7.095E-02 -6.158E-03  7.121E-02   
    11    -2 -7.507E-02 -1.863E-03  7.509E-02   
    12    -1 -9.734E-03 -2.028E-03  9.943E-03   
    13     0  2.735E-03 -1.197E-03  2.985E-03   
    14     1  6.271E-02  6.657E-03  6.306E-02   
    15     2  1.296E-02 -1.807E-03  1.308E-02   
    16     3  1.478E-03  2.642E-04  1.501E-03   
    17     4 -1.304E-04  1.012E-04  1.651E-04   
    18     5  1.318E-04 -4.306E-04  4.503E-04   
    19     6  5.558E-04  7.684E-04  9.484E-04   
    20     7  1.480E-06 -9.812E-04  9.812E-04   
    21     8 -3.634E-04  2.577E-03  2.603E-03   
    22     9  2.478E-03 -4.286E-03  4.951E-03   
    23    10 -2.764E-03  8.292E-03  8.740E-03   
    24    11  2.026E-02 -1.418E-02  2.473E-02   
    25    12  3.767E-02  1.967E-02  4.249E-02   
    26    13 -4.931E-01 -6.214E-03  4.932E-01   
    27    14  6.272E-01  0.000E+00  6.272E-01  *
    28    15  4.470E-01 -3.508E-02  4.484E-01   
    29    16  2.565E-01  9.496E-04  2.565E-01   
    30    17  1.231E-01 -1.100E-02  1.236E-01   
    31    18  5.375E-02  1.799E-03  5.378E-02   
    32    19  2.176E-02 -2.625E-03  2.192E-02   
    33    20  7.616E-03  8.837E-04  7.667E-03   
    34    21  3.032E-03 -5.322E-04  3.079E-03   
    35    22  5.986E-04  2.542E-04  6.504E-04   
    36    23  4.230E-04 -6.841E-05  4.285E-04   
    37    24 -6.895E-05 -1.798E-05  7.126E-05   

  ipert    m    re wt      im wt      abs wt


   isol  imax   plasma     vacuum     total

    15    11  1.599E+02  1.792E+02  3.390E+02

  ipert    m    re wt      im wt      abs wt

     1   -12 -5.287E-04  4.650E-04  7.041E-04   
     2   -11  3.756E-03  1.511E-04  3.759E-03   
     3   -10  3.247E-03 -5.888E-04  3.300E-03   
     4    -9  1.768E-02  1.646E-03  1.776E-02   
     5    -8  3.316E-02 -2.698E-03  3.327E-02   
     6    -7  8.227E-02  6.835E-03  8.256E-02   
     7    -6  1.607E-01 -4.149E-03  1.607E-01   
     8    -5  2.790E-01  1.892E-02  2.796E-01   
     9    -4  4.353E-01  1.840E-04  4.353E-01   
    10    -3  4.693E-01  2.853E-02  4.701E-01   
    11    -2  4.793E-01  0.000E+00  4.793E-01  *
    12    -1  5.003E-02  8.743E-03  5.078E-02   
    13     0 -2.850E-02  8.047E-03  2.962E-02   
    14     1 -3.991E-01 -3.797E-02  4.009E-01   
    15     2 -7.783E-02  1.580E-02  7.941E-02   
    16     3 -9.279E-04  9.551E-04  1.332E-03   
    17     4  9.186E-04  2.864E-04  9.621E-04   
    18     5 -1.022E-02  1.580E-03  1.034E-02   
    19     6 -1.773E-02 -2.917E-04  1.773E-02   
    20     7 -2.091E-02  4.106E-03  2.131E-02   
    21     8 -1.639E-02 -7.725E-05  1.639E-02   
    22     9 -1.613E-02  1.098E-03  1.617E-02   
    23    10 -7.755E-03  5.548E-04  7.775E-03   
    24    11 -5.675E-03 -3.528E-03  6.682E-03   
    25    12  6.737E-03  4.954E-03  8.362E-03   
    26    13 -7.146E-02 -4.270E-03  7.159E-02   
    27    14  1.021E-01 -8.273E-03  1.025E-01   
    28    15  6.846E-02 -4.845E-03  6.863E-02   
    29    16  3.547E-02  6.433E-04  3.548E-02   
    30    17  1.470E-02  1.101E-05  1.470E-02   
    31    18  5.183E-03  1.122E-03  5.303E-03   
    32    19  1.035E-03  3.786E-04  1.102E-03   
    33    20 -1.004E-04  4.851E-04  4.953E-04   
    34    21 -4.031E-04  1.178E-04  4.199E-04   
    35    22 -3.108E-04  1.371E-04  3.397E-04   
    36    23 -1.617E-04  5.802E-06  1.618E-04   
    37    24 -5.738E-05  1.907E-05  6.047E-05   

  ipert    m    re wt      im wt      abs wt


   isol  imax   plasma     vacuum     total

    16    11  1.863E+02  1.928E+02  3.791E+02

  ipert    m    re wt      im wt      abs wt

     1   -12 -6.763E-05 -7.957E-05  1.044E-04   
     2   -11 -2.985E-05  1.122E-04  1.161E-04   
     3   -10 -1.095E-04 -2.415E-04  2.652E-04   
     4    -9 -2.584E-04 -3.290E-05  2.605E-04   
     5    -8 -3.879E-04 -7.099E-04  8.090E-04   
     6    -7 -1.201E-03 -7.886E-04  1.437E-03   
     7    -6 -1.725E-03 -1.896E-03  2.563E-03   
     8    -5 -3.264E-03 -2.558E-03  4.147E-03   
     9    -4 -3.762E-03 -3.534E-03  5.161E-03   
    10    -3 -3.663E-03 -3.393E-03  4.993E-03   
    11    -2 -2.550E-03 -1.826E-03  3.136E-03   
    12    -1  5.417E-04  2.314E-04  5.891E-04   
    13     0  4.995E-04  8.258E-04  9.651E-04   
    14     1  1.628E-03  7.761E-04  1.803E-03   
    15     2  2.256E-04  1.038E-04  2.484E-04   
    16     3 -7.868E-04  1.484E-04  8.007E-04   
    17     4 -1.093E-04 -2.211E-04  2.467E-04   
    18     5  8.569E-04  3.605E-04  9.296E-04   
    19     6  1.141E-03  1.275E-03  1.711E-03   
    20     7  1.397E-03  3.443E-04  1.439E-03   
    21     8  1.054E-03  2.537E-03  2.748E-03   
    22     9  1.512E-03 -1.618E-03  2.215E-03   
    23    10 -1.667E-03  5.524E-03  5.770E-03   
    24    11  4.420E-03 -8.738E-03  9.792E-03   
    25    12 -1.798E-02  1.591E-02  2.401E-02   
    26    13 -9.135E-02 -1.824E-02  9.316E-02   
    27    14  5.641E-01 -1.388E-17  5.641E-01  *
    28    15 -5.126E-01 -1.242E-03  5.127E-01   
    29    16 -4.788E-01  3.900E-02  4.804E-01   
    30    17 -3.046E-01  4.352E-03  3.046E-01   
    31    18 -1.597E-01  1.338E-02  1.602E-01   
    32    19 -7.436E-02  1.705E-04  7.436E-02   
    33    20 -3.196E-02  3.206E-03  3.212E-02   
    34    21 -1.216E-02 -4.019E-04  1.217E-02   
    35    22 -4.889E-03  6.413E-04  4.931E-03   
    36    23 -1.301E-03 -1.939E-04  1.315E-03   
    37    24 -4.334E-04  7.677E-05  4.402E-04   

  ipert    m    re wt      im wt      abs wt


   isol  imax   plasma     vacuum     total

    17    11  2.087E+02  2.150E+02  4.237E+02

  ipert    m    re wt      im wt      abs wt

     1   -12 -1.927E-04  6.016E-05  2.018E-04   
     2   -11 -4.518E-04  1.151E-06  4.518E-04   
     3   -10 -1.670E-03  1.626E-04  1.678E-03   
     4    -9 -2.774E-03  4.126E-04  2.804E-03   
     5    -8 -5.801E-03  3.323E-04  5.810E-03   
     6    -7 -8.773E-03  1.190E-03  8.853E-03   
     7    -6 -1.245E-02  5.935E-04  1.246E-02   
     8    -5 -1.372E-02  1.849E-03  1.384E-02   
     9    -4 -9.285E-03  3.437E-04  9.291E-03   
    10    -3 -2.475E-03  8.557E-04  2.619E-03   
    11    -2  8.668E-03 -1.332E-03  8.769E-03   
    12    -1  4.353E-03 -6.961E-05  4.354E-03   
    13     0  4.572E-03 -3.014E-04  4.582E-03   
    14     1 -8.370E-03  3.648E-04  8.378E-03   
    15     2 -3.036E-03  9.015E-04  3.167E-03   
    16     3 -5.682E-04 -3.032E-04  6.441E-04   
    17     4 -4.445E-05  1.629E-04  1.689E-04   
    18     5  4.411E-04 -4.468E-05  4.434E-04   
    19     6  1.172E-03 -4.539E-04  1.257E-03   
    20     7  1.487E-03  1.225E-04  1.492E-03   
    21     8  1.018E-03 -1.146E-03  1.533E-03   
    22     9  8.971E-04  1.360E-03  1.629E-03   
    23    10  1.173E-03 -3.198E-03  3.406E-03   
    24    11 -1.694E-03  5.978E-03  6.213E-03   
    25    12  5.265E-03 -1.066E-02  1.189E-02   
    26    13 -8.965E-03  1.759E-02  1.974E-02   
    27    14 -1.557E-01 -1.782E-02  1.568E-01   
    28    15  6.108E-01  0.000E+00  6.108E-01  *
    29    16 -3.756E-01 -6.059E-03  3.756E-01   
    30    17 -4.829E-01  3.733E-02  4.844E-01   
    31    18 -3.461E-01  6.696E-03  3.461E-01   
    32    19 -1.985E-01  1.409E-02  1.990E-01   
    33    20 -9.906E-02  1.423E-03  9.907E-02   
    34    21 -4.520E-02  3.427E-03  4.533E-02   
    35    22 -1.846E-02 -7.532E-05  1.846E-02   
    36    23 -7.140E-03  5.230E-04  7.159E-03   
    37    24 -1.282E-03  1.821E-04  1.295E-03   

  ipert    m    re wt      im wt      abs wt


   isol  imax   plasma     vacuum     total

    18    11  2.081E+02  2.229E+02  4.310E+02

  ipert    m    re wt      im wt      abs wt

     1   -12  6.896E-03  3.161E-04  6.903E-03   
     2   -11  2.325E-02 -1.162E-04  2.325E-02   
     3   -10  6.382E-02  1.755E-03  6.384E-02   
     4    -9  1.195E-01  1.257E-03  1.195E-01   
     5    -8  2.225E-01  9.119E-03  2.227E-01   
     6    -7  3.388E-01  3.751E-03  3.389E-01   
     7    -6  4.451E-01  2.217E-02  4.457E-01   
     8    -5  4.473E-01  1.388E-17  4.473E-01  *
     9    -4  2.429E-01  2.319E-02  2.440E-01   
    10    -3 -2.385E-02 -2.077E-02  3.162E-02   
    11    -2 -3.870E-01  5.941E-03  3.870E-01   
    12    -1 -1.411E-01 -1.635E-02  1.420E-01   
    13     0 -1.311E-01 -1.470E-02  1.319E-01   
    14     1  3.221E-01  3.379E-02  3.238E-01   
    15     2  1.005E-01 -1.820E-02  1.021E-01   
    16     3  1.422E-02 -8.933E-04  1.424E-02   
    17     4  9.625E-08 -3.035E-04  3.035E-04   
    18     5  3.212E-03 -7.796E-04  3.305E-03   
    19     6  5.685E-03  6.936E-04  5.727E-03   
    20     7  6.252E-03 -1.963E-03  6.553E-03   
    21     8  4.425E-03  5.029E-04  4.454E-03   
    22     9  4.880E-03 -8.971E-04  4.962E-03   
    23    10  2.153E-03  2.947E-04  2.173E-03   
    24    11  2.675E-03  3.394E-04  2.697E-03   
    25    12 -3.161E-04 -5.918E-04  6.709E-04   
    26    13  6.532E-04  1.546E-03  1.678E-03   
    27    14 -5.478E-03 -1.945E-03  5.813E-03   
    28    15  1.443E-02  3.247E-03  1.479E-02   
    29    16 -1.342E-02  1.617E-03  1.352E-02   
    30    17 -1.456E-02 -7.999E-04  1.458E-02   
    31    18 -9.370E-03 -1.416E-03  9.477E-03   
    32    19 -4.645E-03 -1.039E-03  4.760E-03   
    33    20 -2.080E-03 -7.299E-04  2.204E-03   
    34    21 -6.666E-04 -3.104E-04  7.353E-04   
    35    22 -2.009E-04 -1.894E-04  2.761E-04   
    36    23 -1.551E-05 -5.041E-05  5.274E-05   
    37    24  3.729E-06 -2.398E-05  2.427E-05   

  ipert    m    re wt      im wt      abs wt


   isol  imax   plasma     vacuum     total

    19    11  2.312E+02  2.374E+02  4.686E+02

  ipert    m    re wt      im wt      abs wt

     1   -12 -3.154E-05  1.485E-05  3.486E-05   
     2   -11  2.037E-04  3.065E-04  3.681E-04   
     3   -10  3.291E-04  2.831E-04  4.341E-04   
     4    -9  6.398E-04  9.737E-04  1.165E-03   
     5    -8  1.061E-03  1.107E-03  1.534E-03   
     6    -7  1.116E-03  1.797E-03  2.116E-03   
     7    -6  1.288E-03  1.371E-03  1.881E-03   
     8    -5  2.899E-04  7.628E-04  8.160E-04   
     9    -4 -6.398E-04 -5.885E-04  8.693E-04   
    10    -3 -1.345E-03 -1.575E-03  2.071E-03   
    11    -2 -1.201E-03 -1.158E-03  1.668E-03   
    12    -1 -5.282E-05 -8.392E-06  5.348E-05   
    13     0  1.717E-04  4.412E-04  4.734E-04   
    14     1  8.070E-05  3.378E-04  3.473E-04   
    15     2  4.956E-04 -9.170E-05  5.041E-04   
    16     3 -2.620E-04  3.395E-04  4.289E-04   
    17     4 -3.958E-05 -4.229E-05  5.792E-05   
    18     5  4.200E-04  5.003E-05  4.229E-04   
    19     6  6.156E-04  4.845E-04  7.834E-04   
    20     7  7.207E-04  3.462E-04  7.995E-04   
    21     8  6.838E-04  1.019E-03  1.227E-03   
    22     9  4.089E-04 -5.402E-04  6.775E-04   
    23    10 -2.124E-04  2.145E-03  2.156E-03   
    24    11  1.142E-03 -3.566E-03  3.744E-03   
    25    12 -2.098E-03  6.830E-03  7.145E-03   
    26    13  5.773E-03 -1.186E-02  1.319E-02   
    27    14  7.372E-03  1.832E-02  1.975E-02   
    28    15 -2.270E-01 -1.617E-02  2.276E-01   
    29    16  6.336E-01  0.000E+00  6.336E-01  *
    30    17 -2.318E-01 -1.279E-02  2.321E-01   
    31    18 -4.639E-01  3.422E-02  4.651E-01   
    32    19 -3.800E-01  8.664E-03  3.801E-01   
    33    20 -2.386E-01  1.512E-02  2.391E-01   
    34    21 -1.274E-01  3.093E-03  1.274E-01   
    35    22 -6.135E-02  4.068E-03  6.149E-02   
    36    23 -2.478E-02 -2.769E-04  2.478E-02   
    37    24 -5.954E-03  1.307E-03  6.095E-03   

  ipert    m    re wt      im wt      abs wt


   isol  imax   plasma     vacuum     total

    20    11  2.539E+02  2.601E+02  5.140E+02

  ipert    m    re wt      im wt      abs wt

     1   -12  3.582E-03 -1.035E-03  3.729E-03   
     2   -11  1.334E-02 -6.957E-03  1.505E-02   
     3   -10  2.602E-02 -1.308E-02  2.913E-02   
     4    -9  4.062E-02 -2.027E-02  4.540E-02   
     5    -8  4.891E-02 -2.503E-02  5.494E-02   
     6    -7  4.566E-02 -2.228E-02  5.081E-02   
     7    -6  1.949E-02 -1.116E-02  2.246E-02   
     8    -5 -1.648E-02  9.824E-03  1.918E-02   
     9    -4 -3.817E-02  1.660E-02  4.162E-02   
    10    -3 -2.694E-02  1.659E-02  3.164E-02   
    11    -2  2.299E-02 -1.454E-02  2.720E-02   
    12    -1  1.573E-02 -6.023E-03  1.684E-02   
    13     0  2.574E-02 -1.183E-02  2.833E-02   
    14     1 -2.958E-02  1.145E-02  3.172E-02   
    15     2 -9.306E-03  7.847E-03  1.217E-02   
    16     3 -1.538E-03  6.610E-04  1.674E-03   
    17     4 -1.365E-06  2.196E-06  2.586E-06   
    18     5 -1.450E-04  2.973E-04  3.307E-04   
    19     6 -2.418E-04  1.207E-04  2.703E-04   
    20     7  1.231E-05  2.511E-04  2.514E-04   
    21     8 -2.168E-04 -3.204E-04  3.869E-04   
    22     9 -6.847E-05  7.208E-04  7.240E-04   
    23    10 -1.295E-04 -1.224E-03  1.231E-03   
    24    11 -6.943E-04  2.424E-03  2.521E-03   
    25    12  1.081E-03 -4.400E-03  4.530E-03   
    26    13 -2.039E-03  7.799E-03  8.061E-03   
    27    14  4.746E-03 -1.345E-02  1.426E-02   
    28    15  3.269E-02  1.921E-02  3.792E-02   
    29    16 -2.987E-01 -1.433E-02  2.990E-01   
    30    17  6.259E-01  1.388E-17  6.259E-01  *
    31    18 -9.002E-02 -1.764E-02  9.173E-02   
    32    19 -4.197E-01  3.130E-02  4.209E-01   
    33    20 -3.989E-01  1.097E-02  3.990E-01   
    34    21 -2.728E-01  1.618E-02  2.733E-01   
    35    22 -1.535E-01  5.299E-03  1.536E-01   
    36    23 -7.022E-02  2.971E-03  7.029E-02   
    37    24 -1.625E-02  3.184E-03  1.656E-02   

  ipert    m    re wt      im wt      abs wt


   isol  imax   plasma     vacuum     total

    21    11  2.528E+02  2.618E+02  5.146E+02

  ipert    m    re wt      im wt      abs wt

     1   -12  2.881E-02  5.093E-03  2.926E-02   
     2   -11  1.178E-01 -8.899E-04  1.178E-01   
     3   -10  2.289E-01  1.049E-03  2.289E-01   
     4    -9  3.544E-01  3.445E-03  3.545E-01   
     5    -8  4.290E-01  0.000E+00  4.290E-01  *
     6    -7  3.935E-01  6.404E-03  3.936E-01   
     7    -6  1.709E-01 -7.825E-03  1.711E-01   
     8    -5 -1.528E-01  9.648E-03  1.531E-01   
     9    -4 -3.232E-01 -1.919E-02  3.238E-01   
    10    -3 -2.388E-01  1.983E-02  2.396E-01   
    11    -2  2.182E-01 -1.944E-02  2.190E-01   
    12    -1  1.309E-01  1.450E-02  1.317E-01   
    13     0  2.187E-01  9.222E-03  2.189E-01   
    14     1 -2.483E-01 -2.492E-02  2.495E-01   
    15     2 -9.046E-02  2.079E-02  9.282E-02   
    16     3 -1.464E-02  4.569E-04  1.465E-02   
    17     4 -2.058E-05  2.503E-04  2.511E-04   
    18     5 -2.966E-03  9.129E-04  3.103E-03   
    19     6 -5.284E-03 -2.794E-04  5.292E-03   
    20     7 -5.600E-03  1.618E-03  5.829E-03   
    21     8 -3.985E-03 -2.829E-04  3.995E-03   
    22     9 -3.964E-03  7.551E-04  4.035E-03   
    23    10 -1.817E-03 -8.934E-05  1.819E-03   
    24    11 -1.996E-03 -2.898E-04  2.017E-03   
    25    12 -1.811E-04  5.975E-04  6.244E-04   
    26    13  2.532E-05 -1.421E-03  1.421E-03   
    27    14 -2.325E-04  1.668E-03  1.684E-03   
    28    15 -2.285E-03 -5.535E-03  5.989E-03   
    29    16  3.394E-02  1.998E-02  3.938E-02   
    30    17 -6.984E-02 -3.678E-02  7.894E-02   
    31    18  1.140E-02  5.208E-03  1.253E-02   
    32    19  5.094E-02  2.031E-02  5.484E-02   
    33    20  4.680E-02  2.182E-02  5.163E-02   
    34    21  3.211E-02  1.413E-02  3.508E-02   
    35    22  1.776E-02  8.409E-03  1.965E-02   
    36    23  8.078E-03  3.803E-03  8.928E-03   
    37    24  2.020E-03  6.087E-04  2.110E-03   

  ipert    m    re wt      im wt      abs wt


   isol  imax   plasma     vacuum     total

    22    11  2.772E+02  2.834E+02  5.607E+02

  ipert    m    re wt      im wt      abs wt

     1   -12 -1.011E-04 -1.304E-04  1.650E-04   
     2   -11 -1.650E-04 -2.427E-04  2.935E-04   
     3   -10 -3.896E-04 -7.021E-04  8.029E-04   
     4    -9 -4.343E-04 -7.320E-04  8.511E-04   
     5    -8 -3.656E-04 -9.399E-04  1.009E-03   
     6    -7 -2.355E-04 -2.524E-04  3.452E-04   
     7    -6  2.306E-04  2.677E-04  3.533E-04   
     8    -5  2.134E-04  7.588E-04  7.883E-04   
     9    -4  1.518E-04  2.620E-04  3.028E-04   
    10    -3 -2.502E-04 -5.800E-04  6.317E-04   
    11    -2 -4.446E-04 -5.506E-04  7.077E-04   
    12    -1 -8.699E-05 -4.022E-05  9.584E-05   
    13     0  2.945E-05  2.472E-04  2.489E-04   
    14     1  3.124E-05  1.518E-04  1.550E-04   
    15     2  2.245E-04 -1.394E-04  2.642E-04   
    16     3 -9.329E-05  1.767E-04  1.998E-04   
    17     4  8.945E-06  2.290E-05  2.459E-05   
    18     5  1.190E-04 -9.920E-06  1.194E-04   
    19     6  2.240E-04  1.207E-04  2.545E-04   
    20     7  2.034E-04  2.086E-04  2.914E-04   
    21     8  2.516E-04  3.611E-04  4.401E-04   
    22     9 -4.580E-05 -2.353E-04  2.397E-04   
    23    10  3.525E-05  7.936E-04  7.943E-04   
    24    11  8.946E-05 -1.426E-03  1.429E-03   
    25    12 -6.960E-04  2.785E-03  2.871E-03   
    26    13  1.088E-03 -5.131E-03  5.245E-03   
    27    14 -1.802E-03  9.070E-03  9.247E-03   
    28    15  8.797E-04 -1.529E-02  1.532E-02   
    29    16  6.650E-02  2.029E-02  6.953E-02   
    30    17 -3.720E-01 -1.262E-02  3.722E-01   
    31    18  6.112E-01  0.000E+00  6.112E-01  *
    32    19  2.769E-02 -2.204E-02  3.540E-02   
    33    20 -3.765E-01  3.000E-02  3.777E-01   
    34    21 -4.137E-01  1.328E-02  4.139E-01   
    35    22 -2.976E-01  1.750E-02  2.981E-01   
    36    23 -1.532E-01  8.538E-04  1.532E-01   
    37    24 -3.821E-02  9.684E-03  3.942E-02   

  ipert    m    re wt      im wt      abs wt


   isol  imax   plasma     vacuum     total

    23    11  2.998E+02  3.023E+02  6.022E+02

  ipert    m    re wt      im wt      abs wt

     1   -12  7.076E-02  1.165E-02  7.171E-02   
     2   -11  2.532E-01 -4.170E-03  2.532E-01   
     3   -10  4.132E-01 -5.349E-04  4.132E-01   
     4    -9  4.140E-01 -1.388E-17  4.140E-01  *
     5    -8  2.139E-01  1.156E-03  2.139E-01   
     6    -7 -1.398E-01 -3.696E-03  1.398E-01   
     7    -6 -3.670E-01  7.030E-03  3.671E-01   
     8    -5 -2.204E-01 -1.063E-02  2.206E-01   
     9    -4  1.542E-01  1.771E-02  1.552E-01   
    10    -3  3.542E-01 -2.485E-02  3.550E-01   
    11    -2 -6.936E-02  2.354E-02  7.324E-02   
    12    -1 -8.928E-02 -1.571E-02  9.066E-02   
    13     0 -2.741E-01 -4.923E-03  2.742E-01   
    14     1  1.975E-01  2.260E-02  1.988E-01   
    15     2  8.347E-02 -2.261E-02  8.647E-02   
    16     3  1.648E-02 -9.752E-04  1.651E-02   
    17     4  2.035E-04 -2.448E-04  3.184E-04   
    18     5  1.651E-03 -7.449E-04  1.811E-03   
    19     6  3.645E-03  2.332E-04  3.653E-03   
    20     7  4.073E-03 -1.415E-03  4.311E-03   
    21     8  2.810E-03  1.763E-04  2.815E-03   
    22     9  2.971E-03 -8.217E-04  3.083E-03   
    23    10  1.208E-03  3.809E-05  1.209E-03   
    24    11  1.784E-03 -6.013E-05  1.785E-03   
    25    12 -3.762E-05 -1.701E-04  1.742E-04   
    26    13  6.439E-04  4.182E-04  7.677E-04   
    27    14 -6.011E-04 -2.802E-04  6.632E-04   
    28    15 -8.129E-05  7.433E-04  7.477E-04   
    29    16 -6.585E-04 -4.006E-04  7.708E-04   
    30    17 -5.171E-04  4.533E-04  6.876E-04   
    31    18 -2.009E-04  1.855E-03  1.866E-03   
    32    19 -9.503E-04 -3.231E-03  3.367E-03   
    33    20 -1.120E-03  2.883E-04  1.156E-03   
    34    21 -1.568E-04  2.430E-03  2.435E-03   
    35    22  8.321E-05  2.597E-03  2.598E-03   
    36    23  1.343E-04  1.538E-03  1.544E-03   
    37    24  1.225E-04  3.695E-04  3.893E-04   

  ipert    m    re wt      im wt      abs wt


   isol  imax   plasma     vacuum     total

    24    11  3.023E+02  3.086E+02  6.109E+02

  ipert    m    re wt      im wt      abs wt

     1   -12  1.534E-04 -4.142E-04  4.417E-04   
     2   -11  6.257E-05 -1.542E-03  1.543E-03   
     3   -10  2.512E-04 -2.183E-03  2.197E-03   
     4    -9  2.147E-04 -2.167E-03  2.177E-03   
     5    -8  7.013E-05 -8.278E-04  8.308E-04   
     6    -7 -7.793E-05  8.912E-04  8.946E-04   
     7    -6 -2.362E-04  2.036E-03  2.050E-03   
     8    -5 -1.033E-04  9.505E-04  9.561E-04   
     9    -4  1.775E-04 -1.001E-03  1.017E-03   
    10    -3  4.595E-05 -1.825E-03  1.826E-03   
    11    -2  5.715E-05  7.320E-04  7.342E-04   
    12    -1 -2.313E-04  4.966E-04  5.478E-04   
    13     0 -1.674E-04  1.514E-03  1.523E-03   
    14     1  2.696E-04 -1.283E-03  1.311E-03   
    15     2 -1.456E-04 -4.060E-04  4.313E-04   
    16     3  3.656E-05 -1.903E-04  1.937E-04   
    17     4 -2.372E-05 -1.173E-06  2.375E-05   
    18     5  1.479E-05 -3.720E-05  4.003E-05   
    19     6  3.610E-05 -1.130E-04  1.186E-04   
    20     7  6.117E-05 -1.836E-04  1.935E-04   
    21     8 -8.217E-05 -2.471E-04  2.604E-04   
    22     9  1.252E-04  8.762E-05  1.528E-04   
    23    10 -1.826E-04 -5.022E-04  5.344E-04   
    24    11 -3.121E-05  8.263E-04  8.269E-04   
    25    12  1.850E-04 -1.767E-03  1.776E-03   
    26    13 -7.382E-04  3.284E-03  3.366E-03   
    27    14  1.004E-03 -6.004E-03  6.088E-03   
    28    15 -1.031E-03  1.053E-02  1.058E-02   
    29    16 -5.903E-03 -1.711E-02  1.810E-02   
    30    17  1.012E-01  2.088E-02  1.033E-01   
    31    18 -4.283E-01 -1.030E-02  4.284E-01   
    32    19  5.996E-01  0.000E+00  5.996E-01  *
    33    20  9.103E-02 -2.670E-02  9.486E-02   
    34    21 -3.644E-01  2.989E-02  3.656E-01   
    35    22 -4.201E-01  1.838E-02  4.205E-01   
    36    23 -2.612E-01  8.452E-03  2.614E-01   
    37    24 -6.410E-02  1.675E-02  6.625E-02   

  ipert    m    re wt      im wt      abs wt


   isol  imax   plasma     vacuum     total

    25    11  3.317E+02  3.371E+02  6.687E+02

  ipert    m    re wt      im wt      abs wt

     1   -12 -8.628E-06  2.460E-05  2.607E-05   
     2   -11  2.203E-04  5.475E-05  2.270E-04   
     3   -10  1.293E-04  5.977E-06  1.294E-04   
     4    -9  1.740E-04  2.177E-04  2.787E-04   
     5    -8 -6.775E-05 -4.811E-05  8.309E-05   
     6    -7 -2.076E-04 -5.421E-05  2.146E-04   
     7    -6 -8.472E-05 -2.800E-04  2.925E-04   
     8    -5  3.234E-05  1.285E-04  1.325E-04   
     9    -4  1.923E-04  1.811E-04  2.642E-04   
    10    -3 -3.338E-05 -3.621E-05  4.925E-05   
    11    -2 -2.244E-04 -2.107E-04  3.079E-04   
    12    -1 -2.312E-06 -6.473E-05  6.477E-05   
    13     0 -1.713E-05  3.835E-05  4.200E-05   
    14     1  6.823E-05  1.190E-04  1.371E-04   
    15     2  9.923E-05 -3.832E-05  1.064E-04   
    16     3 -2.898E-05  3.977E-05  4.921E-05   
    17     4  6.844E-06 -4.602E-06  8.247E-06   
    18     5  3.681E-05  2.371E-05  4.379E-05   
    19     6  8.233E-05  3.603E-05  8.986E-05   
    20     7  3.547E-05  8.488E-05  9.200E-05   
    21     8  1.474E-04  9.933E-05  1.777E-04   
    22     9 -1.164E-04 -5.725E-05  1.297E-04   
    23    10  1.313E-04  2.582E-04  2.896E-04   
    24    11 -1.434E-04 -4.987E-04  5.189E-04   
    25    12 -6.752E-05  1.026E-03  1.029E-03   
    26    13  2.961E-04 -2.024E-03  2.045E-03   
    27    14 -8.065E-04  3.787E-03  3.872E-03   
    28    15  9.243E-04 -6.883E-03  6.945E-03   
    29    16 -6.257E-05  1.210E-02  1.210E-02   
    30    17 -1.238E-02 -1.985E-02  2.339E-02   
    31    18  1.202E-01  2.368E-02  1.225E-01   
    32    19 -4.515E-01 -1.041E-02  4.516E-01   
    33    20  6.325E-01  0.000E+00  6.325E-01  *
    34    21  3.484E-02 -3.731E-02  5.105E-02   
    35    22 -4.247E-01  4.488E-02  4.270E-01   
    36    23 -3.612E-01  1.552E-02  3.615E-01   
    37    24 -9.971E-02  3.261E-02  1.049E-01   

  ipert    m    re wt      im wt      abs wt


   isol  imax   plasma     vacuum     total

    26    11  3.574E+02  3.507E+02  7.081E+02

  ipert    m    re wt      im wt      abs wt

     1   -12  1.065E-01  2.426E-02  1.092E-01   
     2   -11  3.603E-01 -5.478E-03  3.604E-01   
     3   -10  4.142E-01  0.000E+00  4.142E-01  *
     4    -9  1.228E-01  1.288E-03  1.228E-01   
     5    -8 -2.950E-01 -2.873E-03  2.950E-01   
     6    -7 -3.701E-01  1.977E-03  3.701E-01   
     7    -6  2.714E-02 -3.814E-03  2.740E-02   
     8    -5  3.702E-01  9.988E-03  3.703E-01   
     9    -4  1.291E-01 -2.072E-02  1.307E-01   
    10    -3 -3.342E-01  2.645E-02  3.353E-01   
    11    -2 -6.176E-02 -2.343E-02  6.605E-02   
    12    -1  2.321E-02  1.875E-02  2.984E-02   
    13     0  3.072E-01  6.720E-04  3.072E-01   
    14     1 -1.441E-01 -2.271E-02  1.458E-01   
    15     2 -7.072E-02  2.110E-02  7.380E-02   
    16     3 -1.553E-02  1.758E-03  1.563E-02   
    17     4 -2.768E-04  1.816E-04  3.311E-04   
    18     5 -6.781E-04  4.473E-04  8.124E-04   
    19     6 -2.087E-03 -2.798E-04  2.106E-03   
    20     7 -2.450E-03  1.160E-03  2.710E-03   
    21     8 -1.325E-03 -1.998E-04  1.340E-03   
    22     9 -2.005E-03  7.491E-04  2.140E-03   
    23    10 -5.468E-04  1.973E-05  5.471E-04   
    24    11 -1.371E-03  1.237E-04  1.377E-03   
    25    12 -2.470E-05  1.655E-04  1.674E-04   
    26    13 -6.158E-04 -2.006E-04  6.477E-04   
    27    14  2.850E-04  2.574E-04  3.840E-04   
    28    15 -1.583E-05 -3.725E-04  3.729E-04   
    29    16  2.776E-04  1.533E-04  3.171E-04   
    30    17  1.588E-04 -4.778E-04  5.035E-04   
    31    18  2.015E-04  3.310E-04  3.875E-04   
    32    19  3.574E-04 -2.017E-04  4.104E-04   
    33    20  1.806E-04 -6.071E-04  6.333E-04   
    34    21 -3.386E-06  7.749E-04  7.749E-04   
    35    22  3.383E-04 -3.753E-04  5.053E-04   
    36    23  2.232E-04 -6.364E-04  6.744E-04   
    37    24 -1.235E-05 -2.346E-04  2.349E-04   

  ipert    m    re wt      im wt      abs wt


   isol  imax   plasma     vacuum     total

    27    11  3.707E+02  3.717E+02  7.424E+02

  ipert    m    re wt      im wt      abs wt

     1   -12  3.277E-05  1.312E-04  1.353E-04   
     2   -11  3.219E-05  4.389E-04  4.401E-04   
     3   -10  1.924E-04  5.177E-04  5.523E-04   
     4    -9 -3.922E-05  2.933E-05  4.898E-05   
     5    -8 -3.691E-05 -2.950E-04  2.973E-04   
     6    -7 -1.036E-04 -5.195E-04  5.297E-04   
     7    -6  1.844E-06  2.029E-04  2.029E-04   
     8    -5  1.348E-04  4.010E-04  4.230E-04   
     9    -4  1.582E-06  1.299E-04  1.299E-04   
    10    -3 -1.168E-04 -4.345E-04  4.500E-04   
    11    -2  1.132E-04 -4.583E-06  1.133E-04   
    12    -1 -9.104E-05  6.221E-05  1.103E-04   
    13     0  1.257E-04  4.159E-04  4.344E-04   
    14     1 -6.573E-05 -2.468E-04  2.554E-04   
    15     2 -1.205E-04 -8.273E-05  1.462E-04   
    16     3  3.088E-05 -1.271E-05  3.340E-05   
    17     4  3.882E-06 -5.454E-06  6.694E-06   
    18     5 -2.544E-05 -2.877E-05  3.841E-05   
    19     6 -5.287E-05 -2.095E-05  5.687E-05   
    20     7  1.933E-05 -9.517E-05  9.711E-05   
    21     8 -9.101E-05 -3.513E-05  9.755E-05   
    22     9  7.792E-05 -1.340E-05  7.907E-05   
    23    10 -1.541E-04 -1.135E-04  1.914E-04   
    24    11  1.005E-04  2.195E-04  2.414E-04   
    25    12 -1.144E-04 -5.133E-04  5.259E-04   
    26    13 -8.409E-05  1.029E-03  1.032E-03   
    27    14  3.577E-04 -2.032E-03  2.063E-03   
    28    15 -7.493E-04  3.778E-03  3.852E-03   
    29    16  8.264E-04 -6.724E-03  6.775E-03   
    30    17  2.411E-04  1.201E-02  1.201E-02   
    31    18 -1.114E-02 -2.190E-02  2.457E-02   
    32    19  9.915E-02  3.297E-02  1.045E-01   
    33    20 -4.007E-01 -2.447E-02  4.015E-01   
    34    21  6.947E-01  5.551E-17  6.947E-01  *
    35    22 -2.228E-01 -3.321E-02  2.252E-01   
    36    23 -4.656E-01  6.083E-02  4.696E-01   
    37    24 -1.198E-01  7.344E-02  1.405E-01   

  ipert    m    re wt      im wt      abs wt


   isol  imax   plasma     vacuum     total

    28    11  4.295E+02  4.115E+02  8.410E+02

  ipert    m    re wt      im wt      abs wt

     1   -12  1.323E-01  4.248E-02  1.389E-01   
     2   -11  4.062E-01  0.000E+00  4.062E-01  *
     3   -10  2.451E-01 -2.353E-04  2.451E-01   
     4    -9 -2.841E-01 -2.896E-03  2.841E-01   
     5    -8 -3.753E-01 -7.100E-03  3.754E-01   
     6    -7  1.669E-01  4.777E-03  1.670E-01   
     7    -6  3.828E-01  5.777E-03  3.829E-01   
     8    -5 -1.489E-01 -1.352E-02  1.495E-01   
     9    -4 -3.361E-01  2.074E-02  3.368E-01   
    10    -3  1.995E-01 -2.429E-02  2.010E-01   
    11    -2  1.403E-01  2.356E-02  1.423E-01   
    12    -1  4.986E-02 -2.314E-02  5.497E-02   
    13     0 -3.058E-01  3.578E-03  3.058E-01   
    14     1  9.408E-02  2.026E-02  9.623E-02   
    15     2  5.670E-02 -1.780E-02  5.943E-02   
    16     3  1.270E-02 -3.691E-03  1.323E-02   
    17     4  2.504E-04 -7.792E-05  2.623E-04   
    18     5  2.166E-04  6.533E-05  2.263E-04   
    19     6  1.181E-03  4.801E-04  1.275E-03   
    20     7  1.365E-03 -8.028E-04  1.584E-03   
    21     8  3.720E-04  2.308E-04  4.378E-04   
    22     9  1.502E-03 -6.081E-04  1.620E-03   
    23    10  2.711E-04  1.543E-05  2.716E-04   
    24    11  1.015E-03 -1.536E-04  1.027E-03   
    25    12  5.173E-05 -1.623E-04  1.703E-04   
    26    13  4.963E-04  1.077E-04  5.078E-04   
    27    14 -6.788E-05 -1.639E-04  1.774E-04   
    28    15  7.063E-05  8.973E-05  1.142E-04   
    29    16 -1.498E-04 -1.217E-04  1.930E-04   
    30    17 -4.972E-05  1.993E-04  2.054E-04   
    31    18 -9.285E-05 -1.181E-05  9.360E-05   
    32    19 -9.840E-05  8.508E-05  1.301E-04   
    33    20 -8.850E-05 -1.620E-05  8.997E-05   
    34    21 -3.622E-04 -4.507E-04  5.782E-04   
    35    22  8.650E-04  1.398E-03  1.644E-03   
    36    23 -9.687E-04 -1.255E-03  1.586E-03   
    37    24 -5.156E-04  2.765E-04  5.851E-04   

  ipert    m    re wt      im wt      abs wt


   isol  imax   plasma     vacuum     total

    29    11  4.259E+02  4.208E+02  8.467E+02

  ipert    m    re wt      im wt      abs wt

     1   -12  2.884E-04 -2.897E-04  4.088E-04   
     2   -11  4.680E-04 -8.552E-04  9.749E-04   
     3   -10  4.472E-04 -5.279E-04  6.918E-04   
     4    -9 -5.096E-04  6.215E-04  8.037E-04   
     5    -8 -4.269E-04  8.070E-04  9.130E-04   
     6    -7  1.491E-04 -5.047E-04  5.263E-04   
     7    -6  6.253E-04 -5.800E-04  8.529E-04   
     8    -5 -2.309E-04  2.186E-04  3.179E-04   
     9    -4 -4.893E-04  7.195E-04  8.701E-04   
    10    -3  2.577E-04 -4.987E-04  5.614E-04   
    11    -2  3.352E-04 -2.332E-04  4.084E-04   
    12    -1 -3.036E-05 -3.658E-05  4.754E-05   
    13     0 -3.888E-04  5.773E-04  6.960E-04   
    14     1  1.620E-04 -1.761E-04  2.392E-04   
    15     2 -6.009E-05 -1.169E-04  1.315E-04   
    16     3  5.208E-05 -4.690E-06  5.229E-05   
    17     4  3.738E-06 -4.457E-06  5.817E-06   
    18     5 -3.213E-05 -1.851E-05  3.708E-05   
    19     6 -4.578E-05  1.857E-05  4.940E-05   
    20     7 -2.652E-06 -5.590E-05  5.597E-05   
    21     8 -6.612E-05  2.942E-05  7.237E-05   
    22     9  6.603E-05 -4.212E-05  7.832E-05   
    23    10 -1.128E-04 -2.922E-06  1.129E-04   
    24    11  1.577E-04  4.094E-05  1.629E-04   
    25    12 -1.499E-04 -1.785E-04  2.331E-04   
    26    13  1.546E-04  4.059E-04  4.343E-04   
    27    14 -9.108E-07 -8.876E-04  8.876E-04   
    28    15 -2.573E-04  1.789E-03  1.807E-03   
    29    16  6.506E-04 -3.369E-03  3.431E-03   
    30    17 -9.125E-04  5.931E-03  6.001E-03   
    31    18  9.099E-04 -1.056E-02  1.060E-02   
    32    19  2.284E-03  2.155E-02  2.167E-02   
    33    20 -4.225E-02 -4.153E-02  5.925E-02   
    34    21  2.419E-01  3.810E-02  2.448E-01   
    35    22 -6.334E-01  2.744E-02  6.340E-01   
    36    23  6.544E-01  0.000E+00  6.544E-01  *
    37    24  5.354E-02 -2.220E-01  2.284E-01   

  ipert    m    re wt      im wt      abs wt


   isol  imax   plasma     vacuum     total

    30    11  5.141E+02  4.863E+02  1.000E+03

  ipert    m    re wt      im wt      abs wt

     1   -12 -1.404E-01 -7.083E-02  1.573E-01   
     2   -11 -4.096E-01  3.294E-03  4.096E-01   
     3   -10  3.043E-02  1.418E-02  3.357E-02   
     4    -9  4.531E-01  2.776E-17  4.531E-01  *
     5    -8 -1.158E-01 -8.171E-03  1.161E-01   
     6    -7 -3.959E-01  7.350E-03  3.960E-01   
     7    -6  2.855E-01  5.107E-03  2.856E-01   
     8    -5  2.021E-01 -2.670E-02  2.039E-01   
     9    -4 -3.542E-01  3.593E-02  3.560E-01   
    10    -3  3.689E-02 -2.199E-02  4.295E-02   
    11    -2  1.636E-01  1.496E-02  1.643E-01   
    12    -1  1.045E-01 -3.358E-02  1.098E-01   
    13     0 -2.836E-01  2.309E-02  2.846E-01   
    14     1  5.450E-02  1.524E-02  5.659E-02   
    15     2  4.425E-02 -1.574E-02  4.697E-02   
    16     3  8.479E-03 -6.719E-03  1.082E-02   
    17     4  1.709E-04  1.337E-05  1.714E-04   
    18     5  2.562E-04  4.373E-04  5.068E-04   
    19     6  8.817E-04  3.951E-04  9.662E-04   
    20     7  6.463E-04 -6.167E-04  8.933E-04   
    21     8  5.973E-05 -8.997E-05  1.080E-04   
    22     9  1.106E-03 -6.702E-04  1.293E-03   
    23    10  2.091E-04  6.183E-05  2.181E-04   
    24    11  8.599E-04 -1.633E-04  8.753E-04   
    25    12 -5.478E-06 -2.437E-04  2.438E-04   
    26    13  3.943E-04  3.122E-05  3.955E-04   
    27    14 -4.282E-05 -1.196E-04  1.270E-04   
    28    15  1.371E-04  6.441E-05  1.515E-04   
    29    16 -1.123E-04 -1.036E-04  1.528E-04   
    30    17 -1.107E-05  8.038E-05  8.114E-05   
    31    18 -3.434E-05 -5.440E-05  6.434E-05   
    32    19 -7.975E-05  1.276E-04  1.505E-04   
    33    20 -2.093E-05  1.114E-06  2.096E-05   
    34    21 -8.176E-05  5.615E-05  9.919E-05   
    35    22  2.065E-06 -9.346E-05  9.348E-05   
    36    23 -6.510E-05  1.269E-04  1.426E-04   
    37    24  4.251E-05  2.589E-05  4.977E-05   

  ipert    m    re wt      im wt      abs wt


   isol  imax   plasma     vacuum     total

    31    11  6.127E+02  5.751E+02  1.188E+03

  ipert    m    re wt      im wt      abs wt

     1   -12  1.269E-01  1.152E-01  1.713E-01   
     2   -11  3.773E-01  1.558E-02  3.776E-01   
     3   -10 -3.036E-01 -5.202E-02  3.080E-01   
     4    -9 -1.971E-01  2.363E-02  1.985E-01   
     5    -8  4.599E-01  0.000E+00  4.599E-01  *
     6    -7 -2.495E-01 -2.042E-02  2.503E-01   
     7    -6 -1.631E-01  4.959E-02  1.705E-01   
     8    -5  3.830E-01 -6.740E-02  3.889E-01   
     9    -4 -2.317E-01  4.412E-02  2.358E-01   
    10    -3 -9.172E-02  5.180E-04  9.172E-02   
    11    -2  1.550E-01  4.381E-03  1.551E-01   
    12    -1  1.388E-01 -6.622E-02  1.538E-01   
    13     0 -2.600E-01  5.869E-02  2.666E-01   
    14     1  2.897E-02  1.209E-02  3.139E-02   
    15     2  3.869E-02 -1.921E-02  4.320E-02   
    16     3  5.403E-03 -1.141E-02  1.263E-02   
    17     4  1.159E-04 -3.601E-04  3.783E-04   
    18     5  6.487E-04  1.337E-03  1.486E-03   
    19     6  1.097E-03  7.622E-04  1.336E-03   
    20     7  6.346E-04  7.201E-05  6.387E-04   
    21     8  6.264E-04  1.323E-04  6.402E-04   
    22     9  1.190E-03 -3.507E-04  1.241E-03   
    23    10  3.665E-04  8.985E-05  3.774E-04   
    24    11  8.612E-04 -1.734E-06  8.612E-04   
    25    12 -8.681E-05 -2.574E-04  2.716E-04   
    26    13  3.048E-04 -2.555E-05  3.059E-04   
    27    14 -9.279E-05 -1.673E-04  1.913E-04   
    28    15  6.265E-05 -4.644E-05  7.798E-05   
    29    16 -1.432E-04 -1.088E-04  1.798E-04   
    30    17 -7.021E-05  1.947E-06  7.024E-05   
    31    18 -7.361E-05 -4.324E-05  8.537E-05   
    32    19 -7.310E-05  3.830E-06  7.320E-05   
    33    20 -5.119E-05 -2.070E-05  5.522E-05   
    34    21 -7.857E-05  4.854E-05  9.236E-05   
    35    22 -2.701E-05  6.279E-06  2.773E-05   
    36    23 -3.166E-05  8.966E-06  3.291E-05   
    37    24  1.321E-05  3.751E-05  3.976E-05   

  ipert    m    re wt      im wt      abs wt


   isol  imax   plasma     vacuum     total

    32    11  7.049E+02  6.805E+02  1.385E+03

  ipert    m    re wt      im wt      abs wt

     1   -12 -1.226E-01 -1.368E-01  1.837E-01   
     2   -11 -3.008E-01  3.845E-02  3.033E-01   
     3   -10  4.571E-01  0.000E+00  4.571E-01  *
     4    -9 -2.774E-01 -3.415E-02  2.795E-01   
     5    -8 -1.737E-02  1.118E-01  1.131E-01   
     6    -7  2.486E-01 -2.048E-01  3.221E-01   
     7    -6 -3.339E-01  2.475E-01  4.156E-01   
     8    -5  2.577E-01 -1.863E-01  3.180E-01   
     9    -4 -6.831E-02  2.430E-02  7.250E-02   
    10    -3 -1.115E-01  1.106E-01  1.570E-01   
    11    -2  1.108E-01 -3.792E-02  1.171E-01   
    12    -1  6.598E-02 -1.889E-01  2.001E-01   
    13     0 -1.446E-01  1.887E-01  2.377E-01   
    14     1  1.457E-02  9.457E-03  1.737E-02   
    15     2  2.045E-02 -4.431E-02  4.880E-02   
    16     3 -2.136E-03 -1.871E-02  1.884E-02   
    17     4 -3.655E-04 -9.099E-04  9.806E-04   
    18     5  2.595E-03  2.934E-03  3.917E-03   
    19     6  3.537E-03  2.202E-03  4.166E-03   
    20     7  3.392E-03  1.845E-03  3.861E-03   
    21     8  2.754E-03  1.515E-03  3.143E-03   
    22     9  2.406E-03  7.512E-04  2.521E-03   
    23    10  8.709E-04  4.106E-04  9.629E-04   
    24    11  9.562E-04  2.300E-04  9.835E-04   
    25    12 -3.355E-04 -2.290E-04  4.062E-04   
    26    13  4.820E-05  6.121E-05  7.791E-05   
    27    14 -3.527E-04 -4.560E-04  5.765E-04   
    28    15 -3.509E-04 -1.383E-06  3.509E-04   
    29    16 -2.678E-04 -3.503E-04  4.410E-04   
    30    17 -4.693E-04 -3.879E-05  4.709E-04   
    31    18 -1.335E-04 -1.624E-04  2.102E-04   
    32    19 -3.944E-04 -6.071E-05  3.990E-04   
    33    20 -3.769E-05  6.085E-06  3.818E-05   
    34    21 -2.557E-04 -1.613E-04  3.024E-04   
    35    22  9.526E-05  1.691E-04  1.941E-04   
    36    23 -2.182E-04 -6.440E-07  2.182E-04   
    37    24 -4.351E-05 -6.226E-04  6.242E-04   

  ipert    m    re wt      im wt      abs wt


   isol  imax   plasma     vacuum     total

    33    11  1.043E+03  4.284E+02  1.471E+03

  ipert    m    re wt      im wt      abs wt

     1   -12 -1.448E-04  2.040E-04  2.502E-04   
     2   -11  1.085E-04  2.676E-04  2.887E-04   
     3   -10 -1.752E-04 -4.412E-04  4.747E-04   
     4    -9  1.926E-04  2.558E-04  3.202E-04   
     5    -8 -1.333E-04 -2.102E-05  1.349E-04   
     6    -7  4.147E-05 -1.566E-04  1.620E-04   
     7    -6  4.911E-05  2.491E-04  2.539E-04   
     8    -5 -9.659E-05 -1.580E-04  1.852E-04   
     9    -4  6.734E-05 -7.972E-05  1.044E-04   
    10    -3  4.373E-06  2.180E-04  2.181E-04   
    11    -2 -2.958E-05 -8.003E-05  8.532E-05   
    12    -1 -2.640E-05 -1.965E-04  1.983E-04   
    13     0  6.575E-05  1.958E-04  2.065E-04   
    14     1 -6.398E-06  1.357E-05  1.500E-05   
    15     2  2.228E-05 -4.706E-05  5.206E-05   
    16     3 -2.415E-05 -1.337E-05  2.760E-05   
    17     4  3.663E-07 -3.042E-06  3.064E-06   
    18     5  7.390E-06  1.142E-05  1.360E-05   
    19     6 -5.007E-06  4.383E-06  6.654E-06   
    20     7 -7.105E-06  2.060E-05  2.179E-05   
    21     8  6.244E-06 -1.121E-06  6.344E-06   
    22     9 -1.044E-05  1.626E-05  1.933E-05   
    23    10  3.742E-05 -1.077E-05  3.894E-05   
    24    11 -1.505E-05  9.542E-06  1.782E-05   
    25    12  5.655E-05  4.622E-06  5.674E-05   
    26    13 -2.286E-05 -2.408E-05  3.320E-05   
    27    14  3.785E-05  5.648E-05  6.799E-05   
    28    15  4.014E-05 -1.237E-04  1.301E-04   
    29    16 -1.385E-04  2.678E-04  3.015E-04   
    30    17  2.060E-04 -5.526E-04  5.898E-04   
    31    18  4.445E-04  2.637E-04  5.168E-04   
    32    19 -4.894E-04  2.133E-03  2.189E-03   
    33    20 -7.236E-03 -4.498E-03  8.521E-03   
    34    21  4.130E-02 -1.702E-02  4.467E-02   
    35    22 -7.536E-02  1.090E-01  1.325E-01   
    36    23 -1.683E-01 -2.030E-01  2.637E-01   
    37    24  9.259E-01  0.000E+00  9.259E-01  *

  ipert    m    re wt      im wt      abs wt


   isol  imax   plasma     vacuum     total

    34    11  7.789E+02  8.165E+02  1.595E+03

  ipert    m    re wt      im wt      abs wt

     1   -12  8.185E-02  2.338E-01  2.477E-01   
     2   -11  1.653E-01  1.285E-02  1.658E-01   
     3   -10 -3.695E-01 -7.616E-02  3.772E-01   
     4    -9  4.346E-01  1.388E-17  4.346E-01  *
     5    -8 -3.983E-01  9.208E-02  4.088E-01   
     6    -7  3.074E-01 -1.469E-01  3.407E-01   
     7    -6 -1.901E-01  1.332E-01  2.321E-01   
     8    -5  6.967E-02 -3.714E-02  7.895E-02   
     9    -4  2.997E-02 -1.120E-01  1.160E-01   
    10    -3 -7.075E-02  1.782E-01  1.918E-01   
    11    -2  2.285E-02 -1.326E-02  2.642E-02   
    12    -1  6.610E-02 -2.639E-01  2.720E-01   
    13     0 -7.374E-02  2.194E-01  2.315E-01   
    14     1  6.286E-03  2.439E-02  2.519E-02   
    15     2  2.921E-02 -5.024E-02  5.811E-02   
    16     3  5.906E-03 -1.987E-02  2.073E-02   
    17     4  7.587E-05 -1.000E-03  1.003E-03   
    18     5 -5.097E-04  4.634E-03  4.662E-03   
    19     6 -9.370E-04  5.216E-03  5.299E-03   
    20     7 -6.454E-04  5.467E-03  5.505E-03   
    21     8 -3.826E-04  3.717E-03  3.737E-03   
    22     9 -2.808E-04  2.545E-03  2.560E-03   
    23    10 -2.037E-04  9.436E-04  9.654E-04   
    24    11 -2.715E-04  3.560E-04  4.477E-04   
    25    12 -7.353E-05 -1.734E-04  1.883E-04   
    26    13 -3.454E-04 -3.851E-04  5.173E-04   
    27    14  1.129E-04 -5.201E-04  5.322E-04   
    28    15 -2.913E-04 -6.313E-04  6.953E-04   
    29    16  9.515E-05 -3.725E-04  3.845E-04   
    30    17 -1.820E-04 -6.310E-04  6.567E-04   
    31    18 -1.641E-06 -1.871E-04  1.871E-04   
    32    19  5.497E-06 -4.809E-04  4.809E-04   
    33    20 -9.266E-05 -4.377E-05  1.025E-04   
    34    21  9.172E-05 -2.403E-04  2.572E-04   
    35    22 -1.307E-04 -4.574E-05  1.385E-04   
    36    23  2.718E-04 -1.642E-05  2.723E-04   
    37    24 -4.982E-04  1.454E-04  5.190E-04   

  ipert    m    re wt      im wt      abs wt


   isol  imax   plasma     vacuum     total

    35    11  1.052E+03  9.096E+02  1.962E+03

  ipert    m    re wt      im wt      abs wt

     1   -12  1.620E-01 -1.389E-01  2.134E-01   
     2   -11 -1.736E-02  3.597E-02  3.994E-02   
     3   -10 -1.238E-02  5.738E-02  5.870E-02   
     4    -9 -2.194E-02 -1.066E-01  1.088E-01   
     5    -8  7.349E-02  1.290E-01  1.485E-01   
     6    -7 -1.371E-01 -1.302E-01  1.891E-01   
     7    -6  2.252E-01  1.083E-01  2.499E-01   
     8    -5 -3.358E-01 -5.719E-02  3.407E-01   
     9    -4  4.280E-01 -1.534E-02  4.282E-01   
    10    -3 -3.600E-01  8.127E-02  3.691E-01   
    11    -2 -6.305E-03 -8.096E-02  8.121E-02   
    12    -1  4.396E-01  0.000E+00  4.396E-01  *
    13     0 -3.386E-01  5.326E-02  3.428E-01   
    14     1 -6.454E-02 -8.629E-03  6.512E-02   
    15     2  7.039E-02  2.810E-02  7.579E-02   
    16     3  2.440E-02  1.224E-02  2.730E-02   
    17     4  9.554E-04  6.369E-04  1.148E-03   
    18     5 -3.575E-03 -2.595E-03  4.418E-03   
    19     6 -3.506E-03 -3.158E-03  4.718E-03   
    20     7 -2.917E-03 -2.171E-03  3.636E-03   
    21     8 -1.233E-03 -1.457E-03  1.909E-03   
    22     9 -3.636E-04 -1.453E-03  1.498E-03   
    23    10 -1.184E-04 -5.606E-04  5.730E-04   
    24    11  5.234E-04 -7.251E-04  8.942E-04   
    25    12  1.064E-04 -4.596E-05  1.159E-04   
    26    13  6.398E-04 -1.507E-04  6.573E-04   
    27    14  4.161E-04  7.857E-05  4.235E-04   
    28    15  5.681E-04  8.973E-05  5.752E-04   
    29    16  3.478E-04  1.345E-04  3.729E-04   
    30    17  3.733E-04  1.518E-04  4.030E-04   
    31    18  1.873E-04  6.806E-05  1.992E-04   
    32    19  2.023E-04  1.728E-04  2.661E-04   
    33    20  7.794E-05  1.836E-06  7.796E-05   
    34    21  4.830E-05  1.456E-04  1.534E-04   
    35    22  3.987E-05 -2.927E-05  4.945E-05   
    36    23 -4.030E-05  1.162E-04  1.230E-04   
    37    24  1.250E-05 -8.246E-05  8.340E-05   

  ipert    m    re wt      im wt      abs wt


   isol  imax   plasma     vacuum     total

    36    11  1.366E+03  7.710E+02  2.137E+03

  ipert    m    re wt      im wt      abs wt

     1   -12  8.452E-01  0.000E+00  8.452E-01  *
     2   -11 -3.085E-01  2.147E-01  3.759E-01   
     3   -10  6.027E-02 -1.802E-01  1.900E-01   
     4    -9 -1.836E-02  1.132E-01  1.147E-01   
     5    -8  8.603E-03 -8.624E-02  8.667E-02   
     6    -7  9.312E-03  7.782E-02  7.837E-02   
     7    -6 -2.886E-02 -7.080E-02  7.646E-02   
     8    -5  4.603E-02  6.225E-02  7.742E-02   
     9    -4 -5.693E-02 -5.076E-02  7.627E-02   
    10    -3  4.951E-02  2.774E-02  5.675E-02   
    11    -2 -8.764E-03  1.337E-02  1.599E-02   
    12    -1 -4.322E-02 -4.730E-02  6.407E-02   
    13     0  4.005E-02  2.802E-02  4.888E-02   
    14     1  3.416E-03  1.047E-02  1.101E-02   
    15     2 -3.918E-03 -9.274E-03  1.007E-02   
    16     3 -6.152E-04 -3.862E-03  3.911E-03   
    17     4 -2.908E-05 -1.535E-04  1.562E-04   
    18     5  3.073E-05  3.887E-04  3.899E-04   
    19     6  2.568E-04  2.286E-04  3.437E-04   
    20     7  2.596E-04 -5.750E-05  2.659E-04   
    21     8  1.048E-04 -1.244E-04  1.627E-04   
    22     9 -3.923E-05 -1.179E-04  1.243E-04   
    23    10 -3.843E-05 -7.621E-05  8.536E-05   
    24    11 -4.243E-05 -2.041E-05  4.708E-05   
    25    12 -5.341E-05 -2.793E-05  6.028E-05   
    26    13 -1.532E-05 -1.102E-05  1.887E-05   
    27    14 -6.342E-05 -7.892E-05  1.012E-04   
    28    15 -7.995E-06  1.288E-05  1.516E-05   
    29    16 -2.614E-05 -6.647E-05  7.142E-05   
    30    17 -2.925E-05  3.875E-05  4.856E-05   
    31    18  9.703E-06 -4.497E-05  4.600E-05   
    32    19 -2.906E-05  1.157E-05  3.128E-05   
    33    20  2.454E-05 -6.807E-06  2.547E-05   
    34    21 -2.224E-05  1.189E-05  2.522E-05   
    35    22  1.238E-05  2.061E-05  2.405E-05   
    36    23 -1.571E-05 -1.771E-05  2.368E-05   
    37    24  1.888E-05 -3.493E-06  1.920E-05   

  ipert    m    re wt      im wt      abs wt


   isol  imax   plasma     vacuum     total

    37    11  4.766E+03  8.574E+02  5.624E+03

  ipert    m    re wt      im wt      abs wt

     1   -12 -1.188E-03 -1.723E-04  1.201E-03   
     2   -11  2.298E-03  1.793E-03  2.914E-03   
     3   -10 -3.266E-03 -5.130E-03  6.082E-03   
     4    -9  3.070E-03  1.100E-02  1.142E-02   
     5    -8 -5.888E-04 -2.023E-02  2.024E-02   
     6    -7 -8.955E-03  3.322E-02  3.441E-02   
     7    -6  2.868E-02 -5.045E-02  5.803E-02   
     8    -5 -7.411E-02  6.758E-02  1.003E-01   
     9    -4  1.714E-01 -7.401E-02  1.867E-01   
    10    -3 -3.667E-01  4.925E-02  3.700E-01   
    11    -2  5.898E-01 -2.776E-17  5.898E-01  *
    12    -1 -5.146E-01 -7.012E-03  5.147E-01   
    13     0 -5.456E-02 -6.458E-02  8.454E-02   
    14     1  3.328E-01  7.528E-02  3.412E-01   
    15     2  1.457E-01  3.217E-02  1.492E-01   
    16     3  2.901E-02  7.135E-03  2.987E-02   
    17     4  5.065E-04  1.332E-04  5.237E-04   
    18     5  1.383E-03 -2.184E-04  1.400E-03   
    19     6  4.365E-03  5.461E-04  4.399E-03   
    20     7  5.302E-03  3.202E-04  5.312E-03   
    21     8  3.663E-03  7.376E-04  3.736E-03   
    22     9  2.898E-03  5.514E-04  2.950E-03   
    23    10  9.230E-04  3.611E-04  9.911E-04   
    24    11  7.137E-04  5.036E-04  8.735E-04   
    25    12 -2.228E-04 -1.226E-05  2.231E-04   
    26    13 -1.281E-04  3.657E-04  3.874E-04   
    27    14 -4.014E-04 -6.679E-05  4.069E-04   
    28    15 -3.704E-04  2.374E-04  4.400E-04   
    29    16 -3.526E-04 -4.381E-05  3.553E-04   
    30    17 -3.758E-04  1.299E-04  3.976E-04   
    31    18 -2.500E-04 -1.471E-05  2.505E-04   
    32    19 -2.687E-04  5.101E-05  2.735E-04   
    33    20 -1.376E-04 -7.988E-06  1.379E-04   
    34    21 -1.367E-04  8.854E-06  1.370E-04   
    35    22 -4.996E-05 -1.109E-05  5.118E-05   
    36    23 -4.856E-05 -6.666E-06  4.901E-05   
    37    24 -2.472E-06 -1.632E-05  1.651E-05   

  ipert    m    re wt      im wt      abs wt


 Plasma Energy Matrix:

 isol =   1, m = -12

  i     re wp        im wp        abs wp

  1  1.44284E+03  0.00000E+00  1.44284E+03
  2 -1.63203E+02  1.72197E+02  2.37249E+02
  3 -8.14087E+01 -6.37132E+01  1.03377E+02
  4  3.17045E+01 -1.53278E+00  3.17416E+01
  5 -2.84063E+00  8.25444E+00  8.72955E+00
  6 -1.17436E+00 -1.18482E+00  1.66821E+00
  7  8.26081E-01 -2.53806E+00  2.66912E+00
  8 -6.22371E-01  2.78031E+00  2.84911E+00
  9  5.16953E-01 -1.68407E+00  1.76162E+00
 10  1.27385E+00  5.54723E-01  1.38940E+00
 11 -5.19921E+00  3.02123E-01  5.20798E+00
 12  7.02844E+00 -5.50646E-01  7.04998E+00
 13 -1.43549E+00  8.79829E-01  1.68367E+00
 14 -6.61049E+00 -4.40181E-01  6.62513E+00
 15 -2.38645E+00  1.78838E-01  2.39314E+00
 16 -4.32329E-01  2.33532E-02  4.32960E-01
 17 -1.05491E-01  4.88610E-02  1.16257E-01
 18  5.56369E-01 -2.36159E-01  6.04415E-01
 19  1.28132E+00 -2.59324E-01  1.30730E+00
 20  1.33174E+00 -3.44021E-01  1.37546E+00
 21  9.15165E-01 -1.94419E-01  9.35588E-01
 22  6.77772E-01 -1.36287E-01  6.91339E-01
 23  1.90828E-01 -9.89427E-02  2.14954E-01
 24  2.52483E-01  8.54489E-02  2.66550E-01
 25 -5.37306E-02 -5.79697E-02  7.90409E-02
 26  2.64601E-02  1.47882E-01  1.50231E-01
 27 -6.02227E-02 -9.54264E-02  1.12840E-01
 28 -6.53167E-02  1.33708E-01  1.48809E-01
 29 -1.39678E-02 -4.49790E-02  4.70978E-02
 30 -1.25645E-01  1.14773E-01  1.70175E-01
 31  1.71011E-02 -9.06567E-03  1.93554E-02
 32 -1.08540E-01  1.39547E-02  1.09434E-01
 33  2.43079E-02  1.94249E-02  3.11159E-02
 34 -6.36387E-02  5.59252E-03  6.38839E-02
 35  1.02672E-02  5.34328E-02  5.44102E-02
 36 -3.02903E-02 -2.35513E-02  3.83688E-02
 37 -8.30327E-04  6.05065E-03  6.10736E-03

  i     re wp        im wp        abs wp

 isol =   2, m = -11

  i     re wp        im wp        abs wp

  1 -1.63203E+02 -1.72197E+02  2.37249E+02
  2  6.15330E+02  0.00000E+00  6.15330E+02
  3 -1.48320E+02  1.88163E+01  1.49509E+02
  4  8.31089E-02 -1.05551E+00  1.05878E+00
  5  2.53780E+00 -3.94707E+00  4.69253E+00
  6 -1.38120E+00  6.26653E-01  1.51671E+00
  7  1.11752E+00  2.12146E+00  2.39780E+00
  8 -3.31543E-02 -2.94529E+00  2.94548E+00
  9  5.23275E-01  1.51641E+00  1.60416E+00
 10 -2.78038E+00  8.01222E-01  2.89352E+00
 11  9.02198E+00 -3.83143E+00  9.80183E+00
 12 -1.09540E+01  4.58183E+00  1.18736E+01
 13  1.78414E+00 -2.08432E+00  2.74364E+00
 14  1.10138E+01 -2.69102E+00  1.13378E+01
 15  4.28919E+00 -1.74168E+00  4.62932E+00
 16  9.95928E-01 -4.36682E-01  1.08746E+00
 17  9.90634E-02 -2.21453E-02  1.01509E-01
 18 -6.94411E-01  4.39713E-01  8.21921E-01
 19 -1.40227E+00  6.67114E-01  1.55287E+00
 20 -1.44078E+00  8.58040E-01  1.67692E+00
 21 -9.80843E-01  5.05688E-01  1.10353E+00
 22 -7.52580E-01  3.84419E-01  8.45077E-01
 23 -2.70637E-01  1.47999E-01  3.08461E-01
 24 -2.84728E-01 -1.22150E-02  2.84990E-01
 25  8.35431E-02  5.16120E-02  9.82001E-02
 26 -7.94767E-02 -1.40136E-01  1.61104E-01
 27  9.23402E-02  6.47483E-02  1.12779E-01
 28  3.33396E-02 -1.91949E-01  1.94822E-01
 29  4.42398E-02  3.36687E-02  5.55944E-02
 30  1.02117E-01 -1.35535E-01  1.69698E-01
 31 -3.67499E-03  2.37296E-02  2.40124E-02
 32  1.10415E-01 -7.77926E-02  1.35068E-01
 33 -2.73812E-02 -3.56274E-02  4.49337E-02
 34  7.85037E-02 -1.46321E-02  7.98557E-02
 35 -2.08620E-02 -1.86953E-02  2.80132E-02
 36  3.73693E-02  3.87954E-02  5.38660E-02
 37 -1.77254E-02 -2.25354E-02  2.86711E-02

  i     re wp        im wp        abs wp

 Total cpu time =  2.923E+01 seconds
