 IPDIAG_EXTFLD: external perturbations on the control surface
       lmpert:      61
      mthsurf:     960
 MODES
       m         rebin         imbin        rebout        imbout
     -30     0.292E-05     0.214E-05    -0.426E-06    -0.492E-06
     -29     0.601E-05     0.403E-05     0.236E-06     0.343E-06
     -28     0.917E-05     0.586E-05     0.562E-06     0.636E-06
     -27     0.124E-04     0.761E-05    -0.169E-06    -0.260E-06
     -26     0.157E-04     0.928E-05    -0.747E-06    -0.860E-06
     -25     0.189E-04     0.108E-04    -0.165E-06    -0.810E-07
     -24     0.221E-04     0.123E-04     0.884E-06     0.987E-06
     -23     0.250E-04     0.135E-04     0.826E-06     0.801E-06
     -22     0.276E-04     0.145E-04    -0.440E-06    -0.570E-06
     -21     0.296E-04     0.151E-04    -0.154E-05    -0.150E-05
     -20     0.309E-04     0.153E-04    -0.104E-05    -0.848E-06
     -19     0.312E-04     0.150E-04     0.816E-06     0.901E-06
     -18     0.302E-04     0.140E-04     0.253E-05     0.223E-05
     -17     0.277E-04     0.123E-04     0.240E-05     0.180E-05
     -16     0.235E-04     0.969E-05     0.705E-07    -0.258E-06
     -15     0.174E-04     0.621E-05    -0.355E-05    -0.302E-05
     -14     0.945E-05     0.186E-05    -0.669E-05    -0.487E-05
     -13    -0.258E-06    -0.338E-05    -0.722E-05    -0.467E-05
     -12    -0.114E-04    -0.929E-05    -0.410E-05    -0.187E-05
     -11    -0.235E-04    -0.157E-04     0.483E-05     0.402E-05
     -10    -0.359E-04    -0.222E-04     0.182E-04     0.119E-04
      -9    -0.476E-04    -0.285E-04     0.377E-04     0.226E-04
      -8    -0.575E-04    -0.337E-04     0.569E-04     0.313E-04
      -7    -0.647E-04    -0.377E-04     0.748E-04     0.410E-04
      -6    -0.679E-04    -0.396E-04     0.773E-04     0.379E-04
      -5    -0.665E-04    -0.388E-04     0.651E-04     0.333E-04
      -4    -0.591E-04    -0.358E-04     0.220E-04     0.393E-05
      -3    -0.493E-04    -0.269E-04    -0.312E-04    -0.232E-04
      -2    -0.323E-04    -0.256E-04    -0.953E-04    -0.607E-04
      -1    -0.125E-04    -0.320E-05    -0.137E-03    -0.835E-04
       0     0.198E-06    -0.294E-06    -0.124E-03    -0.797E-04
       1     0.762E-05     0.104E-04    -0.921E-04    -0.514E-04
       2     0.358E-04     0.204E-04    -0.235E-04    -0.128E-04
       3     0.433E-04     0.357E-04     0.490E-04     0.418E-04
       4     0.553E-04     0.415E-04     0.105E-03     0.813E-04
       5     0.608E-04     0.472E-04     0.125E-03     0.960E-04
       6     0.621E-04     0.481E-04     0.107E-03     0.799E-04
       7     0.592E-04     0.459E-04     0.640E-04     0.439E-04
       8     0.528E-04     0.407E-04     0.135E-04     0.249E-05
       9     0.442E-04     0.335E-04    -0.287E-04    -0.310E-04
      10     0.340E-04     0.250E-04    -0.542E-04    -0.501E-04
      11     0.233E-04     0.160E-04    -0.623E-04    -0.542E-04
      12     0.129E-04     0.713E-05    -0.571E-04    -0.474E-04
      13     0.320E-05    -0.101E-05    -0.441E-04    -0.349E-04
      14    -0.529E-05    -0.805E-05    -0.286E-04    -0.212E-04
      15    -0.123E-04    -0.138E-04    -0.141E-04    -0.947E-05
      16    -0.178E-04    -0.181E-04    -0.291E-05    -0.121E-05
      17    -0.218E-04    -0.211E-04     0.404E-05     0.323E-05
      18    -0.243E-04    -0.228E-04     0.645E-05     0.426E-05
      19    -0.256E-04    -0.233E-04     0.504E-05     0.292E-05
      20    -0.258E-04    -0.229E-04     0.150E-05     0.621E-06
      21    -0.251E-04    -0.218E-04    -0.173E-05    -0.112E-05
      22    -0.238E-04    -0.202E-04    -0.271E-05    -0.142E-05
      23    -0.219E-04    -0.181E-04    -0.115E-05    -0.466E-06
      24    -0.196E-04    -0.158E-04     0.106E-05     0.590E-06
      25    -0.171E-04    -0.134E-04     0.163E-05     0.714E-06
      26    -0.145E-04    -0.110E-04     0.189E-06     0.103E-07
      27    -0.117E-04    -0.863E-05    -0.114E-05    -0.496E-06
      28    -0.886E-05    -0.629E-05    -0.588E-06    -0.183E-06
      29    -0.599E-05    -0.405E-05     0.728E-06     0.313E-06
      30    -0.307E-05    -0.190E-05     0.560E-06     0.185E-06
 FUNCTIONS
         theta         rebin         imbin        rebout        imbout
    -0.314E+01     0.132E-04    -0.196E-04     0.974E-06    -0.206E-04
    -0.314E+01     0.134E-04    -0.198E-04     0.519E-06    -0.202E-04
    -0.313E+01     0.135E-04    -0.199E-04     0.977E-07    -0.197E-04
    -0.312E+01     0.136E-04    -0.201E-04    -0.288E-06    -0.192E-04
    -0.312E+01     0.137E-04    -0.202E-04    -0.636E-06    -0.187E-04
    -0.311E+01     0.137E-04    -0.203E-04    -0.944E-06    -0.181E-04
    -0.310E+01     0.137E-04    -0.203E-04    -0.121E-05    -0.176E-04
    -0.310E+01     0.137E-04    -0.203E-04    -0.144E-05    -0.170E-04
    -0.309E+01     0.136E-04    -0.202E-04    -0.164E-05    -0.164E-04
    -0.308E+01     0.135E-04    -0.200E-04    -0.180E-05    -0.158E-04
    -0.308E+01     0.134E-04    -0.198E-04    -0.192E-05    -0.152E-04
    -0.307E+01     0.132E-04    -0.195E-04    -0.202E-05    -0.146E-04
    -0.306E+01     0.129E-04    -0.192E-04    -0.208E-05    -0.140E-04
    -0.306E+01     0.127E-04    -0.188E-04    -0.213E-05    -0.134E-04
    -0.305E+01     0.124E-04    -0.183E-04    -0.216E-05    -0.128E-04
    -0.304E+01     0.121E-04    -0.179E-04    -0.218E-05    -0.123E-04
    -0.304E+01     0.117E-04    -0.174E-04    -0.218E-05    -0.117E-04
    -0.303E+01     0.114E-04    -0.169E-04    -0.218E-05    -0.111E-04
    -0.302E+01     0.111E-04    -0.165E-04    -0.217E-05    -0.106E-04
    -0.302E+01     0.108E-04    -0.160E-04    -0.216E-05    -0.100E-04
    -0.301E+01     0.105E-04    -0.156E-04    -0.215E-05    -0.951E-05
    -0.300E+01     0.103E-04    -0.152E-04    -0.214E-05    -0.896E-05
    -0.300E+01     0.101E-04    -0.149E-04    -0.212E-05    -0.842E-05
    -0.299E+01     0.987E-05    -0.146E-04    -0.211E-05    -0.787E-05
    -0.298E+01     0.972E-05    -0.144E-04    -0.210E-05    -0.731E-05
    -0.298E+01     0.961E-05    -0.142E-04    -0.207E-05    -0.675E-05
    -0.297E+01     0.954E-05    -0.141E-04    -0.205E-05    -0.618E-05
    -0.296E+01     0.950E-05    -0.141E-04    -0.201E-05    -0.559E-05
    -0.296E+01     0.949E-05    -0.140E-04    -0.195E-05    -0.500E-05
    -0.295E+01     0.951E-05    -0.141E-04    -0.188E-05    -0.439E-05
    -0.295E+01     0.954E-05    -0.141E-04    -0.179E-05    -0.378E-05
    -0.294E+01     0.959E-05    -0.142E-04    -0.167E-05    -0.316E-05
    -0.293E+01     0.963E-05    -0.143E-04    -0.152E-05    -0.253E-05
    -0.293E+01     0.967E-05    -0.143E-04    -0.134E-05    -0.190E-05
    -0.292E+01     0.969E-05    -0.143E-04    -0.113E-05    -0.128E-05
    -0.291E+01     0.969E-05    -0.143E-04    -0.878E-06    -0.653E-06
    -0.291E+01     0.965E-05    -0.143E-04    -0.595E-06    -0.392E-07
    -0.290E+01     0.958E-05    -0.142E-04    -0.277E-06     0.562E-06
    -0.289E+01     0.947E-05    -0.140E-04     0.752E-07     0.115E-05
    -0.289E+01     0.932E-05    -0.138E-04     0.458E-06     0.171E-05
    -0.288E+01     0.912E-05    -0.135E-04     0.870E-06     0.226E-05
    -0.287E+01     0.888E-05    -0.132E-04     0.131E-05     0.277E-05
    -0.287E+01     0.859E-05    -0.127E-04     0.176E-05     0.326E-05
    -0.286E+01     0.827E-05    -0.123E-04     0.224E-05     0.372E-05
    -0.285E+01     0.791E-05    -0.117E-04     0.272E-05     0.415E-05
    -0.285E+01     0.753E-05    -0.112E-04     0.321E-05     0.455E-05
    -0.284E+01     0.713E-05    -0.106E-04     0.370E-05     0.492E-05
    -0.283E+01     0.672E-05    -0.995E-05     0.418E-05     0.525E-05
    -0.283E+01     0.630E-05    -0.934E-05     0.466E-05     0.557E-05
    -0.282E+01     0.589E-05    -0.873E-05     0.512E-05     0.585E-05
    -0.281E+01     0.550E-05    -0.814E-05     0.557E-05     0.612E-05
    -0.281E+01     0.512E-05    -0.759E-05     0.599E-05     0.636E-05
    -0.280E+01     0.478E-05    -0.708E-05     0.640E-05     0.660E-05
    -0.279E+01     0.447E-05    -0.661E-05     0.678E-05     0.681E-05
    -0.279E+01     0.419E-05    -0.621E-05     0.714E-05     0.702E-05
    -0.278E+01     0.396E-05    -0.586E-05     0.749E-05     0.723E-05
    -0.278E+01     0.377E-05    -0.558E-05     0.781E-05     0.743E-05
    -0.277E+01     0.362E-05    -0.535E-05     0.812E-05     0.763E-05
    -0.276E+01     0.350E-05    -0.518E-05     0.842E-05     0.783E-05
    -0.276E+01     0.342E-05    -0.506E-05     0.870E-05     0.803E-05
    -0.275E+01     0.337E-05    -0.497E-05     0.899E-05     0.824E-05
    -0.274E+01     0.333E-05    -0.492E-05     0.928E-05     0.844E-05
    -0.274E+01     0.331E-05    -0.489E-05     0.957E-05     0.865E-05
    -0.273E+01     0.329E-05    -0.486E-05     0.987E-05     0.886E-05
    -0.272E+01     0.327E-05    -0.483E-05     0.102E-04     0.907E-05
    -0.272E+01     0.324E-05    -0.478E-05     0.105E-04     0.928E-05
    -0.271E+01     0.318E-05    -0.470E-05     0.109E-04     0.948E-05
    -0.270E+01     0.310E-05    -0.458E-05     0.112E-04     0.966E-05
    -0.270E+01     0.298E-05    -0.441E-05     0.116E-04     0.984E-05
    -0.269E+01     0.283E-05    -0.418E-05     0.121E-04     0.100E-04
    -0.268E+01     0.264E-05    -0.390E-05     0.125E-04     0.101E-04
    -0.268E+01     0.240E-05    -0.355E-05     0.130E-04     0.103E-04
    -0.267E+01     0.212E-05    -0.314E-05     0.134E-04     0.104E-04
    -0.266E+01     0.181E-05    -0.268E-05     0.139E-04     0.104E-04
    -0.266E+01     0.145E-05    -0.216E-05     0.144E-04     0.105E-04
    -0.265E+01     0.107E-05    -0.159E-05     0.149E-04     0.105E-04
    -0.264E+01     0.668E-06    -0.994E-06     0.154E-04     0.105E-04
    -0.264E+01     0.246E-06    -0.370E-06     0.158E-04     0.105E-04
    -0.263E+01    -0.183E-06     0.265E-06     0.163E-04     0.104E-04
    -0.262E+01    -0.610E-06     0.899E-06     0.167E-04     0.104E-04
    -0.262E+01    -0.103E-05     0.152E-05     0.171E-04     0.103E-04
    -0.261E+01    -0.143E-05     0.211E-05     0.175E-04     0.102E-04
    -0.260E+01    -0.180E-05     0.267E-05     0.179E-04     0.100E-04
    -0.260E+01    -0.215E-05     0.318E-05     0.182E-04     0.991E-05
    -0.259E+01    -0.245E-05     0.363E-05     0.185E-04     0.978E-05
    -0.259E+01    -0.271E-05     0.402E-05     0.187E-04     0.965E-05
    -0.258E+01    -0.293E-05     0.435E-05     0.189E-04     0.952E-05
    -0.257E+01    -0.311E-05     0.461E-05     0.191E-04     0.940E-05
    -0.257E+01    -0.324E-05     0.481E-05     0.193E-04     0.928E-05
    -0.256E+01    -0.334E-05     0.495E-05     0.194E-04     0.917E-05
    -0.255E+01    -0.339E-05     0.504E-05     0.196E-04     0.907E-05
    -0.255E+01    -0.342E-05     0.508E-05     0.197E-04     0.898E-05
    -0.254E+01    -0.343E-05     0.509E-05     0.198E-04     0.891E-05
    -0.253E+01    -0.342E-05     0.508E-05     0.199E-04     0.884E-05
    -0.253E+01    -0.341E-05     0.506E-05     0.200E-04     0.878E-05
    -0.252E+01    -0.340E-05     0.505E-05     0.202E-04     0.873E-05
    -0.251E+01    -0.341E-05     0.506E-05     0.203E-04     0.868E-05
    -0.251E+01    -0.343E-05     0.509E-05     0.205E-04     0.864E-05
    -0.250E+01    -0.348E-05     0.517E-05     0.207E-04     0.859E-05
    -0.249E+01    -0.357E-05     0.530E-05     0.209E-04     0.854E-05
    -0.249E+01    -0.370E-05     0.548E-05     0.212E-04     0.848E-05
    -0.248E+01    -0.386E-05     0.573E-05     0.214E-04     0.842E-05
    -0.247E+01    -0.407E-05     0.603E-05     0.217E-04     0.833E-05
    -0.247E+01    -0.433E-05     0.641E-05     0.220E-04     0.824E-05
    -0.246E+01    -0.462E-05     0.684E-05     0.223E-04     0.812E-05
    -0.245E+01    -0.495E-05     0.732E-05     0.227E-04     0.799E-05
    -0.245E+01    -0.530E-05     0.785E-05     0.230E-04     0.784E-05
    -0.244E+01    -0.569E-05     0.842E-05     0.233E-04     0.767E-05
    -0.243E+01    -0.608E-05     0.900E-05     0.237E-04     0.749E-05
    -0.243E+01    -0.649E-05     0.960E-05     0.240E-04     0.728E-05
    -0.242E+01    -0.689E-05     0.102E-04     0.243E-04     0.706E-05
    -0.242E+01    -0.727E-05     0.108E-04     0.245E-04     0.684E-05
    -0.241E+01    -0.764E-05     0.113E-04     0.247E-04     0.660E-05
    -0.240E+01    -0.798E-05     0.118E-04     0.249E-04     0.635E-05
    -0.240E+01    -0.828E-05     0.123E-04     0.251E-04     0.610E-05
    -0.239E+01    -0.854E-05     0.126E-04     0.252E-04     0.586E-05
    -0.238E+01    -0.875E-05     0.130E-04     0.252E-04     0.561E-05
    -0.238E+01    -0.892E-05     0.132E-04     0.252E-04     0.538E-05
    -0.237E+01    -0.903E-05     0.134E-04     0.252E-04     0.515E-05
    -0.236E+01    -0.910E-05     0.135E-04     0.252E-04     0.494E-05
    -0.236E+01    -0.913E-05     0.135E-04     0.251E-04     0.474E-05
    -0.235E+01    -0.911E-05     0.135E-04     0.249E-04     0.455E-05
    -0.234E+01    -0.906E-05     0.134E-04     0.248E-04     0.438E-05
    -0.234E+01    -0.899E-05     0.133E-04     0.246E-04     0.422E-05
    -0.233E+01    -0.891E-05     0.132E-04     0.245E-04     0.408E-05
    -0.232E+01    -0.881E-05     0.131E-04     0.243E-04     0.396E-05
    -0.232E+01    -0.872E-05     0.129E-04     0.242E-04     0.384E-05
    -0.231E+01    -0.864E-05     0.128E-04     0.241E-04     0.373E-05
    -0.230E+01    -0.859E-05     0.127E-04     0.240E-04     0.363E-05
    -0.230E+01    -0.856E-05     0.127E-04     0.239E-04     0.353E-05
    -0.229E+01    -0.857E-05     0.127E-04     0.238E-04     0.343E-05
    -0.228E+01    -0.861E-05     0.128E-04     0.238E-04     0.333E-05
    -0.228E+01    -0.871E-05     0.129E-04     0.239E-04     0.322E-05
    -0.227E+01    -0.885E-05     0.131E-04     0.239E-04     0.310E-05
    -0.226E+01    -0.903E-05     0.134E-04     0.240E-04     0.298E-05
    -0.226E+01    -0.926E-05     0.137E-04     0.241E-04     0.284E-05
    -0.225E+01    -0.953E-05     0.141E-04     0.243E-04     0.268E-05
    -0.224E+01    -0.983E-05     0.146E-04     0.244E-04     0.252E-05
    -0.224E+01    -0.102E-04     0.150E-04     0.246E-04     0.233E-05
    -0.223E+01    -0.105E-04     0.155E-04     0.247E-04     0.214E-05
    -0.223E+01    -0.108E-04     0.161E-04     0.249E-04     0.193E-05
    -0.222E+01    -0.112E-04     0.166E-04     0.250E-04     0.172E-05
    -0.221E+01    -0.115E-04     0.171E-04     0.251E-04     0.150E-05
    -0.221E+01    -0.118E-04     0.175E-04     0.252E-04     0.127E-05
    -0.220E+01    -0.121E-04     0.179E-04     0.253E-04     0.104E-05
    -0.219E+01    -0.124E-04     0.183E-04     0.252E-04     0.820E-06
    -0.219E+01    -0.126E-04     0.186E-04     0.252E-04     0.602E-06
    -0.218E+01    -0.127E-04     0.188E-04     0.251E-04     0.392E-06
    -0.217E+01    -0.128E-04     0.190E-04     0.249E-04     0.195E-06
    -0.217E+01    -0.129E-04     0.190E-04     0.247E-04     0.121E-07
    -0.216E+01    -0.129E-04     0.190E-04     0.245E-04    -0.154E-06
    -0.215E+01    -0.128E-04     0.190E-04     0.242E-04    -0.302E-06
    -0.215E+01    -0.127E-04     0.188E-04     0.239E-04    -0.432E-06
    -0.214E+01    -0.126E-04     0.187E-04     0.235E-04    -0.542E-06
    -0.213E+01    -0.124E-04     0.184E-04     0.232E-04    -0.634E-06
    -0.213E+01    -0.123E-04     0.182E-04     0.228E-04    -0.709E-06
    -0.212E+01    -0.121E-04     0.179E-04     0.224E-04    -0.769E-06
    -0.211E+01    -0.119E-04     0.177E-04     0.221E-04    -0.816E-06
    -0.211E+01    -0.118E-04     0.175E-04     0.218E-04    -0.854E-06
    -0.210E+01    -0.117E-04     0.173E-04     0.215E-04    -0.885E-06
    -0.209E+01    -0.116E-04     0.171E-04     0.212E-04    -0.912E-06
    -0.209E+01    -0.115E-04     0.171E-04     0.210E-04    -0.940E-06
    -0.208E+01    -0.115E-04     0.171E-04     0.209E-04    -0.972E-06
    -0.207E+01    -0.116E-04     0.171E-04     0.208E-04    -0.101E-05
    -0.207E+01    -0.117E-04     0.173E-04     0.207E-04    -0.106E-05
    -0.206E+01    -0.118E-04     0.175E-04     0.207E-04    -0.112E-05
    -0.206E+01    -0.120E-04     0.178E-04     0.208E-04    -0.120E-05
    -0.205E+01    -0.122E-04     0.181E-04     0.209E-04    -0.129E-05
    -0.204E+01    -0.125E-04     0.185E-04     0.210E-04    -0.139E-05
    -0.204E+01    -0.128E-04     0.190E-04     0.212E-04    -0.151E-05
    -0.203E+01    -0.131E-04     0.194E-04     0.214E-04    -0.165E-05
    -0.202E+01    -0.134E-04     0.199E-04     0.216E-04    -0.179E-05
    -0.202E+01    -0.138E-04     0.204E-04     0.218E-04    -0.195E-05
    -0.201E+01    -0.141E-04     0.208E-04     0.219E-04    -0.211E-05
    -0.200E+01    -0.144E-04     0.213E-04     0.221E-04    -0.228E-05
    -0.200E+01    -0.146E-04     0.216E-04     0.222E-04    -0.244E-05
    -0.199E+01    -0.148E-04     0.219E-04     0.222E-04    -0.260E-05
    -0.198E+01    -0.150E-04     0.222E-04     0.222E-04    -0.276E-05
    -0.198E+01    -0.151E-04     0.223E-04     0.221E-04    -0.290E-05
    -0.197E+01    -0.151E-04     0.224E-04     0.220E-04    -0.302E-05
    -0.196E+01    -0.151E-04     0.224E-04     0.218E-04    -0.313E-05
    -0.196E+01    -0.150E-04     0.223E-04     0.215E-04    -0.322E-05
    -0.195E+01    -0.149E-04     0.221E-04     0.212E-04    -0.329E-05
    -0.194E+01    -0.147E-04     0.218E-04     0.208E-04    -0.333E-05
    -0.194E+01    -0.145E-04     0.215E-04     0.204E-04    -0.336E-05
    -0.193E+01    -0.143E-04     0.211E-04     0.200E-04    -0.336E-05
    -0.192E+01    -0.140E-04     0.208E-04     0.195E-04    -0.335E-05
    -0.192E+01    -0.137E-04     0.204E-04     0.191E-04    -0.331E-05
    -0.191E+01    -0.135E-04     0.200E-04     0.186E-04    -0.327E-05
    -0.190E+01    -0.132E-04     0.196E-04     0.182E-04    -0.322E-05
    -0.190E+01    -0.130E-04     0.193E-04     0.178E-04    -0.316E-05
    -0.189E+01    -0.129E-04     0.191E-04     0.174E-04    -0.310E-05
    -0.188E+01    -0.127E-04     0.189E-04     0.171E-04    -0.304E-05
    -0.188E+01    -0.126E-04     0.187E-04     0.169E-04    -0.300E-05
    -0.187E+01    -0.126E-04     0.187E-04     0.168E-04    -0.296E-05
    -0.187E+01    -0.127E-04     0.188E-04     0.167E-04    -0.294E-05
    -0.186E+01    -0.128E-04     0.189E-04     0.168E-04    -0.294E-05
    -0.185E+01    -0.129E-04     0.191E-04     0.169E-04    -0.296E-05
    -0.185E+01    -0.131E-04     0.194E-04     0.170E-04    -0.301E-05
    -0.184E+01    -0.133E-04     0.198E-04     0.173E-04    -0.307E-05
    -0.183E+01    -0.136E-04     0.202E-04     0.176E-04    -0.316E-05
    -0.183E+01    -0.139E-04     0.206E-04     0.180E-04    -0.327E-05
    -0.182E+01    -0.142E-04     0.210E-04     0.184E-04    -0.340E-05
    -0.181E+01    -0.145E-04     0.215E-04     0.188E-04    -0.354E-05
    -0.181E+01    -0.148E-04     0.219E-04     0.192E-04    -0.369E-05
    -0.180E+01    -0.150E-04     0.223E-04     0.196E-04    -0.384E-05
    -0.179E+01    -0.152E-04     0.226E-04     0.199E-04    -0.400E-05
    -0.179E+01    -0.154E-04     0.228E-04     0.202E-04    -0.415E-05
    -0.178E+01    -0.155E-04     0.230E-04     0.204E-04    -0.429E-05
    -0.177E+01    -0.156E-04     0.230E-04     0.206E-04    -0.442E-05
    -0.177E+01    -0.155E-04     0.230E-04     0.206E-04    -0.453E-05
    -0.176E+01    -0.154E-04     0.229E-04     0.206E-04    -0.462E-05
    -0.175E+01    -0.153E-04     0.227E-04     0.204E-04    -0.467E-05
    -0.175E+01    -0.151E-04     0.223E-04     0.202E-04    -0.470E-05
    -0.174E+01    -0.148E-04     0.219E-04     0.199E-04    -0.470E-05
    -0.173E+01    -0.145E-04     0.215E-04     0.194E-04    -0.467E-05
    -0.173E+01    -0.142E-04     0.210E-04     0.189E-04    -0.461E-05
    -0.172E+01    -0.138E-04     0.204E-04     0.184E-04    -0.453E-05
    -0.171E+01    -0.134E-04     0.199E-04     0.178E-04    -0.442E-05
    -0.171E+01    -0.131E-04     0.194E-04     0.171E-04    -0.429E-05
    -0.170E+01    -0.127E-04     0.189E-04     0.165E-04    -0.415E-05
    -0.170E+01    -0.124E-04     0.184E-04     0.159E-04    -0.399E-05
    -0.169E+01    -0.122E-04     0.180E-04     0.153E-04    -0.384E-05
    -0.168E+01    -0.119E-04     0.177E-04     0.148E-04    -0.369E-05
    -0.168E+01    -0.118E-04     0.175E-04     0.144E-04    -0.355E-05
    -0.167E+01    -0.117E-04     0.174E-04     0.141E-04    -0.343E-05
    -0.166E+01    -0.117E-04     0.174E-04     0.139E-04    -0.333E-05
    -0.166E+01    -0.118E-04     0.175E-04     0.138E-04    -0.326E-05
    -0.165E+01    -0.119E-04     0.177E-04     0.139E-04    -0.322E-05
    -0.164E+01    -0.121E-04     0.179E-04     0.141E-04    -0.321E-05
    -0.164E+01    -0.124E-04     0.183E-04     0.144E-04    -0.324E-05
    -0.163E+01    -0.126E-04     0.187E-04     0.149E-04    -0.330E-05
    -0.162E+01    -0.129E-04     0.192E-04     0.155E-04    -0.340E-05
    -0.162E+01    -0.133E-04     0.196E-04     0.162E-04    -0.353E-05
    -0.161E+01    -0.136E-04     0.201E-04     0.169E-04    -0.368E-05
    -0.160E+01    -0.139E-04     0.205E-04     0.177E-04    -0.386E-05
    -0.160E+01    -0.141E-04     0.209E-04     0.185E-04    -0.406E-05
    -0.159E+01    -0.143E-04     0.212E-04     0.194E-04    -0.427E-05
    -0.158E+01    -0.145E-04     0.215E-04     0.202E-04    -0.448E-05
    -0.158E+01    -0.146E-04     0.216E-04     0.209E-04    -0.468E-05
    -0.157E+01    -0.146E-04     0.216E-04     0.216E-04    -0.487E-05
    -0.156E+01    -0.146E-04     0.216E-04     0.221E-04    -0.505E-05
    -0.156E+01    -0.144E-04     0.214E-04     0.225E-04    -0.519E-05
    -0.155E+01    -0.142E-04     0.210E-04     0.228E-04    -0.530E-05
    -0.154E+01    -0.139E-04     0.206E-04     0.229E-04    -0.537E-05
    -0.154E+01    -0.136E-04     0.201E-04     0.228E-04    -0.539E-05
    -0.153E+01    -0.132E-04     0.195E-04     0.226E-04    -0.538E-05
    -0.152E+01    -0.128E-04     0.189E-04     0.222E-04    -0.531E-05
    -0.152E+01    -0.123E-04     0.182E-04     0.216E-04    -0.520E-05
    -0.151E+01    -0.118E-04     0.176E-04     0.209E-04    -0.505E-05
    -0.151E+01    -0.114E-04     0.169E-04     0.200E-04    -0.485E-05
    -0.150E+01    -0.110E-04     0.163E-04     0.190E-04    -0.462E-05
    -0.149E+01    -0.106E-04     0.157E-04     0.180E-04    -0.437E-05
    -0.149E+01    -0.103E-04     0.153E-04     0.169E-04    -0.409E-05
    -0.148E+01    -0.100E-04     0.149E-04     0.159E-04    -0.380E-05
    -0.147E+01    -0.987E-05     0.146E-04     0.148E-04    -0.351E-05
    -0.147E+01    -0.978E-05     0.145E-04     0.138E-04    -0.323E-05
    -0.146E+01    -0.978E-05     0.145E-04     0.130E-04    -0.296E-05
    -0.145E+01    -0.987E-05     0.146E-04     0.123E-04    -0.271E-05
    -0.145E+01    -0.100E-04     0.149E-04     0.117E-04    -0.250E-05
    -0.144E+01    -0.103E-04     0.152E-04     0.114E-04    -0.232E-05
    -0.143E+01    -0.106E-04     0.157E-04     0.113E-04    -0.218E-05
    -0.143E+01    -0.109E-04     0.162E-04     0.114E-04    -0.210E-05
    -0.142E+01    -0.113E-04     0.168E-04     0.117E-04    -0.206E-05
    -0.141E+01    -0.117E-04     0.174E-04     0.123E-04    -0.208E-05
    -0.141E+01    -0.121E-04     0.180E-04     0.131E-04    -0.214E-05
    -0.140E+01    -0.125E-04     0.185E-04     0.141E-04    -0.225E-05
    -0.139E+01    -0.128E-04     0.190E-04     0.153E-04    -0.239E-05
    -0.139E+01    -0.131E-04     0.194E-04     0.167E-04    -0.258E-05
    -0.138E+01    -0.133E-04     0.198E-04     0.181E-04    -0.279E-05
    -0.137E+01    -0.135E-04     0.200E-04     0.197E-04    -0.302E-05
    -0.137E+01    -0.135E-04     0.200E-04     0.213E-04    -0.325E-05
    -0.136E+01    -0.135E-04     0.199E-04     0.228E-04    -0.349E-05
    -0.135E+01    -0.133E-04     0.197E-04     0.243E-04    -0.372E-05
    -0.135E+01    -0.131E-04     0.193E-04     0.257E-04    -0.392E-05
    -0.134E+01    -0.127E-04     0.189E-04     0.268E-04    -0.409E-05
    -0.134E+01    -0.123E-04     0.183E-04     0.278E-04    -0.423E-05
    -0.133E+01    -0.118E-04     0.176E-04     0.286E-04    -0.432E-05
    -0.132E+01    -0.113E-04     0.168E-04     0.290E-04    -0.436E-05
    -0.132E+01    -0.108E-04     0.160E-04     0.292E-04    -0.435E-05
    -0.131E+01    -0.102E-04     0.152E-04     0.290E-04    -0.428E-05
    -0.130E+01    -0.970E-05     0.144E-04     0.285E-04    -0.416E-05
    -0.130E+01    -0.921E-05     0.137E-04     0.276E-04    -0.398E-05
    -0.129E+01    -0.877E-05     0.130E-04     0.265E-04    -0.375E-05
    -0.128E+01    -0.840E-05     0.125E-04     0.250E-04    -0.348E-05
    -0.128E+01    -0.812E-05     0.120E-04     0.232E-04    -0.316E-05
    -0.127E+01    -0.794E-05     0.118E-04     0.212E-04    -0.282E-05
    -0.126E+01    -0.787E-05     0.117E-04     0.190E-04    -0.245E-05
    -0.126E+01    -0.791E-05     0.117E-04     0.167E-04    -0.207E-05
    -0.125E+01    -0.806E-05     0.119E-04     0.143E-04    -0.169E-05
    -0.124E+01    -0.832E-05     0.123E-04     0.118E-04    -0.131E-05
    -0.124E+01    -0.867E-05     0.128E-04     0.937E-05    -0.954E-06
    -0.123E+01    -0.910E-05     0.135E-04     0.703E-05    -0.618E-06
    -0.122E+01    -0.960E-05     0.142E-04     0.483E-05    -0.313E-06
    -0.122E+01    -0.101E-04     0.150E-04     0.283E-05    -0.460E-07
    -0.121E+01    -0.107E-04     0.158E-04     0.109E-05     0.180E-06
    -0.120E+01    -0.113E-04     0.167E-04    -0.364E-06     0.362E-06
    -0.120E+01    -0.118E-04     0.175E-04    -0.149E-05     0.498E-06
    -0.119E+01    -0.123E-04     0.182E-04    -0.226E-05     0.590E-06
    -0.118E+01    -0.127E-04     0.188E-04    -0.266E-05     0.641E-06
    -0.118E+01    -0.130E-04     0.192E-04    -0.269E-05     0.654E-06
    -0.117E+01    -0.132E-04     0.195E-04    -0.236E-05     0.634E-06
    -0.117E+01    -0.133E-04     0.197E-04    -0.168E-05     0.589E-06
    -0.116E+01    -0.133E-04     0.196E-04    -0.686E-06     0.526E-06
    -0.115E+01    -0.131E-04     0.194E-04     0.586E-06     0.452E-06
    -0.115E+01    -0.128E-04     0.190E-04     0.208E-05     0.375E-06
    -0.114E+01    -0.124E-04     0.184E-04     0.375E-05     0.302E-06
    -0.113E+01    -0.119E-04     0.176E-04     0.551E-05     0.239E-06
    -0.113E+01    -0.113E-04     0.168E-04     0.731E-05     0.191E-06
    -0.112E+01    -0.107E-04     0.158E-04     0.905E-05     0.163E-06
    -0.111E+01    -0.998E-05     0.148E-04     0.107E-04     0.155E-06
    -0.111E+01    -0.929E-05     0.138E-04     0.121E-04     0.167E-06
    -0.110E+01    -0.862E-05     0.128E-04     0.132E-04     0.197E-06
    -0.109E+01    -0.799E-05     0.119E-04     0.140E-04     0.240E-06
    -0.109E+01    -0.745E-05     0.110E-04     0.144E-04     0.286E-06
    -0.108E+01    -0.700E-05     0.104E-04     0.142E-04     0.328E-06
    -0.107E+01    -0.667E-05     0.989E-05     0.136E-04     0.352E-06
    -0.107E+01    -0.647E-05     0.960E-05     0.123E-04     0.344E-06
    -0.106E+01    -0.642E-05     0.952E-05     0.104E-04     0.288E-06
    -0.105E+01    -0.653E-05     0.968E-05     0.786E-05     0.167E-06
    -0.105E+01    -0.678E-05     0.101E-04     0.466E-05    -0.380E-07
    -0.104E+01    -0.718E-05     0.106E-04     0.788E-06    -0.345E-06
    -0.103E+01    -0.771E-05     0.114E-04    -0.374E-05    -0.773E-06
    -0.103E+01    -0.835E-05     0.124E-04    -0.891E-05    -0.134E-05
    -0.102E+01    -0.909E-05     0.135E-04    -0.147E-04    -0.206E-05
    -0.101E+01    -0.988E-05     0.146E-04    -0.210E-04    -0.296E-05
    -0.101E+01    -0.107E-04     0.158E-04    -0.279E-04    -0.404E-05
    -0.100E+01    -0.115E-04     0.170E-04    -0.352E-04    -0.532E-05
    -0.995E+00    -0.123E-04     0.182E-04    -0.429E-04    -0.681E-05
    -0.988E+00    -0.130E-04     0.193E-04    -0.510E-04    -0.852E-05
    -0.982E+00    -0.136E-04     0.202E-04    -0.594E-04    -0.104E-04
    -0.975E+00    -0.141E-04     0.209E-04    -0.679E-04    -0.126E-04
    -0.969E+00    -0.144E-04     0.214E-04    -0.767E-04    -0.149E-04
    -0.962E+00    -0.146E-04     0.216E-04    -0.855E-04    -0.175E-04
    -0.956E+00    -0.146E-04     0.216E-04    -0.943E-04    -0.203E-04
    -0.949E+00    -0.144E-04     0.213E-04    -0.103E-03    -0.232E-04
    -0.942E+00    -0.140E-04     0.208E-04    -0.112E-03    -0.264E-04
    -0.936E+00    -0.135E-04     0.200E-04    -0.120E-03    -0.297E-04
    -0.929E+00    -0.128E-04     0.190E-04    -0.129E-03    -0.333E-04
    -0.923E+00    -0.120E-04     0.178E-04    -0.137E-03    -0.369E-04
    -0.916E+00    -0.111E-04     0.165E-04    -0.145E-03    -0.407E-04
    -0.910E+00    -0.102E-04     0.151E-04    -0.153E-03    -0.447E-04
    -0.903E+00    -0.922E-05     0.137E-04    -0.161E-03    -0.488E-04
    -0.897E+00    -0.828E-05     0.123E-04    -0.169E-03    -0.530E-04
    -0.890E+00    -0.741E-05     0.110E-04    -0.176E-03    -0.573E-04
    -0.884E+00    -0.664E-05     0.986E-05    -0.184E-03    -0.618E-04
    -0.877E+00    -0.602E-05     0.893E-05    -0.191E-03    -0.665E-04
    -0.870E+00    -0.556E-05     0.825E-05    -0.198E-03    -0.713E-04
    -0.864E+00    -0.530E-05     0.786E-05    -0.206E-03    -0.763E-04
    -0.857E+00    -0.525E-05     0.778E-05    -0.213E-03    -0.815E-04
    -0.851E+00    -0.541E-05     0.803E-05    -0.221E-03    -0.870E-04
    -0.844E+00    -0.580E-05     0.860E-05    -0.229E-03    -0.928E-04
    -0.838E+00    -0.640E-05     0.948E-05    -0.237E-03    -0.989E-04
    -0.831E+00    -0.719E-05     0.107E-04    -0.246E-03    -0.105E-03
    -0.825E+00    -0.815E-05     0.121E-04    -0.255E-03    -0.112E-03
    -0.818E+00    -0.923E-05     0.137E-04    -0.264E-03    -0.120E-03
    -0.812E+00    -0.104E-04     0.154E-04    -0.274E-03    -0.127E-03
    -0.805E+00    -0.116E-04     0.172E-04    -0.285E-03    -0.136E-03
    -0.798E+00    -0.128E-04     0.190E-04    -0.296E-03    -0.145E-03
    -0.792E+00    -0.140E-04     0.207E-04    -0.308E-03    -0.155E-03
    -0.785E+00    -0.150E-04     0.222E-04    -0.321E-03    -0.166E-03
    -0.779E+00    -0.159E-04     0.236E-04    -0.334E-03    -0.177E-03
    -0.772E+00    -0.166E-04     0.246E-04    -0.348E-03    -0.189E-03
    -0.766E+00    -0.170E-04     0.252E-04    -0.363E-03    -0.203E-03
    -0.759E+00    -0.172E-04     0.255E-04    -0.378E-03    -0.217E-03
    -0.753E+00    -0.171E-04     0.254E-04    -0.395E-03    -0.232E-03
    -0.746E+00    -0.167E-04     0.248E-04    -0.411E-03    -0.249E-03
    -0.740E+00    -0.160E-04     0.238E-04    -0.429E-03    -0.266E-03
    -0.733E+00    -0.151E-04     0.224E-04    -0.447E-03    -0.285E-03
    -0.726E+00    -0.139E-04     0.206E-04    -0.466E-03    -0.305E-03
    -0.720E+00    -0.125E-04     0.185E-04    -0.486E-03    -0.326E-03
    -0.713E+00    -0.109E-04     0.162E-04    -0.505E-03    -0.348E-03
    -0.707E+00    -0.921E-05     0.137E-04    -0.526E-03    -0.371E-03
    -0.700E+00    -0.747E-05     0.111E-04    -0.546E-03    -0.395E-03
    -0.694E+00    -0.575E-05     0.853E-05    -0.567E-03    -0.421E-03
    -0.687E+00    -0.409E-05     0.608E-05    -0.588E-03    -0.448E-03
    -0.681E+00    -0.257E-05     0.383E-05    -0.609E-03    -0.475E-03
    -0.674E+00    -0.124E-05     0.186E-05    -0.629E-03    -0.504E-03
    -0.668E+00    -0.160E-06     0.253E-06    -0.650E-03    -0.534E-03
    -0.661E+00     0.644E-06    -0.939E-06    -0.670E-03    -0.564E-03
    -0.654E+00     0.114E-05    -0.167E-05    -0.690E-03    -0.596E-03
    -0.648E+00     0.131E-05    -0.192E-05    -0.709E-03    -0.627E-03
    -0.641E+00     0.115E-05    -0.170E-05    -0.727E-03    -0.660E-03
    -0.635E+00     0.686E-06    -0.101E-05    -0.745E-03    -0.693E-03
    -0.628E+00    -0.564E-07     0.853E-07    -0.761E-03    -0.726E-03
    -0.622E+00    -0.103E-05     0.152E-05    -0.776E-03    -0.760E-03
    -0.615E+00    -0.217E-05     0.321E-05    -0.791E-03    -0.793E-03
    -0.609E+00    -0.341E-05     0.505E-05    -0.804E-03    -0.827E-03
    -0.602E+00    -0.466E-05     0.690E-05    -0.815E-03    -0.860E-03
    -0.596E+00    -0.584E-05     0.864E-05    -0.825E-03    -0.893E-03
    -0.589E+00    -0.684E-05     0.101E-04    -0.833E-03    -0.926E-03
    -0.583E+00    -0.757E-05     0.112E-04    -0.840E-03    -0.958E-03
    -0.576E+00    -0.793E-05     0.117E-04    -0.845E-03    -0.989E-03
    -0.569E+00    -0.784E-05     0.116E-04    -0.848E-03    -0.102E-02
    -0.563E+00    -0.721E-05     0.107E-04    -0.849E-03    -0.105E-02
    -0.556E+00    -0.598E-05     0.885E-05    -0.848E-03    -0.108E-02
    -0.550E+00    -0.409E-05     0.606E-05    -0.845E-03    -0.110E-02
    -0.543E+00    -0.151E-05     0.224E-05    -0.841E-03    -0.113E-02
    -0.537E+00     0.177E-05    -0.263E-05    -0.834E-03    -0.115E-02
    -0.530E+00     0.577E-05    -0.855E-05    -0.825E-03    -0.117E-02
    -0.524E+00     0.104E-04    -0.155E-04    -0.815E-03    -0.119E-02
    -0.517E+00     0.158E-04    -0.234E-04    -0.802E-03    -0.121E-02
    -0.511E+00     0.217E-04    -0.321E-04    -0.788E-03    -0.122E-02
    -0.504E+00     0.281E-04    -0.417E-04    -0.772E-03    -0.123E-02
    -0.497E+00     0.350E-04    -0.518E-04    -0.755E-03    -0.124E-02
    -0.491E+00     0.422E-04    -0.625E-04    -0.735E-03    -0.125E-02
    -0.484E+00     0.497E-04    -0.736E-04    -0.715E-03    -0.125E-02
    -0.478E+00     0.573E-04    -0.849E-04    -0.693E-03    -0.125E-02
    -0.471E+00     0.650E-04    -0.964E-04    -0.669E-03    -0.125E-02
    -0.465E+00     0.728E-04    -0.108E-03    -0.645E-03    -0.125E-02
    -0.458E+00     0.805E-04    -0.119E-03    -0.619E-03    -0.124E-02
    -0.452E+00     0.882E-04    -0.131E-03    -0.593E-03    -0.123E-02
    -0.445E+00     0.958E-04    -0.142E-03    -0.566E-03    -0.122E-02
    -0.439E+00     0.103E-03    -0.153E-03    -0.538E-03    -0.120E-02
    -0.432E+00     0.111E-03    -0.164E-03    -0.510E-03    -0.119E-02
    -0.425E+00     0.119E-03    -0.176E-03    -0.482E-03    -0.117E-02
    -0.419E+00     0.127E-03    -0.188E-03    -0.453E-03    -0.114E-02
    -0.412E+00     0.135E-03    -0.200E-03    -0.425E-03    -0.112E-02
    -0.406E+00     0.144E-03    -0.213E-03    -0.396E-03    -0.109E-02
    -0.399E+00     0.154E-03    -0.228E-03    -0.368E-03    -0.106E-02
    -0.393E+00     0.164E-03    -0.243E-03    -0.340E-03    -0.102E-02
    -0.386E+00     0.176E-03    -0.261E-03    -0.313E-03    -0.990E-03
    -0.380E+00     0.189E-03    -0.281E-03    -0.286E-03    -0.953E-03
    -0.373E+00     0.204E-03    -0.303E-03    -0.260E-03    -0.914E-03
    -0.367E+00     0.221E-03    -0.328E-03    -0.235E-03    -0.874E-03
    -0.360E+00     0.240E-03    -0.356E-03    -0.211E-03    -0.832E-03
    -0.353E+00     0.261E-03    -0.387E-03    -0.188E-03    -0.789E-03
    -0.347E+00     0.284E-03    -0.421E-03    -0.166E-03    -0.745E-03
    -0.340E+00     0.310E-03    -0.459E-03    -0.145E-03    -0.700E-03
    -0.334E+00     0.337E-03    -0.500E-03    -0.126E-03    -0.654E-03
    -0.327E+00     0.367E-03    -0.544E-03    -0.108E-03    -0.608E-03
    -0.321E+00     0.399E-03    -0.592E-03    -0.909E-04    -0.561E-03
    -0.314E+00     0.433E-03    -0.642E-03    -0.755E-04    -0.514E-03
    -0.308E+00     0.468E-03    -0.694E-03    -0.615E-04    -0.467E-03
    -0.301E+00     0.504E-03    -0.747E-03    -0.489E-04    -0.421E-03
    -0.295E+00     0.541E-03    -0.802E-03    -0.378E-04    -0.374E-03
    -0.288E+00     0.578E-03    -0.857E-03    -0.281E-04    -0.329E-03
    -0.281E+00     0.615E-03    -0.911E-03    -0.199E-04    -0.284E-03
    -0.275E+00     0.650E-03    -0.963E-03    -0.130E-04    -0.240E-03
    -0.268E+00     0.684E-03    -0.101E-02    -0.754E-05    -0.197E-03
    -0.262E+00     0.715E-03    -0.106E-02    -0.339E-05    -0.155E-03
    -0.255E+00     0.743E-03    -0.110E-02    -0.517E-06    -0.115E-03
    -0.249E+00     0.767E-03    -0.114E-02     0.113E-05    -0.763E-04
    -0.242E+00     0.786E-03    -0.117E-02     0.163E-05    -0.392E-04
    -0.236E+00     0.801E-03    -0.119E-02     0.105E-05    -0.398E-05
    -0.229E+00     0.810E-03    -0.120E-02    -0.531E-06     0.293E-04
    -0.223E+00     0.813E-03    -0.121E-02    -0.301E-05     0.607E-04
    -0.216E+00     0.810E-03    -0.120E-02    -0.631E-05     0.898E-04
    -0.209E+00     0.800E-03    -0.119E-02    -0.103E-04     0.117E-03
    -0.203E+00     0.784E-03    -0.116E-02    -0.149E-04     0.142E-03
    -0.196E+00     0.761E-03    -0.113E-02    -0.200E-04     0.164E-03
    -0.190E+00     0.732E-03    -0.108E-02    -0.255E-04     0.184E-03
    -0.183E+00     0.696E-03    -0.103E-02    -0.313E-04     0.202E-03
    -0.177E+00     0.655E-03    -0.970E-03    -0.372E-04     0.217E-03
    -0.170E+00     0.608E-03    -0.901E-03    -0.432E-04     0.230E-03
    -0.164E+00     0.557E-03    -0.825E-03    -0.492E-04     0.240E-03
    -0.157E+00     0.502E-03    -0.743E-03    -0.549E-04     0.248E-03
    -0.151E+00     0.444E-03    -0.658E-03    -0.604E-04     0.254E-03
    -0.144E+00     0.384E-03    -0.569E-03    -0.655E-04     0.257E-03
    -0.137E+00     0.323E-03    -0.479E-03    -0.702E-04     0.258E-03
    -0.131E+00     0.263E-03    -0.389E-03    -0.743E-04     0.257E-03
    -0.124E+00     0.203E-03    -0.300E-03    -0.778E-04     0.254E-03
    -0.118E+00     0.145E-03    -0.215E-03    -0.805E-04     0.249E-03
    -0.111E+00     0.907E-04    -0.134E-03    -0.825E-04     0.242E-03
    -0.105E+00     0.401E-04    -0.588E-04    -0.836E-04     0.233E-03
    -0.982E-01    -0.568E-05     0.907E-05    -0.839E-04     0.223E-03
    -0.916E-01    -0.459E-04     0.687E-04    -0.832E-04     0.211E-03
    -0.851E-01    -0.800E-04     0.119E-03    -0.816E-04     0.198E-03
    -0.785E-01    -0.108E-03     0.160E-03    -0.790E-04     0.184E-03
    -0.720E-01    -0.128E-03     0.191E-03    -0.755E-04     0.168E-03
    -0.654E-01    -0.142E-03     0.211E-03    -0.709E-04     0.152E-03
    -0.589E-01    -0.148E-03     0.221E-03    -0.654E-04     0.135E-03
    -0.524E-01    -0.148E-03     0.221E-03    -0.589E-04     0.117E-03
    -0.458E-01    -0.142E-03     0.211E-03    -0.515E-04     0.983E-04
    -0.393E-01    -0.130E-03     0.193E-03    -0.432E-04     0.796E-04
    -0.327E-01    -0.112E-03     0.167E-03    -0.340E-04     0.607E-04
    -0.262E-01    -0.902E-04     0.134E-03    -0.241E-04     0.417E-04
    -0.196E-01    -0.649E-04     0.963E-04    -0.135E-04     0.228E-04
    -0.131E-01    -0.370E-04     0.550E-04    -0.214E-05     0.416E-05
    -0.654E-02    -0.784E-05     0.116E-04     0.974E-05    -0.142E-04
     0.000E+00     0.216E-04    -0.321E-04     0.221E-04    -0.320E-04
     0.654E-02     0.503E-04    -0.747E-04     0.349E-04    -0.492E-04
     0.131E-01     0.770E-04    -0.114E-03     0.479E-04    -0.658E-04
     0.196E-01     0.101E-03    -0.150E-03     0.612E-04    -0.814E-04
     0.262E-01     0.120E-03    -0.179E-03     0.745E-04    -0.962E-04
     0.327E-01     0.135E-03    -0.201E-03     0.878E-04    -0.110E-03
     0.393E-01     0.144E-03    -0.214E-03     0.101E-03    -0.123E-03
     0.458E-01     0.147E-03    -0.218E-03     0.114E-03    -0.134E-03
     0.524E-01     0.143E-03    -0.212E-03     0.126E-03    -0.144E-03
     0.589E-01     0.131E-03    -0.196E-03     0.138E-03    -0.153E-03
     0.654E-01     0.113E-03    -0.168E-03     0.149E-03    -0.161E-03
     0.720E-01     0.869E-04    -0.130E-03     0.160E-03    -0.167E-03
     0.785E-01     0.538E-04    -0.808E-04     0.169E-03    -0.171E-03
     0.851E-01     0.140E-04    -0.217E-04     0.178E-03    -0.174E-03
     0.916E-01    -0.321E-04     0.466E-04     0.185E-03    -0.176E-03
     0.982E-01    -0.838E-04     0.123E-03     0.191E-03    -0.176E-03
     0.105E+00    -0.140E-03     0.207E-03     0.196E-03    -0.175E-03
     0.111E+00    -0.201E-03     0.297E-03     0.199E-03    -0.172E-03
     0.118E+00    -0.264E-03     0.390E-03     0.200E-03    -0.168E-03
     0.124E+00    -0.329E-03     0.487E-03     0.200E-03    -0.162E-03
     0.131E+00    -0.395E-03     0.585E-03     0.197E-03    -0.156E-03
     0.137E+00    -0.460E-03     0.682E-03     0.193E-03    -0.147E-03
     0.144E+00    -0.524E-03     0.776E-03     0.186E-03    -0.138E-03
     0.151E+00    -0.586E-03     0.867E-03     0.178E-03    -0.127E-03
     0.157E+00    -0.643E-03     0.953E-03     0.167E-03    -0.116E-03
     0.164E+00    -0.697E-03     0.103E-02     0.154E-03    -0.103E-03
     0.170E+00    -0.745E-03     0.110E-02     0.138E-03    -0.897E-04
     0.177E+00    -0.786E-03     0.117E-02     0.121E-03    -0.755E-04
     0.183E+00    -0.822E-03     0.122E-02     0.100E-03    -0.607E-04
     0.190E+00    -0.850E-03     0.126E-02     0.778E-04    -0.455E-04
     0.196E+00    -0.871E-03     0.129E-02     0.528E-04    -0.298E-04
     0.203E+00    -0.884E-03     0.131E-02     0.255E-04    -0.139E-04
     0.209E+00    -0.890E-03     0.132E-02    -0.424E-05     0.205E-05
     0.216E+00    -0.889E-03     0.132E-02    -0.362E-04     0.180E-04
     0.223E+00    -0.880E-03     0.130E-02    -0.705E-04     0.338E-04
     0.229E+00    -0.865E-03     0.128E-02    -0.107E-03     0.493E-04
     0.236E+00    -0.843E-03     0.125E-02    -0.145E-03     0.644E-04
     0.242E+00    -0.817E-03     0.121E-02    -0.186E-03     0.790E-04
     0.249E+00    -0.785E-03     0.116E-02    -0.228E-03     0.928E-04
     0.255E+00    -0.749E-03     0.111E-02    -0.272E-03     0.106E-03
     0.262E+00    -0.710E-03     0.105E-02    -0.318E-03     0.118E-03
     0.268E+00    -0.668E-03     0.990E-03    -0.365E-03     0.129E-03
     0.275E+00    -0.624E-03     0.926E-03    -0.414E-03     0.139E-03
     0.281E+00    -0.580E-03     0.860E-03    -0.464E-03     0.148E-03
     0.288E+00    -0.535E-03     0.793E-03    -0.514E-03     0.156E-03
     0.295E+00    -0.491E-03     0.728E-03    -0.566E-03     0.162E-03
     0.301E+00    -0.448E-03     0.663E-03    -0.618E-03     0.167E-03
     0.308E+00    -0.406E-03     0.602E-03    -0.671E-03     0.170E-03
     0.314E+00    -0.366E-03     0.543E-03    -0.724E-03     0.172E-03
     0.321E+00    -0.329E-03     0.488E-03    -0.777E-03     0.172E-03
     0.327E+00    -0.295E-03     0.437E-03    -0.829E-03     0.171E-03
     0.334E+00    -0.263E-03     0.390E-03    -0.882E-03     0.168E-03
     0.340E+00    -0.235E-03     0.347E-03    -0.934E-03     0.164E-03
     0.347E+00    -0.209E-03     0.309E-03    -0.985E-03     0.158E-03
     0.353E+00    -0.186E-03     0.276E-03    -0.103E-02     0.150E-03
     0.360E+00    -0.167E-03     0.247E-03    -0.108E-02     0.141E-03
     0.367E+00    -0.150E-03     0.222E-03    -0.113E-02     0.131E-03
     0.373E+00    -0.135E-03     0.200E-03    -0.118E-02     0.119E-03
     0.380E+00    -0.123E-03     0.182E-03    -0.122E-02     0.105E-03
     0.386E+00    -0.112E-03     0.166E-03    -0.126E-02     0.903E-04
     0.393E+00    -0.104E-03     0.153E-03    -0.130E-02     0.742E-04
     0.399E+00    -0.961E-04     0.142E-03    -0.134E-02     0.569E-04
     0.406E+00    -0.896E-04     0.133E-03    -0.138E-02     0.386E-04
     0.412E+00    -0.839E-04     0.124E-03    -0.141E-02     0.192E-04
     0.419E+00    -0.787E-04     0.117E-03    -0.144E-02    -0.109E-05
     0.425E+00    -0.737E-04     0.109E-03    -0.147E-02    -0.222E-04
     0.432E+00    -0.688E-04     0.102E-03    -0.149E-02    -0.439E-04
     0.439E+00    -0.639E-04     0.947E-04    -0.152E-02    -0.662E-04
     0.445E+00    -0.588E-04     0.871E-04    -0.153E-02    -0.889E-04
     0.452E+00    -0.534E-04     0.792E-04    -0.155E-02    -0.112E-03
     0.458E+00    -0.478E-04     0.709E-04    -0.156E-02    -0.135E-03
     0.465E+00    -0.420E-04     0.622E-04    -0.157E-02    -0.158E-03
     0.471E+00    -0.359E-04     0.532E-04    -0.158E-02    -0.182E-03
     0.478E+00    -0.297E-04     0.440E-04    -0.158E-02    -0.204E-03
     0.484E+00    -0.233E-04     0.346E-04    -0.158E-02    -0.227E-03
     0.491E+00    -0.171E-04     0.253E-04    -0.157E-02    -0.249E-03
     0.497E+00    -0.109E-04     0.162E-04    -0.156E-02    -0.270E-03
     0.504E+00    -0.504E-05     0.745E-05    -0.155E-02    -0.291E-03
     0.511E+00     0.477E-06    -0.741E-06    -0.154E-02    -0.311E-03
     0.517E+00     0.553E-05    -0.823E-05    -0.152E-02    -0.329E-03
     0.524E+00     0.100E-04    -0.149E-04    -0.150E-02    -0.347E-03
     0.530E+00     0.139E-04    -0.206E-04    -0.148E-02    -0.363E-03
     0.537E+00     0.170E-04    -0.253E-04    -0.146E-02    -0.378E-03
     0.543E+00     0.195E-04    -0.290E-04    -0.143E-02    -0.392E-03
     0.550E+00     0.212E-04    -0.315E-04    -0.140E-02    -0.405E-03
     0.556E+00     0.222E-04    -0.330E-04    -0.137E-02    -0.415E-03
     0.563E+00     0.226E-04    -0.335E-04    -0.133E-02    -0.425E-03
     0.569E+00     0.223E-04    -0.331E-04    -0.130E-02    -0.433E-03
     0.576E+00     0.214E-04    -0.318E-04    -0.126E-02    -0.439E-03
     0.583E+00     0.201E-04    -0.298E-04    -0.122E-02    -0.444E-03
     0.589E+00     0.184E-04    -0.273E-04    -0.118E-02    -0.447E-03
     0.596E+00     0.165E-04    -0.244E-04    -0.114E-02    -0.448E-03
     0.602E+00     0.144E-04    -0.213E-04    -0.110E-02    -0.448E-03
     0.609E+00     0.122E-04    -0.181E-04    -0.105E-02    -0.447E-03
     0.615E+00     0.101E-04    -0.150E-04    -0.101E-02    -0.444E-03
     0.622E+00     0.815E-05    -0.121E-04    -0.968E-03    -0.440E-03
     0.628E+00     0.643E-05    -0.952E-05    -0.925E-03    -0.435E-03
     0.635E+00     0.501E-05    -0.740E-05    -0.882E-03    -0.429E-03
     0.641E+00     0.393E-05    -0.580E-05    -0.839E-03    -0.421E-03
     0.648E+00     0.324E-05    -0.477E-05    -0.797E-03    -0.412E-03
     0.654E+00     0.294E-05    -0.433E-05    -0.755E-03    -0.403E-03
     0.661E+00     0.305E-05    -0.449E-05    -0.714E-03    -0.393E-03
     0.668E+00     0.354E-05    -0.521E-05    -0.674E-03    -0.382E-03
     0.674E+00     0.438E-05    -0.646E-05    -0.635E-03    -0.370E-03
     0.681E+00     0.552E-05    -0.815E-05    -0.597E-03    -0.358E-03
     0.687E+00     0.690E-05    -0.102E-04    -0.561E-03    -0.346E-03
     0.694E+00     0.847E-05    -0.125E-04    -0.525E-03    -0.333E-03
     0.700E+00     0.101E-04    -0.150E-04    -0.492E-03    -0.321E-03
     0.707E+00     0.118E-04    -0.175E-04    -0.459E-03    -0.308E-03
     0.713E+00     0.135E-04    -0.200E-04    -0.428E-03    -0.295E-03
     0.720E+00     0.151E-04    -0.223E-04    -0.399E-03    -0.282E-03
     0.726E+00     0.165E-04    -0.244E-04    -0.372E-03    -0.270E-03
     0.733E+00     0.176E-04    -0.261E-04    -0.345E-03    -0.257E-03
     0.740E+00     0.185E-04    -0.275E-04    -0.321E-03    -0.245E-03
     0.746E+00     0.191E-04    -0.284E-04    -0.298E-03    -0.234E-03
     0.753E+00     0.194E-04    -0.288E-04    -0.277E-03    -0.222E-03
     0.759E+00     0.193E-04    -0.287E-04    -0.257E-03    -0.212E-03
     0.766E+00     0.190E-04    -0.281E-04    -0.239E-03    -0.201E-03
     0.772E+00     0.183E-04    -0.272E-04    -0.222E-03    -0.192E-03
     0.779E+00     0.174E-04    -0.258E-04    -0.206E-03    -0.182E-03
     0.785E+00     0.162E-04    -0.240E-04    -0.192E-03    -0.174E-03
     0.792E+00     0.149E-04    -0.220E-04    -0.179E-03    -0.166E-03
     0.798E+00     0.134E-04    -0.199E-04    -0.168E-03    -0.158E-03
     0.805E+00     0.118E-04    -0.176E-04    -0.157E-03    -0.152E-03
     0.812E+00     0.103E-04    -0.153E-04    -0.147E-03    -0.145E-03
     0.818E+00     0.879E-05    -0.130E-04    -0.139E-03    -0.139E-03
     0.825E+00     0.739E-05    -0.109E-04    -0.131E-03    -0.134E-03
     0.831E+00     0.613E-05    -0.908E-05    -0.123E-03    -0.129E-03
     0.838E+00     0.507E-05    -0.749E-05    -0.117E-03    -0.125E-03
     0.844E+00     0.422E-05    -0.623E-05    -0.111E-03    -0.121E-03
     0.851E+00     0.361E-05    -0.533E-05    -0.105E-03    -0.117E-03
     0.857E+00     0.326E-05    -0.481E-05    -0.998E-04    -0.113E-03
     0.864E+00     0.317E-05    -0.466E-05    -0.949E-04    -0.110E-03
     0.870E+00     0.332E-05    -0.489E-05    -0.902E-04    -0.106E-03
     0.877E+00     0.370E-05    -0.546E-05    -0.857E-04    -0.103E-03
     0.884E+00     0.429E-05    -0.633E-05    -0.814E-04    -0.100E-03
     0.890E+00     0.504E-05    -0.745E-05    -0.771E-04    -0.968E-04
     0.897E+00     0.592E-05    -0.876E-05    -0.728E-04    -0.935E-04
     0.903E+00     0.689E-05    -0.102E-04    -0.685E-04    -0.900E-04
     0.910E+00     0.790E-05    -0.117E-04    -0.642E-04    -0.863E-04
     0.916E+00     0.890E-05    -0.132E-04    -0.599E-04    -0.824E-04
     0.923E+00     0.984E-05    -0.146E-04    -0.555E-04    -0.782E-04
     0.929E+00     0.107E-04    -0.159E-04    -0.511E-04    -0.737E-04
     0.936E+00     0.114E-04    -0.169E-04    -0.467E-04    -0.690E-04
     0.942E+00     0.120E-04    -0.178E-04    -0.422E-04    -0.639E-04
     0.949E+00     0.124E-04    -0.183E-04    -0.377E-04    -0.586E-04
     0.956E+00     0.126E-04    -0.186E-04    -0.332E-04    -0.530E-04
     0.962E+00     0.125E-04    -0.186E-04    -0.287E-04    -0.471E-04
     0.969E+00     0.123E-04    -0.183E-04    -0.244E-04    -0.410E-04
     0.975E+00     0.119E-04    -0.176E-04    -0.201E-04    -0.348E-04
     0.982E+00     0.113E-04    -0.168E-04    -0.159E-04    -0.285E-04
     0.988E+00     0.106E-04    -0.157E-04    -0.119E-04    -0.220E-04
     0.995E+00     0.970E-05    -0.144E-04    -0.809E-05    -0.156E-04
     0.100E+01     0.875E-05    -0.130E-04    -0.450E-05    -0.930E-05
     0.101E+01     0.775E-05    -0.115E-04    -0.115E-05    -0.311E-05
     0.101E+01     0.673E-05    -0.999E-05     0.192E-05     0.287E-05
     0.102E+01     0.575E-05    -0.852E-05     0.471E-05     0.857E-05
     0.103E+01     0.482E-05    -0.714E-05     0.719E-05     0.139E-04
     0.103E+01     0.399E-05    -0.590E-05     0.935E-05     0.188E-04
     0.104E+01     0.328E-05    -0.485E-05     0.112E-04     0.233E-04
     0.105E+01     0.271E-05    -0.401E-05     0.127E-04     0.272E-04
     0.105E+01     0.231E-05    -0.340E-05     0.139E-04     0.306E-04
     0.106E+01     0.208E-05    -0.305E-05     0.148E-04     0.334E-04
     0.107E+01     0.202E-05    -0.296E-05     0.153E-04     0.355E-04
     0.107E+01     0.213E-05    -0.312E-05     0.156E-04     0.370E-04
     0.108E+01     0.239E-05    -0.352E-05     0.157E-04     0.379E-04
     0.109E+01     0.280E-05    -0.413E-05     0.154E-04     0.382E-04
     0.109E+01     0.333E-05    -0.491E-05     0.150E-04     0.379E-04
     0.110E+01     0.395E-05    -0.584E-05     0.144E-04     0.371E-04
     0.111E+01     0.464E-05    -0.686E-05     0.136E-04     0.358E-04
     0.111E+01     0.535E-05    -0.792E-05     0.128E-04     0.340E-04
     0.112E+01     0.607E-05    -0.899E-05     0.118E-04     0.319E-04
     0.113E+01     0.675E-05    -0.100E-04     0.107E-04     0.294E-04
     0.113E+01     0.738E-05    -0.109E-04     0.966E-05     0.268E-04
     0.114E+01     0.792E-05    -0.117E-04     0.859E-05     0.240E-04
     0.115E+01     0.834E-05    -0.124E-04     0.754E-05     0.211E-04
     0.115E+01     0.865E-05    -0.128E-04     0.653E-05     0.183E-04
     0.116E+01     0.881E-05    -0.131E-04     0.560E-05     0.156E-04
     0.117E+01     0.883E-05    -0.131E-04     0.474E-05     0.131E-04
     0.117E+01     0.871E-05    -0.129E-04     0.398E-05     0.108E-04
     0.118E+01     0.844E-05    -0.125E-04     0.333E-05     0.887E-05
     0.118E+01     0.806E-05    -0.120E-04     0.280E-05     0.726E-05
     0.119E+01     0.756E-05    -0.112E-04     0.238E-05     0.604E-05
     0.120E+01     0.697E-05    -0.103E-04     0.208E-05     0.525E-05
     0.120E+01     0.632E-05    -0.938E-05     0.189E-05     0.489E-05
     0.121E+01     0.563E-05    -0.835E-05     0.181E-05     0.497E-05
     0.122E+01     0.492E-05    -0.730E-05     0.183E-05     0.548E-05
     0.122E+01     0.423E-05    -0.627E-05     0.195E-05     0.640E-05
     0.123E+01     0.358E-05    -0.530E-05     0.214E-05     0.769E-05
     0.124E+01     0.299E-05    -0.443E-05     0.239E-05     0.930E-05
     0.124E+01     0.249E-05    -0.369E-05     0.270E-05     0.112E-04
     0.125E+01     0.210E-05    -0.310E-05     0.304E-05     0.133E-04
     0.126E+01     0.182E-05    -0.268E-05     0.341E-05     0.156E-04
     0.126E+01     0.166E-05    -0.245E-05     0.378E-05     0.179E-04
     0.127E+01     0.163E-05    -0.240E-05     0.415E-05     0.203E-04
     0.128E+01     0.173E-05    -0.254E-05     0.450E-05     0.226E-04
     0.128E+01     0.194E-05    -0.286E-05     0.483E-05     0.249E-04
     0.129E+01     0.226E-05    -0.333E-05     0.512E-05     0.269E-04
     0.130E+01     0.267E-05    -0.394E-05     0.536E-05     0.287E-04
     0.130E+01     0.315E-05    -0.465E-05     0.555E-05     0.302E-04
     0.131E+01     0.368E-05    -0.543E-05     0.568E-05     0.315E-04
     0.132E+01     0.423E-05    -0.626E-05     0.576E-05     0.323E-04
     0.132E+01     0.479E-05    -0.708E-05     0.578E-05     0.328E-04
     0.133E+01     0.532E-05    -0.788E-05     0.573E-05     0.330E-04
     0.134E+01     0.581E-05    -0.861E-05     0.564E-05     0.327E-04
     0.134E+01     0.624E-05    -0.925E-05     0.549E-05     0.321E-04
     0.135E+01     0.659E-05    -0.977E-05     0.529E-05     0.312E-04
     0.135E+01     0.684E-05    -0.101E-04     0.505E-05     0.300E-04
     0.136E+01     0.699E-05    -0.104E-04     0.477E-05     0.285E-04
     0.137E+01     0.703E-05    -0.104E-04     0.447E-05     0.268E-04
     0.137E+01     0.696E-05    -0.103E-04     0.414E-05     0.249E-04
     0.138E+01     0.679E-05    -0.101E-04     0.381E-05     0.230E-04
     0.139E+01     0.652E-05    -0.968E-05     0.346E-05     0.209E-04
     0.139E+01     0.617E-05    -0.915E-05     0.312E-05     0.189E-04
     0.140E+01     0.574E-05    -0.852E-05     0.278E-05     0.170E-04
     0.141E+01     0.526E-05    -0.781E-05     0.246E-05     0.151E-04
     0.141E+01     0.475E-05    -0.705E-05     0.216E-05     0.134E-04
     0.142E+01     0.423E-05    -0.627E-05     0.189E-05     0.119E-04
     0.143E+01     0.372E-05    -0.551E-05     0.164E-05     0.106E-04
     0.143E+01     0.323E-05    -0.479E-05     0.142E-05     0.962E-05
     0.144E+01     0.280E-05    -0.414E-05     0.124E-05     0.887E-05
     0.145E+01     0.243E-05    -0.359E-05     0.109E-05     0.840E-05
     0.145E+01     0.213E-05    -0.315E-05     0.971E-06     0.820E-05
     0.146E+01     0.193E-05    -0.285E-05     0.889E-06     0.827E-05
     0.147E+01     0.182E-05    -0.269E-05     0.839E-06     0.858E-05
     0.147E+01     0.181E-05    -0.267E-05     0.820E-06     0.912E-05
     0.148E+01     0.190E-05    -0.280E-05     0.828E-06     0.985E-05
     0.149E+01     0.208E-05    -0.307E-05     0.860E-06     0.107E-04
     0.149E+01     0.235E-05    -0.346E-05     0.913E-06     0.117E-04
     0.150E+01     0.268E-05    -0.396E-05     0.982E-06     0.128E-04
     0.151E+01     0.308E-05    -0.454E-05     0.106E-05     0.139E-04
     0.151E+01     0.351E-05    -0.518E-05     0.115E-05     0.150E-04
     0.152E+01     0.396E-05    -0.586E-05     0.125E-05     0.160E-04
     0.152E+01     0.442E-05    -0.654E-05     0.134E-05     0.169E-04
     0.153E+01     0.486E-05    -0.720E-05     0.144E-05     0.177E-04
     0.154E+01     0.527E-05    -0.781E-05     0.152E-05     0.184E-04
     0.154E+01     0.563E-05    -0.835E-05     0.160E-05     0.189E-04
     0.155E+01     0.593E-05    -0.879E-05     0.166E-05     0.192E-04
     0.156E+01     0.615E-05    -0.912E-05     0.171E-05     0.193E-04
     0.156E+01     0.630E-05    -0.934E-05     0.174E-05     0.192E-04
     0.157E+01     0.635E-05    -0.942E-05     0.175E-05     0.189E-04
     0.158E+01     0.632E-05    -0.938E-05     0.175E-05     0.184E-04
     0.158E+01     0.620E-05    -0.920E-05     0.173E-05     0.177E-04
     0.159E+01     0.601E-05    -0.892E-05     0.170E-05     0.169E-04
     0.160E+01     0.574E-05    -0.852E-05     0.165E-05     0.160E-04
     0.160E+01     0.542E-05    -0.805E-05     0.158E-05     0.150E-04
     0.161E+01     0.506E-05    -0.750E-05     0.151E-05     0.139E-04
     0.162E+01     0.467E-05    -0.692E-05     0.142E-05     0.128E-04
     0.162E+01     0.426E-05    -0.632E-05     0.133E-05     0.118E-04
     0.163E+01     0.386E-05    -0.573E-05     0.123E-05     0.107E-04
     0.164E+01     0.349E-05    -0.517E-05     0.113E-05     0.976E-05
     0.164E+01     0.315E-05    -0.467E-05     0.103E-05     0.890E-05
     0.165E+01     0.287E-05    -0.424E-05     0.936E-06     0.816E-05
     0.166E+01     0.265E-05    -0.391E-05     0.848E-06     0.755E-05
     0.166E+01     0.249E-05    -0.369E-05     0.769E-06     0.709E-05
     0.167E+01     0.242E-05    -0.357E-05     0.701E-06     0.678E-05
     0.168E+01     0.243E-05    -0.358E-05     0.646E-06     0.663E-05
     0.168E+01     0.251E-05    -0.371E-05     0.606E-06     0.663E-05
     0.169E+01     0.268E-05    -0.395E-05     0.581E-06     0.677E-05
     0.170E+01     0.291E-05    -0.429E-05     0.571E-06     0.703E-05
     0.170E+01     0.320E-05    -0.472E-05     0.577E-06     0.741E-05
     0.171E+01     0.353E-05    -0.522E-05     0.599E-06     0.787E-05
     0.171E+01     0.391E-05    -0.577E-05     0.635E-06     0.840E-05
     0.172E+01     0.430E-05    -0.635E-05     0.685E-06     0.897E-05
     0.173E+01     0.469E-05    -0.694E-05     0.746E-06     0.955E-05
     0.173E+01     0.507E-05    -0.751E-05     0.816E-06     0.101E-04
     0.174E+01     0.543E-05    -0.804E-05     0.894E-06     0.107E-04
     0.175E+01     0.575E-05    -0.851E-05     0.977E-06     0.111E-04
     0.175E+01     0.601E-05    -0.891E-05     0.106E-05     0.115E-04
     0.176E+01     0.622E-05    -0.922E-05     0.115E-05     0.119E-04
     0.177E+01     0.636E-05    -0.942E-05     0.123E-05     0.121E-04
     0.177E+01     0.642E-05    -0.953E-05     0.131E-05     0.122E-04
     0.178E+01     0.642E-05    -0.952E-05     0.138E-05     0.122E-04
     0.179E+01     0.634E-05    -0.941E-05     0.144E-05     0.120E-04
     0.179E+01     0.620E-05    -0.920E-05     0.149E-05     0.118E-04
     0.180E+01     0.600E-05    -0.890E-05     0.152E-05     0.115E-04
     0.181E+01     0.575E-05    -0.854E-05     0.155E-05     0.110E-04
     0.181E+01     0.547E-05    -0.811E-05     0.156E-05     0.106E-04
     0.182E+01     0.516E-05    -0.766E-05     0.156E-05     0.100E-04
     0.183E+01     0.484E-05    -0.718E-05     0.155E-05     0.943E-05
     0.183E+01     0.453E-05    -0.671E-05     0.153E-05     0.884E-05
     0.184E+01     0.423E-05    -0.627E-05     0.149E-05     0.825E-05
     0.185E+01     0.397E-05    -0.588E-05     0.145E-05     0.769E-05
     0.185E+01     0.375E-05    -0.555E-05     0.141E-05     0.716E-05
     0.186E+01     0.358E-05    -0.529E-05     0.136E-05     0.670E-05
     0.187E+01     0.347E-05    -0.513E-05     0.131E-05     0.631E-05
     0.187E+01     0.342E-05    -0.506E-05     0.127E-05     0.599E-05
     0.188E+01     0.345E-05    -0.509E-05     0.123E-05     0.577E-05
     0.188E+01     0.354E-05    -0.522E-05     0.119E-05     0.564E-05
     0.189E+01     0.369E-05    -0.545E-05     0.117E-05     0.560E-05
     0.190E+01     0.390E-05    -0.577E-05     0.115E-05     0.565E-05
     0.190E+01     0.417E-05    -0.616E-05     0.115E-05     0.578E-05
     0.191E+01     0.447E-05    -0.661E-05     0.116E-05     0.599E-05
     0.192E+01     0.481E-05    -0.711E-05     0.118E-05     0.625E-05
     0.192E+01     0.516E-05    -0.763E-05     0.122E-05     0.657E-05
     0.193E+01     0.552E-05    -0.816E-05     0.128E-05     0.692E-05
     0.194E+01     0.586E-05    -0.868E-05     0.134E-05     0.729E-05
     0.194E+01     0.619E-05    -0.917E-05     0.142E-05     0.766E-05
     0.195E+01     0.648E-05    -0.960E-05     0.150E-05     0.802E-05
     0.196E+01     0.673E-05    -0.998E-05     0.160E-05     0.834E-05
     0.196E+01     0.693E-05    -0.103E-04     0.170E-05     0.863E-05
     0.197E+01     0.707E-05    -0.105E-04     0.180E-05     0.886E-05
     0.198E+01     0.715E-05    -0.106E-04     0.191E-05     0.904E-05
     0.198E+01     0.717E-05    -0.106E-04     0.201E-05     0.914E-05
     0.199E+01     0.713E-05    -0.106E-04     0.211E-05     0.917E-05
     0.200E+01     0.703E-05    -0.104E-04     0.220E-05     0.914E-05
     0.200E+01     0.688E-05    -0.102E-04     0.228E-05     0.903E-05
     0.201E+01     0.669E-05    -0.992E-05     0.235E-05     0.886E-05
     0.202E+01     0.647E-05    -0.959E-05     0.241E-05     0.863E-05
     0.202E+01     0.622E-05    -0.923E-05     0.246E-05     0.835E-05
     0.203E+01     0.597E-05    -0.885E-05     0.250E-05     0.804E-05
     0.204E+01     0.572E-05    -0.847E-05     0.253E-05     0.770E-05
     0.204E+01     0.548E-05    -0.812E-05     0.254E-05     0.735E-05
     0.205E+01     0.527E-05    -0.781E-05     0.254E-05     0.700E-05
     0.206E+01     0.510E-05    -0.755E-05     0.254E-05     0.666E-05
     0.206E+01     0.497E-05    -0.736E-05     0.253E-05     0.635E-05
     0.207E+01     0.490E-05    -0.725E-05     0.251E-05     0.607E-05
     0.207E+01     0.488E-05    -0.722E-05     0.250E-05     0.585E-05
     0.208E+01     0.492E-05    -0.728E-05     0.248E-05     0.567E-05
     0.209E+01     0.502E-05    -0.743E-05     0.247E-05     0.555E-05
     0.209E+01     0.518E-05    -0.766E-05     0.246E-05     0.550E-05
     0.210E+01     0.539E-05    -0.797E-05     0.247E-05     0.550E-05
     0.211E+01     0.564E-05    -0.834E-05     0.248E-05     0.556E-05
     0.211E+01     0.593E-05    -0.877E-05     0.250E-05     0.568E-05
     0.212E+01     0.625E-05    -0.924E-05     0.254E-05     0.585E-05
     0.213E+01     0.658E-05    -0.974E-05     0.260E-05     0.606E-05
     0.213E+01     0.692E-05    -0.102E-04     0.267E-05     0.630E-05
     0.214E+01     0.725E-05    -0.107E-04     0.275E-05     0.656E-05
     0.215E+01     0.756E-05    -0.112E-04     0.285E-05     0.684E-05
     0.215E+01     0.785E-05    -0.116E-04     0.296E-05     0.711E-05
     0.216E+01     0.809E-05    -0.120E-04     0.309E-05     0.737E-05
     0.217E+01     0.829E-05    -0.123E-04     0.322E-05     0.761E-05
     0.217E+01     0.845E-05    -0.125E-04     0.336E-05     0.782E-05
     0.218E+01     0.854E-05    -0.127E-04     0.351E-05     0.799E-05
     0.219E+01     0.859E-05    -0.127E-04     0.366E-05     0.812E-05
     0.219E+01     0.858E-05    -0.127E-04     0.381E-05     0.820E-05
     0.220E+01     0.852E-05    -0.126E-04     0.396E-05     0.823E-05
     0.221E+01     0.841E-05    -0.125E-04     0.410E-05     0.821E-05
     0.221E+01     0.827E-05    -0.123E-04     0.423E-05     0.814E-05
     0.222E+01     0.810E-05    -0.120E-04     0.436E-05     0.802E-05
     0.223E+01     0.791E-05    -0.117E-04     0.448E-05     0.787E-05
     0.223E+01     0.771E-05    -0.114E-04     0.458E-05     0.768E-05
     0.224E+01     0.751E-05    -0.111E-04     0.467E-05     0.746E-05
     0.224E+01     0.732E-05    -0.108E-04     0.475E-05     0.723E-05
     0.225E+01     0.716E-05    -0.106E-04     0.483E-05     0.699E-05
     0.226E+01     0.703E-05    -0.104E-04     0.489E-05     0.676E-05
     0.226E+01     0.694E-05    -0.103E-04     0.494E-05     0.653E-05
     0.227E+01     0.690E-05    -0.102E-04     0.499E-05     0.633E-05
     0.228E+01     0.690E-05    -0.102E-04     0.503E-05     0.615E-05
     0.228E+01     0.696E-05    -0.103E-04     0.508E-05     0.601E-05
     0.229E+01     0.708E-05    -0.105E-04     0.512E-05     0.590E-05
     0.230E+01     0.724E-05    -0.107E-04     0.517E-05     0.584E-05
     0.230E+01     0.745E-05    -0.110E-04     0.523E-05     0.582E-05
     0.231E+01     0.770E-05    -0.114E-04     0.530E-05     0.585E-05
     0.232E+01     0.799E-05    -0.118E-04     0.538E-05     0.591E-05
     0.232E+01     0.830E-05    -0.123E-04     0.548E-05     0.601E-05
     0.233E+01     0.862E-05    -0.128E-04     0.559E-05     0.615E-05
     0.234E+01     0.895E-05    -0.133E-04     0.572E-05     0.631E-05
     0.234E+01     0.928E-05    -0.137E-04     0.587E-05     0.649E-05
     0.235E+01     0.958E-05    -0.142E-04     0.603E-05     0.668E-05
     0.236E+01     0.987E-05    -0.146E-04     0.622E-05     0.687E-05
     0.236E+01     0.101E-04    -0.150E-04     0.641E-05     0.706E-05
     0.237E+01     0.103E-04    -0.153E-04     0.663E-05     0.723E-05
     0.238E+01     0.105E-04    -0.155E-04     0.685E-05     0.738E-05
     0.238E+01     0.106E-04    -0.157E-04     0.708E-05     0.751E-05
     0.239E+01     0.107E-04    -0.158E-04     0.733E-05     0.760E-05
     0.240E+01     0.107E-04    -0.158E-04     0.757E-05     0.765E-05
     0.240E+01     0.107E-04    -0.158E-04     0.782E-05     0.766E-05
     0.241E+01     0.106E-04    -0.157E-04     0.806E-05     0.763E-05
     0.242E+01     0.105E-04    -0.156E-04     0.831E-05     0.756E-05
     0.242E+01     0.104E-04    -0.154E-04     0.854E-05     0.745E-05
     0.243E+01     0.102E-04    -0.151E-04     0.877E-05     0.730E-05
     0.243E+01     0.101E-04    -0.149E-04     0.899E-05     0.712E-05
     0.244E+01     0.990E-05    -0.147E-04     0.920E-05     0.691E-05
     0.245E+01     0.975E-05    -0.145E-04     0.940E-05     0.669E-05
     0.245E+01     0.963E-05    -0.143E-04     0.958E-05     0.645E-05
     0.246E+01     0.953E-05    -0.141E-04     0.976E-05     0.620E-05
     0.247E+01     0.947E-05    -0.140E-04     0.993E-05     0.596E-05
     0.247E+01     0.945E-05    -0.140E-04     0.101E-04     0.572E-05
     0.248E+01     0.948E-05    -0.140E-04     0.102E-04     0.549E-05
     0.249E+01     0.955E-05    -0.141E-04     0.104E-04     0.529E-05
     0.249E+01     0.968E-05    -0.143E-04     0.106E-04     0.510E-05
     0.250E+01     0.985E-05    -0.146E-04     0.107E-04     0.495E-05
     0.251E+01     0.101E-04    -0.149E-04     0.109E-04     0.482E-05
     0.251E+01     0.103E-04    -0.152E-04     0.111E-04     0.472E-05
     0.252E+01     0.106E-04    -0.157E-04     0.112E-04     0.465E-05
     0.253E+01     0.109E-04    -0.161E-04     0.114E-04     0.460E-05
     0.253E+01     0.112E-04    -0.166E-04     0.117E-04     0.457E-05
     0.254E+01     0.115E-04    -0.171E-04     0.119E-04     0.456E-05
     0.255E+01     0.118E-04    -0.175E-04     0.122E-04     0.456E-05
     0.255E+01     0.121E-04    -0.180E-04     0.124E-04     0.457E-05
     0.256E+01     0.124E-04    -0.184E-04     0.127E-04     0.457E-05
     0.257E+01     0.127E-04    -0.187E-04     0.130E-04     0.456E-05
     0.257E+01     0.129E-04    -0.190E-04     0.133E-04     0.454E-05
     0.258E+01     0.130E-04    -0.193E-04     0.137E-04     0.450E-05
     0.259E+01     0.131E-04    -0.195E-04     0.140E-04     0.442E-05
     0.259E+01     0.132E-04    -0.196E-04     0.144E-04     0.432E-05
     0.260E+01     0.132E-04    -0.196E-04     0.147E-04     0.418E-05
     0.260E+01     0.132E-04    -0.196E-04     0.151E-04     0.399E-05
     0.261E+01     0.132E-04    -0.195E-04     0.155E-04     0.377E-05
     0.262E+01     0.131E-04    -0.194E-04     0.158E-04     0.350E-05
     0.262E+01     0.130E-04    -0.192E-04     0.161E-04     0.319E-05
     0.263E+01     0.128E-04    -0.190E-04     0.165E-04     0.284E-05
     0.264E+01     0.127E-04    -0.188E-04     0.168E-04     0.246E-05
     0.264E+01     0.126E-04    -0.186E-04     0.171E-04     0.204E-05
     0.265E+01     0.124E-04    -0.184E-04     0.174E-04     0.159E-05
     0.266E+01     0.123E-04    -0.182E-04     0.176E-04     0.112E-05
     0.266E+01     0.122E-04    -0.181E-04     0.179E-04     0.638E-06
     0.267E+01     0.122E-04    -0.180E-04     0.181E-04     0.142E-06
     0.268E+01     0.121E-04    -0.180E-04     0.183E-04    -0.359E-06
     0.268E+01     0.121E-04    -0.180E-04     0.185E-04    -0.861E-06
     0.269E+01     0.122E-04    -0.181E-04     0.187E-04    -0.136E-05
     0.270E+01     0.123E-04    -0.182E-04     0.189E-04    -0.184E-05
     0.270E+01     0.125E-04    -0.184E-04     0.190E-04    -0.232E-05
     0.271E+01     0.126E-04    -0.187E-04     0.192E-04    -0.278E-05
     0.272E+01     0.129E-04    -0.190E-04     0.193E-04    -0.322E-05
     0.272E+01     0.131E-04    -0.194E-04     0.195E-04    -0.365E-05
     0.273E+01     0.134E-04    -0.198E-04     0.196E-04    -0.406E-05
     0.274E+01     0.137E-04    -0.202E-04     0.198E-04    -0.447E-05
     0.274E+01     0.139E-04    -0.206E-04     0.199E-04    -0.486E-05
     0.275E+01     0.142E-04    -0.210E-04     0.201E-04    -0.524E-05
     0.276E+01     0.145E-04    -0.214E-04     0.202E-04    -0.562E-05
     0.276E+01     0.147E-04    -0.218E-04     0.204E-04    -0.601E-05
     0.277E+01     0.149E-04    -0.221E-04     0.205E-04    -0.640E-05
     0.278E+01     0.151E-04    -0.223E-04     0.207E-04    -0.681E-05
     0.278E+01     0.152E-04    -0.225E-04     0.208E-04    -0.723E-05
     0.279E+01     0.153E-04    -0.226E-04     0.210E-04    -0.767E-05
     0.279E+01     0.153E-04    -0.227E-04     0.211E-04    -0.814E-05
     0.280E+01     0.153E-04    -0.227E-04     0.212E-04    -0.863E-05
     0.281E+01     0.153E-04    -0.226E-04     0.213E-04    -0.916E-05
     0.281E+01     0.152E-04    -0.225E-04     0.214E-04    -0.971E-05
     0.282E+01     0.150E-04    -0.223E-04     0.215E-04    -0.103E-04
     0.283E+01     0.149E-04    -0.221E-04     0.215E-04    -0.109E-04
     0.283E+01     0.147E-04    -0.218E-04     0.215E-04    -0.115E-04
     0.284E+01     0.145E-04    -0.215E-04     0.215E-04    -0.122E-04
     0.285E+01     0.144E-04    -0.213E-04     0.214E-04    -0.128E-04
     0.285E+01     0.142E-04    -0.210E-04     0.213E-04    -0.135E-04
     0.286E+01     0.140E-04    -0.208E-04     0.211E-04    -0.142E-04
     0.287E+01     0.139E-04    -0.206E-04     0.209E-04    -0.149E-04
     0.287E+01     0.138E-04    -0.204E-04     0.206E-04    -0.156E-04
     0.288E+01     0.137E-04    -0.203E-04     0.204E-04    -0.162E-04
     0.289E+01     0.137E-04    -0.202E-04     0.200E-04    -0.169E-04
     0.289E+01     0.137E-04    -0.202E-04     0.197E-04    -0.175E-04
     0.290E+01     0.137E-04    -0.203E-04     0.193E-04    -0.181E-04
     0.291E+01     0.138E-04    -0.204E-04     0.189E-04    -0.186E-04
     0.291E+01     0.139E-04    -0.206E-04     0.185E-04    -0.191E-04
     0.292E+01     0.141E-04    -0.208E-04     0.180E-04    -0.196E-04
     0.293E+01     0.142E-04    -0.211E-04     0.175E-04    -0.200E-04
     0.293E+01     0.144E-04    -0.214E-04     0.171E-04    -0.204E-04
     0.294E+01     0.146E-04    -0.217E-04     0.166E-04    -0.207E-04
     0.295E+01     0.148E-04    -0.220E-04     0.161E-04    -0.210E-04
     0.295E+01     0.150E-04    -0.223E-04     0.156E-04    -0.212E-04
     0.296E+01     0.152E-04    -0.225E-04     0.151E-04    -0.215E-04
     0.296E+01     0.154E-04    -0.228E-04     0.146E-04    -0.216E-04
     0.297E+01     0.155E-04    -0.230E-04     0.141E-04    -0.218E-04
     0.298E+01     0.156E-04    -0.231E-04     0.137E-04    -0.219E-04
     0.298E+01     0.156E-04    -0.232E-04     0.132E-04    -0.220E-04
     0.299E+01     0.157E-04    -0.232E-04     0.128E-04    -0.221E-04
     0.300E+01     0.156E-04    -0.231E-04     0.123E-04    -0.222E-04
     0.300E+01     0.155E-04    -0.230E-04     0.119E-04    -0.223E-04
     0.301E+01     0.154E-04    -0.228E-04     0.114E-04    -0.224E-04
     0.302E+01     0.152E-04    -0.226E-04     0.110E-04    -0.224E-04
     0.302E+01     0.150E-04    -0.223E-04     0.105E-04    -0.225E-04
     0.303E+01     0.148E-04    -0.220E-04     0.100E-04    -0.226E-04
     0.304E+01     0.146E-04    -0.216E-04     0.956E-05    -0.226E-04
     0.304E+01     0.143E-04    -0.212E-04     0.907E-05    -0.227E-04
     0.305E+01     0.141E-04    -0.208E-04     0.857E-05    -0.227E-04
     0.306E+01     0.138E-04    -0.205E-04     0.806E-05    -0.227E-04
     0.306E+01     0.136E-04    -0.201E-04     0.754E-05    -0.228E-04
     0.307E+01     0.134E-04    -0.198E-04     0.700E-05    -0.228E-04
     0.308E+01     0.132E-04    -0.195E-04     0.645E-05    -0.227E-04
     0.308E+01     0.130E-04    -0.193E-04     0.589E-05    -0.227E-04
     0.309E+01     0.129E-04    -0.191E-04     0.533E-05    -0.226E-04
     0.310E+01     0.128E-04    -0.190E-04     0.475E-05    -0.225E-04
     0.310E+01     0.128E-04    -0.190E-04     0.418E-05    -0.224E-04
     0.311E+01     0.128E-04    -0.190E-04     0.361E-05    -0.222E-04
     0.312E+01     0.128E-04    -0.190E-04     0.305E-05    -0.219E-04
     0.312E+01     0.129E-04    -0.191E-04     0.250E-05    -0.217E-04
     0.313E+01     0.130E-04    -0.192E-04     0.197E-05    -0.214E-04
     0.314E+01     0.131E-04    -0.194E-04     0.146E-05    -0.210E-04
     0.314E+01     0.132E-04    -0.196E-04     0.974E-06    -0.206E-04
