 IPDIAG_EXTFLD: external perturbations on the control surface
       lmpert:      65
      mthsurf:     960
 MODES
       m         rebin         imbin        rebout        imbout
     -32     0.343E-06     0.656E-04    -0.155E-06     0.119E-04
     -31     0.657E-06     0.633E-04    -0.667E-06     0.630E-06
     -30     0.913E-06     0.594E-04     0.131E-05    -0.127E-04
     -29     0.113E-05     0.539E-04     0.976E-06    -0.266E-05
     -28     0.133E-05     0.467E-04    -0.198E-05     0.131E-04
     -27     0.153E-05     0.378E-04    -0.189E-05     0.733E-05
     -26     0.175E-05     0.270E-04     0.178E-05    -0.110E-04
     -25     0.201E-05     0.145E-04     0.315E-05    -0.138E-04
     -24     0.232E-05    -0.220E-08    -0.153E-06     0.363E-05
     -23     0.268E-05    -0.162E-04    -0.361E-05     0.177E-04
     -22     0.309E-05    -0.341E-04    -0.251E-05     0.101E-04
     -21     0.352E-05    -0.532E-04     0.158E-05    -0.110E-04
     -20     0.396E-05    -0.732E-04     0.400E-05    -0.218E-04
     -19     0.430E-05    -0.936E-04     0.226E-05    -0.109E-04
     -18     0.453E-05    -0.113E-03    -0.141E-05     0.128E-04
     -17     0.460E-05    -0.132E-03    -0.356E-05     0.276E-04
     -16     0.447E-05    -0.148E-03    -0.301E-05     0.221E-04
     -15     0.415E-05    -0.161E-03    -0.234E-06    -0.254E-05
     -14     0.362E-05    -0.169E-03     0.188E-05    -0.291E-04
     -13     0.292E-05    -0.171E-03     0.280E-05    -0.449E-04
     -12     0.212E-05    -0.167E-03     0.233E-05    -0.354E-04
     -11     0.124E-05    -0.155E-03     0.164E-05    -0.126E-04
     -10     0.370E-06    -0.135E-03    -0.270E-05     0.359E-04
      -9    -0.403E-06    -0.108E-03     0.430E-05     0.676E-04
      -8    -0.927E-06    -0.735E-04    -0.126E-04     0.113E-03
      -7    -0.113E-05    -0.339E-04     0.133E-04     0.120E-03
      -6    -0.994E-06     0.825E-05    -0.174E-04     0.106E-03
      -5    -0.911E-06     0.523E-04     0.142E-04     0.736E-04
      -4     0.109E-05     0.911E-04     0.253E-05    -0.241E-04
      -3     0.111E-05     0.126E-03     0.530E-05    -0.125E-03
      -2     0.689E-06     0.148E-03     0.159E-04    -0.235E-03
      -1     0.135E-04     0.175E-03     0.190E-04    -0.357E-03
       0     0.000E+00     0.128E-03     0.708E-05    -0.406E-03
       1    -0.135E-04     0.175E-03     0.161E-05    -0.358E-03
       2    -0.689E-06     0.148E-03     0.328E-05    -0.233E-03
       3    -0.111E-05     0.126E-03     0.479E-05    -0.643E-04
       4    -0.109E-05     0.911E-04     0.602E-06     0.115E-03
       5     0.911E-06     0.523E-04    -0.450E-05     0.261E-03
       6     0.994E-06     0.825E-05    -0.581E-05     0.326E-03
       7     0.113E-05    -0.339E-04    -0.280E-05     0.287E-03
       8     0.927E-06    -0.735E-04     0.145E-05     0.158E-03
       9     0.403E-06    -0.108E-03     0.364E-05    -0.198E-04
      10    -0.370E-06    -0.135E-03     0.223E-05    -0.191E-03
      11    -0.124E-05    -0.155E-03    -0.192E-05    -0.312E-03
      12    -0.212E-05    -0.167E-03    -0.676E-05    -0.362E-03
      13    -0.292E-05    -0.171E-03    -0.103E-04    -0.342E-03
      14    -0.362E-05    -0.169E-03    -0.116E-04    -0.271E-03
      15    -0.415E-05    -0.161E-03    -0.105E-04    -0.173E-03
      16    -0.447E-05    -0.148E-03    -0.805E-05    -0.723E-04
      17    -0.460E-05    -0.132E-03    -0.521E-05     0.135E-04
      18    -0.453E-05    -0.113E-03    -0.270E-05     0.743E-04
      19    -0.430E-05    -0.936E-04    -0.853E-06     0.106E-03
      20    -0.396E-05    -0.732E-04     0.423E-06     0.107E-03
      21    -0.352E-05    -0.532E-04     0.106E-05     0.819E-04
      22    -0.309E-05    -0.341E-04     0.757E-06     0.391E-04
      23    -0.268E-05    -0.162E-04    -0.565E-06    -0.660E-05
      24    -0.232E-05    -0.220E-08    -0.206E-05    -0.362E-04
      25    -0.201E-05     0.145E-04    -0.206E-05    -0.354E-04
      26    -0.175E-05     0.270E-04     0.879E-07    -0.797E-05
      27    -0.153E-05     0.378E-04     0.241E-05     0.209E-04
      28    -0.133E-05     0.467E-04     0.180E-05     0.224E-04
      29    -0.113E-05     0.539E-04    -0.113E-05    -0.310E-05
      30    -0.913E-06     0.594E-04    -0.174E-05    -0.203E-04
      31    -0.657E-06     0.633E-04     0.620E-06    -0.417E-05
      32    -0.343E-06     0.656E-04     0.489E-06     0.165E-04
 FUNCTIONS
         theta         rebin         imbin        rebout        imbout
    -0.314E+01     0.371E-21    -0.598E-05    -0.654E-04     0.322E-04
    -0.314E+01    -0.404E-12    -0.739E-05    -0.651E-04     0.344E-04
    -0.313E+01    -0.161E-11    -0.117E-04    -0.647E-04     0.358E-04
    -0.312E+01    -0.360E-11    -0.188E-04    -0.641E-04     0.365E-04
    -0.312E+01    -0.633E-11    -0.282E-04    -0.632E-04     0.365E-04
    -0.311E+01    -0.977E-11    -0.396E-04    -0.621E-04     0.359E-04
    -0.310E+01    -0.139E-10    -0.524E-04    -0.607E-04     0.349E-04
    -0.310E+01    -0.185E-10    -0.661E-04    -0.590E-04     0.336E-04
    -0.309E+01    -0.237E-10    -0.800E-04    -0.571E-04     0.322E-04
    -0.308E+01    -0.292E-10    -0.935E-04    -0.548E-04     0.308E-04
    -0.308E+01    -0.351E-10    -0.106E-03    -0.523E-04     0.296E-04
    -0.307E+01    -0.412E-10    -0.117E-03    -0.496E-04     0.287E-04
    -0.306E+01    -0.474E-10    -0.126E-03    -0.466E-04     0.282E-04
    -0.306E+01    -0.535E-10    -0.132E-03    -0.435E-04     0.283E-04
    -0.305E+01    -0.596E-10    -0.136E-03    -0.403E-04     0.290E-04
    -0.304E+01    -0.654E-10    -0.136E-03    -0.370E-04     0.302E-04
    -0.304E+01    -0.708E-10    -0.134E-03    -0.338E-04     0.321E-04
    -0.303E+01    -0.758E-10    -0.128E-03    -0.305E-04     0.346E-04
    -0.302E+01    -0.801E-10    -0.120E-03    -0.274E-04     0.376E-04
    -0.302E+01    -0.838E-10    -0.110E-03    -0.243E-04     0.409E-04
    -0.301E+01    -0.868E-10    -0.980E-04    -0.215E-04     0.446E-04
    -0.300E+01    -0.888E-10    -0.845E-04    -0.189E-04     0.484E-04
    -0.300E+01    -0.899E-10    -0.703E-04    -0.165E-04     0.522E-04
    -0.299E+01    -0.900E-10    -0.559E-04    -0.143E-04     0.559E-04
    -0.298E+01    -0.891E-10    -0.421E-04    -0.124E-04     0.592E-04
    -0.298E+01    -0.871E-10    -0.294E-04    -0.107E-04     0.621E-04
    -0.297E+01    -0.839E-10    -0.185E-04    -0.924E-05     0.644E-04
    -0.296E+01    -0.795E-10    -0.967E-05    -0.797E-05     0.660E-04
    -0.296E+01    -0.741E-10    -0.344E-05    -0.687E-05     0.668E-04
    -0.295E+01    -0.675E-10    -0.525E-07    -0.589E-05     0.668E-04
    -0.295E+01    -0.598E-10     0.362E-06    -0.500E-05     0.659E-04
    -0.294E+01    -0.511E-10    -0.221E-05    -0.414E-05     0.643E-04
    -0.293E+01    -0.414E-10    -0.763E-05    -0.328E-05     0.619E-04
    -0.293E+01    -0.307E-10    -0.157E-04    -0.238E-05     0.588E-04
    -0.292E+01    -0.192E-10    -0.259E-04    -0.139E-05     0.551E-04
    -0.291E+01    -0.705E-11    -0.379E-04    -0.285E-06     0.511E-04
    -0.291E+01     0.577E-11    -0.511E-04     0.956E-06     0.467E-04
    -0.290E+01     0.191E-10    -0.649E-04     0.235E-05     0.423E-04
    -0.289E+01     0.328E-10    -0.786E-04     0.391E-05     0.380E-04
    -0.289E+01     0.467E-10    -0.917E-04     0.562E-05     0.339E-04
    -0.288E+01     0.607E-10    -0.103E-03     0.747E-05     0.302E-04
    -0.287E+01     0.747E-10    -0.113E-03     0.945E-05     0.270E-04
    -0.287E+01     0.885E-10    -0.121E-03     0.115E-04     0.245E-04
    -0.286E+01     0.102E-09    -0.126E-03     0.136E-04     0.227E-04
    -0.285E+01     0.115E-09    -0.128E-03     0.158E-04     0.216E-04
    -0.285E+01     0.127E-09    -0.127E-03     0.179E-04     0.213E-04
    -0.284E+01     0.139E-09    -0.123E-03     0.199E-04     0.218E-04
    -0.283E+01     0.149E-09    -0.116E-03     0.218E-04     0.229E-04
    -0.283E+01     0.159E-09    -0.107E-03     0.235E-04     0.246E-04
    -0.282E+01     0.167E-09    -0.956E-04     0.251E-04     0.267E-04
    -0.281E+01     0.174E-09    -0.825E-04     0.264E-04     0.292E-04
    -0.281E+01     0.180E-09    -0.683E-04     0.274E-04     0.318E-04
    -0.280E+01     0.184E-09    -0.536E-04     0.282E-04     0.344E-04
    -0.279E+01     0.187E-09    -0.391E-04     0.287E-04     0.369E-04
    -0.279E+01     0.189E-09    -0.255E-04     0.289E-04     0.389E-04
    -0.278E+01     0.188E-09    -0.133E-04     0.288E-04     0.405E-04
    -0.278E+01     0.186E-09    -0.297E-05     0.286E-04     0.415E-04
    -0.277E+01     0.183E-09     0.491E-05     0.281E-04     0.417E-04
    -0.276E+01     0.178E-09     0.100E-04     0.275E-04     0.412E-04
    -0.276E+01     0.171E-09     0.122E-04     0.268E-04     0.399E-04
    -0.275E+01     0.163E-09     0.114E-04     0.260E-04     0.377E-04
    -0.274E+01     0.154E-09     0.750E-05     0.252E-04     0.348E-04
    -0.274E+01     0.143E-09     0.841E-06     0.244E-04     0.313E-04
    -0.273E+01     0.130E-09    -0.830E-05     0.238E-04     0.272E-04
    -0.272E+01     0.117E-09    -0.195E-04     0.232E-04     0.226E-04
    -0.272E+01     0.102E-09    -0.323E-04     0.228E-04     0.178E-04
    -0.271E+01     0.871E-10    -0.460E-04     0.226E-04     0.129E-04
    -0.270E+01     0.710E-10    -0.600E-04     0.226E-04     0.813E-05
    -0.270E+01     0.543E-10    -0.736E-04     0.229E-04     0.360E-05
    -0.269E+01     0.371E-10    -0.864E-04     0.233E-04    -0.484E-06
    -0.268E+01     0.196E-10    -0.975E-04     0.239E-04    -0.398E-05
    -0.268E+01     0.196E-11    -0.107E-03     0.246E-04    -0.677E-05
    -0.267E+01    -0.156E-10    -0.113E-03     0.255E-04    -0.876E-05
    -0.266E+01    -0.331E-10    -0.117E-03     0.265E-04    -0.988E-05
    -0.266E+01    -0.501E-10    -0.118E-03     0.275E-04    -0.101E-04
    -0.265E+01    -0.666E-10    -0.115E-03     0.285E-04    -0.951E-05
    -0.264E+01    -0.825E-10    -0.110E-03     0.294E-04    -0.810E-05
    -0.264E+01    -0.976E-10    -0.102E-03     0.303E-04    -0.598E-05
    -0.263E+01    -0.112E-09    -0.911E-04     0.310E-04    -0.328E-05
    -0.262E+01    -0.125E-09    -0.785E-04     0.315E-04    -0.154E-06
    -0.262E+01    -0.137E-09    -0.645E-04     0.318E-04     0.322E-05
    -0.261E+01    -0.147E-09    -0.497E-04     0.318E-04     0.665E-05
    -0.260E+01    -0.156E-09    -0.348E-04     0.316E-04     0.996E-05
    -0.260E+01    -0.164E-09    -0.203E-04     0.311E-04     0.130E-04
    -0.259E+01    -0.170E-09    -0.689E-05     0.304E-04     0.155E-04
    -0.259E+01    -0.175E-09     0.477E-05     0.295E-04     0.174E-04
    -0.258E+01    -0.178E-09     0.142E-04     0.283E-04     0.185E-04
    -0.257E+01    -0.180E-09     0.210E-04     0.270E-04     0.188E-04
    -0.257E+01    -0.180E-09     0.249E-04     0.256E-04     0.182E-04
    -0.256E+01    -0.178E-09     0.257E-04     0.240E-04     0.167E-04
    -0.255E+01    -0.176E-09     0.234E-04     0.225E-04     0.143E-04
    -0.255E+01    -0.171E-09     0.181E-04     0.210E-04     0.112E-04
    -0.254E+01    -0.165E-09     0.100E-04     0.197E-04     0.740E-05
    -0.253E+01    -0.158E-09    -0.405E-06     0.184E-04     0.306E-05
    -0.253E+01    -0.150E-09    -0.127E-04     0.173E-04    -0.163E-05
    -0.252E+01    -0.141E-09    -0.264E-04     0.165E-04    -0.649E-05
    -0.251E+01    -0.131E-09    -0.407E-04     0.159E-04    -0.113E-04
    -0.251E+01    -0.120E-09    -0.551E-04     0.155E-04    -0.159E-04
    -0.250E+01    -0.108E-09    -0.689E-04     0.154E-04    -0.201E-04
    -0.249E+01    -0.961E-10    -0.813E-04     0.155E-04    -0.236E-04
    -0.249E+01    -0.835E-10    -0.920E-04     0.159E-04    -0.264E-04
    -0.248E+01    -0.707E-10    -0.100E-03     0.165E-04    -0.283E-04
    -0.247E+01    -0.578E-10    -0.106E-03     0.172E-04    -0.293E-04
    -0.247E+01    -0.449E-10    -0.108E-03     0.180E-04    -0.293E-04
    -0.246E+01    -0.321E-10    -0.108E-03     0.189E-04    -0.282E-04
    -0.245E+01    -0.197E-10    -0.104E-03     0.198E-04    -0.263E-04
    -0.245E+01    -0.771E-11    -0.971E-04     0.207E-04    -0.235E-04
    -0.244E+01     0.375E-11    -0.877E-04     0.214E-04    -0.199E-04
    -0.243E+01     0.146E-10    -0.759E-04     0.220E-04    -0.159E-04
    -0.243E+01     0.246E-10    -0.623E-04     0.224E-04    -0.115E-04
    -0.242E+01     0.338E-10    -0.475E-04     0.225E-04    -0.688E-05
    -0.242E+01     0.421E-10    -0.322E-04     0.224E-04    -0.239E-05
    -0.241E+01     0.495E-10    -0.169E-04     0.221E-04     0.182E-05
    -0.240E+01     0.558E-10    -0.252E-05     0.214E-04     0.552E-05
    -0.240E+01     0.610E-10     0.105E-04     0.205E-04     0.855E-05
    -0.239E+01     0.652E-10     0.215E-04     0.194E-04     0.107E-04
    -0.238E+01     0.684E-10     0.299E-04     0.180E-04     0.120E-04
    -0.238E+01     0.705E-10     0.356E-04     0.165E-04     0.122E-04
    -0.237E+01     0.715E-10     0.381E-04     0.149E-04     0.113E-04
    -0.236E+01     0.716E-10     0.373E-04     0.132E-04     0.937E-05
    -0.236E+01     0.707E-10     0.334E-04     0.115E-04     0.648E-05
    -0.235E+01     0.690E-10     0.265E-04     0.987E-05     0.273E-05
    -0.234E+01     0.664E-10     0.169E-04     0.837E-05    -0.174E-05
    -0.234E+01     0.631E-10     0.503E-05     0.703E-05    -0.673E-05
    -0.233E+01     0.593E-10    -0.853E-05     0.591E-05    -0.120E-04
    -0.232E+01     0.549E-10    -0.232E-04     0.505E-05    -0.174E-04
    -0.232E+01     0.500E-10    -0.383E-04     0.446E-05    -0.226E-04
    -0.231E+01     0.449E-10    -0.531E-04     0.418E-05    -0.274E-04
    -0.230E+01     0.395E-10    -0.669E-04     0.419E-05    -0.316E-04
    -0.230E+01     0.341E-10    -0.791E-04     0.449E-05    -0.350E-04
    -0.229E+01     0.287E-10    -0.892E-04     0.506E-05    -0.373E-04
    -0.228E+01     0.235E-10    -0.967E-04     0.586E-05    -0.386E-04
    -0.228E+01     0.185E-10    -0.101E-03     0.684E-05    -0.388E-04
    -0.227E+01     0.138E-10    -0.102E-03     0.795E-05    -0.377E-04
    -0.226E+01     0.956E-11    -0.100E-03     0.913E-05    -0.355E-04
    -0.226E+01     0.585E-11    -0.951E-04     0.103E-04    -0.322E-04
    -0.225E+01     0.274E-11    -0.868E-04     0.115E-04    -0.279E-04
    -0.224E+01     0.291E-12    -0.759E-04     0.125E-04    -0.229E-04
    -0.224E+01    -0.143E-11    -0.628E-04     0.133E-04    -0.174E-04
    -0.223E+01    -0.239E-11    -0.480E-04     0.140E-04    -0.116E-04
    -0.223E+01    -0.255E-11    -0.324E-04     0.143E-04    -0.575E-05
    -0.222E+01    -0.190E-11    -0.164E-04     0.144E-04    -0.132E-06
    -0.221E+01    -0.436E-12    -0.914E-06     0.141E-04     0.499E-05
    -0.221E+01     0.184E-11     0.135E-04     0.136E-04     0.939E-05
    -0.220E+01     0.489E-11     0.261E-04     0.127E-04     0.128E-04
    -0.219E+01     0.870E-11     0.363E-04     0.116E-04     0.152E-04
    -0.219E+01     0.132E-10     0.438E-04     0.102E-04     0.162E-04
    -0.218E+01     0.183E-10     0.481E-04     0.863E-05     0.160E-04
    -0.217E+01     0.241E-10     0.491E-04     0.692E-05     0.145E-04
    -0.217E+01     0.302E-10     0.467E-04     0.513E-05     0.116E-04
    -0.216E+01     0.368E-10     0.411E-04     0.334E-05     0.762E-05
    -0.215E+01     0.437E-10     0.324E-04     0.160E-05     0.260E-05
    -0.215E+01     0.508E-10     0.211E-04    -0.592E-08    -0.322E-05
    -0.214E+01     0.579E-10     0.774E-05    -0.142E-05    -0.959E-05
    -0.213E+01     0.650E-10    -0.718E-05    -0.260E-05    -0.162E-04
    -0.213E+01     0.719E-10    -0.229E-04    -0.348E-05    -0.229E-04
    -0.212E+01     0.786E-10    -0.388E-04    -0.404E-05    -0.292E-04
    -0.211E+01     0.848E-10    -0.541E-04    -0.426E-05    -0.349E-04
    -0.211E+01     0.905E-10    -0.680E-04    -0.413E-05    -0.397E-04
    -0.210E+01     0.956E-10    -0.800E-04    -0.366E-05    -0.434E-04
    -0.209E+01     0.100E-09    -0.895E-04    -0.287E-05    -0.458E-04
    -0.209E+01     0.104E-09    -0.961E-04    -0.181E-05    -0.468E-04
    -0.208E+01     0.106E-09    -0.994E-04    -0.522E-06    -0.463E-04
    -0.207E+01     0.108E-09    -0.992E-04     0.939E-06    -0.442E-04
    -0.207E+01     0.108E-09    -0.956E-04     0.250E-05    -0.407E-04
    -0.206E+01     0.108E-09    -0.886E-04     0.409E-05    -0.359E-04
    -0.206E+01     0.106E-09    -0.787E-04     0.565E-05    -0.300E-04
    -0.205E+01     0.103E-09    -0.661E-04     0.708E-05    -0.231E-04
    -0.204E+01     0.988E-10    -0.515E-04     0.833E-05    -0.157E-04
    -0.204E+01     0.934E-10    -0.355E-04     0.934E-05    -0.797E-05
    -0.203E+01     0.867E-10    -0.188E-04     0.100E-04    -0.302E-06
    -0.202E+01     0.789E-10    -0.220E-05     0.104E-04     0.697E-05
    -0.202E+01     0.700E-10     0.137E-04     0.104E-04     0.135E-04
    -0.201E+01     0.600E-10     0.280E-04     0.101E-04     0.190E-04
    -0.200E+01     0.490E-10     0.402E-04     0.938E-05     0.232E-04
    -0.200E+01     0.371E-10     0.497E-04     0.832E-05     0.259E-04
    -0.199E+01     0.243E-10     0.561E-04     0.695E-05     0.269E-04
    -0.198E+01     0.109E-10     0.590E-04     0.533E-05     0.262E-04
    -0.198E+01    -0.316E-11     0.584E-04     0.351E-05     0.237E-04
    -0.197E+01    -0.176E-10     0.543E-04     0.156E-05     0.195E-04
    -0.196E+01    -0.324E-10     0.467E-04    -0.440E-06     0.138E-04
    -0.196E+01    -0.474E-10     0.362E-04    -0.241E-05     0.678E-05
    -0.195E+01    -0.624E-10     0.230E-04    -0.429E-05    -0.127E-05
    -0.194E+01    -0.773E-10     0.791E-05    -0.598E-05    -0.100E-04
    -0.194E+01    -0.918E-10    -0.850E-05    -0.743E-05    -0.191E-04
    -0.193E+01    -0.106E-09    -0.255E-04    -0.857E-05    -0.282E-04
    -0.192E+01    -0.120E-09    -0.422E-04    -0.937E-05    -0.367E-04
    -0.192E+01    -0.132E-09    -0.580E-04    -0.978E-05    -0.444E-04
    -0.191E+01    -0.144E-09    -0.721E-04    -0.980E-05    -0.509E-04
    -0.190E+01    -0.155E-09    -0.838E-04    -0.942E-05    -0.559E-04
    -0.190E+01    -0.165E-09    -0.926E-04    -0.866E-05    -0.591E-04
    -0.189E+01    -0.174E-09    -0.982E-04    -0.755E-05    -0.604E-04
    -0.188E+01    -0.181E-09    -0.100E-03    -0.614E-05    -0.596E-04
    -0.188E+01    -0.187E-09    -0.983E-04    -0.448E-05    -0.567E-04
    -0.187E+01    -0.191E-09    -0.929E-04    -0.265E-05    -0.518E-04
    -0.187E+01    -0.194E-09    -0.841E-04    -0.719E-06    -0.451E-04
    -0.186E+01    -0.195E-09    -0.722E-04     0.123E-05    -0.368E-04
    -0.185E+01    -0.194E-09    -0.578E-04     0.311E-05    -0.272E-04
    -0.185E+01    -0.192E-09    -0.415E-04     0.485E-05    -0.168E-04
    -0.184E+01    -0.189E-09    -0.241E-04     0.638E-05    -0.588E-05
    -0.183E+01    -0.183E-09    -0.620E-05     0.762E-05     0.500E-05
    -0.183E+01    -0.176E-09     0.113E-04     0.852E-05     0.154E-04
    -0.182E+01    -0.168E-09     0.276E-04     0.905E-05     0.248E-04
    -0.181E+01    -0.158E-09     0.419E-04     0.918E-05     0.329E-04
    -0.181E+01    -0.147E-09     0.537E-04     0.890E-05     0.392E-04
    -0.180E+01    -0.134E-09     0.624E-04     0.823E-05     0.434E-04
    -0.179E+01    -0.121E-09     0.676E-04     0.717E-05     0.452E-04
    -0.179E+01    -0.106E-09     0.690E-04     0.578E-05     0.447E-04
    -0.178E+01    -0.907E-10     0.666E-04     0.411E-05     0.416E-04
    -0.177E+01    -0.745E-10     0.604E-04     0.222E-05     0.360E-04
    -0.177E+01    -0.578E-10     0.507E-04     0.187E-06     0.282E-04
    -0.176E+01    -0.406E-10     0.380E-04    -0.192E-05     0.184E-04
    -0.175E+01    -0.233E-10     0.227E-04    -0.400E-05     0.693E-05
    -0.175E+01    -0.581E-11     0.569E-05    -0.600E-05    -0.573E-05
    -0.174E+01     0.116E-10    -0.124E-04    -0.782E-05    -0.191E-04
    -0.173E+01     0.287E-10    -0.308E-04    -0.940E-05    -0.326E-04
    -0.173E+01     0.454E-10    -0.485E-04    -0.107E-04    -0.458E-04
    -0.172E+01     0.616E-10    -0.649E-04    -0.116E-04    -0.579E-04
    -0.171E+01     0.770E-10    -0.791E-04    -0.122E-04    -0.686E-04
    -0.171E+01     0.916E-10    -0.905E-04    -0.124E-04    -0.772E-04
    -0.170E+01     0.105E-09    -0.986E-04    -0.122E-04    -0.835E-04
    -0.170E+01     0.118E-09    -0.103E-03    -0.116E-04    -0.871E-04
    -0.169E+01     0.129E-09    -0.103E-03    -0.106E-04    -0.877E-04
    -0.168E+01     0.139E-09    -0.996E-04    -0.940E-05    -0.852E-04
    -0.168E+01     0.148E-09    -0.922E-04    -0.790E-05    -0.797E-04
    -0.167E+01     0.155E-09    -0.811E-04    -0.622E-05    -0.714E-04
    -0.166E+01     0.161E-09    -0.670E-04    -0.442E-05    -0.604E-04
    -0.166E+01     0.165E-09    -0.505E-04    -0.257E-05    -0.472E-04
    -0.165E+01     0.168E-09    -0.322E-04    -0.742E-06    -0.322E-04
    -0.164E+01     0.169E-09    -0.130E-04     0.989E-06    -0.160E-04
    -0.164E+01     0.169E-09     0.630E-05     0.256E-05     0.660E-06
    -0.163E+01     0.167E-09     0.248E-04     0.393E-05     0.172E-04
    -0.162E+01     0.164E-09     0.416E-04     0.503E-05     0.330E-04
    -0.162E+01     0.160E-09     0.560E-04     0.586E-05     0.473E-04
    -0.161E+01     0.154E-09     0.673E-04     0.637E-05     0.595E-04
    -0.160E+01     0.147E-09     0.751E-04     0.659E-05     0.691E-04
    -0.160E+01     0.140E-09     0.789E-04     0.650E-05     0.755E-04
    -0.159E+01     0.131E-09     0.785E-04     0.613E-05     0.785E-04
    -0.158E+01     0.121E-09     0.739E-04     0.552E-05     0.777E-04
    -0.158E+01     0.111E-09     0.653E-04     0.471E-05     0.732E-04
    -0.157E+01     0.100E-09     0.531E-04     0.374E-05     0.650E-04
    -0.156E+01     0.887E-10     0.379E-04     0.267E-05     0.533E-04
    -0.156E+01     0.771E-10     0.201E-04     0.155E-05     0.384E-04
    -0.155E+01     0.653E-10     0.795E-06     0.441E-06     0.209E-04
    -0.154E+01     0.535E-10    -0.193E-04    -0.616E-06     0.141E-05
    -0.154E+01     0.419E-10    -0.393E-04    -0.158E-05    -0.194E-04
    -0.153E+01     0.305E-10    -0.583E-04    -0.241E-05    -0.408E-04
    -0.152E+01     0.194E-10    -0.754E-04    -0.308E-05    -0.620E-04
    -0.152E+01     0.889E-11    -0.897E-04    -0.360E-05    -0.821E-04
    -0.151E+01    -0.107E-11    -0.101E-03    -0.394E-05    -0.100E-03
    -0.151E+01    -0.104E-10    -0.108E-03    -0.414E-05    -0.116E-03
    -0.150E+01    -0.189E-10    -0.111E-03    -0.420E-05    -0.128E-03
    -0.149E+01    -0.265E-10    -0.109E-03    -0.416E-05    -0.136E-03
    -0.149E+01    -0.333E-10    -0.103E-03    -0.406E-05    -0.141E-03
    -0.148E+01    -0.391E-10    -0.935E-04    -0.394E-05    -0.140E-03
    -0.147E+01    -0.440E-10    -0.798E-04    -0.384E-05    -0.135E-03
    -0.147E+01    -0.478E-10    -0.630E-04    -0.381E-05    -0.126E-03
    -0.146E+01    -0.507E-10    -0.438E-04    -0.388E-05    -0.112E-03
    -0.145E+01    -0.525E-10    -0.231E-04    -0.408E-05    -0.940E-04
    -0.145E+01    -0.535E-10    -0.171E-05    -0.443E-05    -0.729E-04
    -0.144E+01    -0.535E-10     0.193E-04    -0.494E-05    -0.492E-04
    -0.143E+01    -0.526E-10     0.390E-04    -0.560E-05    -0.237E-04
    -0.143E+01    -0.509E-10     0.565E-04    -0.639E-05     0.265E-05
    -0.142E+01    -0.485E-10     0.710E-04    -0.728E-05     0.289E-04
    -0.141E+01    -0.454E-10     0.819E-04    -0.821E-05     0.542E-04
    -0.141E+01    -0.418E-10     0.885E-04    -0.912E-05     0.775E-04
    -0.140E+01    -0.377E-10     0.906E-04    -0.993E-05     0.978E-04
    -0.139E+01    -0.332E-10     0.881E-04    -0.106E-04     0.114E-03
    -0.139E+01    -0.285E-10     0.810E-04    -0.109E-04     0.127E-03
    -0.138E+01    -0.236E-10     0.695E-04    -0.109E-04     0.134E-03
    -0.137E+01    -0.188E-10     0.543E-04    -0.105E-04     0.136E-03
    -0.137E+01    -0.140E-10     0.359E-04    -0.952E-05     0.132E-03
    -0.136E+01    -0.933E-11     0.151E-04    -0.799E-05     0.123E-03
    -0.135E+01    -0.499E-11    -0.706E-05    -0.586E-05     0.109E-03
    -0.135E+01    -0.104E-11    -0.297E-04    -0.309E-05     0.897E-04
    -0.134E+01     0.242E-11    -0.517E-04     0.291E-06     0.661E-04
    -0.134E+01     0.533E-11    -0.722E-04     0.426E-05     0.388E-04
    -0.133E+01     0.760E-11    -0.902E-04     0.875E-05     0.887E-05
    -0.132E+01     0.916E-11    -0.105E-03     0.137E-04    -0.229E-04
    -0.132E+01     0.997E-11    -0.115E-03     0.189E-04    -0.553E-04
    -0.131E+01     0.999E-11    -0.121E-03     0.242E-04    -0.873E-04
    -0.130E+01     0.918E-11    -0.123E-03     0.295E-04    -0.118E-03
    -0.130E+01     0.753E-11    -0.119E-03     0.346E-04    -0.146E-03
    -0.129E+01     0.505E-11    -0.110E-03     0.393E-04    -0.170E-03
    -0.128E+01     0.173E-11    -0.971E-04     0.433E-04    -0.190E-03
    -0.128E+01    -0.238E-11    -0.801E-04     0.465E-04    -0.205E-03
    -0.127E+01    -0.727E-11    -0.599E-04     0.487E-04    -0.214E-03
    -0.126E+01    -0.129E-10    -0.374E-04     0.496E-04    -0.217E-03
    -0.126E+01    -0.191E-10    -0.136E-04     0.492E-04    -0.214E-03
    -0.125E+01    -0.259E-10     0.105E-04     0.473E-04    -0.205E-03
    -0.124E+01    -0.332E-10     0.337E-04     0.438E-04    -0.190E-03
    -0.124E+01    -0.409E-10     0.550E-04     0.388E-04    -0.169E-03
    -0.123E+01    -0.489E-10     0.735E-04     0.322E-04    -0.143E-03
    -0.122E+01    -0.570E-10     0.882E-04     0.241E-04    -0.113E-03
    -0.122E+01    -0.652E-10     0.984E-04     0.147E-04    -0.803E-04
    -0.121E+01    -0.734E-10     0.104E-03     0.411E-05    -0.452E-04
    -0.120E+01    -0.814E-10     0.104E-03    -0.733E-05    -0.899E-05
    -0.120E+01    -0.890E-10     0.984E-04    -0.194E-04     0.271E-04
    -0.119E+01    -0.963E-10     0.881E-04    -0.317E-04     0.620E-04
    -0.118E+01    -0.103E-09     0.730E-04    -0.439E-04     0.945E-04
    -0.118E+01    -0.109E-09     0.538E-04    -0.556E-04     0.124E-03
    -0.117E+01    -0.114E-09     0.314E-04    -0.664E-04     0.149E-03
    -0.117E+01    -0.119E-09     0.672E-05    -0.758E-04     0.169E-03
    -0.116E+01    -0.122E-09    -0.191E-04    -0.836E-04     0.183E-03
    -0.115E+01    -0.124E-09    -0.450E-04    -0.893E-04     0.192E-03
    -0.115E+01    -0.126E-09    -0.698E-04    -0.925E-04     0.194E-03
    -0.114E+01    -0.126E-09    -0.923E-04    -0.931E-04     0.190E-03
    -0.113E+01    -0.124E-09    -0.111E-03    -0.909E-04     0.180E-03
    -0.113E+01    -0.122E-09    -0.126E-03    -0.856E-04     0.165E-03
    -0.112E+01    -0.118E-09    -0.136E-03    -0.772E-04     0.144E-03
    -0.111E+01    -0.113E-09    -0.141E-03    -0.658E-04     0.119E-03
    -0.111E+01    -0.106E-09    -0.140E-03    -0.515E-04     0.903E-04
    -0.110E+01    -0.988E-10    -0.133E-03    -0.345E-04     0.591E-04
    -0.109E+01    -0.899E-10    -0.121E-03    -0.150E-04     0.262E-04
    -0.109E+01    -0.798E-10    -0.104E-03     0.635E-05    -0.735E-05
    -0.108E+01    -0.687E-10    -0.824E-04     0.293E-04    -0.405E-04
    -0.107E+01    -0.565E-10    -0.577E-04     0.531E-04    -0.721E-04
    -0.107E+01    -0.435E-10    -0.308E-04     0.774E-04    -0.102E-03
    -0.106E+01    -0.296E-10    -0.278E-05     0.101E-03    -0.128E-03
    -0.105E+01    -0.151E-10     0.250E-04     0.124E-03    -0.150E-03
    -0.105E+01    -0.678E-20     0.512E-04     0.146E-03    -0.168E-03
    -0.104E+01     0.155E-10     0.748E-04     0.165E-03    -0.181E-03
    -0.103E+01     0.312E-10     0.945E-04     0.181E-03    -0.189E-03
    -0.103E+01     0.471E-10     0.110E-03     0.193E-03    -0.192E-03
    -0.102E+01     0.629E-10     0.119E-03     0.202E-03    -0.189E-03
    -0.101E+01     0.785E-10     0.123E-03     0.206E-03    -0.182E-03
    -0.101E+01     0.937E-10     0.120E-03     0.205E-03    -0.170E-03
    -0.100E+01     0.108E-09     0.111E-03     0.199E-03    -0.154E-03
    -0.995E+00     0.122E-09     0.961E-04     0.187E-03    -0.135E-03
    -0.988E+00     0.136E-09     0.760E-04     0.171E-03    -0.113E-03
    -0.982E+00     0.148E-09     0.515E-04     0.148E-03    -0.888E-04
    -0.975E+00     0.159E-09     0.236E-04     0.121E-03    -0.638E-04
    -0.969E+00     0.169E-09    -0.657E-05     0.897E-04    -0.384E-04
    -0.962E+00     0.178E-09    -0.376E-04     0.538E-04    -0.133E-04
    -0.956E+00     0.185E-09    -0.681E-04     0.143E-04     0.106E-04
    -0.949E+00     0.191E-09    -0.967E-04    -0.282E-04     0.327E-04
    -0.942E+00     0.195E-09    -0.122E-03    -0.729E-04     0.524E-04
    -0.936E+00     0.198E-09    -0.143E-03    -0.119E-03     0.694E-04
    -0.929E+00     0.199E-09    -0.159E-03    -0.166E-03     0.831E-04
    -0.923E+00     0.198E-09    -0.168E-03    -0.212E-03     0.935E-04
    -0.916E+00     0.196E-09    -0.171E-03    -0.257E-03     0.100E-03
    -0.910E+00     0.192E-09    -0.167E-03    -0.301E-03     0.104E-03
    -0.903E+00     0.186E-09    -0.156E-03    -0.341E-03     0.104E-03
    -0.897E+00     0.179E-09    -0.139E-03    -0.378E-03     0.101E-03
    -0.890E+00     0.170E-09    -0.116E-03    -0.411E-03     0.945E-04
    -0.884E+00     0.160E-09    -0.882E-04    -0.439E-03     0.860E-04
    -0.877E+00     0.149E-09    -0.570E-04    -0.462E-03     0.755E-04
    -0.870E+00     0.137E-09    -0.237E-04    -0.480E-03     0.634E-04
    -0.864E+00     0.123E-09     0.103E-04    -0.492E-03     0.504E-04
    -0.857E+00     0.108E-09     0.435E-04    -0.498E-03     0.368E-04
    -0.851E+00     0.930E-10     0.743E-04    -0.499E-03     0.231E-04
    -0.844E+00     0.770E-10     0.101E-03    -0.494E-03     0.987E-05
    -0.838E+00     0.605E-10     0.123E-03    -0.485E-03    -0.259E-05
    -0.831E+00     0.436E-10     0.139E-03    -0.471E-03    -0.140E-04
    -0.825E+00     0.265E-10     0.148E-03    -0.453E-03    -0.240E-04
    -0.818E+00     0.944E-11     0.149E-03    -0.432E-03    -0.326E-04
    -0.812E+00    -0.750E-11     0.142E-03    -0.409E-03    -0.396E-04
    -0.805E+00    -0.241E-10     0.128E-03    -0.384E-03    -0.452E-04
    -0.798E+00    -0.403E-10     0.107E-03    -0.359E-03    -0.494E-04
    -0.792E+00    -0.559E-10     0.799E-04    -0.334E-03    -0.526E-04
    -0.785E+00    -0.707E-10     0.476E-04    -0.311E-03    -0.551E-04
    -0.779E+00    -0.847E-10     0.116E-04    -0.289E-03    -0.573E-04
    -0.772E+00    -0.976E-10    -0.266E-04    -0.271E-03    -0.597E-04
    -0.766E+00    -0.109E-09    -0.653E-04    -0.257E-03    -0.630E-04
    -0.759E+00    -0.120E-09    -0.103E-03    -0.248E-03    -0.677E-04
    -0.753E+00    -0.130E-09    -0.137E-03    -0.243E-03    -0.746E-04
    -0.746E+00    -0.138E-09    -0.167E-03    -0.245E-03    -0.843E-04
    -0.740E+00    -0.144E-09    -0.191E-03    -0.253E-03    -0.977E-04
    -0.733E+00    -0.149E-09    -0.208E-03    -0.267E-03    -0.115E-03
    -0.726E+00    -0.153E-09    -0.216E-03    -0.288E-03    -0.138E-03
    -0.720E+00    -0.156E-09    -0.216E-03    -0.315E-03    -0.167E-03
    -0.713E+00    -0.156E-09    -0.208E-03    -0.348E-03    -0.202E-03
    -0.707E+00    -0.156E-09    -0.191E-03    -0.388E-03    -0.245E-03
    -0.700E+00    -0.154E-09    -0.166E-03    -0.433E-03    -0.295E-03
    -0.694E+00    -0.151E-09    -0.134E-03    -0.482E-03    -0.353E-03
    -0.687E+00    -0.147E-09    -0.961E-04    -0.536E-03    -0.420E-03
    -0.681E+00    -0.141E-09    -0.546E-04    -0.592E-03    -0.496E-03
    -0.674E+00    -0.135E-09    -0.109E-04    -0.651E-03    -0.582E-03
    -0.668E+00    -0.127E-09     0.331E-04    -0.711E-03    -0.676E-03
    -0.661E+00    -0.119E-09     0.754E-04    -0.771E-03    -0.781E-03
    -0.654E+00    -0.110E-09     0.114E-03    -0.829E-03    -0.894E-03
    -0.648E+00    -0.100E-09     0.147E-03    -0.885E-03    -0.102E-02
    -0.641E+00    -0.900E-10     0.173E-03    -0.937E-03    -0.115E-02
    -0.635E+00    -0.796E-10     0.191E-03    -0.984E-03    -0.129E-02
    -0.628E+00    -0.691E-10     0.199E-03    -0.103E-02    -0.144E-02
    -0.622E+00    -0.585E-10     0.198E-03    -0.106E-02    -0.159E-02
    -0.615E+00    -0.480E-10     0.186E-03    -0.108E-02    -0.175E-02
    -0.609E+00    -0.377E-10     0.164E-03    -0.110E-02    -0.192E-02
    -0.602E+00    -0.278E-10     0.134E-03    -0.111E-02    -0.209E-02
    -0.596E+00    -0.182E-10     0.961E-04    -0.110E-02    -0.226E-02
    -0.589E+00    -0.924E-11     0.520E-04    -0.108E-02    -0.244E-02
    -0.583E+00    -0.886E-12     0.359E-05    -0.106E-02    -0.261E-02
    -0.576E+00     0.676E-11    -0.469E-04    -0.101E-02    -0.279E-02
    -0.569E+00     0.136E-10    -0.971E-04    -0.961E-03    -0.296E-02
    -0.563E+00     0.196E-10    -0.145E-03    -0.895E-03    -0.312E-02
    -0.556E+00     0.248E-10    -0.187E-03    -0.816E-03    -0.329E-02
    -0.550E+00     0.290E-10    -0.223E-03    -0.726E-03    -0.344E-02
    -0.543E+00     0.323E-10    -0.249E-03    -0.624E-03    -0.358E-02
    -0.537E+00     0.346E-10    -0.265E-03    -0.511E-03    -0.372E-02
    -0.530E+00     0.361E-10    -0.269E-03    -0.388E-03    -0.384E-02
    -0.524E+00     0.366E-10    -0.261E-03    -0.256E-03    -0.395E-02
    -0.517E+00     0.363E-10    -0.240E-03    -0.116E-03    -0.405E-02
    -0.511E+00     0.352E-10    -0.206E-03     0.305E-04    -0.413E-02
    -0.504E+00     0.333E-10    -0.162E-03     0.183E-03    -0.419E-02
    -0.497E+00     0.308E-10    -0.107E-03     0.340E-03    -0.424E-02
    -0.491E+00     0.276E-10    -0.437E-04     0.499E-03    -0.426E-02
    -0.484E+00     0.240E-10     0.253E-04     0.660E-03    -0.428E-02
    -0.478E+00     0.200E-10     0.977E-04     0.820E-03    -0.427E-02
    -0.471E+00     0.156E-10     0.171E-03     0.979E-03    -0.424E-02
    -0.465E+00     0.111E-10     0.242E-03     0.114E-02    -0.420E-02
    -0.458E+00     0.651E-11     0.308E-03     0.129E-02    -0.414E-02
    -0.452E+00     0.193E-11     0.368E-03     0.143E-02    -0.406E-02
    -0.445E+00    -0.252E-11     0.418E-03     0.157E-02    -0.397E-02
    -0.439E+00    -0.673E-11     0.456E-03     0.170E-02    -0.386E-02
    -0.432E+00    -0.106E-10     0.483E-03     0.182E-02    -0.374E-02
    -0.425E+00    -0.140E-10     0.496E-03     0.193E-02    -0.360E-02
    -0.419E+00    -0.169E-10     0.497E-03     0.202E-02    -0.346E-02
    -0.412E+00    -0.192E-10     0.486E-03     0.211E-02    -0.330E-02
    -0.406E+00    -0.208E-10     0.464E-03     0.218E-02    -0.313E-02
    -0.399E+00    -0.216E-10     0.433E-03     0.223E-02    -0.296E-02
    -0.393E+00    -0.217E-10     0.397E-03     0.227E-02    -0.278E-02
    -0.386E+00    -0.209E-10     0.359E-03     0.230E-02    -0.260E-02
    -0.380E+00    -0.192E-10     0.322E-03     0.231E-02    -0.242E-02
    -0.373E+00    -0.167E-10     0.291E-03     0.231E-02    -0.224E-02
    -0.367E+00    -0.133E-10     0.269E-03     0.229E-02    -0.205E-02
    -0.360E+00    -0.898E-11     0.261E-03     0.226E-02    -0.187E-02
    -0.353E+00    -0.386E-11     0.272E-03     0.222E-02    -0.169E-02
    -0.347E+00     0.206E-11     0.304E-03     0.216E-02    -0.152E-02
    -0.340E+00     0.871E-11     0.360E-03     0.209E-02    -0.135E-02
    -0.334E+00     0.160E-10     0.444E-03     0.201E-02    -0.119E-02
    -0.327E+00     0.240E-10     0.557E-03     0.192E-02    -0.104E-02
    -0.321E+00     0.324E-10     0.699E-03     0.182E-02    -0.896E-03
    -0.314E+00     0.412E-10     0.871E-03     0.171E-02    -0.762E-03
    -0.308E+00     0.504E-10     0.107E-02     0.159E-02    -0.638E-03
    -0.301E+00     0.597E-10     0.130E-02     0.147E-02    -0.524E-03
    -0.295E+00     0.691E-10     0.155E-02     0.134E-02    -0.420E-03
    -0.288E+00     0.784E-10     0.182E-02     0.121E-02    -0.328E-03
    -0.281E+00     0.875E-10     0.210E-02     0.107E-02    -0.247E-03
    -0.275E+00     0.963E-10     0.239E-02     0.933E-03    -0.177E-03
    -0.268E+00     0.105E-09     0.268E-02     0.796E-03    -0.119E-03
    -0.262E+00     0.112E-09     0.297E-02     0.660E-03    -0.719E-04
    -0.255E+00     0.120E-09     0.324E-02     0.525E-03    -0.357E-04
    -0.249E+00     0.126E-09     0.350E-02     0.393E-03    -0.103E-04
    -0.242E+00     0.131E-09     0.373E-02     0.264E-03     0.464E-05
    -0.236E+00     0.136E-09     0.394E-02     0.140E-03     0.951E-05
    -0.229E+00     0.139E-09     0.410E-02     0.209E-04     0.477E-05
    -0.223E+00     0.141E-09     0.423E-02    -0.923E-04    -0.908E-05
    -0.216E+00     0.142E-09     0.431E-02    -0.199E-03    -0.315E-04
    -0.209E+00     0.141E-09     0.434E-02    -0.299E-03    -0.618E-04
    -0.203E+00     0.140E-09     0.433E-02    -0.391E-03    -0.995E-04
    -0.196E+00     0.136E-09     0.427E-02    -0.476E-03    -0.144E-03
    -0.190E+00     0.132E-09     0.416E-02    -0.552E-03    -0.194E-03
    -0.183E+00     0.126E-09     0.400E-02    -0.621E-03    -0.249E-03
    -0.177E+00     0.119E-09     0.380E-02    -0.681E-03    -0.309E-03
    -0.170E+00     0.110E-09     0.356E-02    -0.733E-03    -0.373E-03
    -0.164E+00     0.100E-09     0.329E-02    -0.777E-03    -0.439E-03
    -0.157E+00     0.891E-10     0.299E-02    -0.813E-03    -0.507E-03
    -0.151E+00     0.770E-10     0.267E-02    -0.841E-03    -0.577E-03
    -0.144E+00     0.638E-10     0.234E-02    -0.861E-03    -0.648E-03
    -0.137E+00     0.498E-10     0.199E-02    -0.873E-03    -0.719E-03
    -0.131E+00     0.350E-10     0.165E-02    -0.879E-03    -0.789E-03
    -0.124E+00     0.195E-10     0.130E-02    -0.877E-03    -0.858E-03
    -0.118E+00     0.360E-11     0.965E-03    -0.869E-03    -0.926E-03
    -0.111E+00    -0.127E-10     0.643E-03    -0.855E-03    -0.991E-03
    -0.105E+00    -0.292E-10     0.340E-03    -0.834E-03    -0.105E-02
    -0.982E-01    -0.458E-10     0.571E-04    -0.809E-03    -0.111E-02
    -0.916E-01    -0.622E-10    -0.202E-03    -0.778E-03    -0.117E-02
    -0.851E-01    -0.783E-10    -0.435E-03    -0.742E-03    -0.122E-02
    -0.785E-01    -0.941E-10    -0.642E-03    -0.702E-03    -0.127E-02
    -0.720E-01    -0.109E-09    -0.823E-03    -0.658E-03    -0.132E-02
    -0.654E-01    -0.124E-09    -0.979E-03    -0.610E-03    -0.136E-02
    -0.589E-01    -0.137E-09    -0.111E-02    -0.559E-03    -0.140E-02
    -0.524E-01    -0.150E-09    -0.122E-02    -0.505E-03    -0.144E-02
    -0.458E-01    -0.161E-09    -0.131E-02    -0.449E-03    -0.147E-02
    -0.393E-01    -0.171E-09    -0.139E-02    -0.389E-03    -0.150E-02
    -0.327E-01    -0.180E-09    -0.145E-02    -0.328E-03    -0.152E-02
    -0.262E-01    -0.187E-09    -0.150E-02    -0.265E-03    -0.154E-02
    -0.196E-01    -0.193E-09    -0.154E-02    -0.201E-03    -0.156E-02
    -0.131E-01    -0.197E-09    -0.157E-02    -0.135E-03    -0.158E-02
    -0.654E-02    -0.199E-09    -0.159E-02    -0.676E-04    -0.159E-02
     0.000E+00    -0.200E-09    -0.161E-02     0.132E-06    -0.160E-02
     0.654E-02    -0.199E-09    -0.162E-02     0.684E-04    -0.160E-02
     0.131E-01    -0.197E-09    -0.162E-02     0.137E-03    -0.160E-02
     0.196E-01    -0.193E-09    -0.162E-02     0.205E-03    -0.160E-02
     0.262E-01    -0.187E-09    -0.161E-02     0.273E-03    -0.159E-02
     0.327E-01    -0.180E-09    -0.158E-02     0.341E-03    -0.158E-02
     0.393E-01    -0.171E-09    -0.154E-02     0.407E-03    -0.157E-02
     0.458E-01    -0.161E-09    -0.149E-02     0.473E-03    -0.155E-02
     0.524E-01    -0.150E-09    -0.141E-02     0.536E-03    -0.153E-02
     0.589E-01    -0.137E-09    -0.131E-02     0.598E-03    -0.150E-02
     0.654E-01    -0.124E-09    -0.119E-02     0.657E-03    -0.147E-02
     0.720E-01    -0.109E-09    -0.103E-02     0.714E-03    -0.143E-02
     0.785E-01    -0.941E-10    -0.853E-03     0.767E-03    -0.139E-02
     0.851E-01    -0.783E-10    -0.643E-03     0.817E-03    -0.135E-02
     0.916E-01    -0.622E-10    -0.403E-03     0.862E-03    -0.130E-02
     0.982E-01    -0.458E-10    -0.135E-03     0.903E-03    -0.124E-02
     0.105E+00    -0.292E-10     0.160E-03     0.939E-03    -0.119E-02
     0.111E+00    -0.127E-10     0.479E-03     0.970E-03    -0.112E-02
     0.118E+00     0.360E-11     0.818E-03     0.994E-03    -0.106E-02
     0.124E+00     0.195E-10     0.117E-02     0.101E-02    -0.989E-03
     0.131E+00     0.350E-10     0.154E-02     0.102E-02    -0.918E-03
     0.137E+00     0.498E-10     0.191E-02     0.103E-02    -0.844E-03
     0.144E+00     0.638E-10     0.227E-02     0.102E-02    -0.769E-03
     0.151E+00     0.770E-10     0.263E-02     0.101E-02    -0.694E-03
     0.157E+00     0.891E-10     0.297E-02     0.990E-03    -0.618E-03
     0.164E+00     0.100E-09     0.329E-02     0.961E-03    -0.543E-03
     0.170E+00     0.110E-09     0.358E-02     0.923E-03    -0.470E-03
     0.177E+00     0.119E-09     0.383E-02     0.876E-03    -0.399E-03
     0.183E+00     0.126E-09     0.405E-02     0.819E-03    -0.331E-03
     0.190E+00     0.132E-09     0.422E-02     0.754E-03    -0.267E-03
     0.196E+00     0.136E-09     0.434E-02     0.679E-03    -0.209E-03
     0.203E+00     0.140E-09     0.441E-02     0.596E-03    -0.156E-03
     0.209E+00     0.141E-09     0.443E-02     0.504E-03    -0.109E-03
     0.216E+00     0.142E-09     0.441E-02     0.403E-03    -0.697E-04
     0.223E+00     0.141E-09     0.433E-02     0.295E-03    -0.385E-04
     0.229E+00     0.139E-09     0.420E-02     0.179E-03    -0.161E-04
     0.236E+00     0.136E-09     0.404E-02     0.569E-04    -0.315E-05
     0.242E+00     0.131E-09     0.383E-02    -0.715E-04    -0.156E-06
     0.249E+00     0.126E-09     0.360E-02    -0.205E-03    -0.768E-05
     0.255E+00     0.120E-09     0.334E-02    -0.343E-03    -0.262E-04
     0.262E+00     0.112E-09     0.305E-02    -0.484E-03    -0.560E-04
     0.268E+00     0.105E-09     0.276E-02    -0.628E-03    -0.976E-04
     0.275E+00     0.963E-10     0.246E-02    -0.772E-03    -0.151E-03
     0.281E+00     0.875E-10     0.217E-02    -0.917E-03    -0.216E-03
     0.288E+00     0.784E-10     0.188E-02    -0.106E-02    -0.294E-03
     0.295E+00     0.691E-10     0.160E-02    -0.120E-02    -0.383E-03
     0.301E+00     0.597E-10     0.134E-02    -0.134E-02    -0.485E-03
     0.308E+00     0.504E-10     0.111E-02    -0.147E-02    -0.598E-03
     0.314E+00     0.412E-10     0.901E-03    -0.160E-02    -0.722E-03
     0.321E+00     0.324E-10     0.722E-03    -0.172E-02    -0.857E-03
     0.327E+00     0.240E-10     0.573E-03    -0.183E-02    -0.100E-02
     0.334E+00     0.160E-10     0.454E-03    -0.193E-02    -0.116E-02
     0.340E+00     0.871E-11     0.365E-03    -0.202E-02    -0.132E-02
     0.347E+00     0.206E-11     0.302E-03    -0.209E-02    -0.149E-02
     0.353E+00    -0.386E-11     0.265E-03    -0.216E-02    -0.167E-02
     0.360E+00    -0.898E-11     0.250E-03    -0.221E-02    -0.185E-02
     0.367E+00    -0.133E-10     0.253E-03    -0.225E-02    -0.204E-02
     0.373E+00    -0.167E-10     0.270E-03    -0.227E-02    -0.222E-02
     0.380E+00    -0.192E-10     0.297E-03    -0.228E-02    -0.241E-02
     0.386E+00    -0.209E-10     0.330E-03    -0.227E-02    -0.261E-02
     0.393E+00    -0.217E-10     0.364E-03    -0.225E-02    -0.279E-02
     0.399E+00    -0.216E-10     0.396E-03    -0.221E-02    -0.298E-02
     0.406E+00    -0.208E-10     0.423E-03    -0.215E-02    -0.316E-02
     0.412E+00    -0.192E-10     0.441E-03    -0.209E-02    -0.333E-02
     0.419E+00    -0.169E-10     0.449E-03    -0.200E-02    -0.350E-02
     0.425E+00    -0.140E-10     0.445E-03    -0.191E-02    -0.365E-02
     0.432E+00    -0.106E-10     0.428E-03    -0.180E-02    -0.379E-02
     0.439E+00    -0.673E-11     0.399E-03    -0.168E-02    -0.392E-02
     0.445E+00    -0.252E-11     0.357E-03    -0.155E-02    -0.404E-02
     0.452E+00     0.193E-11     0.305E-03    -0.141E-02    -0.414E-02
     0.458E+00     0.651E-11     0.244E-03    -0.126E-02    -0.423E-02
     0.465E+00     0.111E-10     0.175E-03    -0.111E-02    -0.429E-02
     0.471E+00     0.156E-10     0.103E-03    -0.948E-03    -0.434E-02
     0.478E+00     0.200E-10     0.283E-04    -0.785E-03    -0.437E-02
     0.484E+00     0.240E-10    -0.449E-04    -0.620E-03    -0.439E-02
     0.491E+00     0.276E-10    -0.114E-03    -0.454E-03    -0.438E-02
     0.497E+00     0.308E-10    -0.177E-03    -0.289E-03    -0.436E-02
     0.504E+00     0.333E-10    -0.232E-03    -0.126E-03    -0.432E-02
     0.511E+00     0.352E-10    -0.276E-03     0.321E-04    -0.426E-02
     0.517E+00     0.363E-10    -0.308E-03     0.185E-03    -0.418E-02
     0.524E+00     0.366E-10    -0.328E-03     0.331E-03    -0.409E-02
     0.530E+00     0.361E-10    -0.335E-03     0.470E-03    -0.398E-02
     0.537E+00     0.346E-10    -0.329E-03     0.599E-03    -0.386E-02
     0.543E+00     0.323E-10    -0.311E-03     0.718E-03    -0.373E-02
     0.550E+00     0.290E-10    -0.283E-03     0.826E-03    -0.358E-02
     0.556E+00     0.248E-10    -0.245E-03     0.922E-03    -0.343E-02
     0.563E+00     0.196E-10    -0.201E-03     0.101E-02    -0.327E-02
     0.569E+00     0.136E-10    -0.151E-03     0.108E-02    -0.310E-02
     0.576E+00     0.676E-11    -0.997E-04     0.114E-02    -0.292E-02
     0.583E+00    -0.886E-12    -0.479E-04     0.118E-02    -0.275E-02
     0.589E+00    -0.924E-11     0.164E-05     0.121E-02    -0.257E-02
     0.596E+00    -0.182E-10     0.467E-04     0.123E-02    -0.239E-02
     0.602E+00    -0.278E-10     0.854E-04     0.124E-02    -0.221E-02
     0.609E+00    -0.377E-10     0.116E-03     0.124E-02    -0.204E-02
     0.615E+00    -0.480E-10     0.138E-03     0.122E-02    -0.187E-02
     0.622E+00    -0.585E-10     0.149E-03     0.120E-02    -0.170E-02
     0.628E+00    -0.691E-10     0.151E-03     0.116E-02    -0.154E-02
     0.635E+00    -0.796E-10     0.142E-03     0.112E-02    -0.139E-02
     0.641E+00    -0.900E-10     0.124E-03     0.107E-02    -0.124E-02
     0.648E+00    -0.100E-09     0.973E-04     0.102E-02    -0.110E-02
     0.654E+00    -0.110E-09     0.635E-04     0.957E-03    -0.971E-03
     0.661E+00    -0.119E-09     0.242E-04     0.894E-03    -0.850E-03
     0.668E+00    -0.127E-09    -0.186E-04     0.829E-03    -0.738E-03
     0.674E+00    -0.135E-09    -0.632E-04     0.763E-03    -0.636E-03
     0.681E+00    -0.141E-09    -0.107E-03     0.697E-03    -0.544E-03
     0.687E+00    -0.147E-09    -0.149E-03     0.633E-03    -0.461E-03
     0.694E+00    -0.151E-09    -0.187E-03     0.571E-03    -0.387E-03
     0.700E+00    -0.154E-09    -0.219E-03     0.513E-03    -0.322E-03
     0.707E+00    -0.156E-09    -0.244E-03     0.459E-03    -0.266E-03
     0.713E+00    -0.156E-09    -0.260E-03     0.410E-03    -0.217E-03
     0.720E+00    -0.156E-09    -0.269E-03     0.366E-03    -0.176E-03
     0.726E+00    -0.153E-09    -0.268E-03     0.329E-03    -0.142E-03
     0.733E+00    -0.149E-09    -0.259E-03     0.298E-03    -0.115E-03
     0.740E+00    -0.144E-09    -0.241E-03     0.274E-03    -0.927E-04
     0.746E+00    -0.138E-09    -0.216E-03     0.256E-03    -0.754E-04
     0.753E+00    -0.130E-09    -0.186E-03     0.244E-03    -0.622E-04
     0.759E+00    -0.120E-09    -0.150E-03     0.239E-03    -0.524E-04
     0.766E+00    -0.109E-09    -0.112E-03     0.240E-03    -0.452E-04
     0.772E+00    -0.976E-10    -0.728E-04     0.246E-03    -0.400E-04
     0.779E+00    -0.847E-10    -0.339E-04     0.256E-03    -0.360E-04
     0.785E+00    -0.707E-10     0.268E-05     0.271E-03    -0.326E-04
     0.792E+00    -0.559E-10     0.355E-04     0.288E-03    -0.293E-04
     0.798E+00    -0.403E-10     0.630E-04     0.308E-03    -0.256E-04
     0.805E+00    -0.241E-10     0.843E-04     0.329E-03    -0.211E-04
     0.812E+00    -0.750E-11     0.984E-04     0.350E-03    -0.155E-04
     0.818E+00     0.944E-11     0.105E-03     0.372E-03    -0.861E-05
     0.825E+00     0.265E-10     0.103E-03     0.391E-03    -0.296E-06
     0.831E+00     0.436E-10     0.946E-04     0.409E-03     0.943E-05
     0.838E+00     0.605E-10     0.786E-04     0.424E-03     0.205E-04
     0.844E+00     0.770E-10     0.564E-04     0.435E-03     0.326E-04
     0.851E+00     0.930E-10     0.291E-04     0.443E-03     0.456E-04
     0.857E+00     0.108E-09    -0.200E-05     0.445E-03     0.590E-04
     0.864E+00     0.123E-09    -0.355E-04     0.443E-03     0.724E-04
     0.870E+00     0.137E-09    -0.697E-04     0.436E-03     0.853E-04
     0.877E+00     0.149E-09    -0.103E-03     0.423E-03     0.973E-04
     0.884E+00     0.160E-09    -0.135E-03     0.405E-03     0.108E-03
     0.890E+00     0.170E-09    -0.162E-03     0.383E-03     0.116E-03
     0.897E+00     0.179E-09    -0.185E-03     0.355E-03     0.122E-03
     0.903E+00     0.186E-09    -0.202E-03     0.324E-03     0.125E-03
     0.910E+00     0.192E-09    -0.213E-03     0.288E-03     0.124E-03
     0.916E+00     0.196E-09    -0.217E-03     0.250E-03     0.120E-03
     0.923E+00     0.198E-09    -0.213E-03     0.209E-03     0.112E-03
     0.929E+00     0.199E-09    -0.204E-03     0.166E-03     0.997E-04
     0.936E+00     0.198E-09    -0.188E-03     0.122E-03     0.838E-04
     0.942E+00     0.195E-09    -0.166E-03     0.784E-04     0.641E-04
     0.949E+00     0.191E-09    -0.140E-03     0.352E-04     0.411E-04
     0.956E+00     0.185E-09    -0.111E-03    -0.671E-05     0.150E-04
     0.962E+00     0.178E-09    -0.803E-04    -0.465E-04    -0.134E-04
     0.969E+00     0.169E-09    -0.490E-04    -0.835E-04    -0.437E-04
     0.975E+00     0.159E-09    -0.186E-04    -0.117E-03    -0.750E-04
     0.982E+00     0.148E-09     0.958E-05    -0.147E-03    -0.106E-03
     0.988E+00     0.136E-09     0.342E-04    -0.172E-03    -0.137E-03
     0.995E+00     0.122E-09     0.543E-04    -0.193E-03    -0.167E-03
     0.100E+01     0.108E-09     0.691E-04    -0.209E-03    -0.194E-03
     0.101E+01     0.937E-10     0.779E-04    -0.220E-03    -0.217E-03
     0.101E+01     0.785E-10     0.804E-04    -0.227E-03    -0.237E-03
     0.102E+01     0.629E-10     0.766E-04    -0.228E-03    -0.252E-03
     0.103E+01     0.471E-10     0.668E-04    -0.225E-03    -0.262E-03
     0.103E+01     0.312E-10     0.515E-04    -0.218E-03    -0.267E-03
     0.104E+01     0.155E-10     0.314E-04    -0.208E-03    -0.266E-03
     0.105E+01     0.000E+00     0.749E-05    -0.193E-03    -0.259E-03
     0.105E+01    -0.151E-10    -0.191E-04    -0.177E-03    -0.246E-03
     0.106E+01    -0.296E-10    -0.472E-04    -0.158E-03    -0.227E-03
     0.107E+01    -0.435E-10    -0.754E-04    -0.137E-03    -0.204E-03
     0.107E+01    -0.565E-10    -0.103E-03    -0.116E-03    -0.176E-03
     0.108E+01    -0.687E-10    -0.127E-03    -0.940E-04    -0.145E-03
     0.109E+01    -0.798E-10    -0.149E-03    -0.723E-04    -0.110E-03
     0.109E+01    -0.899E-10    -0.166E-03    -0.514E-04    -0.746E-04
     0.110E+01    -0.988E-10    -0.178E-03    -0.316E-04    -0.380E-04
     0.111E+01    -0.106E-09    -0.185E-03    -0.133E-04    -0.184E-05
     0.111E+01    -0.113E-09    -0.186E-03     0.302E-05     0.328E-04
     0.112E+01    -0.118E-09    -0.181E-03     0.172E-04     0.648E-04
     0.113E+01    -0.122E-09    -0.171E-03     0.289E-04     0.933E-04
     0.113E+01    -0.124E-09    -0.155E-03     0.383E-04     0.117E-03
     0.114E+01    -0.126E-09    -0.136E-03     0.451E-04     0.136E-03
     0.115E+01    -0.126E-09    -0.113E-03     0.494E-04     0.149E-03
     0.115E+01    -0.124E-09    -0.882E-04     0.514E-04     0.156E-03
     0.116E+01    -0.122E-09    -0.621E-04     0.512E-04     0.156E-03
     0.117E+01    -0.119E-09    -0.361E-04     0.490E-04     0.150E-03
     0.117E+01    -0.114E-09    -0.113E-04     0.451E-04     0.137E-03
     0.118E+01    -0.109E-09     0.112E-04     0.398E-04     0.119E-03
     0.118E+01    -0.103E-09     0.304E-04     0.334E-04     0.950E-04
     0.119E+01    -0.963E-10     0.455E-04     0.263E-04     0.666E-04
     0.120E+01    -0.890E-10     0.558E-04     0.186E-04     0.345E-04
     0.120E+01    -0.814E-10     0.609E-04     0.108E-04    -0.230E-06
     0.121E+01    -0.734E-10     0.606E-04     0.313E-05    -0.366E-04
     0.122E+01    -0.652E-10     0.551E-04    -0.420E-05    -0.734E-04
     0.122E+01    -0.570E-10     0.446E-04    -0.109E-04    -0.109E-03
     0.123E+01    -0.489E-10     0.296E-04    -0.169E-04    -0.144E-03
     0.124E+01    -0.409E-10     0.109E-04    -0.220E-04    -0.175E-03
     0.124E+01    -0.332E-10    -0.108E-04    -0.261E-04    -0.203E-03
     0.125E+01    -0.259E-10    -0.343E-04    -0.291E-04    -0.226E-03
     0.126E+01    -0.191E-10    -0.586E-04    -0.311E-04    -0.243E-03
     0.126E+01    -0.129E-10    -0.827E-04    -0.321E-04    -0.255E-03
     0.127E+01    -0.727E-11    -0.105E-03    -0.321E-04    -0.261E-03
     0.128E+01    -0.238E-11    -0.126E-03    -0.313E-04    -0.261E-03
     0.128E+01     0.173E-11    -0.143E-03    -0.298E-04    -0.254E-03
     0.129E+01     0.505E-11    -0.156E-03    -0.277E-04    -0.242E-03
     0.130E+01     0.753E-11    -0.165E-03    -0.251E-04    -0.225E-03
     0.130E+01     0.918E-11    -0.168E-03    -0.222E-04    -0.203E-03
     0.131E+01     0.999E-11    -0.167E-03    -0.191E-04    -0.177E-03
     0.132E+01     0.997E-11    -0.161E-03    -0.159E-04    -0.149E-03
     0.132E+01     0.916E-11    -0.150E-03    -0.129E-04    -0.119E-03
     0.133E+01     0.760E-11    -0.135E-03    -0.100E-04    -0.881E-04
     0.134E+01     0.533E-11    -0.117E-03    -0.736E-05    -0.576E-04
     0.134E+01     0.242E-11    -0.967E-04    -0.504E-05    -0.284E-04
     0.135E+01    -0.104E-11    -0.745E-04    -0.305E-05    -0.153E-05
     0.135E+01    -0.499E-11    -0.518E-04    -0.141E-05     0.222E-04
     0.136E+01    -0.933E-11    -0.295E-04    -0.121E-06     0.421E-04
     0.137E+01    -0.140E-10    -0.877E-05     0.859E-06     0.575E-04
     0.137E+01    -0.188E-10     0.962E-05     0.157E-05     0.680E-04
     0.138E+01    -0.236E-10     0.248E-04     0.206E-05     0.735E-04
     0.139E+01    -0.285E-10     0.361E-04     0.240E-05     0.739E-04
     0.139E+01    -0.332E-10     0.431E-04     0.266E-05     0.693E-04
     0.140E+01    -0.377E-10     0.455E-04     0.289E-05     0.601E-04
     0.141E+01    -0.418E-10     0.432E-04     0.317E-05     0.467E-04
     0.141E+01    -0.454E-10     0.363E-04     0.354E-05     0.297E-04
     0.142E+01    -0.485E-10     0.252E-04     0.405E-05     0.993E-05
     0.143E+01    -0.509E-10     0.104E-04     0.472E-05    -0.119E-04
     0.143E+01    -0.526E-10    -0.735E-05     0.557E-05    -0.349E-04
     0.144E+01    -0.535E-10    -0.273E-04     0.661E-05    -0.582E-04
     0.145E+01    -0.535E-10    -0.485E-04     0.781E-05    -0.808E-04
     0.145E+01    -0.525E-10    -0.701E-04     0.914E-05    -0.102E-03
     0.146E+01    -0.507E-10    -0.910E-04     0.106E-04    -0.121E-03
     0.147E+01    -0.478E-10    -0.110E-03     0.120E-04    -0.137E-03
     0.147E+01    -0.440E-10    -0.127E-03     0.135E-04    -0.150E-03
     0.148E+01    -0.391E-10    -0.141E-03     0.149E-04    -0.160E-03
     0.149E+01    -0.333E-10    -0.151E-03     0.161E-04    -0.165E-03
     0.149E+01    -0.265E-10    -0.157E-03     0.171E-04    -0.166E-03
     0.150E+01    -0.189E-10    -0.158E-03     0.179E-04    -0.163E-03
     0.151E+01    -0.104E-10    -0.155E-03     0.183E-04    -0.157E-03
     0.151E+01    -0.107E-11    -0.148E-03     0.184E-04    -0.147E-03
     0.152E+01     0.889E-11    -0.137E-03     0.182E-04    -0.134E-03
     0.152E+01     0.194E-10    -0.123E-03     0.175E-04    -0.119E-03
     0.153E+01     0.305E-10    -0.106E-03     0.165E-04    -0.102E-03
     0.154E+01     0.419E-10    -0.865E-04     0.152E-04    -0.838E-04
     0.154E+01     0.535E-10    -0.665E-04     0.135E-04    -0.656E-04
     0.155E+01     0.653E-10    -0.464E-04     0.116E-04    -0.479E-04
     0.156E+01     0.771E-10    -0.271E-04     0.955E-05    -0.313E-04
     0.156E+01     0.887E-10    -0.942E-05     0.736E-05    -0.164E-04
     0.157E+01     0.100E-09     0.576E-05     0.515E-05    -0.374E-05
     0.158E+01     0.111E-09     0.178E-04     0.298E-05     0.628E-05
     0.158E+01     0.121E-09     0.262E-04     0.956E-06     0.133E-04
     0.159E+01     0.131E-09     0.306E-04    -0.860E-06     0.173E-04
     0.160E+01     0.140E-09     0.307E-04    -0.240E-05     0.180E-04
     0.160E+01     0.147E-09     0.267E-04    -0.359E-05     0.156E-04
     0.161E+01     0.154E-09     0.187E-04    -0.441E-05     0.103E-04
     0.162E+01     0.160E-09     0.708E-05    -0.482E-05     0.241E-05
     0.162E+01     0.164E-09    -0.761E-05    -0.480E-05    -0.768E-05
     0.163E+01     0.167E-09    -0.247E-04    -0.436E-05    -0.195E-04
     0.164E+01     0.169E-09    -0.434E-04    -0.353E-05    -0.325E-04
     0.164E+01     0.169E-09    -0.629E-04    -0.234E-05    -0.461E-04
     0.165E+01     0.168E-09    -0.823E-04    -0.858E-06    -0.597E-04
     0.166E+01     0.165E-09    -0.101E-03     0.861E-06    -0.728E-04
     0.166E+01     0.161E-09    -0.118E-03     0.273E-05    -0.849E-04
     0.167E+01     0.155E-09    -0.132E-03     0.468E-05    -0.955E-04
     0.168E+01     0.148E-09    -0.143E-03     0.660E-05    -0.104E-03
     0.168E+01     0.139E-09    -0.150E-03     0.841E-05    -0.111E-03
     0.169E+01     0.129E-09    -0.154E-03     0.100E-04    -0.115E-03
     0.170E+01     0.118E-09    -0.154E-03     0.114E-04    -0.116E-03
     0.170E+01     0.105E-09    -0.149E-03     0.124E-04    -0.115E-03
     0.171E+01     0.916E-10    -0.141E-03     0.130E-04    -0.112E-03
     0.171E+01     0.770E-10    -0.130E-03     0.132E-04    -0.106E-03
     0.172E+01     0.616E-10    -0.115E-03     0.129E-04    -0.990E-04
     0.173E+01     0.454E-10    -0.991E-04     0.122E-04    -0.901E-04
     0.173E+01     0.287E-10    -0.813E-04     0.110E-04    -0.801E-04
     0.174E+01     0.116E-10    -0.630E-04     0.938E-05    -0.694E-04
     0.175E+01    -0.581E-11    -0.449E-04     0.739E-05    -0.586E-04
     0.175E+01    -0.233E-10    -0.279E-04     0.510E-05    -0.480E-04
     0.176E+01    -0.406E-10    -0.127E-04     0.256E-05    -0.382E-04
     0.177E+01    -0.578E-10    -0.685E-07    -0.140E-06    -0.294E-04
     0.177E+01    -0.745E-10     0.948E-05    -0.292E-05    -0.221E-04
     0.178E+01    -0.907E-10     0.155E-04    -0.568E-05    -0.166E-04
     0.179E+01    -0.106E-09     0.178E-04    -0.836E-05    -0.129E-04
     0.179E+01    -0.121E-09     0.162E-04    -0.109E-04    -0.112E-04
     0.180E+01    -0.134E-09     0.109E-04    -0.131E-04    -0.116E-04
     0.181E+01    -0.147E-09     0.200E-05    -0.150E-04    -0.139E-04
     0.181E+01    -0.158E-09    -0.999E-05    -0.166E-04    -0.180E-04
     0.182E+01    -0.168E-09    -0.245E-04    -0.178E-04    -0.236E-04
     0.183E+01    -0.176E-09    -0.410E-04    -0.187E-04    -0.306E-04
     0.183E+01    -0.183E-09    -0.586E-04    -0.191E-04    -0.385E-04
     0.184E+01    -0.189E-09    -0.766E-04    -0.191E-04    -0.469E-04
     0.185E+01    -0.192E-09    -0.942E-04    -0.188E-04    -0.556E-04
     0.185E+01    -0.194E-09    -0.111E-03    -0.182E-04    -0.640E-04
     0.186E+01    -0.195E-09    -0.125E-03    -0.174E-04    -0.719E-04
     0.187E+01    -0.194E-09    -0.137E-03    -0.165E-04    -0.788E-04
     0.187E+01    -0.191E-09    -0.146E-03    -0.155E-04    -0.846E-04
     0.188E+01    -0.187E-09    -0.151E-03    -0.144E-04    -0.890E-04
     0.188E+01    -0.181E-09    -0.153E-03    -0.135E-04    -0.917E-04
     0.189E+01    -0.174E-09    -0.151E-03    -0.127E-04    -0.928E-04
     0.190E+01    -0.165E-09    -0.145E-03    -0.122E-04    -0.922E-04
     0.190E+01    -0.155E-09    -0.136E-03    -0.119E-04    -0.900E-04
     0.191E+01    -0.144E-09    -0.124E-03    -0.120E-04    -0.862E-04
     0.192E+01    -0.132E-09    -0.110E-03    -0.124E-04    -0.811E-04
     0.192E+01    -0.120E-09    -0.942E-04    -0.133E-04    -0.749E-04
     0.193E+01    -0.106E-09    -0.773E-04    -0.145E-04    -0.679E-04
     0.194E+01    -0.918E-10    -0.603E-04    -0.161E-04    -0.604E-04
     0.194E+01    -0.773E-10    -0.438E-04    -0.181E-04    -0.528E-04
     0.195E+01    -0.624E-10    -0.286E-04    -0.203E-04    -0.453E-04
     0.196E+01    -0.474E-10    -0.155E-04    -0.228E-04    -0.382E-04
     0.196E+01    -0.324E-10    -0.489E-05    -0.256E-04    -0.319E-04
     0.197E+01    -0.176E-10     0.264E-05    -0.284E-04    -0.266E-04
     0.198E+01    -0.316E-11     0.678E-05    -0.313E-04    -0.225E-04
     0.198E+01     0.109E-10     0.737E-05    -0.341E-04    -0.196E-04
     0.199E+01     0.243E-10     0.439E-05    -0.368E-04    -0.182E-04
     0.200E+01     0.371E-10    -0.202E-05    -0.394E-04    -0.181E-04
     0.200E+01     0.490E-10    -0.116E-04    -0.418E-04    -0.194E-04
     0.201E+01     0.600E-10    -0.238E-04    -0.438E-04    -0.219E-04
     0.202E+01     0.700E-10    -0.382E-04    -0.456E-04    -0.254E-04
     0.202E+01     0.789E-10    -0.540E-04    -0.470E-04    -0.298E-04
     0.203E+01     0.867E-10    -0.706E-04    -0.481E-04    -0.348E-04
     0.204E+01     0.934E-10    -0.872E-04    -0.489E-04    -0.401E-04
     0.204E+01     0.988E-10    -0.103E-03    -0.493E-04    -0.455E-04
     0.205E+01     0.103E-09    -0.118E-03    -0.495E-04    -0.506E-04
     0.206E+01     0.106E-09    -0.130E-03    -0.495E-04    -0.552E-04
     0.206E+01     0.108E-09    -0.140E-03    -0.493E-04    -0.590E-04
     0.207E+01     0.108E-09    -0.147E-03    -0.489E-04    -0.619E-04
     0.207E+01     0.108E-09    -0.150E-03    -0.486E-04    -0.636E-04
     0.208E+01     0.106E-09    -0.150E-03    -0.482E-04    -0.642E-04
     0.209E+01     0.104E-09    -0.146E-03    -0.480E-04    -0.634E-04
     0.209E+01     0.100E-09    -0.140E-03    -0.478E-04    -0.614E-04
     0.210E+01     0.956E-10    -0.130E-03    -0.479E-04    -0.582E-04
     0.211E+01     0.905E-10    -0.117E-03    -0.482E-04    -0.538E-04
     0.211E+01     0.848E-10    -0.103E-03    -0.488E-04    -0.484E-04
     0.212E+01     0.786E-10    -0.877E-04    -0.496E-04    -0.423E-04
     0.213E+01     0.719E-10    -0.716E-04    -0.507E-04    -0.356E-04
     0.213E+01     0.650E-10    -0.557E-04    -0.522E-04    -0.286E-04
     0.214E+01     0.579E-10    -0.405E-04    -0.538E-04    -0.216E-04
     0.215E+01     0.508E-10    -0.269E-04    -0.557E-04    -0.147E-04
     0.215E+01     0.437E-10    -0.155E-04    -0.577E-04    -0.828E-05
     0.216E+01     0.368E-10    -0.667E-05    -0.599E-04    -0.245E-05
     0.217E+01     0.302E-10    -0.885E-06    -0.621E-04     0.259E-05
     0.217E+01     0.241E-10     0.162E-05    -0.643E-04     0.670E-05
     0.218E+01     0.183E-10     0.738E-06    -0.664E-04     0.980E-05
     0.219E+01     0.132E-10    -0.347E-05    -0.684E-04     0.118E-04
     0.219E+01     0.870E-11    -0.108E-04    -0.702E-04     0.129E-04
     0.220E+01     0.489E-11    -0.209E-04    -0.717E-04     0.129E-04
     0.221E+01     0.184E-11    -0.334E-04    -0.729E-04     0.120E-04
     0.221E+01    -0.436E-12    -0.476E-04    -0.738E-04     0.105E-04
     0.222E+01    -0.190E-11    -0.629E-04    -0.744E-04     0.837E-05
     0.223E+01    -0.255E-11    -0.787E-04    -0.746E-04     0.591E-05
     0.223E+01    -0.239E-11    -0.941E-04    -0.744E-04     0.332E-05
     0.224E+01    -0.143E-11    -0.109E-03    -0.739E-04     0.826E-06
     0.224E+01     0.291E-12    -0.121E-03    -0.730E-04    -0.136E-05
     0.225E+01     0.274E-11    -0.132E-03    -0.719E-04    -0.304E-05
     0.226E+01     0.585E-11    -0.140E-03    -0.706E-04    -0.403E-05
     0.226E+01     0.956E-11    -0.145E-03    -0.691E-04    -0.420E-05
     0.227E+01     0.138E-10    -0.147E-03    -0.674E-04    -0.344E-05
     0.228E+01     0.185E-10    -0.145E-03    -0.657E-04    -0.169E-05
     0.228E+01     0.235E-10    -0.140E-03    -0.639E-04     0.107E-05
     0.229E+01     0.287E-10    -0.132E-03    -0.622E-04     0.481E-05
     0.230E+01     0.341E-10    -0.122E-03    -0.605E-04     0.945E-05
     0.230E+01     0.395E-10    -0.109E-03    -0.590E-04     0.149E-04
     0.231E+01     0.449E-10    -0.948E-04    -0.576E-04     0.210E-04
     0.232E+01     0.500E-10    -0.796E-04    -0.563E-04     0.275E-04
     0.232E+01     0.549E-10    -0.641E-04    -0.552E-04     0.343E-04
     0.233E+01     0.593E-10    -0.491E-04    -0.543E-04     0.411E-04
     0.234E+01     0.631E-10    -0.352E-04    -0.535E-04     0.478E-04
     0.234E+01     0.664E-10    -0.230E-04    -0.527E-04     0.542E-04
     0.235E+01     0.690E-10    -0.131E-04    -0.521E-04     0.600E-04
     0.236E+01     0.707E-10    -0.584E-05    -0.514E-04     0.651E-04
     0.236E+01     0.716E-10    -0.162E-05    -0.507E-04     0.693E-04
     0.237E+01     0.715E-10    -0.602E-06    -0.500E-04     0.726E-04
     0.238E+01     0.705E-10    -0.281E-05    -0.491E-04     0.750E-04
     0.238E+01     0.684E-10    -0.814E-05    -0.480E-04     0.763E-04
     0.239E+01     0.652E-10    -0.163E-04    -0.467E-04     0.767E-04
     0.240E+01     0.610E-10    -0.270E-04    -0.451E-04     0.762E-04
     0.240E+01     0.558E-10    -0.397E-04    -0.432E-04     0.749E-04
     0.241E+01     0.495E-10    -0.538E-04    -0.410E-04     0.730E-04
     0.242E+01     0.421E-10    -0.687E-04    -0.385E-04     0.706E-04
     0.242E+01     0.338E-10    -0.836E-04    -0.356E-04     0.678E-04
     0.243E+01     0.246E-10    -0.980E-04    -0.324E-04     0.650E-04
     0.243E+01     0.146E-10    -0.111E-03    -0.289E-04     0.622E-04
     0.244E+01     0.375E-11    -0.123E-03    -0.252E-04     0.596E-04
     0.245E+01    -0.771E-11    -0.132E-03    -0.212E-04     0.574E-04
     0.245E+01    -0.197E-10    -0.138E-03    -0.170E-04     0.557E-04
     0.246E+01    -0.321E-10    -0.141E-03    -0.127E-04     0.547E-04
     0.247E+01    -0.449E-10    -0.141E-03    -0.841E-05     0.543E-04
     0.247E+01    -0.578E-10    -0.138E-03    -0.408E-05     0.547E-04
     0.248E+01    -0.707E-10    -0.132E-03     0.201E-06     0.558E-04
     0.249E+01    -0.835E-10    -0.124E-03     0.437E-05     0.575E-04
     0.249E+01    -0.961E-10    -0.113E-03     0.839E-05     0.597E-04
     0.250E+01    -0.108E-09    -0.996E-04     0.122E-04     0.625E-04
     0.251E+01    -0.120E-09    -0.855E-04     0.158E-04     0.655E-04
     0.251E+01    -0.131E-09    -0.707E-04     0.192E-04     0.687E-04
     0.252E+01    -0.141E-09    -0.559E-04     0.222E-04     0.718E-04
     0.253E+01    -0.150E-09    -0.419E-04     0.251E-04     0.747E-04
     0.253E+01    -0.158E-09    -0.292E-04     0.277E-04     0.773E-04
     0.254E+01    -0.165E-09    -0.184E-04     0.300E-04     0.793E-04
     0.255E+01    -0.171E-09    -0.100E-04     0.322E-04     0.805E-04
     0.255E+01    -0.176E-09    -0.439E-05     0.342E-04     0.810E-04
     0.256E+01    -0.178E-09    -0.177E-05     0.361E-04     0.806E-04
     0.257E+01    -0.180E-09    -0.227E-05     0.379E-04     0.792E-04
     0.257E+01    -0.180E-09    -0.586E-05     0.396E-04     0.769E-04
     0.258E+01    -0.178E-09    -0.124E-04     0.414E-04     0.736E-04
     0.259E+01    -0.175E-09    -0.215E-04     0.431E-04     0.695E-04
     0.259E+01    -0.170E-09    -0.329E-04     0.450E-04     0.646E-04
     0.260E+01    -0.164E-09    -0.459E-04     0.469E-04     0.590E-04
     0.260E+01    -0.156E-09    -0.601E-04     0.489E-04     0.529E-04
     0.261E+01    -0.147E-09    -0.747E-04     0.510E-04     0.465E-04
     0.262E+01    -0.137E-09    -0.891E-04     0.533E-04     0.400E-04
     0.262E+01    -0.125E-09    -0.103E-03     0.556E-04     0.334E-04
     0.263E+01    -0.112E-09    -0.115E-03     0.579E-04     0.271E-04
     0.264E+01    -0.976E-10    -0.125E-03     0.603E-04     0.211E-04
     0.264E+01    -0.825E-10    -0.133E-03     0.627E-04     0.155E-04
     0.265E+01    -0.666E-10    -0.138E-03     0.650E-04     0.106E-04
     0.266E+01    -0.501E-10    -0.140E-03     0.672E-04     0.632E-05
     0.266E+01    -0.331E-10    -0.138E-03     0.693E-04     0.277E-05
     0.267E+01    -0.156E-10    -0.134E-03     0.712E-04    -0.450E-07
     0.268E+01     0.196E-11    -0.127E-03     0.727E-04    -0.216E-05
     0.268E+01     0.196E-10    -0.118E-03     0.740E-04    -0.363E-05
     0.269E+01     0.371E-10    -0.106E-03     0.750E-04    -0.455E-05
     0.270E+01     0.543E-10    -0.929E-04     0.756E-04    -0.503E-05
     0.270E+01     0.710E-10    -0.789E-04     0.758E-04    -0.520E-05
     0.271E+01     0.871E-10    -0.644E-04     0.756E-04    -0.523E-05
     0.272E+01     0.102E-09    -0.504E-04     0.750E-04    -0.526E-05
     0.272E+01     0.117E-09    -0.373E-04     0.741E-04    -0.545E-05
     0.273E+01     0.130E-09    -0.257E-04     0.728E-04    -0.595E-05
     0.274E+01     0.143E-09    -0.162E-04     0.711E-04    -0.688E-05
     0.274E+01     0.154E-09    -0.926E-05     0.691E-04    -0.835E-05
     0.275E+01     0.163E-09    -0.511E-05     0.669E-04    -0.105E-04
     0.276E+01     0.171E-09    -0.396E-05     0.645E-04    -0.132E-04
     0.276E+01     0.178E-09    -0.586E-05     0.619E-04    -0.167E-04
     0.277E+01     0.183E-09    -0.107E-04     0.592E-04    -0.208E-04
     0.278E+01     0.186E-09    -0.183E-04     0.565E-04    -0.256E-04
     0.278E+01     0.188E-09    -0.283E-04     0.537E-04    -0.309E-04
     0.279E+01     0.189E-09    -0.403E-04     0.509E-04    -0.366E-04
     0.279E+01     0.187E-09    -0.536E-04     0.481E-04    -0.426E-04
     0.280E+01     0.184E-09    -0.678E-04     0.455E-04    -0.487E-04
     0.281E+01     0.180E-09    -0.821E-04     0.429E-04    -0.548E-04
     0.281E+01     0.174E-09    -0.960E-04     0.403E-04    -0.607E-04
     0.282E+01     0.167E-09    -0.109E-03     0.379E-04    -0.662E-04
     0.283E+01     0.159E-09    -0.120E-03     0.355E-04    -0.712E-04
     0.283E+01     0.149E-09    -0.129E-03     0.331E-04    -0.755E-04
     0.284E+01     0.139E-09    -0.135E-03     0.308E-04    -0.790E-04
     0.285E+01     0.127E-09    -0.139E-03     0.284E-04    -0.817E-04
     0.285E+01     0.115E-09    -0.139E-03     0.260E-04    -0.835E-04
     0.286E+01     0.102E-09    -0.137E-03     0.235E-04    -0.844E-04
     0.287E+01     0.885E-10    -0.132E-03     0.208E-04    -0.844E-04
     0.287E+01     0.747E-10    -0.124E-03     0.180E-04    -0.835E-04
     0.288E+01     0.607E-10    -0.113E-03     0.150E-04    -0.819E-04
     0.289E+01     0.467E-10    -0.101E-03     0.118E-04    -0.796E-04
     0.289E+01     0.328E-10    -0.878E-04     0.836E-05    -0.768E-04
     0.290E+01     0.191E-10    -0.738E-04     0.472E-05    -0.736E-04
     0.291E+01     0.577E-11    -0.597E-04     0.853E-06    -0.701E-04
     0.291E+01    -0.705E-11    -0.462E-04    -0.321E-05    -0.666E-04
     0.292E+01    -0.192E-10    -0.340E-04    -0.745E-05    -0.632E-04
     0.293E+01    -0.307E-10    -0.235E-04    -0.118E-04    -0.600E-04
     0.293E+01    -0.414E-10    -0.152E-04    -0.163E-04    -0.572E-04
     0.294E+01    -0.511E-10    -0.961E-05    -0.208E-04    -0.548E-04
     0.295E+01    -0.598E-10    -0.683E-05    -0.254E-04    -0.529E-04
     0.295E+01    -0.675E-10    -0.704E-05    -0.298E-04    -0.515E-04
     0.296E+01    -0.741E-10    -0.102E-04    -0.342E-04    -0.507E-04
     0.296E+01    -0.795E-10    -0.163E-04    -0.384E-04    -0.504E-04
     0.297E+01    -0.839E-10    -0.249E-04    -0.424E-04    -0.505E-04
     0.298E+01    -0.871E-10    -0.356E-04    -0.461E-04    -0.510E-04
     0.298E+01    -0.891E-10    -0.481E-04    -0.495E-04    -0.518E-04
     0.299E+01    -0.900E-10    -0.617E-04    -0.526E-04    -0.527E-04
     0.300E+01    -0.899E-10    -0.758E-04    -0.554E-04    -0.536E-04
     0.300E+01    -0.888E-10    -0.897E-04    -0.577E-04    -0.543E-04
     0.301E+01    -0.868E-10    -0.103E-03    -0.597E-04    -0.547E-04
     0.302E+01    -0.838E-10    -0.115E-03    -0.614E-04    -0.546E-04
     0.302E+01    -0.801E-10    -0.125E-03    -0.627E-04    -0.540E-04
     0.303E+01    -0.758E-10    -0.133E-03    -0.638E-04    -0.528E-04
     0.304E+01    -0.708E-10    -0.138E-03    -0.645E-04    -0.508E-04
     0.304E+01    -0.654E-10    -0.140E-03    -0.650E-04    -0.480E-04
     0.305E+01    -0.596E-10    -0.139E-03    -0.653E-04    -0.444E-04
     0.306E+01    -0.535E-10    -0.135E-03    -0.655E-04    -0.401E-04
     0.306E+01    -0.474E-10    -0.128E-03    -0.655E-04    -0.350E-04
     0.307E+01    -0.412E-10    -0.119E-03    -0.655E-04    -0.294E-04
     0.308E+01    -0.351E-10    -0.108E-03    -0.654E-04    -0.233E-04
     0.308E+01    -0.292E-10    -0.953E-04    -0.654E-04    -0.168E-04
     0.309E+01    -0.237E-10    -0.815E-04    -0.653E-04    -0.101E-04
     0.310E+01    -0.185E-10    -0.674E-04    -0.653E-04    -0.335E-05
     0.310E+01    -0.139E-10    -0.535E-04    -0.653E-04     0.325E-05
     0.311E+01    -0.977E-11    -0.404E-04    -0.653E-04     0.956E-05
     0.312E+01    -0.633E-11    -0.289E-04    -0.654E-04     0.154E-04
     0.312E+01    -0.360E-11    -0.192E-04    -0.655E-04     0.207E-04
     0.313E+01    -0.161E-11    -0.120E-04    -0.655E-04     0.253E-04
     0.314E+01    -0.404E-12    -0.755E-05    -0.655E-04     0.292E-04
     0.314E+01     0.371E-21    -0.598E-05    -0.654E-04     0.322E-04
