
   ising   psi         q          di      re alpha   im alpha

     1  9.525E-01  2.000E+00 -2.551E-01  5.051E-01  0.000E+00


   is    psifac      dpsi        q       singfac     eval1

    0  5.000E-04  5.000E-04  1.125E+00  8.754E-01  0.000E+00
    1  5.005E-04  5.000E-07  1.125E+00  8.754E-01  5.191E-06
    2  5.006E-04  9.561E-08  1.125E+00  8.754E-01  6.184E-06
    3  5.007E-04  9.561E-08  1.125E+00  8.754E-01  7.176E-06
    4  5.009E-04  1.912E-07  1.125E+00  8.754E-01  9.161E-06
    5  5.011E-04  1.912E-07  1.125E+00  8.754E-01  1.115E-05
    6  5.013E-04  1.912E-07  1.125E+00  8.754E-01  1.313E-05
    7  5.024E-04  1.172E-06  1.125E+00  8.754E-01  2.530E-05
    8  5.036E-04  1.172E-06  1.125E+00  8.754E-01  3.748E-05
    9  5.048E-04  1.172E-06  1.125E+00  8.754E-01  4.965E-05
   10  5.079E-04  3.114E-06  1.125E+00  8.754E-01  8.198E-05
   11  5.110E-04  3.114E-06  1.125E+00  8.754E-01  1.143E-04
   12  5.141E-04  3.114E-06  1.125E+00  8.754E-01  1.466E-04
   13  5.172E-04  3.114E-06  1.125E+00  8.754E-01  1.790E-04
   14  5.220E-04  4.762E-06  1.125E+00  8.754E-01  2.284E-04
   15  5.268E-04  4.762E-06  1.125E+00  8.754E-01  2.779E-04
   16  5.315E-04  4.762E-06  1.125E+00  8.754E-01  3.273E-04
   17  5.363E-04  4.762E-06  1.125E+00  8.754E-01  3.767E-04
   18  5.432E-04  6.942E-06  1.125E+00  8.754E-01  4.488E-04
   19  5.502E-04  6.942E-06  1.125E+00  8.754E-01  5.209E-04
   20  5.571E-04  6.942E-06  1.125E+00  8.754E-01  5.929E-04
   21  5.641E-04  6.942E-06  1.125E+00  8.754E-01  6.650E-04
   22  5.710E-04  6.942E-06  1.125E+00  8.754E-01  7.371E-04
   23  5.789E-04  7.869E-06  1.125E+00  8.754E-01  8.188E-04
   24  5.867E-04  7.869E-06  1.125E+00  8.755E-01  9.005E-04
   25  5.946E-04  7.869E-06  1.125E+00  8.755E-01  9.821E-04
   26  6.025E-04  7.869E-06  1.125E+00  8.755E-01  1.064E-03
   27  6.103E-04  7.869E-06  1.125E+00  8.755E-01  1.146E-03
   28  6.190E-04  8.705E-06  1.125E+00  8.755E-01  1.236E-03
   29  6.278E-04  8.705E-06  1.125E+00  8.755E-01  1.326E-03
   30  6.365E-04  8.705E-06  1.125E+00  8.755E-01  1.417E-03
   31  6.452E-04  8.705E-06  1.125E+00  8.755E-01  1.507E-03
   32  6.539E-04  8.705E-06  1.125E+00  8.755E-01  1.597E-03
   33  6.626E-04  8.705E-06  1.125E+00  8.755E-01  1.688E-03
   34  6.713E-04  8.705E-06  1.125E+00  8.755E-01  1.778E-03
   35  6.800E-04  8.705E-06  1.124E+00  8.755E-01  1.868E-03
   36  6.887E-04  8.705E-06  1.124E+00  8.755E-01  1.959E-03
   37  6.959E-04  7.239E-06  1.124E+00  8.755E-01  2.034E-03
   38  7.032E-04  7.239E-06  1.124E+00  8.755E-01  2.109E-03
   39  7.104E-04  7.239E-06  1.124E+00  8.755E-01  2.184E-03
   40  7.163E-04  5.922E-06  1.124E+00  8.755E-01  2.246E-03
   41  7.222E-04  5.922E-06  1.124E+00  8.755E-01  2.307E-03
   42  7.282E-04  5.922E-06  1.124E+00  8.755E-01  2.369E-03
   43  7.341E-04  5.922E-06  1.124E+00  8.755E-01  2.430E-03
   44  7.400E-04  5.922E-06  1.124E+00  8.755E-01  2.491E-03
   45  7.459E-04  5.922E-06  1.124E+00  8.755E-01  2.553E-03
   46  7.509E-04  4.922E-06  1.124E+00  8.755E-01  2.604E-03
   47  7.558E-04  4.922E-06  1.124E+00  8.755E-01  2.655E-03
   48  7.607E-04  4.922E-06  1.124E+00  8.755E-01  2.706E-03
   49  7.656E-04  4.922E-06  1.124E+00  8.756E-01  2.757E-03
   50  7.705E-04  4.922E-06  1.124E+00  8.756E-01  2.808E-03
   51  7.755E-04  4.922E-06  1.124E+00  8.756E-01  2.859E-03
   52  7.804E-04  4.922E-06  1.124E+00  8.756E-01  2.910E-03
   53  7.853E-04  4.922E-06  1.124E+00  8.756E-01  2.962E-03

   is    psifac      dpsi        q       singfac     eval1

 Gaussian Reduction at istep =     54, psi = 7.902E-04, q =  1.124

   is    psifac      dpsi        q       singfac     eval1

   54  7.902E-04  4.922E-06  1.124E+00  8.756E-01  3.013E-03
   55  7.907E-04  5.000E-07  1.124E+00  8.756E-01  3.018E-03
   56  7.912E-04  5.000E-07  1.124E+00  8.756E-01  3.023E-03
   57  7.957E-04  4.491E-06  1.124E+00  8.756E-01  3.070E-03
   58  8.002E-04  4.491E-06  1.124E+00  8.756E-01  3.116E-03
   59  8.047E-04  4.491E-06  1.124E+00  8.756E-01  3.163E-03
   60  8.115E-04  6.825E-06  1.124E+00  8.756E-01  3.234E-03
   61  8.184E-04  6.825E-06  1.124E+00  8.756E-01  3.305E-03
   62  8.252E-04  6.825E-06  1.124E+00  8.756E-01  3.375E-03
   63  8.320E-04  6.825E-06  1.124E+00  8.756E-01  3.446E-03
   64  8.403E-04  8.281E-06  1.124E+00  8.756E-01  3.532E-03
   65  8.486E-04  8.281E-06  1.124E+00  8.756E-01  3.618E-03
   66  8.568E-04  8.281E-06  1.124E+00  8.756E-01  3.704E-03
   67  8.651E-04  8.281E-06  1.124E+00  8.756E-01  3.790E-03
   68  8.734E-04  8.281E-06  1.124E+00  8.756E-01  3.876E-03
   69  8.860E-04  1.256E-05  1.124E+00  8.756E-01  4.006E-03
   70  8.985E-04  1.256E-05  1.124E+00  8.756E-01  4.137E-03
   71  9.111E-04  1.256E-05  1.124E+00  8.756E-01  4.267E-03
   72  9.237E-04  1.256E-05  1.124E+00  8.757E-01  4.397E-03
   73  9.362E-04  1.256E-05  1.124E+00  8.757E-01  4.528E-03
   74  9.488E-04  1.256E-05  1.124E+00  8.757E-01  4.658E-03
   75  9.673E-04  1.853E-05  1.124E+00  8.757E-01  4.850E-03
   76  9.859E-04  1.853E-05  1.124E+00  8.757E-01  5.043E-03
   77  1.004E-03  1.853E-05  1.124E+00  8.757E-01  5.235E-03
   78  1.023E-03  1.853E-05  1.124E+00  8.757E-01  5.427E-03
   79  1.041E-03  1.853E-05  1.124E+00  8.757E-01  5.619E-03
   80  1.060E-03  1.853E-05  1.124E+00  8.757E-01  5.812E-03
   81  1.078E-03  1.853E-05  1.124E+00  8.758E-01  6.004E-03
   82  1.102E-03  2.377E-05  1.124E+00  8.758E-01  6.250E-03
   83  1.126E-03  2.377E-05  1.124E+00  8.758E-01  6.497E-03

   is    psifac      dpsi        q       singfac     eval1

 Gaussian Reduction at istep =     84, psi = 1.150E-03, q =  1.124

   is    psifac      dpsi        q       singfac     eval1

   84  1.150E-03  2.377E-05  1.124E+00  8.758E-01  6.744E-03
   85  1.150E-03  5.000E-07  1.124E+00  8.758E-01  6.749E-03
   86  1.151E-03  5.000E-07  1.124E+00  8.758E-01  6.754E-03
   87  1.157E-03  6.662E-06  1.124E+00  8.758E-01  6.823E-03
   88  1.163E-03  5.538E-06  1.124E+00  8.758E-01  6.881E-03
   89  1.169E-03  5.538E-06  1.124E+00  8.758E-01  6.938E-03
   90  1.174E-03  5.538E-06  1.124E+00  8.758E-01  6.995E-03
   91  1.184E-03  1.015E-05  1.124E+00  8.758E-01  7.101E-03
   92  1.194E-03  1.015E-05  1.124E+00  8.758E-01  7.206E-03
   93  1.205E-03  1.015E-05  1.124E+00  8.758E-01  7.311E-03
   94  1.215E-03  1.015E-05  1.124E+00  8.759E-01  7.416E-03
   95  1.226E-03  1.178E-05  1.124E+00  8.759E-01  7.539E-03
   96  1.238E-03  1.178E-05  1.124E+00  8.759E-01  7.661E-03
   97  1.250E-03  1.178E-05  1.124E+00  8.759E-01  7.783E-03
   98  1.262E-03  1.178E-05  1.124E+00  8.759E-01  7.905E-03
   99  1.274E-03  1.178E-05  1.124E+00  8.759E-01  8.027E-03
  100  1.292E-03  1.836E-05  1.124E+00  8.759E-01  8.218E-03
  101  1.310E-03  1.836E-05  1.124E+00  8.759E-01  8.408E-03
  102  1.329E-03  1.836E-05  1.124E+00  8.759E-01  8.598E-03
  103  1.347E-03  1.836E-05  1.124E+00  8.759E-01  8.789E-03
  104  1.365E-03  1.836E-05  1.124E+00  8.760E-01  8.979E-03
  105  1.384E-03  1.836E-05  1.124E+00  8.760E-01  9.169E-03
  106  1.410E-03  2.674E-05  1.124E+00  8.760E-01  9.447E-03
  107  1.437E-03  2.674E-05  1.124E+00  8.760E-01  9.724E-03
  108  1.464E-03  2.674E-05  1.124E+00  8.760E-01  1.000E-02
  109  1.491E-03  2.674E-05  1.124E+00  8.761E-01  1.028E-02
  110  1.517E-03  2.674E-05  1.124E+00  8.761E-01  1.056E-02
  111  1.544E-03  2.674E-05  1.124E+00  8.761E-01  1.083E-02
  112  1.567E-03  2.330E-05  1.124E+00  8.761E-01  1.107E-02
  113  1.591E-03  2.330E-05  1.124E+00  8.761E-01  1.132E-02
  114  1.614E-03  2.330E-05  1.124E+00  8.761E-01  1.156E-02
  115  1.637E-03  2.330E-05  1.124E+00  8.762E-01  1.180E-02

   is    psifac      dpsi        q       singfac     eval1

 Gaussian Reduction at istep =    116, psi = 1.661E-03, q =  1.124

   is    psifac      dpsi        q       singfac     eval1

  116  1.661E-03  2.330E-05  1.124E+00  8.762E-01  1.204E-02
  117  1.661E-03  5.000E-07  1.124E+00  8.762E-01  1.205E-02
  118  1.662E-03  5.000E-07  1.124E+00  8.762E-01  1.205E-02
  119  1.667E-03  5.578E-06  1.124E+00  8.762E-01  1.211E-02
  120  1.673E-03  5.578E-06  1.124E+00  8.762E-01  1.217E-02
  121  1.678E-03  5.578E-06  1.124E+00  8.762E-01  1.222E-02
  122  1.696E-03  1.740E-05  1.124E+00  8.762E-01  1.240E-02
  123  1.713E-03  1.740E-05  1.124E+00  8.762E-01  1.259E-02
  124  1.731E-03  1.740E-05  1.124E+00  8.762E-01  1.277E-02
  125  1.748E-03  1.740E-05  1.124E+00  8.762E-01  1.295E-02
  126  1.769E-03  2.063E-05  1.124E+00  8.763E-01  1.316E-02
  127  1.789E-03  2.063E-05  1.124E+00  8.763E-01  1.337E-02
  128  1.810E-03  2.063E-05  1.124E+00  8.763E-01  1.359E-02
  129  1.830E-03  2.063E-05  1.124E+00  8.763E-01  1.380E-02
  130  1.851E-03  2.063E-05  1.124E+00  8.763E-01  1.402E-02
  131  1.878E-03  2.663E-05  1.124E+00  8.763E-01  1.429E-02
  132  1.904E-03  2.663E-05  1.124E+00  8.764E-01  1.457E-02
  133  1.931E-03  2.663E-05  1.124E+00  8.764E-01  1.484E-02
  134  1.958E-03  2.663E-05  1.124E+00  8.764E-01  1.512E-02
  135  1.984E-03  2.663E-05  1.124E+00  8.764E-01  1.540E-02
  136  2.011E-03  2.663E-05  1.124E+00  8.764E-01  1.567E-02
  137  2.048E-03  3.678E-05  1.124E+00  8.765E-01  1.605E-02
  138  2.084E-03  3.678E-05  1.124E+00  8.765E-01  1.643E-02
  139  2.121E-03  3.678E-05  1.123E+00  8.765E-01  1.681E-02
  140  2.158E-03  3.678E-05  1.123E+00  8.765E-01  1.720E-02
  141  2.195E-03  3.678E-05  1.123E+00  8.766E-01  1.758E-02
  142  2.232E-03  3.678E-05  1.123E+00  8.766E-01  1.796E-02
  143  2.268E-03  3.678E-05  1.123E+00  8.766E-01  1.834E-02
  144  2.305E-03  3.678E-05  1.123E+00  8.767E-01  1.872E-02
  145  2.342E-03  3.678E-05  1.123E+00  8.767E-01  1.910E-02
  146  2.379E-03  3.678E-05  1.123E+00  8.767E-01  1.948E-02

   is    psifac      dpsi        q       singfac     eval1

 Gaussian Reduction at istep =    147, psi = 2.415E-03, q =  1.123

   is    psifac      dpsi        q       singfac     eval1

  147  2.415E-03  3.678E-05  1.123E+00  8.767E-01  1.986E-02
  148  2.416E-03  5.000E-07  1.123E+00  8.767E-01  1.987E-02
  149  2.416E-03  5.000E-07  1.123E+00  8.767E-01  1.987E-02
  150  2.425E-03  8.098E-06  1.123E+00  8.767E-01  1.996E-02
  151  2.433E-03  8.098E-06  1.123E+00  8.767E-01  2.004E-02
  152  2.441E-03  8.098E-06  1.123E+00  8.768E-01  2.012E-02
  153  2.465E-03  2.466E-05  1.123E+00  8.768E-01  2.038E-02
  154  2.490E-03  2.466E-05  1.123E+00  8.768E-01  2.063E-02
  155  2.515E-03  2.466E-05  1.123E+00  8.768E-01  2.089E-02
  156  2.539E-03  2.466E-05  1.123E+00  8.768E-01  2.115E-02
  157  2.569E-03  2.940E-05  1.123E+00  8.769E-01  2.145E-02
  158  2.598E-03  2.940E-05  1.123E+00  8.769E-01  2.175E-02
  159  2.628E-03  2.940E-05  1.123E+00  8.769E-01  2.206E-02
  160  2.657E-03  2.940E-05  1.123E+00  8.769E-01  2.236E-02
  161  2.686E-03  2.940E-05  1.123E+00  8.769E-01  2.267E-02
  162  2.725E-03  3.859E-05  1.123E+00  8.770E-01  2.307E-02
  163  2.764E-03  3.859E-05  1.123E+00  8.770E-01  2.347E-02
  164  2.802E-03  3.859E-05  1.123E+00  8.770E-01  2.387E-02
  165  2.841E-03  3.859E-05  1.123E+00  8.771E-01  2.427E-02
  166  2.879E-03  3.859E-05  1.123E+00  8.771E-01  2.466E-02
  167  2.918E-03  3.859E-05  1.123E+00  8.771E-01  2.506E-02
  168  2.972E-03  5.387E-05  1.123E+00  8.772E-01  2.562E-02
  169  3.026E-03  5.387E-05  1.123E+00  8.772E-01  2.618E-02
  170  3.080E-03  5.387E-05  1.123E+00  8.772E-01  2.674E-02
  171  3.133E-03  5.387E-05  1.123E+00  8.773E-01  2.729E-02
  172  3.187E-03  5.387E-05  1.123E+00  8.773E-01  2.785E-02
  173  3.241E-03  5.387E-05  1.123E+00  8.774E-01  2.841E-02
  174  3.295E-03  5.387E-05  1.123E+00  8.774E-01  2.897E-02
  175  3.349E-03  5.387E-05  1.123E+00  8.775E-01  2.952E-02
  176  3.403E-03  5.387E-05  1.123E+00  8.775E-01  3.008E-02
  177  3.457E-03  5.387E-05  1.122E+00  8.775E-01  3.064E-02

   is    psifac      dpsi        q       singfac     eval1

 Gaussian Reduction at istep =    178, psi = 3.511E-03, q =  1.122

   is    psifac      dpsi        q       singfac     eval1

  178  3.511E-03  5.387E-05  1.122E+00  8.776E-01  3.120E-02
  179  3.511E-03  5.000E-07  1.122E+00  8.776E-01  3.120E-02
  180  3.512E-03  5.000E-07  1.122E+00  8.776E-01  3.121E-02
  181  3.523E-03  1.168E-05  1.122E+00  8.776E-01  3.133E-02
  182  3.535E-03  1.168E-05  1.122E+00  8.776E-01  3.145E-02
  183  3.547E-03  1.168E-05  1.122E+00  8.776E-01  3.157E-02
  184  3.582E-03  3.538E-05  1.122E+00  8.776E-01  3.193E-02
  185  3.617E-03  3.538E-05  1.122E+00  8.777E-01  3.230E-02
  186  3.653E-03  3.538E-05  1.122E+00  8.777E-01  3.267E-02
  187  3.688E-03  3.538E-05  1.122E+00  8.777E-01  3.303E-02
  188  3.731E-03  4.265E-05  1.122E+00  8.778E-01  3.347E-02
  189  3.773E-03  4.265E-05  1.122E+00  8.778E-01  3.391E-02
  190  3.816E-03  4.265E-05  1.122E+00  8.778E-01  3.435E-02
  191  3.859E-03  4.265E-05  1.122E+00  8.779E-01  3.479E-02
  192  3.901E-03  4.265E-05  1.122E+00  8.779E-01  3.524E-02
  193  3.957E-03  5.557E-05  1.122E+00  8.779E-01  3.581E-02
  194  4.013E-03  5.557E-05  1.122E+00  8.780E-01  3.638E-02
  195  4.068E-03  5.557E-05  1.122E+00  8.780E-01  3.696E-02
  196  4.124E-03  5.557E-05  1.122E+00  8.781E-01  3.753E-02
  197  4.179E-03  5.557E-05  1.122E+00  8.781E-01  3.811E-02
  198  4.235E-03  5.557E-05  1.122E+00  8.781E-01  3.868E-02
  199  4.312E-03  7.702E-05  1.122E+00  8.782E-01  3.948E-02
  200  4.389E-03  7.702E-05  1.122E+00  8.783E-01  4.027E-02
  201  4.466E-03  7.702E-05  1.122E+00  8.783E-01  4.107E-02
  202  4.543E-03  7.702E-05  1.122E+00  8.784E-01  4.186E-02
  203  4.620E-03  7.702E-05  1.122E+00  8.785E-01  4.266E-02
  204  4.697E-03  7.702E-05  1.121E+00  8.785E-01  4.345E-02
  205  4.774E-03  7.702E-05  1.121E+00  8.786E-01  4.425E-02
  206  4.851E-03  7.702E-05  1.121E+00  8.786E-01  4.504E-02
  207  4.928E-03  7.702E-05  1.121E+00  8.787E-01  4.584E-02
  208  5.005E-03  7.702E-05  1.121E+00  8.788E-01  4.663E-02

   is    psifac      dpsi        q       singfac     eval1

 Gaussian Reduction at istep =    209, psi = 5.082E-03, q =  1.121

   is    psifac      dpsi        q       singfac     eval1

  209  5.082E-03  7.702E-05  1.121E+00  8.788E-01  4.743E-02
  210  5.083E-03  5.000E-07  1.121E+00  8.788E-01  4.743E-02
  211  5.083E-03  5.000E-07  1.121E+00  8.788E-01  4.744E-02
  212  5.100E-03  1.663E-05  1.121E+00  8.788E-01  4.761E-02
  213  5.116E-03  1.663E-05  1.121E+00  8.788E-01  4.778E-02
  214  5.133E-03  1.663E-05  1.121E+00  8.789E-01  4.795E-02
  215  5.183E-03  5.005E-05  1.121E+00  8.789E-01  4.847E-02
  216  5.233E-03  5.005E-05  1.121E+00  8.789E-01  4.899E-02
  217  5.283E-03  5.005E-05  1.121E+00  8.790E-01  4.950E-02
  218  5.333E-03  5.005E-05  1.121E+00  8.790E-01  5.002E-02
  219  5.393E-03  6.009E-05  1.121E+00  8.791E-01  5.064E-02
  220  5.453E-03  6.009E-05  1.121E+00  8.791E-01  5.126E-02
  221  5.513E-03  6.009E-05  1.121E+00  8.792E-01  5.188E-02
  222  5.573E-03  6.009E-05  1.121E+00  8.792E-01  5.250E-02
  223  5.634E-03  6.009E-05  1.121E+00  8.793E-01  5.312E-02
  224  5.713E-03  7.934E-05  1.121E+00  8.793E-01  5.394E-02
  225  5.792E-03  7.934E-05  1.121E+00  8.794E-01  5.475E-02
  226  5.872E-03  7.934E-05  1.121E+00  8.795E-01  5.557E-02
  227  5.951E-03  7.934E-05  1.120E+00  8.795E-01  5.639E-02
  228  6.030E-03  7.934E-05  1.120E+00  8.796E-01  5.721E-02
  229  6.110E-03  7.934E-05  1.120E+00  8.796E-01  5.803E-02
  230  6.220E-03  1.099E-04  1.120E+00  8.797E-01  5.916E-02
  231  6.329E-03  1.099E-04  1.120E+00  8.798E-01  6.029E-02
  232  6.439E-03  1.099E-04  1.120E+00  8.799E-01  6.142E-02
  233  6.549E-03  1.099E-04  1.120E+00  8.800E-01  6.256E-02
  234  6.659E-03  1.099E-04  1.120E+00  8.801E-01  6.369E-02
  235  6.769E-03  1.099E-04  1.120E+00  8.802E-01  6.482E-02
  236  6.879E-03  1.099E-04  1.120E+00  8.803E-01  6.595E-02
  237  7.000E-03  1.210E-04  1.120E+00  8.804E-01  6.720E-02
  238  7.121E-03  1.210E-04  1.120E+00  8.805E-01  6.844E-02
  239  7.242E-03  1.210E-04  1.119E+00  8.806E-01  6.969E-02

   is    psifac      dpsi        q       singfac     eval1

 Gaussian Reduction at istep =    240, psi = 7.363E-03, q =  1.119

   is    psifac      dpsi        q       singfac     eval1

  240  7.363E-03  1.210E-04  1.119E+00  8.807E-01  7.093E-02
  241  7.364E-03  5.000E-07  1.119E+00  8.807E-01  7.094E-02
  242  7.364E-03  5.000E-07  1.119E+00  8.807E-01  7.094E-02
  243  7.388E-03  2.365E-05  1.119E+00  8.807E-01  7.119E-02
  244  7.411E-03  2.365E-05  1.119E+00  8.807E-01  7.143E-02
  245  7.435E-03  2.365E-05  1.119E+00  8.807E-01  7.167E-02
  246  7.520E-03  8.526E-05  1.119E+00  8.808E-01  7.255E-02
  247  7.606E-03  8.526E-05  1.119E+00  8.809E-01  7.343E-02
  248  7.691E-03  8.526E-05  1.119E+00  8.809E-01  7.430E-02
  249  7.776E-03  8.526E-05  1.119E+00  8.810E-01  7.518E-02
  250  7.876E-03  9.944E-05  1.119E+00  8.811E-01  7.620E-02
  251  7.975E-03  9.944E-05  1.119E+00  8.812E-01  7.722E-02
  252  8.074E-03  9.944E-05  1.119E+00  8.812E-01  7.825E-02
  253  8.174E-03  9.944E-05  1.119E+00  8.813E-01  7.927E-02
  254  8.273E-03  9.944E-05  1.119E+00  8.814E-01  8.029E-02
  255  8.396E-03  1.228E-04  1.118E+00  8.815E-01  8.155E-02
  256  8.519E-03  1.228E-04  1.118E+00  8.816E-01  8.281E-02
  257  8.642E-03  1.228E-04  1.118E+00  8.817E-01  8.407E-02
  258  8.764E-03  1.228E-04  1.118E+00  8.818E-01  8.533E-02
  259  8.887E-03  1.228E-04  1.118E+00  8.819E-01  8.659E-02
  260  9.010E-03  1.228E-04  1.118E+00  8.820E-01  8.785E-02
  261  9.170E-03  1.601E-04  1.118E+00  8.821E-01  8.950E-02
  262  9.330E-03  1.601E-04  1.118E+00  8.823E-01  9.114E-02
  263  9.490E-03  1.601E-04  1.118E+00  8.824E-01  9.278E-02
  264  9.650E-03  1.601E-04  1.117E+00  8.825E-01  9.442E-02
  265  9.810E-03  1.601E-04  1.117E+00  8.827E-01  9.606E-02
  266  9.970E-03  1.601E-04  1.117E+00  8.828E-01  9.771E-02
  267  1.013E-02  1.601E-04  1.117E+00  8.829E-01  9.935E-02
  268  1.029E-02  1.601E-04  1.117E+00  8.830E-01  1.010E-01
  269  1.045E-02  1.601E-04  1.117E+00  8.832E-01  1.026E-01

   is    psifac      dpsi        q       singfac     eval1

 Gaussian Reduction at istep =    270, psi = 1.061E-02, q =  1.117

   is    psifac      dpsi        q       singfac     eval1

  270  1.061E-02  1.601E-04  1.117E+00  8.833E-01  1.043E-01
  271  1.061E-02  5.000E-07  1.117E+00  8.833E-01  1.043E-01
  272  1.061E-02  5.000E-07  1.117E+00  8.833E-01  1.043E-01
  273  1.065E-02  3.419E-05  1.117E+00  8.833E-01  1.046E-01
  274  1.068E-02  3.419E-05  1.117E+00  8.834E-01  1.050E-01
  275  1.071E-02  3.419E-05  1.117E+00  8.834E-01  1.053E-01
  276  1.084E-02  1.230E-04  1.117E+00  8.835E-01  1.066E-01
  277  1.096E-02  1.230E-04  1.116E+00  8.836E-01  1.078E-01
  278  1.108E-02  1.230E-04  1.116E+00  8.837E-01  1.091E-01
  279  1.121E-02  1.230E-04  1.116E+00  8.838E-01  1.104E-01
  280  1.135E-02  1.451E-04  1.116E+00  8.839E-01  1.118E-01
  281  1.150E-02  1.451E-04  1.116E+00  8.840E-01  1.133E-01
  282  1.164E-02  1.451E-04  1.116E+00  8.841E-01  1.148E-01
  283  1.179E-02  1.451E-04  1.116E+00  8.843E-01  1.163E-01
  284  1.193E-02  1.451E-04  1.116E+00  8.844E-01  1.178E-01
  285  1.211E-02  1.798E-04  1.115E+00  8.845E-01  1.196E-01
  286  1.229E-02  1.798E-04  1.115E+00  8.847E-01  1.215E-01
  287  1.247E-02  1.798E-04  1.115E+00  8.848E-01  1.233E-01
  288  1.265E-02  1.798E-04  1.115E+00  8.850E-01  1.251E-01
  289  1.283E-02  1.798E-04  1.115E+00  8.851E-01  1.270E-01
  290  1.301E-02  1.798E-04  1.115E+00  8.852E-01  1.288E-01
  291  1.325E-02  2.364E-04  1.115E+00  8.854E-01  1.312E-01
  292  1.348E-02  2.364E-04  1.114E+00  8.856E-01  1.336E-01
  293  1.372E-02  2.364E-04  1.114E+00  8.858E-01  1.360E-01
  294  1.396E-02  2.364E-04  1.114E+00  8.860E-01  1.385E-01
  295  1.419E-02  2.364E-04  1.114E+00  8.862E-01  1.409E-01
  296  1.443E-02  2.364E-04  1.114E+00  8.864E-01  1.433E-01
  297  1.467E-02  2.364E-04  1.113E+00  8.866E-01  1.457E-01
  298  1.490E-02  2.364E-04  1.113E+00  8.868E-01  1.481E-01
  299  1.514E-02  2.364E-04  1.113E+00  8.869E-01  1.505E-01

   is    psifac      dpsi        q       singfac     eval1

 Gaussian Reduction at istep =    300, psi = 1.537E-02, q =  1.113

   is    psifac      dpsi        q       singfac     eval1

  300  1.537E-02  2.364E-04  1.113E+00  8.871E-01  1.529E-01
  301  1.537E-02  5.000E-07  1.113E+00  8.871E-01  1.529E-01
  302  1.538E-02  5.000E-07  1.113E+00  8.871E-01  1.529E-01
  303  1.542E-02  4.989E-05  1.113E+00  8.872E-01  1.534E-01
  304  1.547E-02  4.989E-05  1.113E+00  8.872E-01  1.539E-01
  305  1.552E-02  4.989E-05  1.113E+00  8.872E-01  1.544E-01
  306  1.570E-02  1.791E-04  1.113E+00  8.874E-01  1.563E-01
  307  1.588E-02  1.791E-04  1.112E+00  8.875E-01  1.581E-01
  308  1.606E-02  1.791E-04  1.112E+00  8.877E-01  1.599E-01
  309  1.624E-02  1.791E-04  1.112E+00  8.878E-01  1.617E-01
  310  1.645E-02  2.108E-04  1.112E+00  8.880E-01  1.639E-01
  311  1.666E-02  2.108E-04  1.112E+00  8.881E-01  1.660E-01
  312  1.687E-02  2.108E-04  1.112E+00  8.883E-01  1.681E-01
  313  1.708E-02  2.108E-04  1.112E+00  8.885E-01  1.703E-01
  314  1.729E-02  2.108E-04  1.111E+00  8.886E-01  1.724E-01
  315  1.756E-02  2.616E-04  1.111E+00  8.888E-01  1.751E-01
  316  1.782E-02  2.616E-04  1.111E+00  8.890E-01  1.777E-01
  317  1.808E-02  2.616E-04  1.111E+00  8.892E-01  1.804E-01
  318  1.834E-02  2.616E-04  1.111E+00  8.894E-01  1.830E-01
  319  1.860E-02  2.616E-04  1.110E+00  8.896E-01  1.857E-01
  320  1.886E-02  2.616E-04  1.110E+00  8.898E-01  1.883E-01
  321  1.920E-02  3.395E-04  1.110E+00  8.901E-01  1.918E-01
  322  1.954E-02  3.395E-04  1.110E+00  8.904E-01  1.952E-01
  323  1.988E-02  3.395E-04  1.109E+00  8.906E-01  1.986E-01
  324  2.022E-02  3.395E-04  1.109E+00  8.909E-01  2.021E-01
  325  2.056E-02  3.395E-04  1.109E+00  8.911E-01  2.055E-01
  326  2.090E-02  3.395E-04  1.109E+00  8.914E-01  2.089E-01
  327  2.124E-02  3.395E-04  1.108E+00  8.916E-01  2.124E-01
  328  2.158E-02  3.395E-04  1.108E+00  8.919E-01  2.158E-01
  329  2.192E-02  3.395E-04  1.108E+00  8.922E-01  2.192E-01

   is    psifac      dpsi        q       singfac     eval1

 Gaussian Reduction at istep =    330, psi = 2.226E-02, q =  1.108

   is    psifac      dpsi        q       singfac     eval1

  330  2.226E-02  3.395E-04  1.108E+00  8.924E-01  2.226E-01
  331  2.226E-02  5.000E-07  1.108E+00  8.924E-01  2.227E-01
  332  2.226E-02  5.000E-07  1.108E+00  8.924E-01  2.227E-01
  333  2.233E-02  7.112E-05  1.108E+00  8.925E-01  2.234E-01
  334  2.240E-02  7.112E-05  1.107E+00  8.925E-01  2.241E-01
  335  2.247E-02  7.112E-05  1.107E+00  8.926E-01  2.248E-01
  336  2.273E-02  2.554E-04  1.107E+00  8.928E-01  2.274E-01
  337  2.298E-02  2.554E-04  1.107E+00  8.930E-01  2.300E-01
  338  2.324E-02  2.554E-04  1.107E+00  8.931E-01  2.325E-01
  339  2.350E-02  2.554E-04  1.107E+00  8.933E-01  2.351E-01
  340  2.380E-02  3.029E-04  1.106E+00  8.936E-01  2.382E-01
  341  2.410E-02  3.029E-04  1.106E+00  8.938E-01  2.412E-01
  342  2.440E-02  3.029E-04  1.106E+00  8.940E-01  2.442E-01
  343  2.471E-02  3.029E-04  1.106E+00  8.942E-01  2.473E-01
  344  2.501E-02  3.029E-04  1.106E+00  8.944E-01  2.503E-01
  345  2.539E-02  3.781E-04  1.105E+00  8.947E-01  2.541E-01
  346  2.577E-02  3.781E-04  1.105E+00  8.950E-01  2.579E-01
  347  2.614E-02  3.781E-04  1.105E+00  8.953E-01  2.617E-01
  348  2.652E-02  3.781E-04  1.104E+00  8.956E-01  2.655E-01
  349  2.690E-02  3.781E-04  1.104E+00  8.958E-01  2.693E-01
  350  2.728E-02  3.781E-04  1.104E+00  8.961E-01  2.731E-01
  351  2.777E-02  4.939E-04  1.104E+00  8.965E-01  2.781E-01
  352  2.827E-02  4.939E-04  1.103E+00  8.968E-01  2.830E-01
  353  2.876E-02  4.939E-04  1.103E+00  8.972E-01  2.879E-01
  354  2.925E-02  4.939E-04  1.102E+00  8.975E-01  2.929E-01
  355  2.975E-02  4.939E-04  1.102E+00  8.979E-01  2.978E-01
  356  3.024E-02  4.939E-04  1.102E+00  8.982E-01  3.027E-01
  357  3.073E-02  4.939E-04  1.101E+00  8.986E-01  3.077E-01
  358  3.123E-02  4.939E-04  1.101E+00  8.989E-01  3.126E-01
  359  3.172E-02  4.939E-04  1.101E+00  8.993E-01  3.175E-01

   is    psifac      dpsi        q       singfac     eval1

 Gaussian Reduction at istep =    360, psi = 3.222E-02, q =  1.101

   is    psifac      dpsi        q       singfac     eval1

  360  3.222E-02  4.939E-04  1.100E+00  8.996E-01  3.225E-01
  361  3.222E-02  5.000E-07  1.100E+00  8.996E-01  3.225E-01
  362  3.222E-02  5.000E-07  1.100E+00  8.996E-01  3.225E-01
  363  3.232E-02  1.053E-04  1.100E+00  8.997E-01  3.235E-01
  364  3.243E-02  1.053E-04  1.100E+00  8.997E-01  3.246E-01
  365  3.253E-02  1.053E-04  1.100E+00  8.998E-01  3.256E-01
  366  3.291E-02  3.768E-04  1.100E+00  9.001E-01  3.294E-01
  367  3.329E-02  3.768E-04  1.100E+00  9.003E-01  3.331E-01
  368  3.366E-02  3.768E-04  1.099E+00  9.006E-01  3.369E-01
  369  3.404E-02  3.768E-04  1.099E+00  9.009E-01  3.406E-01
  370  3.449E-02  4.508E-04  1.099E+00  9.012E-01  3.451E-01
  371  3.494E-02  4.508E-04  1.099E+00  9.015E-01  3.496E-01
  372  3.539E-02  4.508E-04  1.098E+00  9.018E-01  3.540E-01
  373  3.584E-02  4.508E-04  1.098E+00  9.021E-01  3.585E-01
  374  3.629E-02  4.508E-04  1.098E+00  9.024E-01  3.630E-01
  375  3.685E-02  5.564E-04  1.097E+00  9.028E-01  3.685E-01
  376  3.741E-02  5.564E-04  1.097E+00  9.031E-01  3.740E-01
  377  3.796E-02  5.564E-04  1.096E+00  9.035E-01  3.795E-01
  378  3.852E-02  5.564E-04  1.096E+00  9.039E-01  3.850E-01
  379  3.908E-02  5.564E-04  1.096E+00  9.042E-01  3.905E-01
  380  3.963E-02  5.564E-04  1.095E+00  9.046E-01  3.960E-01
  381  4.036E-02  7.258E-04  1.095E+00  9.051E-01  4.032E-01
  382  4.108E-02  7.258E-04  1.094E+00  9.055E-01  4.103E-01
  383  4.181E-02  7.258E-04  1.094E+00  9.060E-01  4.175E-01
  384  4.254E-02  7.258E-04  1.094E+00  9.065E-01  4.246E-01
  385  4.326E-02  7.258E-04  1.093E+00  9.069E-01  4.318E-01
  386  4.399E-02  7.258E-04  1.093E+00  9.074E-01  4.389E-01
  387  4.471E-02  7.258E-04  1.092E+00  9.079E-01  4.460E-01
  388  4.544E-02  7.258E-04  1.092E+00  9.083E-01  4.531E-01
  389  4.617E-02  7.258E-04  1.091E+00  9.088E-01  4.603E-01

   is    psifac      dpsi        q       singfac     eval1

 Gaussian Reduction at istep =    390, psi = 4.689E-02, q =  1.091

   is    psifac      dpsi        q       singfac     eval1

  390  4.689E-02  7.258E-04  1.091E+00  9.092E-01  4.674E-01
  391  4.689E-02  5.000E-07  1.091E+00  9.092E-01  4.674E-01
  392  4.689E-02  5.000E-07  1.091E+00  9.092E-01  4.674E-01
  393  4.704E-02  1.531E-04  1.091E+00  9.093E-01  4.689E-01
  394  4.720E-02  1.531E-04  1.091E+00  9.094E-01  4.704E-01
  395  4.735E-02  1.531E-04  1.090E+00  9.095E-01  4.719E-01
  396  4.790E-02  5.472E-04  1.090E+00  9.099E-01  4.772E-01
  397  4.845E-02  5.472E-04  1.090E+00  9.102E-01  4.826E-01
  398  4.899E-02  5.472E-04  1.089E+00  9.105E-01  4.879E-01
  399  4.954E-02  5.472E-04  1.089E+00  9.109E-01  4.933E-01
  400  5.018E-02  6.404E-04  1.089E+00  9.112E-01  4.995E-01
  401  5.082E-02  6.404E-04  1.088E+00  9.116E-01  5.058E-01
  402  5.146E-02  6.404E-04  1.088E+00  9.120E-01  5.120E-01
  403  5.210E-02  6.404E-04  1.088E+00  9.124E-01  5.182E-01
  404  5.274E-02  6.404E-04  1.087E+00  9.128E-01  5.245E-01
  405  5.354E-02  8.024E-04  1.087E+00  9.132E-01  5.323E-01
  406  5.435E-02  8.024E-04  1.086E+00  9.137E-01  5.401E-01
  407  5.515E-02  8.024E-04  1.086E+00  9.142E-01  5.479E-01
  408  5.595E-02  8.024E-04  1.085E+00  9.146E-01  5.556E-01
  409  5.675E-02  8.024E-04  1.085E+00  9.151E-01  5.634E-01
  410  5.756E-02  8.024E-04  1.084E+00  9.156E-01  5.712E-01
  411  5.859E-02  1.038E-03  1.084E+00  9.162E-01  5.812E-01
  412  5.963E-02  1.038E-03  1.083E+00  9.167E-01  5.912E-01
  413  6.067E-02  1.038E-03  1.083E+00  9.173E-01  6.013E-01
  414  6.171E-02  1.038E-03  1.082E+00  9.179E-01  6.113E-01
  415  6.275E-02  1.038E-03  1.082E+00  9.185E-01  6.213E-01
  416  6.378E-02  1.038E-03  1.081E+00  9.190E-01  6.312E-01
  417  6.482E-02  1.038E-03  1.080E+00  9.196E-01  6.412E-01
  418  6.586E-02  1.038E-03  1.080E+00  9.201E-01  6.512E-01
  419  6.690E-02  1.038E-03  1.079E+00  9.207E-01  6.611E-01
  420  6.793E-02  1.038E-03  1.079E+00  9.212E-01  6.711E-01

   is    psifac      dpsi        q       singfac     eval1

 Gaussian Reduction at istep =    421, psi = 6.897E-02, q =  1.079

   is    psifac      dpsi        q       singfac     eval1

  421  6.897E-02  1.038E-03  1.078E+00  9.218E-01  6.810E-01
  422  6.897E-02  5.000E-07  1.078E+00  9.218E-01  6.810E-01
  423  6.897E-02  5.000E-07  1.078E+00  9.218E-01  6.810E-01
  424  6.919E-02  2.213E-04  1.078E+00  9.219E-01  6.831E-01
  425  6.942E-02  2.213E-04  1.078E+00  9.220E-01  6.852E-01
  426  6.964E-02  2.213E-04  1.078E+00  9.221E-01  6.873E-01
  427  7.043E-02  7.929E-04  1.077E+00  9.225E-01  6.949E-01
  428  7.122E-02  7.929E-04  1.077E+00  9.229E-01  7.025E-01
  429  7.202E-02  7.929E-04  1.077E+00  9.233E-01  7.101E-01
  430  7.281E-02  7.929E-04  1.076E+00  9.237E-01  7.176E-01
  431  7.374E-02  9.366E-04  1.076E+00  9.242E-01  7.265E-01
  432  7.468E-02  9.366E-04  1.075E+00  9.247E-01  7.354E-01
  433  7.562E-02  9.366E-04  1.075E+00  9.251E-01  7.443E-01
  434  7.655E-02  9.366E-04  1.074E+00  9.256E-01  7.532E-01
  435  7.749E-02  9.366E-04  1.074E+00  9.260E-01  7.621E-01
  436  7.866E-02  1.167E-03  1.073E+00  9.266E-01  7.732E-01
  437  7.982E-02  1.167E-03  1.073E+00  9.271E-01  7.842E-01
  438  8.099E-02  1.167E-03  1.072E+00  9.277E-01  7.953E-01
  439  8.216E-02  1.167E-03  1.072E+00  9.282E-01  8.063E-01
  440  8.333E-02  1.167E-03  1.071E+00  9.288E-01  8.173E-01
  441  8.449E-02  1.167E-03  1.071E+00  9.293E-01  8.283E-01
  442  8.601E-02  1.520E-03  1.070E+00  9.300E-01  8.426E-01
  443  8.753E-02  1.520E-03  1.069E+00  9.307E-01  8.569E-01
  444  8.905E-02  1.520E-03  1.069E+00  9.313E-01  8.711E-01
  445  9.057E-02  1.520E-03  1.068E+00  9.320E-01  8.854E-01
  446  9.209E-02  1.520E-03  1.067E+00  9.326E-01  8.996E-01
  447  9.361E-02  1.520E-03  1.067E+00  9.333E-01  9.138E-01
  448  9.513E-02  1.520E-03  1.066E+00  9.339E-01  9.280E-01
  449  9.665E-02  1.520E-03  1.065E+00  9.345E-01  9.422E-01
  450  9.817E-02  1.520E-03  1.065E+00  9.351E-01  9.563E-01

   is    psifac      dpsi        q       singfac     eval1

 Gaussian Reduction at istep =    451, psi = 9.969E-02, q =  1.065

   is    psifac      dpsi        q       singfac     eval1

  451  9.969E-02  1.520E-03  1.064E+00  9.357E-01  9.704E-01
  452  9.969E-02  5.000E-07  1.064E+00  9.357E-01  9.704E-01
  453  9.969E-02  5.000E-07  1.064E+00  9.357E-01  9.704E-01
  454  1.000E-01  3.169E-04  1.064E+00  9.359E-01  9.734E-01
  455  1.003E-01  3.169E-04  1.064E+00  9.360E-01  9.763E-01
  456  1.006E-01  3.169E-04  1.064E+00  9.361E-01  9.793E-01
  457  1.018E-01  1.137E-03  1.063E+00  9.366E-01  9.898E-01
  458  1.029E-01  1.137E-03  1.063E+00  9.370E-01  1.000E+00
  459  1.041E-01  1.137E-03  1.063E+00  9.374E-01  1.011E+00
  460  1.052E-01  1.137E-03  1.062E+00  9.379E-01  1.021E+00
  461  1.065E-01  1.338E-03  1.062E+00  9.384E-01  1.034E+00
  462  1.079E-01  1.338E-03  1.061E+00  9.389E-01  1.046E+00
  463  1.092E-01  1.338E-03  1.061E+00  9.394E-01  1.058E+00
  464  1.105E-01  1.338E-03  1.060E+00  9.398E-01  1.071E+00
  465  1.119E-01  1.338E-03  1.060E+00  9.403E-01  1.083E+00
  466  1.135E-01  1.669E-03  1.059E+00  9.409E-01  1.098E+00
  467  1.152E-01  1.669E-03  1.059E+00  9.415E-01  1.114E+00
  468  1.169E-01  1.669E-03  1.058E+00  9.420E-01  1.129E+00
  469  1.186E-01  1.669E-03  1.057E+00  9.426E-01  1.144E+00
  470  1.202E-01  1.669E-03  1.057E+00  9.431E-01  1.160E+00
  471  1.219E-01  1.669E-03  1.056E+00  9.437E-01  1.175E+00
  472  1.241E-01  2.163E-03  1.056E+00  9.444E-01  1.194E+00
  473  1.262E-01  2.163E-03  1.055E+00  9.450E-01  1.214E+00
  474  1.284E-01  2.163E-03  1.054E+00  9.457E-01  1.234E+00
  475  1.305E-01  2.163E-03  1.054E+00  9.463E-01  1.253E+00
  476  1.327E-01  2.163E-03  1.053E+00  9.469E-01  1.273E+00
  477  1.349E-01  2.163E-03  1.052E+00  9.475E-01  1.293E+00
  478  1.370E-01  2.163E-03  1.052E+00  9.481E-01  1.312E+00
  479  1.392E-01  2.163E-03  1.051E+00  9.487E-01  1.331E+00
  480  1.414E-01  2.163E-03  1.051E+00  9.493E-01  1.351E+00
  481  1.435E-01  2.163E-03  1.050E+00  9.498E-01  1.370E+00

   is    psifac      dpsi        q       singfac     eval1

 Gaussian Reduction at istep =    482, psi = 1.457E-01, q =  1.050

   is    psifac      dpsi        q       singfac     eval1

  482  1.457E-01  2.163E-03  1.050E+00  9.504E-01  1.390E+00
  483  1.457E-01  5.000E-07  1.050E+00  9.504E-01  1.390E+00
  484  1.457E-01  5.000E-07  1.050E+00  9.504E-01  1.390E+00
  485  1.461E-01  4.461E-04  1.050E+00  9.505E-01  1.394E+00
  486  1.466E-01  4.461E-04  1.049E+00  9.506E-01  1.398E+00
  487  1.470E-01  4.461E-04  1.049E+00  9.507E-01  1.402E+00
  488  1.486E-01  1.610E-03  1.049E+00  9.511E-01  1.416E+00
  489  1.502E-01  1.610E-03  1.049E+00  9.515E-01  1.430E+00
  490  1.519E-01  1.610E-03  1.048E+00  9.518E-01  1.445E+00
  491  1.535E-01  1.610E-03  1.048E+00  9.522E-01  1.459E+00
  492  1.553E-01  1.848E-03  1.047E+00  9.526E-01  1.476E+00
  493  1.572E-01  1.848E-03  1.047E+00  9.530E-01  1.492E+00
  494  1.590E-01  1.848E-03  1.047E+00  9.534E-01  1.508E+00
  495  1.609E-01  1.848E-03  1.046E+00  9.538E-01  1.525E+00
  496  1.627E-01  1.848E-03  1.046E+00  9.541E-01  1.541E+00
  497  1.650E-01  2.316E-03  1.045E+00  9.546E-01  1.562E+00
  498  1.673E-01  2.316E-03  1.045E+00  9.550E-01  1.582E+00
  499  1.696E-01  2.316E-03  1.045E+00  9.554E-01  1.603E+00
  500  1.720E-01  2.316E-03  1.044E+00  9.558E-01  1.623E+00
  501  1.743E-01  2.316E-03  1.044E+00  9.562E-01  1.643E+00
  502  1.766E-01  2.316E-03  1.043E+00  9.566E-01  1.664E+00
  503  1.796E-01  2.962E-03  1.043E+00  9.571E-01  1.690E+00
  504  1.825E-01  2.962E-03  1.043E+00  9.575E-01  1.715E+00
  505  1.855E-01  2.962E-03  1.042E+00  9.579E-01  1.741E+00
  506  1.884E-01  2.962E-03  1.042E+00  9.583E-01  1.767E+00
  507  1.914E-01  2.962E-03  1.041E+00  9.587E-01  1.793E+00
  508  1.944E-01  2.962E-03  1.041E+00  9.590E-01  1.819E+00
  509  1.973E-01  2.962E-03  1.041E+00  9.593E-01  1.844E+00
  510  2.003E-01  2.962E-03  1.040E+00  9.596E-01  1.870E+00
  511  2.033E-01  2.962E-03  1.040E+00  9.599E-01  1.895E+00
  512  2.067E-01  3.472E-03  1.040E+00  9.602E-01  1.925E+00

   is    psifac      dpsi        q       singfac     eval1

 Gaussian Reduction at istep =    513, psi = 2.102E-01, q =  1.040

   is    psifac      dpsi        q       singfac     eval1

  513  2.102E-01  3.472E-03  1.039E+00  9.605E-01  1.955E+00
  514  2.102E-01  5.000E-07  1.039E+00  9.605E-01  1.955E+00
  515  2.102E-01  5.000E-07  1.039E+00  9.605E-01  1.955E+00
  516  2.109E-01  6.519E-04  1.039E+00  9.606E-01  1.961E+00
  517  2.115E-01  6.519E-04  1.039E+00  9.606E-01  1.966E+00
  518  2.122E-01  6.519E-04  1.039E+00  9.606E-01  1.972E+00
  519  2.145E-01  2.363E-03  1.039E+00  9.608E-01  1.992E+00
  520  2.169E-01  2.363E-03  1.039E+00  9.610E-01  2.012E+00
  521  2.192E-01  2.363E-03  1.039E+00  9.611E-01  2.033E+00
  522  2.216E-01  2.363E-03  1.039E+00  9.612E-01  2.053E+00
  523  2.243E-01  2.691E-03  1.039E+00  9.613E-01  2.076E+00
  524  2.270E-01  2.691E-03  1.039E+00  9.614E-01  2.099E+00
  525  2.297E-01  2.691E-03  1.038E+00  9.615E-01  2.122E+00
  526  2.324E-01  2.691E-03  1.038E+00  9.616E-01  2.144E+00
  527  2.351E-01  2.691E-03  1.038E+00  9.617E-01  2.167E+00
  528  2.384E-01  3.341E-03  1.038E+00  9.617E-01  2.195E+00
  529  2.417E-01  3.341E-03  1.038E+00  9.617E-01  2.224E+00
  530  2.451E-01  3.341E-03  1.038E+00  9.617E-01  2.252E+00
  531  2.484E-01  3.341E-03  1.038E+00  9.617E-01  2.280E+00
  532  2.518E-01  3.341E-03  1.038E+00  9.616E-01  2.308E+00
  533  2.551E-01  3.341E-03  1.038E+00  9.616E-01  2.336E+00
  534  2.593E-01  4.155E-03  1.039E+00  9.614E-01  2.371E+00
  535  2.634E-01  4.155E-03  1.039E+00  9.613E-01  2.405E+00
  536  2.676E-01  4.155E-03  1.039E+00  9.611E-01  2.440E+00
  537  2.717E-01  4.155E-03  1.039E+00  9.608E-01  2.474E+00
  538  2.759E-01  4.155E-03  1.039E+00  9.606E-01  2.509E+00
  539  2.800E-01  4.155E-03  1.040E+00  9.602E-01  2.543E+00
  540  2.842E-01  4.155E-03  1.040E+00  9.599E-01  2.578E+00
  541  2.883E-01  4.155E-03  1.040E+00  9.595E-01  2.612E+00
  542  2.925E-01  4.155E-03  1.041E+00  9.591E-01  2.646E+00
  543  2.973E-01  4.816E-03  1.041E+00  9.586E-01  2.685E+00

   is    psifac      dpsi        q       singfac     eval1

 Gaussian Reduction at istep =    544, psi = 3.021E-01, q =  1.041

   is    psifac      dpsi        q       singfac     eval1

  544  3.021E-01  4.816E-03  1.042E+00  9.580E-01  2.725E+00
  545  3.021E-01  5.000E-07  1.042E+00  9.580E-01  2.725E+00
  546  3.021E-01  5.000E-07  1.042E+00  9.580E-01  2.725E+00
  547  3.030E-01  8.712E-04  1.042E+00  9.579E-01  2.732E+00
  548  3.039E-01  8.712E-04  1.042E+00  9.578E-01  2.739E+00
  549  3.048E-01  8.712E-04  1.042E+00  9.577E-01  2.746E+00
  550  3.074E-01  2.642E-03  1.043E+00  9.573E-01  2.768E+00
  551  3.100E-01  2.642E-03  1.043E+00  9.570E-01  2.789E+00
  552  3.127E-01  2.642E-03  1.043E+00  9.566E-01  2.811E+00
  553  3.153E-01  2.642E-03  1.044E+00  9.562E-01  2.832E+00
  554  3.184E-01  3.125E-03  1.044E+00  9.557E-01  2.858E+00
  555  3.216E-01  3.125E-03  1.045E+00  9.552E-01  2.883E+00
  556  3.247E-01  3.125E-03  1.045E+00  9.547E-01  2.893E+00
  557  3.278E-01  3.125E-03  1.046E+00  9.541E-01  2.893E+00
  558  3.309E-01  3.125E-03  1.046E+00  9.536E-01  2.893E+00
  559  3.350E-01  4.099E-03  1.047E+00  9.528E-01  2.893E+00
  560  3.391E-01  4.099E-03  1.048E+00  9.520E-01  2.894E+00
  561  3.432E-01  4.099E-03  1.049E+00  9.512E-01  2.894E+00
  562  3.473E-01  4.099E-03  1.050E+00  9.503E-01  2.895E+00
  563  3.514E-01  4.099E-03  1.051E+00  9.494E-01  2.896E+00
  564  3.555E-01  4.099E-03  1.052E+00  9.485E-01  2.897E+00
  565  3.609E-01  5.383E-03  1.053E+00  9.472E-01  2.898E+00
  566  3.663E-01  5.383E-03  1.054E+00  9.459E-01  2.900E+00
  567  3.717E-01  5.383E-03  1.055E+00  9.445E-01  2.902E+00
  568  3.771E-01  5.383E-03  1.057E+00  9.431E-01  2.904E+00
  569  3.825E-01  5.383E-03  1.058E+00  9.416E-01  2.907E+00
  570  3.878E-01  5.383E-03  1.060E+00  9.400E-01  2.909E+00
  571  3.932E-01  5.383E-03  1.062E+00  9.384E-01  2.912E+00
  572  3.986E-01  5.383E-03  1.063E+00  9.367E-01  2.916E+00
  573  4.040E-01  5.383E-03  1.065E+00  9.349E-01  2.919E+00
  574  4.094E-01  5.383E-03  1.067E+00  9.332E-01  2.923E+00
  575  4.155E-01  6.176E-03  1.069E+00  9.310E-01  2.927E+00
  576  4.217E-01  6.176E-03  1.071E+00  9.288E-01  2.932E+00

   is    psifac      dpsi        q       singfac     eval1

 Gaussian Reduction at istep =    577, psi = 4.279E-01, q =  1.071

   is    psifac      dpsi        q       singfac     eval1

  577  4.279E-01  6.176E-03  1.073E+00  9.265E-01  2.937E+00
  578  4.279E-01  5.000E-07  1.073E+00  9.265E-01  2.937E+00
  579  4.279E-01  5.000E-07  1.073E+00  9.265E-01  2.937E+00
  580  4.290E-01  1.118E-03  1.074E+00  9.261E-01  2.938E+00
  581  4.301E-01  1.118E-03  1.074E+00  9.256E-01  2.939E+00
  582  4.313E-01  1.118E-03  1.075E+00  9.252E-01  2.940E+00
  583  4.347E-01  3.419E-03  1.076E+00  9.239E-01  2.943E+00
  584  4.381E-01  3.419E-03  1.077E+00  9.225E-01  2.946E+00
  585  4.415E-01  3.419E-03  1.079E+00  9.212E-01  2.949E+00
  586  4.449E-01  3.419E-03  1.080E+00  9.197E-01  2.953E+00
  587  4.489E-01  3.957E-03  1.082E+00  9.181E-01  2.957E+00
  588  4.528E-01  3.957E-03  1.084E+00  9.164E-01  2.961E+00
  589  4.568E-01  3.957E-03  1.085E+00  9.147E-01  2.965E+00
  590  4.608E-01  3.957E-03  1.087E+00  9.129E-01  2.969E+00
  591  4.647E-01  3.957E-03  1.089E+00  9.111E-01  2.974E+00
  592  4.698E-01  5.093E-03  1.091E+00  9.088E-01  2.980E+00
  593  4.749E-01  5.093E-03  1.094E+00  9.063E-01  2.986E+00
  594  4.800E-01  5.093E-03  1.096E+00  9.039E-01  2.992E+00
  595  4.851E-01  5.093E-03  1.099E+00  9.013E-01  2.999E+00
  596  4.902E-01  5.093E-03  1.101E+00  8.987E-01  3.005E+00
  597  4.953E-01  5.093E-03  1.104E+00  8.960E-01  3.012E+00
  598  5.019E-01  6.585E-03  1.107E+00  8.925E-01  3.021E+00
  599  5.084E-01  6.585E-03  1.111E+00  8.889E-01  3.031E+00
  600  5.150E-01  6.585E-03  1.115E+00  8.851E-01  3.041E+00
  601  5.216E-01  6.585E-03  1.119E+00  8.813E-01  3.051E+00
  602  5.282E-01  6.585E-03  1.123E+00  8.773E-01  3.061E+00
  603  5.348E-01  6.585E-03  1.127E+00  8.732E-01  3.072E+00
  604  5.402E-01  5.463E-03  1.130E+00  8.697E-01  3.081E+00
  605  5.457E-01  5.463E-03  1.134E+00  8.662E-01  3.090E+00
  606  5.512E-01  5.463E-03  1.137E+00  8.625E-01  3.100E+00
  607  5.566E-01  5.463E-03  1.141E+00  8.588E-01  3.110E+00
  608  5.621E-01  5.463E-03  1.145E+00  8.550E-01  3.120E+00
  609  5.676E-01  5.463E-03  1.149E+00  8.511E-01  3.130E+00

   is    psifac      dpsi        q       singfac     eval1

 Gaussian Reduction at istep =    610, psi = 5.730E-01, q =  1.149

   is    psifac      dpsi        q       singfac     eval1

  610  5.730E-01  5.463E-03  1.153E+00  8.471E-01  3.140E+00
  611  5.730E-01  5.000E-07  1.153E+00  8.471E-01  3.140E+00
  612  5.730E-01  5.000E-07  1.153E+00  8.471E-01  3.140E+00
  613  5.743E-01  1.232E-03  1.154E+00  8.462E-01  3.142E+00
  614  5.755E-01  1.232E-03  1.155E+00  8.453E-01  3.145E+00
  615  5.767E-01  1.232E-03  1.156E+00  8.444E-01  3.147E+00
  616  5.806E-01  3.853E-03  1.159E+00  8.415E-01  3.155E+00
  617  5.844E-01  3.853E-03  1.161E+00  8.385E-01  3.162E+00
  618  5.883E-01  3.853E-03  1.164E+00  8.355E-01  3.170E+00
  619  5.921E-01  3.853E-03  1.168E+00  8.325E-01  3.178E+00
  620  5.965E-01  4.322E-03  1.171E+00  8.290E-01  3.187E+00
  621  6.008E-01  4.322E-03  1.175E+00  8.255E-01  3.196E+00
  622  6.051E-01  4.322E-03  1.178E+00  8.219E-01  3.205E+00
  623  6.094E-01  4.322E-03  1.182E+00  8.182E-01  3.214E+00
  624  6.137E-01  4.322E-03  1.186E+00  8.145E-01  3.223E+00
  625  6.192E-01  5.475E-03  1.190E+00  8.096E-01  3.235E+00
  626  6.247E-01  5.475E-03  1.195E+00  8.047E-01  3.247E+00
  627  6.302E-01  5.475E-03  1.200E+00  7.997E-01  3.259E+00
  628  6.356E-01  5.475E-03  1.205E+00  7.945E-01  3.272E+00
  629  6.411E-01  5.475E-03  1.211E+00  7.892E-01  3.284E+00
  630  6.466E-01  5.475E-03  1.216E+00  7.838E-01  3.297E+00
  631  6.533E-01  6.682E-03  1.223E+00  7.771E-01  3.313E+00
  632  6.600E-01  6.682E-03  1.230E+00  7.701E-01  3.328E+00
  633  6.666E-01  6.682E-03  1.237E+00  7.630E-01  3.345E+00
  634  6.733E-01  6.682E-03  1.244E+00  7.557E-01  3.361E+00
  635  6.800E-01  6.682E-03  1.252E+00  7.481E-01  3.377E+00
  636  6.867E-01  6.682E-03  1.260E+00  7.404E-01  3.394E+00
  637  6.934E-01  6.682E-03  1.268E+00  7.324E-01  3.411E+00
  638  7.000E-01  6.682E-03  1.276E+00  7.241E-01  3.428E+00
  639  7.067E-01  6.682E-03  1.284E+00  7.157E-01  3.445E+00
  640  7.134E-01  6.682E-03  1.293E+00  7.070E-01  3.462E+00

   is    psifac      dpsi        q       singfac     eval1

 Gaussian Reduction at istep =    641, psi = 7.208E-01, q =  1.293

   is    psifac      dpsi        q       singfac     eval1

  641  7.208E-01  7.406E-03  1.303E+00  6.970E-01  3.482E+00
  642  7.208E-01  5.000E-07  1.303E+00  6.970E-01  3.482E+00
  643  7.208E-01  5.000E-07  1.303E+00  6.970E-01  3.482E+00
  644  7.219E-01  1.068E-03  1.304E+00  6.955E-01  3.485E+00
  645  7.230E-01  1.068E-03  1.306E+00  6.940E-01  3.488E+00
  646  7.240E-01  1.068E-03  1.307E+00  6.926E-01  3.490E+00
  647  7.275E-01  3.454E-03  1.312E+00  6.877E-01  3.500E+00
  648  7.309E-01  3.454E-03  1.317E+00  6.828E-01  3.509E+00
  649  7.344E-01  3.454E-03  1.322E+00  6.778E-01  3.518E+00
  650  7.378E-01  3.454E-03  1.327E+00  6.728E-01  3.528E+00
  651  7.422E-01  4.411E-03  1.334E+00  6.662E-01  3.540E+00
  652  7.467E-01  4.411E-03  1.341E+00  6.594E-01  3.552E+00
  653  7.511E-01  4.411E-03  1.347E+00  6.526E-01  3.564E+00
  654  7.555E-01  4.411E-03  1.354E+00  6.455E-01  3.577E+00
  655  7.599E-01  4.411E-03  1.362E+00  6.384E-01  3.589E+00
  656  7.643E-01  4.411E-03  1.369E+00  6.310E-01  3.602E+00
  657  7.687E-01  4.411E-03  1.376E+00  6.235E-01  3.615E+00
  658  7.731E-01  4.411E-03  1.384E+00  6.159E-01  3.627E+00
  659  7.775E-01  4.411E-03  1.392E+00  6.081E-01  3.640E+00
  660  7.820E-01  4.411E-03  1.400E+00  6.000E-01  3.654E+00
  661  7.864E-01  4.411E-03  1.408E+00  5.919E-01  3.667E+00
  662  7.908E-01  4.411E-03  1.417E+00  5.835E-01  3.681E+00
  663  7.952E-01  4.411E-03  1.425E+00  5.749E-01  3.694E+00
  664  7.996E-01  4.411E-03  1.434E+00  5.661E-01  3.708E+00
  665  8.040E-01  4.411E-03  1.443E+00  5.571E-01  3.723E+00
  666  8.084E-01  4.411E-03  1.452E+00  5.479E-01  3.737E+00
  667  8.128E-01  4.411E-03  1.462E+00  5.384E-01  3.752E+00
  668  8.172E-01  4.411E-03  1.471E+00  5.287E-01  3.766E+00
  669  8.217E-01  4.411E-03  1.481E+00  5.188E-01  3.782E+00
  670  8.253E-01  3.665E-03  1.490E+00  5.103E-01  3.795E+00
  671  8.290E-01  3.665E-03  1.498E+00  5.017E-01  3.808E+00
  672  8.326E-01  3.665E-03  1.507E+00  4.928E-01  3.821E+00
  673  8.363E-01  3.665E-03  1.516E+00  4.838E-01  3.834E+00
  674  8.400E-01  3.665E-03  1.525E+00  4.745E-01  3.848E+00
  675  8.436E-01  3.665E-03  1.535E+00  4.651E-01  3.862E+00

   is    psifac      dpsi        q       singfac     eval1

 Gaussian Reduction at istep =    676, psi = 8.473E-01, q =  1.535

   is    psifac      dpsi        q       singfac     eval1

  676  8.473E-01  3.665E-03  1.545E+00  4.554E-01  3.877E+00
  677  8.473E-01  5.000E-07  1.545E+00  4.554E-01  3.877E+00
  678  8.473E-01  5.000E-07  1.545E+00  4.554E-01  3.877E+00
  679  8.481E-01  7.757E-04  1.547E+00  4.533E-01  3.880E+00
  680  8.489E-01  7.757E-04  1.549E+00  4.512E-01  3.883E+00
  681  8.496E-01  7.757E-04  1.551E+00  4.491E-01  3.886E+00
  682  8.520E-01  2.381E-03  1.557E+00  4.426E-01  3.896E+00
  683  8.544E-01  2.381E-03  1.564E+00  4.359E-01  3.906E+00
  684  8.568E-01  2.381E-03  1.571E+00  4.292E-01  3.916E+00
  685  8.592E-01  2.381E-03  1.578E+00  4.223E-01  3.926E+00
  686  8.620E-01  2.860E-03  1.586E+00  4.140E-01  3.938E+00
  687  8.649E-01  2.860E-03  1.595E+00  4.054E-01  3.951E+00
  688  8.677E-01  2.860E-03  1.603E+00  3.967E-01  3.964E+00
  689  8.706E-01  2.860E-03  1.612E+00  3.878E-01  3.977E+00
  690  8.735E-01  2.860E-03  1.621E+00  3.787E-01  3.990E+00
  691  8.763E-01  2.860E-03  1.631E+00  3.694E-01  4.004E+00
  692  8.792E-01  2.860E-03  1.640E+00  3.598E-01  4.018E+00
  693  8.820E-01  2.860E-03  1.650E+00  3.501E-01  4.032E+00
  694  8.849E-01  2.860E-03  1.660E+00  3.402E-01  4.047E+00
  695  8.878E-01  2.860E-03  1.670E+00  3.300E-01  4.062E+00
  696  8.906E-01  2.860E-03  1.680E+00  3.196E-01  4.077E+00
  697  8.935E-01  2.860E-03  1.691E+00  3.089E-01  4.093E+00
  698  8.963E-01  2.860E-03  1.702E+00  2.979E-01  4.109E+00
  699  8.992E-01  2.860E-03  1.713E+00  2.867E-01  4.126E+00
  700  9.020E-01  2.755E-03  1.724E+00  2.756E-01  4.142E+00
  701  9.047E-01  2.755E-03  1.736E+00  2.643E-01  4.159E+00
  702  9.075E-01  2.755E-03  1.747E+00  2.526E-01  4.176E+00
  703  9.102E-01  2.755E-03  1.759E+00  2.406E-01  4.194E+00
  704  9.130E-01  2.755E-03  1.772E+00  2.283E-01  4.212E+00
  705  9.157E-01  2.755E-03  1.784E+00  2.157E-01  4.230E+00
  706  9.185E-01  2.755E-03  1.797E+00  2.026E-01  4.250E+00
  707  9.212E-01  2.755E-03  1.811E+00  1.892E-01  4.269E+00
  708  9.240E-01  2.755E-03  1.825E+00  1.754E-01  4.290E+00
  709  9.267E-01  2.755E-03  1.839E+00  1.612E-01  4.310E+00
  710  9.295E-01  2.755E-03  1.854E+00  1.464E-01  4.332E+00

   is    psifac      dpsi        q       singfac     eval1

 Gaussian Reduction at istep =    711, psi = 9.323E-01, q =  1.854

   is    psifac      dpsi        q       singfac     eval1

  711  9.323E-01  2.755E-03  1.869E+00  1.312E-01  4.354E+00
  712  9.323E-01  5.000E-07  1.869E+00  1.312E-01  4.354E+00
  713  9.323E-01  5.000E-07  1.869E+00  1.312E-01  4.354E+00
  714  9.326E-01  3.908E-04  1.871E+00  1.290E-01  4.357E+00
  715  9.330E-01  3.908E-04  1.873E+00  1.268E-01  4.360E+00
  716  9.334E-01  3.908E-04  1.875E+00  1.246E-01  4.363E+00
  717  9.346E-01  1.165E-03  1.882E+00  1.179E-01  4.373E+00
  718  9.358E-01  1.165E-03  1.889E+00  1.111E-01  4.383E+00
  719  9.369E-01  1.165E-03  1.896E+00  1.042E-01  4.393E+00
  720  9.381E-01  1.165E-03  1.903E+00  9.724E-02  4.403E+00
  721  9.392E-01  1.165E-03  1.910E+00  9.013E-02  4.413E+00
  722  9.404E-01  1.165E-03  1.917E+00  8.292E-02  4.423E+00
  723  9.416E-01  1.165E-03  1.924E+00  7.559E-02  4.433E+00
  724  9.425E-01  9.251E-04  1.930E+00  6.967E-02  4.441E+00
  725  9.434E-01  9.251E-04  1.936E+00  6.369E-02  4.450E+00
  726  9.444E-01  9.251E-04  1.942E+00  5.762E-02  4.458E+00
  727  9.453E-01  9.251E-04  1.949E+00  5.146E-02  4.467E+00
  728  9.460E-01  7.438E-04  1.954E+00  4.646E-02  4.474E+00
  729  9.468E-01  7.438E-04  1.959E+00  4.139E-02  4.480E+00
  730  9.474E-01  5.986E-04  1.963E+00  3.728E-02  4.486E+00
  731  9.480E-01  5.986E-04  1.967E+00  3.312E-02  4.492E+00
  732  9.484E-01  4.831E-04  1.970E+00  2.974E-02  4.496E+00
  733  9.489E-01  4.831E-04  1.974E+00  2.633E-02  4.501E+00
  734  9.493E-01  3.858E-04  1.976E+00  2.360E-02  4.505E+00
  735  9.497E-01  3.858E-04  1.979E+00  2.084E-02  4.508E+00
  736  9.500E-01  3.078E-04  1.981E+00  1.863E-02  4.511E+00
  737  9.503E-01  3.078E-04  1.984E+00  1.641E-02  4.514E+00
  738  9.506E-01  2.439E-04  1.985E+00  1.464E-02  4.516E+00
  739  9.508E-01  2.439E-04  1.987E+00  1.287E-02  4.519E+00
  740  9.510E-01  1.920E-04  1.989E+00  1.147E-02  4.521E+00
  741  9.512E-01  1.920E-04  1.990E+00  1.006E-02  4.522E+00
  742  9.513E-01  1.504E-04  1.991E+00  8.954E-03  4.524E+00
  743  9.514E-01  1.514E-05  1.991E+00  8.843E-03  4.524E+00
  744  9.514E-01  1.514E-05  1.991E+00  8.731E-03  4.524E+00
  745  9.514E-01  1.514E-05  1.991E+00  8.620E-03  4.524E+00
  746  9.514E-01  1.514E-05  1.991E+00  8.508E-03  4.525E+00
  747  9.514E-01  3.028E-05  1.992E+00  8.285E-03  4.525E+00
  748  9.515E-01  3.028E-05  1.992E+00  8.062E-03  4.525E+00
  749  9.515E-01  3.028E-05  1.992E+00  7.839E-03  4.525E+00
  750  9.515E-01  3.028E-05  1.992E+00  7.616E-03  4.526E+00
  751  9.516E-01  7.691E-05  1.993E+00  7.048E-03  4.527E+00
  752  9.517E-01  7.691E-05  1.994E+00  6.480E-03  4.527E+00
  753  9.518E-01  7.691E-05  1.994E+00  5.911E-03  4.528E+00
  754  9.518E-01  7.691E-05  1.995E+00  5.341E-03  4.529E+00
  755  9.519E-01  6.396E-05  1.995E+00  4.867E-03  4.529E+00
  756  9.520E-01  6.396E-05  1.996E+00  4.392E-03  4.530E+00
  757  9.520E-01  5.277E-05  1.996E+00  3.999E-03  4.531E+00
  758  9.521E-01  5.277E-05  1.996E+00  3.607E-03  4.531E+00
  759  9.521E-01  4.339E-05  1.997E+00  3.284E-03  4.532E+00
  760  9.521E-01  4.339E-05  1.997E+00  2.961E-03  4.532E+00
  761  9.522E-01  3.560E-05  1.997E+00  2.695E-03  4.532E+00
  762  9.522E-01  3.560E-05  1.998E+00  2.430E-03  4.533E+00
  763  9.522E-01  2.921E-05  1.998E+00  2.212E-03  4.533E+00
  764  9.523E-01  2.921E-05  1.998E+00  1.993E-03  4.533E+00
  765  9.523E-01  2.396E-05  1.998E+00  1.814E-03  4.533E+00
  766  9.523E-01  2.396E-05  1.998E+00  1.635E-03  4.534E+00
  767  9.523E-01  1.966E-05  1.999E+00  1.488E-03  4.534E+00
  768  9.524E-01  1.966E-05  1.999E+00  1.341E-03  4.534E+00
  769  9.524E-01  1.613E-05  1.999E+00  1.220E-03  4.534E+00
  770  9.524E-01  1.613E-05  1.999E+00  1.100E-03  4.534E+00
  771  9.524E-01  1.323E-05  1.999E+00  1.001E-03  4.535E+00
  772  9.524E-01  1.323E-05  1.999E+00  9.015E-04  4.535E+00
  773  9.524E-01  1.085E-05  1.999E+00  8.202E-04  4.535E+00
  774  9.524E-01  1.085E-05  1.999E+00  7.390E-04  4.535E+00
  775  9.525E-01  8.897E-06  1.999E+00  6.723E-04  4.535E+00
  776  9.525E-01  8.897E-06  1.999E+00  6.056E-04  4.535E+00
  777  9.525E-01  7.293E-06  1.999E+00  5.510E-04  4.535E+00
  778  9.525E-01  7.293E-06  2.000E+00  4.963E-04  4.535E+00
  779  9.525E-01  5.978E-06  2.000E+00  4.515E-04  4.535E+00
  780  9.525E-01  5.978E-06  2.000E+00  4.067E-04  4.535E+00
  781  9.525E-01  4.899E-06  2.000E+00  3.700E-04  4.535E+00
  782  9.525E-01  4.899E-06  2.000E+00  3.332E-04  4.535E+00
  783  9.525E-01  4.014E-06  2.000E+00  3.031E-04  4.535E+00
  784  9.525E-01  4.014E-06  2.000E+00  2.730E-04  4.535E+00
  785  9.525E-01  3.289E-06  2.000E+00  2.484E-04  4.535E+00
  786  9.525E-01  3.289E-06  2.000E+00  2.237E-04  4.536E+00
  787  9.525E-01  2.695E-06  2.000E+00  2.035E-04  4.536E+00
  788  9.525E-01  2.695E-06  2.000E+00  1.833E-04  4.536E+00
  789  9.525E-01  2.208E-06  2.000E+00  1.667E-04  4.536E+00
  790  9.525E-01  2.208E-06  2.000E+00  1.501E-04  4.536E+00
  791  9.525E-01  1.809E-06  2.000E+00  1.366E-04  4.536E+00
  792  9.525E-01  1.809E-06  2.000E+00  1.230E-04  4.536E+00
  793  9.525E-01  1.482E-06  2.000E+00  1.119E-04  4.536E+00
  794  9.525E-01  1.482E-06  2.000E+00  1.008E-04  4.536E+00
  795  9.525E-01  1.214E-06  2.000E+00  9.166E-05  4.536E+00
  796  9.525E-01  1.214E-06  2.000E+00  8.255E-05  4.536E+00
  797  9.525E-01  9.947E-07  2.000E+00  7.508E-05  4.536E+00
  798  9.525E-01  9.947E-07  2.000E+00  6.762E-05  4.536E+00
  799  9.525E-01  8.149E-07  2.000E+00  6.151E-05  4.536E+00
  800  9.525E-01  8.149E-07  2.000E+00  5.539E-05  4.536E+00
  801  9.525E-01  6.675E-07  2.000E+00  5.039E-05  4.536E+00
  802  9.525E-01  6.675E-07  2.000E+00  4.538E-05  4.536E+00
  803  9.525E-01  5.468E-07  2.000E+00  4.127E-05  4.536E+00
  804  9.525E-01  5.468E-07  2.000E+00  3.717E-05  4.536E+00
  805  9.525E-01  4.479E-07  2.000E+00  3.381E-05  4.536E+00
  806  9.525E-01  4.479E-07  2.000E+00  3.045E-05  4.536E+00
  807  9.525E-01  3.669E-07  2.000E+00  2.770E-05  4.536E+00
  808  9.525E-01  3.669E-07  2.000E+00  2.494E-05  4.536E+00
  809  9.525E-01  3.006E-07  2.000E+00  2.269E-05  4.536E+00
  810  9.525E-01  3.006E-07  2.000E+00  2.043E-05  4.536E+00
  811  9.525E-01  2.462E-07  2.000E+00  1.858E-05  4.536E+00
  812  9.525E-01  2.462E-07  2.000E+00  1.674E-05  4.536E+00
  813  9.525E-01  2.017E-07  2.000E+00  1.522E-05  4.536E+00
  814  9.525E-01  2.017E-07  2.000E+00  1.371E-05  4.536E+00
  815  9.525E-01  1.652E-07  2.000E+00  1.247E-05  4.536E+00
  816  9.525E-01  1.652E-07  2.000E+00  1.123E-05  4.536E+00
  817  9.525E-01  1.350E-07  2.000E+00  1.022E-05  4.536E+00
  818  9.525E-01  2.905E-08  2.000E+00  1.000E-05  4.536E+00

   is    psifac      dpsi        q       singfac     eval1

 Gaussian Reduction at istep =    818, psi = 9.525E-01, q =  2.000

   is    psifac      dpsi        q       singfac     eval1

  819  9.525E-01  2.665E-06  2.000E+00  2.000E+00  4.536E+00
  820  9.525E-01  5.904E-09  2.000E+00  2.000E+00  4.536E+00
  821  9.525E-01  5.904E-09  2.000E+00  2.000E+00  4.536E+00
  822  9.525E-01  1.181E-08  2.000E+00  2.000E+00  4.536E+00
  823  9.525E-01  1.181E-08  2.000E+00  2.000E+00  4.536E+00
  824  9.525E-01  1.181E-08  2.000E+00  2.000E+00  4.536E+00
  825  9.525E-01  5.706E-08  2.000E+00  2.000E+00  4.536E+00
  826  9.525E-01  5.706E-08  2.000E+00  2.000E+00  4.536E+00
  827  9.525E-01  5.706E-08  2.000E+00  2.000E+00  4.536E+00
  828  9.525E-01  5.706E-08  2.000E+00  2.000E+00  4.536E+00
  829  9.525E-01  1.291E-07  2.000E+00  2.000E+00  4.536E+00
  830  9.525E-01  1.291E-07  2.000E+00  2.000E+00  4.536E+00
  831  9.525E-01  1.291E-07  2.000E+00  2.000E+00  4.536E+00
  832  9.525E-01  1.291E-07  2.000E+00  2.000E+00  4.536E+00
  833  9.525E-01  1.291E-07  2.000E+00  2.000E+00  4.536E+00
  834  9.525E-01  2.073E-07  2.000E+00  2.000E+00  4.536E+00
  835  9.525E-01  2.073E-07  2.000E+00  2.000E+00  4.536E+00
  836  9.525E-01  2.073E-07  2.000E+00  2.000E+00  4.536E+00
  837  9.525E-01  2.073E-07  2.000E+00  2.000E+00  4.536E+00
  838  9.525E-01  2.073E-07  2.000E+00  2.000E+00  4.536E+00
  839  9.525E-01  2.940E-07  2.000E+00  2.000E+00  4.536E+00
  840  9.525E-01  2.940E-07  2.000E+00  2.000E+00  4.536E+00
  841  9.525E-01  2.940E-07  2.000E+00  2.000E+00  4.536E+00
  842  9.525E-01  2.940E-07  2.000E+00  2.000E+00  4.536E+00
  843  9.525E-01  2.940E-07  2.000E+00  2.000E+00  4.536E+00
  844  9.526E-01  4.723E-07  2.000E+00  2.000E+00  4.536E+00
  845  9.526E-01  4.723E-07  2.000E+00  2.000E+00  4.536E+00
  846  9.526E-01  4.723E-07  2.000E+00  2.000E+00  4.536E+00
  847  9.526E-01  4.723E-07  2.000E+00  2.000E+00  4.536E+00
  848  9.526E-01  4.723E-07  2.000E+00  2.000E+00  4.536E+00
  849  9.526E-01  7.755E-07  2.000E+00  2.000E+00  4.536E+00
  850  9.526E-01  7.755E-07  2.000E+00  2.000E+00  4.536E+00
  851  9.526E-01  7.755E-07  2.000E+00  2.000E+00  4.536E+00
  852  9.526E-01  7.755E-07  2.000E+00  2.000E+00  4.536E+00
  853  9.526E-01  7.755E-07  2.000E+00  2.000E+00  4.536E+00
  854  9.526E-01  1.313E-06  2.000E+00  2.000E+00  4.536E+00
  855  9.526E-01  1.313E-06  2.000E+00  2.000E+00  4.536E+00
  856  9.526E-01  1.313E-06  2.000E+00  2.000E+00  4.536E+00
  857  9.526E-01  1.313E-06  2.000E+00  2.000E+00  4.536E+00
  858  9.526E-01  1.313E-06  2.000E+00  2.000E+00  4.536E+00
  859  9.526E-01  2.328E-06  2.000E+00  2.000E+00  4.536E+00
  860  9.526E-01  2.328E-06  2.000E+00  2.000E+00  4.536E+00
  861  9.526E-01  2.328E-06  2.000E+00  2.000E+00  4.536E+00
  862  9.526E-01  2.328E-06  2.000E+00  2.000E+00  4.536E+00
  863  9.526E-01  2.328E-06  2.000E+00  2.000E+00  4.536E+00
  864  9.526E-01  4.359E-06  2.000E+00  2.000E+00  4.536E+00
  865  9.526E-01  4.359E-06  2.000E+00  2.000E+00  4.536E+00
  866  9.526E-01  4.359E-06  2.000E+00  2.000E+00  4.536E+00
  867  9.526E-01  4.359E-06  2.000E+00  2.000E+00  4.536E+00
  868  9.526E-01  4.359E-06  2.000E+00  2.000E+00  4.536E+00
  869  9.526E-01  8.844E-06  2.000E+00  2.000E+00  4.536E+00
  870  9.526E-01  8.844E-06  2.001E+00  1.999E+00  4.536E+00
  871  9.526E-01  8.844E-06  2.001E+00  1.999E+00  4.537E+00
  872  9.526E-01  8.844E-06  2.001E+00  1.999E+00  4.537E+00
  873  9.526E-01  8.844E-06  2.001E+00  1.999E+00  4.537E+00
  874  9.527E-01  2.221E-05  2.001E+00  1.999E+00  4.537E+00
  875  9.527E-01  2.221E-05  2.001E+00  1.999E+00  4.537E+00
  876  9.527E-01  2.221E-05  2.001E+00  1.999E+00  4.537E+00
  877  9.527E-01  2.221E-05  2.001E+00  1.999E+00  4.538E+00
  878  9.528E-01  2.221E-05  2.002E+00  1.998E+00  4.538E+00
  879  9.528E-01  3.440E-05  2.002E+00  1.998E+00  4.538E+00
  880  9.528E-01  3.440E-05  2.002E+00  1.998E+00  4.538E+00
  881  9.529E-01  3.440E-05  2.002E+00  1.998E+00  4.539E+00
  882  9.529E-01  3.440E-05  2.003E+00  1.997E+00  4.539E+00
  883  9.529E-01  3.440E-05  2.003E+00  1.997E+00  4.539E+00
  884  9.530E-01  6.195E-05  2.003E+00  1.997E+00  4.540E+00
  885  9.530E-01  6.195E-05  2.004E+00  1.996E+00  4.541E+00
  886  9.531E-01  6.195E-05  2.004E+00  1.996E+00  4.541E+00
  887  9.532E-01  6.195E-05  2.005E+00  1.995E+00  4.542E+00
  888  9.533E-01  1.242E-04  2.006E+00  1.994E+00  4.543E+00
  889  9.534E-01  1.242E-04  2.007E+00  1.993E+00  4.544E+00
  890  9.535E-01  1.242E-04  2.008E+00  1.992E+00  4.545E+00
  891  9.537E-01  1.242E-04  2.009E+00  1.991E+00  4.547E+00
  892  9.539E-01  2.360E-04  2.010E+00  1.990E+00  4.549E+00
  893  9.541E-01  2.360E-04  2.012E+00  1.988E+00  4.551E+00
  894  9.544E-01  2.360E-04  2.014E+00  1.986E+00  4.554E+00
  895  9.546E-01  2.360E-04  2.016E+00  1.984E+00  4.556E+00
  896  9.553E-01  7.335E-04  2.022E+00  1.978E+00  4.563E+00
  897  9.561E-01  7.335E-04  2.027E+00  1.973E+00  4.571E+00
  898  9.568E-01  7.335E-04  2.033E+00  1.967E+00  4.578E+00
  899  9.575E-01  7.335E-04  2.039E+00  1.961E+00  4.586E+00
  900  9.585E-01  9.711E-04  2.047E+00  1.953E+00  4.595E+00
  901  9.595E-01  9.711E-04  2.055E+00  1.945E+00  4.605E+00
  902  9.605E-01  9.711E-04  2.064E+00  1.936E+00  4.615E+00
  903  9.614E-01  9.711E-04  2.072E+00  1.928E+00  4.625E+00
  904  9.624E-01  9.711E-04  2.081E+00  1.919E+00  4.635E+00
  905  9.634E-01  9.711E-04  2.090E+00  1.910E+00  4.645E+00
  906  9.643E-01  9.711E-04  2.099E+00  1.901E+00  4.655E+00
  907  9.653E-01  9.711E-04  2.108E+00  1.892E+00  4.665E+00
  908  9.663E-01  9.711E-04  2.117E+00  1.883E+00  4.675E+00
  909  9.673E-01  9.711E-04  2.127E+00  1.873E+00  4.686E+00
  910  9.682E-01  9.711E-04  2.137E+00  1.863E+00  4.695E+00
  911  9.692E-01  9.711E-04  2.147E+00  1.853E+00  4.706E+00
  912  9.702E-01  9.711E-04  2.157E+00  1.843E+00  4.715E+00
  913  9.711E-01  9.711E-04  2.167E+00  1.833E+00  4.725E+00
  914  9.721E-01  9.711E-04  2.178E+00  1.822E+00  4.735E+00
  915  9.731E-01  9.711E-04  2.189E+00  1.811E+00  4.744E+00
  916  9.741E-01  9.711E-04  2.201E+00  1.799E+00  4.754E+00
  917  9.750E-01  9.711E-04  2.212E+00  1.788E+00  4.763E+00
  918  9.758E-01  8.082E-04  2.222E+00  1.778E+00  4.771E+00
  919  9.766E-01  8.082E-04  2.232E+00  1.768E+00  4.778E+00
  920  9.775E-01  8.082E-04  2.243E+00  1.757E+00  4.785E+00
  921  9.783E-01  8.082E-04  2.253E+00  1.747E+00  4.792E+00
  922  9.791E-01  8.082E-04  2.264E+00  1.736E+00  4.799E+00
  923  9.799E-01  8.082E-04  2.276E+00  1.724E+00  4.805E+00
  924  9.807E-01  8.082E-04  2.287E+00  1.713E+00  4.812E+00
  925  9.815E-01  8.082E-04  2.299E+00  1.701E+00  4.818E+00
  926  9.821E-01  6.555E-04  2.309E+00  1.691E+00  4.823E+00
  927  9.828E-01  6.555E-04  2.319E+00  1.681E+00  4.827E+00
  928  9.835E-01  6.555E-04  2.330E+00  1.670E+00  4.831E+00
  929  9.841E-01  6.555E-04  2.340E+00  1.660E+00  4.835E+00

   is    psifac      dpsi        q       singfac     eval1

 Gaussian Reduction at istep =    930, psi = 9.848E-01, q =  2.340

   is    psifac      dpsi        q       singfac     eval1

  930  9.848E-01  6.555E-04  2.351E+00  1.649E+00  4.838E+00
  931  9.848E-01  5.000E-07  2.351E+00  1.649E+00  4.838E+00
  932  9.848E-01  5.000E-07  2.351E+00  1.649E+00  4.838E+00
  933  9.849E-01  1.228E-04  2.353E+00  1.647E+00  4.839E+00
  934  9.850E-01  1.228E-04  2.355E+00  1.645E+00  4.839E+00
  935  9.851E-01  1.228E-04  2.358E+00  1.642E+00  4.840E+00
  936  9.855E-01  3.670E-04  2.364E+00  1.636E+00  4.842E+00
  937  9.859E-01  3.670E-04  2.370E+00  1.630E+00  4.843E+00
  938  9.862E-01  3.670E-04  2.377E+00  1.623E+00  4.844E+00
  939  9.866E-01  3.670E-04  2.384E+00  1.616E+00  4.846E+00
  940  9.870E-01  3.670E-04  2.390E+00  1.610E+00  4.847E+00
  941  9.873E-01  3.670E-04  2.397E+00  1.603E+00  4.847E+00
  942  9.876E-01  2.998E-04  2.403E+00  1.597E+00  4.848E+00
  943  9.879E-01  2.998E-04  2.409E+00  1.591E+00  4.849E+00
  944  9.882E-01  2.998E-04  2.415E+00  1.585E+00  4.850E+00
  945  9.885E-01  2.998E-04  2.421E+00  1.579E+00  4.850E+00
  946  9.889E-01  3.423E-04  2.428E+00  1.572E+00  4.850E+00
  947  9.892E-01  3.423E-04  2.435E+00  1.565E+00  4.850E+00
  948  9.896E-01  3.423E-04  2.442E+00  1.558E+00  4.850E+00
  949  9.899E-01  3.423E-04  2.450E+00  1.550E+00  4.849E+00
  950  9.903E-01  3.423E-04  2.457E+00  1.543E+00  4.849E+00
  951  9.906E-01  3.806E-04  2.466E+00  1.534E+00  4.849E+00
  952  9.910E-01  3.806E-04  2.474E+00  1.526E+00  4.847E+00
  953  9.914E-01  3.806E-04  2.483E+00  1.517E+00  4.846E+00
  954  9.918E-01  3.806E-04  2.492E+00  1.508E+00  4.844E+00
  955  9.922E-01  3.806E-04  2.502E+00  1.498E+00  4.841E+00
  956  9.925E-01  3.806E-04  2.511E+00  1.489E+00  4.839E+00
  957  9.929E-01  3.806E-04  2.521E+00  1.479E+00  4.836E+00
  958  9.933E-01  3.806E-04  2.531E+00  1.469E+00  4.831E+00
  959  9.937E-01  3.806E-04  2.541E+00  1.459E+00  4.828E+00
  960  9.941E-01  3.806E-04  2.552E+00  1.448E+00  4.822E+00
  961  9.944E-01  3.806E-04  2.563E+00  1.437E+00  4.816E+00
  962  9.948E-01  3.137E-04  2.572E+00  1.428E+00  4.812E+00
  963  9.951E-01  3.137E-04  2.582E+00  1.418E+00  4.804E+00
  964  9.954E-01  3.137E-04  2.592E+00  1.408E+00  4.797E+00
  965  9.957E-01  3.137E-04  2.602E+00  1.398E+00  4.790E+00
  966  9.960E-01  3.137E-04  2.612E+00  1.388E+00  4.780E+00
  967  9.963E-01  3.137E-04  2.623E+00  1.377E+00  4.771E+00
  968  9.966E-01  3.137E-04  2.634E+00  1.366E+00  4.760E+00
  969  9.969E-01  3.137E-04  2.645E+00  1.355E+00  4.748E+00
  970  9.972E-01  2.604E-04  2.655E+00  1.345E+00  4.737E+00
  971  9.975E-01  2.604E-04  2.665E+00  1.335E+00  4.724E+00
  972  9.977E-01  2.604E-04  2.675E+00  1.325E+00  4.712E+00
  973  9.980E-01  2.604E-04  2.686E+00  1.314E+00  4.696E+00
  974  9.982E-01  2.604E-04  2.697E+00  1.303E+00  4.681E+00
  975  9.985E-01  2.604E-04  2.708E+00  1.292E+00  4.664E+00

   is    psifac      dpsi        q       singfac     eval1

 Gaussian Reduction at istep =    976, psi = 9.988E-01, q =  2.708

   is    psifac      dpsi        q       singfac     eval1

  976  9.988E-01  2.604E-04  2.720E+00  1.280E+00  4.645E+00
  977  9.988E-01  5.000E-07  2.720E+00  1.280E+00  4.645E+00
  978  9.988E-01  5.000E-07  2.720E+00  1.280E+00  4.645E+00
  979  9.988E-01  4.629E-05  2.722E+00  1.278E+00  4.642E+00
  980  9.989E-01  4.629E-05  2.724E+00  1.276E+00  4.638E+00
  981  9.989E-01  4.629E-05  2.726E+00  1.274E+00  4.635E+00
  982  9.991E-01  1.558E-04  2.733E+00  1.267E+00  4.622E+00
  983  9.992E-01  1.558E-04  2.741E+00  1.259E+00  4.610E+00
  984  9.993E-01  1.222E-04  2.747E+00  1.253E+00  4.599E+00
  985  9.995E-01  1.222E-04  2.753E+00  1.247E+00  4.589E+00
  986  9.996E-01  1.222E-04  2.759E+00  1.241E+00  4.578E+00
  987  9.997E-01  1.222E-04  2.766E+00  1.234E+00  4.566E+00
  988  9.998E-01  1.222E-04  2.772E+00  1.228E+00  4.554E+00
  989  9.999E-01  8.652E-05  2.777E+00  1.223E+00  4.546E+00
  990  1.000E+00  4.713E-05  2.780E+00  1.220E+00  4.542E+00
  991  1.000E+00  1.742E-05  2.781E+00  1.219E+00  4.539E+00
  992  1.000E+00  1.172E-05  2.781E+00  1.219E+00  4.536E+00
  993  1.000E+00  3.925E-06  2.781E+00  1.219E+00  4.535E+00

   is    psifac      dpsi        q       singfac     eval1

