 Equilibrium: /p/gpec/users/jpark/data/equilibria/efit/g144182.03750.qo105_d3d, Type: efit

 Jac_type = hamada, power_bp = 0, power_b = 0, power_r = 0


  mpsi mtheta   psilow    psihigh    rs_right   rs_left     zs_top     zs_bot

   128   256  1.000E-04  9.900E-01  2.245E+00  1.075E+00  1.050E+00 -9.748E-01


    amean      rmean      aratio     kappa      delta1     delta2     volume

  5.852E-01  1.660E+00  2.836E+00  1.730E+00  5.094E-01  3.883E-01  1.813E+01


     li1        li2        li3         ro         zo        psio

  9.731E-01  8.100E-01  8.245E-01  1.689E+00  7.903E-03  1.822E-01


    betap1     betap2     betap3     betat      betan     ppeakfac     bt0

  1.651E-01  1.374E-01  1.399E-01  6.161E-03  4.619E-01  3.803E+00  1.022E+00


      q0        qmin        q95       qmax        qa        crnt       I/aB

  1.049E+00  1.049E+00  3.361E+00  4.483E+00  5.162E+00  7.979E-01  1.334E+00


ipsi  psifac      f       mu0 p     dvdpsi      q          di         dr        ca1

  0 1.000E-04 1.793E+00 1.224E-02 1.201E+01 1.049E+00  1.412E+01  1.435E+01  0.000E+00
  1 2.491E-04 1.793E+00 1.224E-02 1.201E+01 1.049E+00  5.087E+00  5.322E+00  0.000E+00
  2 6.962E-04 1.793E+00 1.223E-02 1.201E+01 1.049E+00  1.896E+00  2.130E+00  0.000E+00
  3 1.441E-03 1.793E+00 1.221E-02 1.202E+01 1.050E+00  1.536E+00  1.766E+00  0.000E+00
  4 2.483E-03 1.793E+00 1.218E-02 1.203E+01 1.050E+00  1.122E+00  1.350E+00  0.000E+00
  5 3.822E-03 1.792E+00 1.215E-02 1.203E+01 1.051E+00  7.154E-01  9.411E-01  0.000E+00
  6 5.457E-03 1.792E+00 1.211E-02 1.204E+01 1.052E+00  3.629E-01  5.894E-01  0.000E+00
  7 7.387E-03 1.792E+00 1.207E-02 1.205E+01 1.053E+00  1.796E-01  4.063E-01  0.000E+00
  8 9.610E-03 1.791E+00 1.202E-02 1.206E+01 1.054E+00  5.561E-02  2.826E-01  0.000E+00
  9 1.213E-02 1.791E+00 1.196E-02 1.208E+01 1.055E+00 -2.330E-02  2.038E-01  1.723E+00
 10 1.493E-02 1.790E+00 1.189E-02 1.209E+01 1.057E+00 -8.376E-02  1.434E-01  8.164E-01
 11 1.803E-02 1.790E+00 1.182E-02 1.211E+01 1.059E+00 -1.242E-01  1.029E-01  6.913E-01
 12 2.141E-02 1.789E+00 1.174E-02 1.213E+01 1.060E+00 -1.575E-01  6.962E-02  6.623E-01
 13 2.508E-02 1.789E+00 1.166E-02 1.215E+01 1.062E+00 -1.826E-01  4.460E-02  6.912E-01
 14 2.903E-02 1.788E+00 1.157E-02 1.217E+01 1.065E+00 -2.019E-01  2.550E-02  7.254E-01
 15 3.327E-02 1.787E+00 1.147E-02 1.220E+01 1.067E+00 -2.190E-01  8.636E-03  8.017E-01
 16 3.778E-02 1.786E+00 1.137E-02 1.222E+01 1.069E+00 -2.307E-01 -3.051E-03  8.768E-01
 17 4.256E-02 1.786E+00 1.126E-02 1.225E+01 1.072E+00 -2.411E-01 -1.335E-02  9.557E-01
 18 4.762E-02 1.785E+00 1.115E-02 1.228E+01 1.075E+00 -2.498E-01 -2.197E-02  1.153E+00
 19 5.295E-02 1.784E+00 1.103E-02 1.231E+01 1.078E+00 -2.582E-01 -3.023E-02  1.172E+00
 20 5.854E-02 1.783E+00 1.091E-02 1.234E+01 1.081E+00 -2.629E-01 -3.475E-02  1.290E+00
 21 6.440E-02 1.782E+00 1.078E-02 1.238E+01 1.084E+00 -2.668E-01 -3.851E-02  1.425E+00
 22 7.052E-02 1.781E+00 1.064E-02 1.241E+01 1.088E+00 -2.728E-01 -4.439E-02  1.565E+00
 23 7.689E-02 1.780E+00 1.050E-02 1.245E+01 1.092E+00 -2.767E-01 -4.807E-02  1.716E+00
 24 8.351E-02 1.779E+00 1.036E-02 1.249E+01 1.096E+00 -2.792E-01 -5.044E-02  1.881E+00
 25 9.039E-02 1.777E+00 1.021E-02 1.253E+01 1.100E+00 -2.814E-01 -5.251E-02  2.057E+00
 26 9.750E-02 1.776E+00 1.005E-02 1.258E+01 1.104E+00 -2.836E-01 -5.450E-02  2.240E+00
 27 1.049E-01 1.775E+00 9.898E-03 1.262E+01 1.109E+00 -2.860E-01 -5.665E-02  2.436E+00
 28 1.124E-01 1.774E+00 9.737E-03 1.267E+01 1.113E+00 -2.866E-01 -5.716E-02  2.637E+00
 29 1.203E-01 1.772E+00 9.573E-03 1.272E+01 1.118E+00 -2.881E-01 -5.845E-02  2.855E+00
 30 1.283E-01 1.771E+00 9.405E-03 1.277E+01 1.123E+00 -2.895E-01 -5.962E-02  3.079E+00
 31 1.366E-01 1.770E+00 9.234E-03 1.283E+01 1.129E+00 -2.900E-01 -5.994E-02  3.316E+00
 32 1.451E-01 1.768E+00 9.060E-03 1.288E+01 1.134E+00 -2.908E-01 -6.050E-02  3.566E+00
 33 1.538E-01 1.767E+00 8.883E-03 1.294E+01 1.140E+00 -2.910E-01 -6.049E-02  3.820E+00
 34 1.627E-01 1.766E+00 8.704E-03 1.300E+01 1.146E+00 -2.912E-01 -6.053E-02  4.094E+00
 35 1.718E-01 1.764E+00 8.522E-03 1.306E+01 1.153E+00 -2.918E-01 -6.088E-02  4.372E+00
 36 1.811E-01 1.763E+00 8.338E-03 1.313E+01 1.159E+00 -2.917E-01 -6.062E-02  4.671E+00
 37 1.905E-01 1.761E+00 8.153E-03 1.320E+01 1.166E+00 -2.915E-01 -6.015E-02  4.973E+00
 38 2.002E-01 1.760E+00 7.966E-03 1.326E+01 1.173E+00 -2.915E-01 -5.994E-02  5.285E+00
 39 2.101E-01 1.758E+00 7.777E-03 1.334E+01 1.180E+00 -2.913E-01 -5.948E-02  5.607E+00
 40 2.201E-01 1.757E+00 7.588E-03 1.341E+01 1.188E+00 -2.910E-01 -5.901E-02  5.947E+00
 41 2.303E-01 1.756E+00 7.397E-03 1.349E+01 1.196E+00 -2.909E-01 -5.866E-02  6.324E+00
 42 2.406E-01 1.754E+00 7.206E-03 1.357E+01 1.204E+00 -2.902E-01 -5.773E-02  6.680E+00
 43 2.511E-01 1.753E+00 7.015E-03 1.365E+01 1.212E+00 -2.898E-01 -5.711E-02  7.074E+00
 44 2.617E-01 1.751E+00 6.823E-03 1.373E+01 1.221E+00 -2.894E-01 -5.642E-02  7.487E+00
 45 2.725E-01 1.749E+00 6.631E-03 1.382E+01 1.230E+00 -2.888E-01 -5.557E-02  7.907E+00
 46 2.834E-01 1.748E+00 6.439E-03 1.391E+01 1.239E+00 -2.883E-01 -5.489E-02  8.359E+00
 47 2.945E-01 1.746E+00 6.248E-03 1.400E+01 1.249E+00 -2.876E-01 -5.393E-02  8.840E+00
 48 3.056E-01 1.745E+00 6.058E-03 1.410E+01 1.259E+00 -2.872E-01 -5.323E-02  9.328E+00
 49 3.169E-01 1.743E+00 5.868E-03 1.420E+01 1.270E+00 -2.864E-01 -5.218E-02  9.843E+00
 50 3.283E-01 1.742E+00 5.680E-03 1.430E+01 1.280E+00 -2.856E-01 -5.113E-02  1.041E+01
 51 3.398E-01 1.741E+00 5.492E-03 1.440E+01 1.291E+00 -2.850E-01 -5.035E-02  1.101E+01
 52 3.514E-01 1.739E+00 5.306E-03 1.451E+01 1.303E+00 -2.843E-01 -4.940E-02  1.163E+01
 53 3.630E-01 1.738E+00 5.122E-03 1.462E+01 1.315E+00 -2.836E-01 -4.837E-02  1.228E+01
 54 3.748E-01 1.736E+00 4.940E-03 1.473E+01 1.327E+00 -2.829E-01 -4.742E-02  1.300E+01
 55 3.866E-01 1.735E+00 4.760E-03 1.485E+01 1.339E+00 -2.821E-01 -4.638E-02  1.374E+01
 56 3.985E-01 1.733E+00 4.581E-03 1.497E+01 1.353E+00 -2.813E-01 -4.534E-02  1.454E+01
 57 4.104E-01 1.732E+00 4.406E-03 1.509E+01 1.366E+00 -2.806E-01 -4.438E-02  1.541E+01
 58 4.224E-01 1.731E+00 4.233E-03 1.522E+01 1.380E+00 -2.798E-01 -4.333E-02  1.630E+01
 59 4.345E-01 1.729E+00 4.062E-03 1.535E+01 1.394E+00 -2.790E-01 -4.227E-02  1.727E+01
 60 4.465E-01 1.728E+00 3.894E-03 1.549E+01 1.409E+00 -2.782E-01 -4.123E-02  1.831E+01
 61 4.586E-01 1.727E+00 3.730E-03 1.563E+01 1.425E+00 -2.775E-01 -4.028E-02  1.943E+01
 62 4.708E-01 1.725E+00 3.568E-03 1.577E+01 1.440E+00 -2.766E-01 -3.913E-02  2.062E+01
 63 4.829E-01 1.724E+00 3.410E-03 1.592E+01 1.457E+00 -2.759E-01 -3.814E-02  2.188E+01
 64 4.950E-01 1.723E+00 3.255E-03 1.607E+01 1.474E+00 -2.752E-01 -3.723E-02  2.324E+01
 65 5.072E-01 1.722E+00 3.103E-03 1.622E+01 1.491E+00 -2.744E-01 -3.608E-02  2.467E+01
 66 5.193E-01 1.720E+00 2.955E-03 1.638E+01 1.509E+00 -2.737E-01 -3.514E-02  2.623E+01
 67 5.315E-01 1.719E+00 2.811E-03 1.655E+01 1.527E+00 -2.730E-01 -3.416E-02  2.787E+01
 68 5.436E-01 1.718E+00 2.670E-03 1.671E+01 1.547E+00 -2.721E-01 -3.306E-02  2.964E+01
 69 5.556E-01 1.717E+00 2.533E-03 1.689E+01 1.566E+00 -2.714E-01 -3.214E-02  3.154E+01
 70 5.677E-01 1.716E+00 2.400E-03 1.707E+01 1.587E+00 -2.707E-01 -3.114E-02  3.359E+01
 71 5.797E-01 1.715E+00 2.271E-03 1.725E+01 1.608E+00 -2.700E-01 -3.016E-02  3.575E+01
 72 5.916E-01 1.714E+00 2.146E-03 1.744E+01 1.630E+00 -2.693E-01 -2.919E-02  3.808E+01
 73 6.035E-01 1.713E+00 2.025E-03 1.763E+01 1.652E+00 -2.686E-01 -2.826E-02  4.057E+01
 74 6.153E-01 1.712E+00 1.908E-03 1.783E+01 1.675E+00 -2.679E-01 -2.736E-02  4.321E+01
 75 6.271E-01 1.711E+00 1.795E-03 1.803E+01 1.699E+00 -2.672E-01 -2.636E-02  4.606E+01
 76 6.387E-01 1.710E+00 1.686E-03 1.824E+01 1.724E+00 -2.666E-01 -2.548E-02  4.909E+01
 77 6.503E-01 1.709E+00 1.581E-03 1.846E+01 1.749E+00 -2.659E-01 -2.456E-02  5.232E+01
 78 6.618E-01 1.709E+00 1.480E-03 1.868E+01 1.775E+00 -2.653E-01 -2.368E-02  5.581E+01
 79 6.732E-01 1.708E+00 1.383E-03 1.891E+01 1.803E+00 -2.646E-01 -2.280E-02  5.952E+01
 80 6.845E-01 1.707E+00 1.291E-03 1.914E+01 1.831E+00 -2.640E-01 -2.194E-02  6.345E+01
 81 6.956E-01 1.706E+00 1.202E-03 1.938E+01 1.859E+00 -2.634E-01 -2.111E-02  6.775E+01
 82 7.067E-01 1.706E+00 1.118E-03 1.963E+01 1.889E+00 -2.628E-01 -2.026E-02  7.223E+01
 83 7.176E-01 1.705E+00 1.037E-03 1.988E+01 1.920E+00 -2.622E-01 -1.945E-02  7.708E+01
 84 7.284E-01 1.704E+00 9.600E-04 2.014E+01 1.952E+00 -2.617E-01 -1.865E-02  8.226E+01
 85 7.390E-01 1.704E+00 8.870E-04 2.041E+01 1.984E+00 -2.611E-01 -1.788E-02  8.776E+01
 86 7.495E-01 1.703E+00 8.178E-04 2.069E+01 2.018E+00 -2.606E-01 -1.710E-02  9.368E+01
 87 7.598E-01 1.703E+00 7.523E-04 2.097E+01 2.053E+00 -2.601E-01 -1.634E-02  1.000E+02
 88 7.700E-01 1.702E+00 6.904E-04 2.126E+01 2.089E+00 -2.596E-01 -1.561E-02  1.068E+02
 89 7.800E-01 1.702E+00 6.321E-04 2.156E+01 2.126E+00 -2.591E-01 -1.489E-02  1.140E+02
 90 7.899E-01 1.701E+00 5.772E-04 2.187E+01 2.165E+00 -2.586E-01 -1.419E-02  1.217E+02
 91 7.996E-01 1.701E+00 5.257E-04 2.218E+01 2.204E+00 -2.581E-01 -1.350E-02  1.300E+02
 92 8.090E-01 1.700E+00 4.775E-04 2.251E+01 2.245E+00 -2.577E-01 -1.281E-02  1.390E+02
 93 8.183E-01 1.700E+00 4.325E-04 2.284E+01 2.287E+00 -2.572E-01 -1.216E-02  1.482E+02
 94 8.274E-01 1.700E+00 3.905E-04 2.319E+01 2.331E+00 -2.568E-01 -1.154E-02  1.585E+02
 95 8.363E-01 1.699E+00 3.515E-04 2.354E+01 2.376E+00 -2.564E-01 -1.092E-02  1.694E+02
 96 8.450E-01 1.699E+00 3.154E-04 2.390E+01 2.422E+00 -2.560E-01 -1.032E-02  1.809E+02
 97 8.535E-01 1.699E+00 2.820E-04 2.427E+01 2.470E+00 -2.556E-01 -9.738E-03  1.937E+02
 98 8.618E-01 1.699E+00 2.512E-04 2.466E+01 2.520E+00 -2.553E-01 -9.170E-03  2.072E+02
 99 8.698E-01 1.698E+00 2.230E-04 2.505E+01 2.571E+00 -2.549E-01 -8.631E-03  2.218E+02
100 8.777E-01 1.698E+00 1.971E-04 2.546E+01 2.623E+00 -2.546E-01 -8.113E-03  2.376E+02
101 8.852E-01 1.698E+00 1.735E-04 2.587E+01 2.678E+00 -2.543E-01 -7.595E-03  2.541E+02
102 8.926E-01 1.698E+00 1.521E-04 2.630E+01 2.734E+00 -2.539E-01 -7.102E-03  2.720E+02
103 8.997E-01 1.698E+00 1.327E-04 2.674E+01 2.792E+00 -2.536E-01 -6.633E-03  2.926E+02
104 9.066E-01 1.698E+00 1.152E-04 2.719E+01 2.851E+00 -2.534E-01 -6.169E-03  3.140E+02
105 9.132E-01 1.697E+00 9.946E-05 2.765E+01 2.913E+00 -2.531E-01 -5.738E-03  3.369E+02
106 9.196E-01 1.697E+00 8.544E-05 2.813E+01 2.976E+00 -2.528E-01 -5.316E-03  3.621E+02
107 9.257E-01 1.697E+00 7.297E-05 2.862E+01 3.042E+00 -2.526E-01 -4.895E-03  3.883E+02
108 9.316E-01 1.697E+00 6.195E-05 2.912E+01 3.109E+00 -2.523E-01 -4.516E-03  4.192E+02
109 9.372E-01 1.697E+00 5.226E-05 2.964E+01 3.179E+00 -2.521E-01 -4.141E-03  4.518E+02
110 9.425E-01 1.697E+00 4.379E-05 3.017E+01 3.250E+00 -2.519E-01 -3.793E-03  4.876E+02
111 9.475E-01 1.697E+00 3.644E-05 3.071E+01 3.323E+00 -2.517E-01 -3.462E-03  5.263E+02
112 9.523E-01 1.697E+00 3.011E-05 3.126E+01 3.399E+00 -2.515E-01 -3.144E-03  5.698E+02
113 9.568E-01 1.697E+00 2.469E-05 3.183E+01 3.476E+00 -2.514E-01 -2.859E-03  6.183E+02
114 9.611E-01 1.697E+00 2.009E-05 3.240E+01 3.555E+00 -2.512E-01 -2.577E-03  6.689E+02
115 9.650E-01 1.697E+00 1.622E-05 3.299E+01 3.636E+00 -2.511E-01 -2.321E-03  7.271E+02
116 9.687E-01 1.697E+00 1.300E-05 3.359E+01 3.718E+00 -2.509E-01 -2.085E-03  7.968E+02
117 9.721E-01 1.697E+00 1.035E-05 3.419E+01 3.802E+00 -2.508E-01 -1.866E-03  8.699E+02
118 9.752E-01 1.697E+00 8.181E-06 3.479E+01 3.886E+00 -2.507E-01 -1.663E-03  9.467E+02
119 9.780E-01 1.697E+00 6.437E-06 3.540E+01 3.970E+00 -2.506E-01 -1.480E-03  1.036E+03
120 9.805E-01 1.697E+00 5.052E-06 3.599E+01 4.053E+00 -2.505E-01 -1.318E-03  1.139E+03
121 9.827E-01 1.697E+00 3.966E-06 3.657E+01 4.135E+00 -2.505E-01 -1.176E-03  1.250E+03
122 9.846E-01 1.697E+00 3.130E-06 3.713E+01 4.212E+00 -2.504E-01 -1.048E-03  1.367E+03
123 9.863E-01 1.697E+00 2.500E-06 3.765E+01 4.285E+00 -2.503E-01 -9.345E-04  1.484E+03
124 9.876E-01 1.697E+00 2.036E-06 3.811E+01 4.351E+00 -2.503E-01 -8.499E-04  1.597E+03
125 9.887E-01 1.697E+00 1.707E-06 3.850E+01 4.405E+00 -2.503E-01 -7.940E-04  1.706E+03
126 9.894E-01 1.697E+00 1.490E-06 3.879E+01 4.447E+00 -2.503E-01 -7.480E-04  1.774E+03
127 9.899E-01 1.697E+00 1.367E-06 3.897E+01 4.473E+00 -2.502E-01 -6.657E-04  1.972E+03
128 9.900E-01 1.697E+00 1.327E-06 3.904E+01 4.483E+00 -2.502E-01 -6.270E-04  2.099E+03

ipsi  psifac      f       mu0 p     dvdpsi      q          di         dr        ca1


   mlow mhigh mpert mband   nn  lim_fl  dmlim       qlim      psilim

   -12    20    33    32     1     T  2.000E-01  4.200E+00  9.843E-01


 Singular Surfaces:

  i     psi        rho         q          q1        di0         di        err

  1  7.439E-01  8.625E-01  2.000E+00  3.215E+00 -2.609E-01 -2.612E-01  1.279E-03
  2  9.218E-01  9.601E-01  3.000E+00  1.059E+01 -2.527E-01 -2.530E-01  1.194E-03
  3  9.789E-01  9.894E-01  4.000E+00  3.264E+01 -2.506E-01 -2.501E-01 -1.783E-03

  i     psi        rho         q          q1        di0         di        err


 Total Energy Eigenvalues:

   isol   plasma     vacuum     total

     1  1.930E+00  1.116E+00  3.045E+00
     2  4.414E+00  3.594E+00  8.008E+00
     3  8.072E+00  1.472E+01  2.279E+01
     4  2.447E+01  2.619E+01  5.066E+01
     5  4.474E+01  1.544E+01  6.018E+01
     6  3.809E+01  4.456E+01  8.265E+01
     7  5.576E+01  6.388E+01  1.196E+02
     8  7.483E+01  8.376E+01  1.586E+02
     9  1.006E+02  7.767E+01  1.783E+02
    10  9.518E+01  1.042E+02  1.994E+02
    11  1.004E+02  1.241E+02  2.244E+02
    12  1.165E+02  1.252E+02  2.417E+02
    13  1.381E+02  1.467E+02  2.848E+02
    14  1.600E+02  1.686E+02  3.286E+02
    15  1.562E+02  1.851E+02  3.413E+02
    16  1.824E+02  1.907E+02  3.731E+02
    17  2.053E+02  2.135E+02  4.188E+02
    18  2.087E+02  2.299E+02  4.386E+02
    19  2.301E+02  2.379E+02  4.680E+02
    20  2.558E+02  2.706E+02  5.265E+02
    21  2.635E+02  2.662E+02  5.297E+02
    22  3.097E+02  3.068E+02  6.164E+02
    23  3.071E+02  3.139E+02  6.210E+02
    24  3.705E+02  3.663E+02  7.368E+02
    25  4.483E+02  4.314E+02  8.797E+02
    26  5.369E+02  5.100E+02  1.047E+03
    27  7.904E+02  3.217E+02  1.112E+03
    28  6.338E+02  6.023E+02  1.236E+03
    29  7.023E+02  7.167E+02  1.419E+03
    30  7.527E+02  8.660E+02  1.619E+03
    31  1.189E+03  8.744E+02  2.063E+03
    32  1.382E+03  7.767E+02  2.159E+03
    33  4.863E+03  8.775E+02  5.740E+03

   isol   plasma     vacuum     total

 Total Energy Eigenvectors:

   isol  imax   plasma     vacuum     total

     1    11  1.930E+00  1.116E+00  3.045E+00

  ipert    m    re wt      im wt      abs wt

     1   -12  4.930E-06 -8.676E-06  9.979E-06   
     2   -11 -3.274E-06 -3.753E-06  4.980E-06   
     3   -10 -6.171E-06  6.080E-05  6.111E-05   
     4    -9  2.239E-06 -7.443E-05  7.446E-05   
     5    -8 -1.132E-05 -4.962E-05  5.090E-05   
     6    -7  1.028E-04  5.252E-04  5.352E-04   
     7    -6 -1.153E-05 -8.201E-04  8.202E-04   
     8    -5  3.028E-04  7.677E-04  8.253E-04   
     9    -4 -1.145E-04 -2.096E-04  2.389E-04   
    10    -3  6.370E-04  2.446E-04  6.823E-04   
    11    -2  8.184E-05 -2.644E-04  2.768E-04   
    12    -1  4.920E-04  3.357E-04  5.956E-04   
    13     0  1.875E-03  1.511E-04  1.881E-03   
    14     1  3.635E-04  1.418E-03  1.464E-03   
    15     2 -7.865E-03 -7.773E-03  1.106E-02   
    16     3  3.125E-02  3.774E-02  4.900E-02   
    17     4  8.574E-01 -2.776E-17  8.574E-01  *
    18     5  4.037E-01  1.867E-01  4.448E-01   
    19     6  1.029E-01 -4.382E-02  1.119E-01   
    20     7 -1.170E-02  1.552E-02  1.944E-02   
    21     8  8.780E-03  7.520E-03  1.156E-02   
    22     9  7.759E-03 -4.526E-03  8.983E-03   
    23    10 -2.071E-03  1.782E-03  2.732E-03   
    24    11 -8.749E-04 -2.757E-04  9.173E-04   
    25    12 -1.389E-04 -3.861E-04  4.104E-04   
    26    13 -5.171E-05  3.607E-05  6.304E-05   
    27    14 -3.748E-04  7.666E-05  3.826E-04   
    28    15 -1.541E-04 -1.012E-04  1.843E-04   
    29    16 -5.038E-05  2.215E-05  5.503E-05   
    30    17 -7.640E-05 -5.652E-05  9.503E-05   
    31    18 -1.042E-04  1.689E-05  1.056E-04   
    32    19 -2.750E-05 -2.544E-05  3.746E-05   
    33    20 -2.377E-05 -7.283E-06  2.486E-05   

  ipert    m    re wt      im wt      abs wt


   isol  imax   plasma     vacuum     total

     2    11  4.414E+00  3.594E+00  8.008E+00

  ipert    m    re wt      im wt      abs wt

     1   -12 -4.200E-05  1.764E-05  4.555E-05   
     2   -11  5.146E-05 -3.738E-05  6.360E-05   
     3   -10 -2.484E-05 -3.798E-05  4.539E-05   
     4    -9  7.062E-05  4.758E-05  8.515E-05   
     5    -8  2.779E-04  6.620E-05  2.856E-04   
     6    -7 -7.870E-05 -2.411E-04  2.536E-04   
     7    -6  7.049E-04 -5.076E-06  7.049E-04   
     8    -5  4.508E-04  7.884E-04  9.082E-04   
     9    -4  1.230E-04 -1.072E-03  1.079E-03   
    10    -3  1.205E-03  1.614E-04  1.216E-03   
    11    -2  6.693E-04  1.190E-04  6.798E-04   
    12    -1  2.305E-03  6.526E-04  2.396E-03   
    13     0  3.529E-03  5.713E-04  3.575E-03   
    14     1 -2.638E-04  1.968E-03  1.986E-03   
    15     2 -2.162E-02 -1.105E-02  2.428E-02   
    16     3  1.929E-01  3.200E-02  1.955E-01   
    17     4 -3.916E-01  1.760E-01  4.294E-01   
    18     5  8.349E-01  0.000E+00  8.349E-01  *
    19     6 -1.596E-02  1.297E-01  1.306E-01   
    20     7  1.018E-01 -2.629E-02  1.052E-01   
    21     8  1.383E-02  3.043E-03  1.416E-02   
    22     9  4.954E-03  7.173E-03  8.717E-03   
    23    10  1.402E-03 -1.348E-03  1.944E-03   
    24    11 -1.657E-03 -2.899E-03  3.339E-03   
    25    12 -3.007E-05  1.787E-03  1.787E-03   
    26    13 -1.193E-03 -5.839E-04  1.329E-03   
    27    14 -4.072E-05  3.483E-06  4.086E-05   
    28    15 -7.897E-05 -2.560E-04  2.679E-04   
    29    16 -2.820E-04  1.470E-04  3.180E-04   
    30    17 -5.685E-05 -1.497E-04  1.601E-04   
    31    18 -9.476E-05 -2.823E-05  9.887E-05   
    32    19 -1.230E-04 -2.752E-05  1.260E-04   
    33    20 -2.972E-05 -6.873E-06  3.050E-05   

  ipert    m    re wt      im wt      abs wt


   isol  imax   plasma     vacuum     total

     3    11  8.072E+00  1.472E+01  2.279E+01

  ipert    m    re wt      im wt      abs wt

     1   -12 -1.549E-04 -1.163E-05  1.553E-04   
     2   -11  1.435E-04 -5.257E-05  1.529E-04   
     3   -10 -1.499E-05 -1.349E-06  1.505E-05   
     4    -9 -7.282E-05  2.120E-04  2.242E-04   
     5    -8  3.608E-04 -3.679E-04  5.154E-04   
     6    -7  5.296E-04  6.336E-04  8.258E-04   
     7    -6  2.390E-04 -4.723E-04  5.294E-04   
     8    -5  1.922E-03  4.793E-04  1.981E-03   
     9    -4  5.591E-04 -4.003E-04  6.876E-04   
    10    -3  2.940E-03  9.938E-04  3.103E-03   
    11    -2  1.981E-03 -1.096E-04  1.984E-03   
    12    -1  4.916E-03  9.022E-06  4.916E-03   
    13     0  7.304E-03 -1.591E-04  7.306E-03   
    14     1 -6.392E-03 -4.173E-03  7.634E-03   
    15     2  3.464E-02  2.106E-02  4.054E-02   
    16     3  1.449E-02 -4.485E-02  4.713E-02   
    17     4 -1.054E-01 -8.550E-02  1.357E-01   
    18     5 -4.154E-02  7.877E-02  8.905E-02   
    19     6  9.247E-01  0.000E+00  9.247E-01  *
    20     7  2.255E-01  5.738E-02  2.327E-01   
    21     8  9.288E-02 -1.719E-02  9.446E-02   
    22     9  5.146E-03  1.147E-02  1.257E-02   
    23    10  1.009E-02 -3.905E-03  1.082E-02   
    24    11 -1.176E-03  2.131E-03  2.434E-03   
    25    12 -3.838E-03 -9.417E-04  3.951E-03   
    26    13 -1.456E-03 -2.228E-04  1.473E-03   
    27    14 -1.415E-03 -1.334E-04  1.421E-03   
    28    15 -3.995E-04 -1.826E-05  3.999E-04   
    29    16 -9.005E-04 -2.803E-05  9.009E-04   
    30    17 -3.693E-04 -1.337E-04  3.927E-04   
    31    18 -4.146E-04  3.041E-06  4.146E-04   
    32    19 -3.106E-04 -7.838E-05  3.203E-04   
    33    20 -1.388E-04  1.745E-06  1.388E-04   

  ipert    m    re wt      im wt      abs wt


   isol  imax   plasma     vacuum     total

     4    11  2.447E+01  2.619E+01  5.066E+01

  ipert    m    re wt      im wt      abs wt

     1   -12 -2.065E-05 -2.089E-05  2.938E-05   
     2   -11 -1.039E-05 -7.949E-05  8.017E-05   
     3   -10  4.453E-05  5.806E-05  7.317E-05   
     4    -9 -1.396E-04 -2.486E-04  2.851E-04   
     5    -8  4.848E-04 -1.768E-04  5.160E-04   
     6    -7 -5.832E-04  5.870E-06  5.832E-04   
     7    -6  2.373E-03 -5.916E-04  2.446E-03   
     8    -5 -2.335E-03  3.302E-04  2.358E-03   
     9    -4  4.612E-03 -1.420E-03  4.826E-03   
    10    -3  2.726E-03  3.414E-04  2.748E-03   
    11    -2  9.408E-04 -2.111E-03  2.311E-03   
    12    -1  3.088E-03  1.003E-03  3.247E-03   
    13     0 -7.173E-04  2.458E-03  2.560E-03   
    14     1  6.992E-03  1.374E-02  1.541E-02   
    15     2  3.215E-02 -6.979E-02  7.684E-02   
    16     3 -1.510E-01  2.501E-01  2.921E-01   
    17     4  7.923E-02  3.216E-02  8.551E-02   
    18     5 -6.451E-02 -9.000E-02  1.107E-01   
    19     6 -1.907E-01  4.460E-02  1.958E-01   
    20     7  8.847E-01  5.551E-17  8.847E-01  *
    21     8  7.297E-02  3.708E-02  8.185E-02   
    22     9  9.180E-02 -3.521E-02  9.832E-02   
    23    10 -2.695E-04  1.359E-02  1.359E-02   
    24    11  1.894E-03 -5.924E-03  6.219E-03   
    25    12 -5.352E-04  1.907E-03  1.981E-03   
    26    13 -1.397E-03 -1.564E-03  2.097E-03   
    27    14 -1.350E-03  1.031E-03  1.699E-03   
    28    15 -1.311E-03 -9.702E-04  1.631E-03   
    29    16 -1.728E-04  2.651E-04  3.165E-04   
    30    17 -7.156E-04 -4.079E-04  8.237E-04   
    31    18 -3.476E-04  3.139E-05  3.490E-04   
    32    19 -3.281E-04 -6.689E-05  3.348E-04   
    33    20 -9.453E-05 -3.681E-05  1.014E-04   

  ipert    m    re wt      im wt      abs wt


   isol  imax   plasma     vacuum     total

     5    11  4.474E+01  1.544E+01  6.018E+01

  ipert    m    re wt      im wt      abs wt

     1   -12  5.055E-05  5.338E-05  7.352E-05   
     2   -11 -3.774E-04 -1.509E-05  3.777E-04   
     3   -10  2.447E-04 -4.200E-05  2.483E-04   
     4    -9 -1.365E-03  4.847E-04  1.449E-03   
     5    -8  7.123E-04 -1.573E-03  1.726E-03   
     6    -7 -2.171E-03  3.822E-03  4.396E-03   
     7    -6 -2.238E-03 -7.498E-03  7.825E-03   
     8    -5  5.050E-03  1.263E-02  1.360E-02   
     9    -4 -9.687E-03 -1.058E-02  1.435E-02   
    10    -3  2.969E-03  1.562E-03  3.355E-03   
    11    -2 -3.744E-03  3.719E-03  5.277E-03   
    12    -1  3.013E-03  4.991E-03  5.830E-03   
    13     0  2.075E-02  8.343E-04  2.077E-02   
    14     1  1.594E-02  2.503E-04  1.594E-02   
    15     2 -1.645E-01  1.752E-03  1.645E-01   
    16     3  8.748E-01  0.000E+00  8.748E-01  *
    17     4  4.721E-02  1.666E-02  5.006E-02   
    18     5 -1.789E-01  9.187E-03  1.792E-01   
    19     6 -4.417E-02 -1.146E-01  1.228E-01   
    20     7  1.465E-01  2.399E-01  2.811E-01   
    21     8 -1.537E-01  4.259E-02  1.595E-01   
    22     9 -4.277E-04  2.507E-02  2.507E-02   
    23    10 -1.163E-02  2.595E-03  1.192E-02   
    24    11  1.088E-02  3.773E-03  1.151E-02   
    25    12 -6.569E-03 -8.454E-04  6.623E-03   
    26    13  1.607E-03 -1.101E-03  1.948E-03   
    27    14 -1.221E-03 -1.835E-04  1.235E-03   
    28    15 -2.209E-04 -3.429E-04  4.079E-04   
    29    16 -1.861E-04 -4.264E-04  4.652E-04   
    30    17 -4.180E-04  5.375E-05  4.214E-04   
    31    18 -7.287E-05 -2.806E-04  2.899E-04   
    32    19 -2.333E-05 -1.033E-05  2.552E-05   
    33    20  1.060E-05 -5.099E-05  5.208E-05   

  ipert    m    re wt      im wt      abs wt


   isol  imax   plasma     vacuum     total

     6    11  3.809E+01  4.456E+01  8.265E+01

  ipert    m    re wt      im wt      abs wt

     1   -12  2.309E-05  2.123E-05  3.137E-05   
     2   -11 -2.180E-04  7.933E-06  2.182E-04   
     3   -10  1.582E-04 -1.049E-04  1.898E-04   
     4    -9 -4.452E-04  2.075E-04  4.912E-04   
     5    -8  3.009E-04 -4.683E-04  5.566E-04   
     6    -7 -5.626E-04  8.527E-04  1.022E-03   
     7    -6  6.008E-04 -2.097E-03  2.181E-03   
     8    -5  1.496E-03  3.323E-03  3.644E-03   
     9    -4 -7.673E-05 -2.836E-03  2.837E-03   
    10    -3  3.247E-03  9.145E-04  3.373E-03   
    11    -2  2.765E-03  4.346E-04  2.799E-03   
    12    -1  7.437E-03  2.630E-04  7.442E-03   
    13     0  7.895E-03  3.100E-03  8.481E-03   
    14     1  1.501E-02 -6.526E-03  1.637E-02   
    15     2 -3.109E-02  1.045E-02  3.280E-02   
    16     3  1.377E-01  2.217E-02  1.395E-01   
    17     4  5.088E-03  1.726E-02  1.800E-02   
    18     5 -3.302E-02 -4.588E-03  3.333E-02   
    19     6 -7.929E-02 -4.765E-02  9.250E-02   
    20     7 -8.439E-02  6.479E-02  1.064E-01   
    21     8  9.436E-01  2.776E-17  9.436E-01  *
    22     9  8.887E-02  4.570E-02  9.993E-02   
    23    10  7.256E-02 -1.640E-02  7.439E-02   
    24    11  1.231E-02  1.374E-02  1.845E-02   
    25    12  4.346E-03 -7.472E-03  8.644E-03   
    26    13 -7.535E-04  3.682E-03  3.758E-03   
    27    14 -1.922E-03 -2.494E-03  3.149E-03   
    28    15 -8.273E-04  8.639E-04  1.196E-03   
    29    16 -1.222E-03 -6.615E-04  1.390E-03   
    30    17 -5.308E-04  1.776E-04  5.598E-04   
    31    18 -6.555E-04 -2.635E-04  7.065E-04   
    32    19 -2.579E-04  2.811E-05  2.594E-04   
    33    20 -1.989E-04 -3.937E-05  2.028E-04   

  ipert    m    re wt      im wt      abs wt


   isol  imax   plasma     vacuum     total

     7    11  5.576E+01  6.388E+01  1.196E+02

  ipert    m    re wt      im wt      abs wt

     1   -12  5.689E-05 -1.986E-06  5.693E-05   
     2   -11 -1.209E-04  6.093E-05  1.354E-04   
     3   -10  5.730E-05 -8.156E-05  9.968E-05   
     4    -9 -7.828E-05  1.195E-04  1.429E-04   
     5    -8  9.779E-05 -8.340E-05  1.285E-04   
     6    -7  2.581E-04  2.469E-05  2.593E-04   
     7    -6  1.408E-04  9.500E-05  1.699E-04   
     8    -5  1.343E-03 -4.732E-05  1.344E-03   
     9    -4  2.385E-03 -4.238E-05  2.386E-03   
    10    -3  3.429E-03 -1.047E-03  3.585E-03   
    11    -2  4.112E-03  1.111E-04  4.113E-03   
    12    -1  6.222E-03  3.035E-04  6.229E-03   
    13     0  3.049E-03 -1.549E-03  3.420E-03   
    14     1  1.439E-02  2.452E-03  1.459E-02   
    15     2 -1.872E-02 -1.109E-02  2.176E-02   
    16     3  4.549E-03  7.975E-03  9.181E-03   
    17     4 -1.230E-02 -1.401E-02  1.864E-02   
    18     5 -8.098E-04  6.725E-03  6.774E-03   
    19     6  2.566E-02  1.189E-02  2.829E-02   
    20     7 -8.613E-02 -3.301E-02  9.224E-02   
    21     8 -1.050E-01  3.198E-02  1.097E-01   
    22     9  9.455E-01 -6.939E-18  9.455E-01  *
    23    10  1.474E-01  2.397E-02  1.494E-01   
    24    11  9.492E-02 -1.375E-02  9.591E-02   
    25    12  1.730E-02  1.119E-02  2.061E-02   
    26    13  9.384E-03 -6.817E-03  1.160E-02   
    27    14  5.730E-04  3.752E-03  3.796E-03   
    28    15 -6.989E-04 -1.980E-03  2.100E-03   
    29    16 -5.765E-04  8.587E-04  1.034E-03   
    30    17 -8.778E-04 -5.277E-04  1.024E-03   
    31    18 -2.221E-04  2.070E-04  3.036E-04   
    32    19 -4.799E-04 -1.425E-04  5.006E-04   
    33    20 -6.429E-05 -4.027E-06  6.441E-05   

  ipert    m    re wt      im wt      abs wt


   isol  imax   plasma     vacuum     total

     8    11  7.483E+01  8.376E+01  1.586E+02

  ipert    m    re wt      im wt      abs wt

     1   -12  3.882E-05  3.193E-05  5.026E-05   
     2   -11 -5.106E-05 -8.750E-06  5.180E-05   
     3   -10 -1.116E-05  4.559E-05  4.694E-05   
     4    -9 -6.099E-05 -8.548E-05  1.050E-04   
     5    -8  1.588E-04  1.854E-05  1.599E-04   
     6    -7  2.039E-05 -3.851E-05  4.357E-05   
     7    -6  7.673E-04 -1.003E-04  7.738E-04   
     8    -5  1.704E-04 -3.255E-05  1.734E-04   
     9    -4  2.604E-03 -1.290E-04  2.607E-03   
    10    -3  2.437E-03  1.047E-03  2.653E-03   
    11    -2  6.447E-03  7.449E-05  6.448E-03   
    12    -1  9.356E-03  6.438E-04  9.378E-03   
    13     0  7.653E-03  4.428E-03  8.841E-03   
    14     1  1.077E-02 -6.057E-03  1.236E-02   
    15     2 -6.820E-03  2.086E-02  2.195E-02   
    16     3 -9.022E-03 -3.649E-04  9.029E-03   
    17     4  5.448E-03  5.587E-03  7.803E-03   
    18     5  2.700E-03 -2.730E-03  3.840E-03   
    19     6 -8.033E-03 -4.673E-03  9.293E-03   
    20     7  2.231E-02  1.264E-02  2.564E-02   
    21     8 -5.914E-02 -2.099E-02  6.275E-02   
    22     9 -1.690E-01  1.595E-02  1.698E-01   
    23    10  9.280E-01  0.000E+00  9.280E-01  *
    24    11  1.947E-01  2.636E-02  1.964E-01   
    25    12  1.138E-01 -1.373E-02  1.146E-01   
    26    13  3.061E-02  1.118E-02  3.259E-02   
    27    14  1.347E-02 -6.313E-03  1.487E-02   
    28    15  2.403E-03  3.549E-03  4.286E-03   
    29    16  4.177E-05 -1.979E-03  1.979E-03   
    30    17 -1.324E-04  9.748E-04  9.838E-04   
    31    18 -7.331E-04 -5.579E-04  9.213E-04   
    32    19 -1.156E-04  2.387E-04  2.652E-04   
    33    20 -2.738E-04 -9.695E-05  2.905E-04   

  ipert    m    re wt      im wt      abs wt


   isol  imax   plasma     vacuum     total

     9    11  1.006E+02  7.767E+01  1.783E+02

  ipert    m    re wt      im wt      abs wt

     1   -12  9.586E-04  2.139E-04  9.822E-04   
     2   -11 -2.680E-03  6.798E-04  2.765E-03   
     3   -10  2.177E-03 -1.554E-03  2.675E-03   
     4    -9 -5.627E-03  3.634E-03  6.698E-03   
     5    -8  3.070E-03 -7.040E-03  7.680E-03   
     6    -7 -6.359E-03  1.258E-02  1.409E-02   
     7    -6 -1.504E-03 -1.978E-02  1.984E-02   
     8    -5  1.411E-02  2.951E-02  3.271E-02   
     9    -4 -2.266E-02 -3.988E-02  4.587E-02   
    10    -3  9.902E-02  4.843E-02  1.102E-01   
    11    -2  5.507E-02 -2.313E-02  5.973E-02   
    12    -1  1.904E-01  4.639E-03  1.904E-01   
    13     0  3.000E-01 -1.300E-02  3.003E-01   
    14     1  1.248E-02  5.643E-02  5.780E-02   
    15     2  8.775E-01  0.000E+00  8.775E-01  *
    16     3  1.606E-01  6.464E-03  1.608E-01   
    17     4  1.181E-02 -1.187E-03  1.187E-02   
    18     5 -1.164E-02 -6.160E-03  1.317E-02   
    19     6 -3.062E-02  1.218E-02  3.295E-02   
    20     7 -1.995E-02 -1.942E-02  2.784E-02   
    21     8 -2.204E-03  1.237E-02  1.257E-02   
    22     9  9.125E-03 -1.338E-02  1.620E-02   
    23    10  2.598E-03  2.097E-02  2.113E-02   
    24    11  4.985E-03 -9.109E-03  1.038E-02   
    25    12  1.882E-02  6.772E-03  2.000E-02   
    26    13  3.713E-03  6.156E-04  3.764E-03   
    27    14  4.265E-03 -8.949E-05  4.266E-03   
    28    15 -1.096E-05  1.163E-04  1.168E-04   
    29    16 -2.533E-04 -2.409E-04  3.496E-04   
    30    17 -4.363E-04 -5.208E-05  4.394E-04   
    31    18 -3.057E-04 -1.002E-04  3.217E-04   
    32    19 -2.720E-04 -1.014E-05  2.722E-04   
    33    20 -5.469E-05 -4.579E-05  7.133E-05   

  ipert    m    re wt      im wt      abs wt


   isol  imax   plasma     vacuum     total

    10    11  9.518E+01  1.042E+02  1.994E+02

  ipert    m    re wt      im wt      abs wt

     1   -12 -7.420E-06 -2.066E-05  2.195E-05   
     2   -11 -1.764E-05  4.646E-05  4.970E-05   
     3   -10  3.033E-05 -3.538E-05  4.660E-05   
     4    -9  5.811E-05  7.957E-05  9.853E-05   
     5    -8 -1.121E-04 -1.285E-05  1.128E-04   
     6    -7  3.317E-04 -9.051E-05  3.439E-04   
     7    -6  3.801E-04  2.727E-04  4.678E-04   
     8    -5  1.152E-03 -8.215E-04  1.415E-03   
     9    -4  3.079E-03  4.766E-04  3.115E-03   
    10    -3  4.662E-03 -2.543E-03  5.310E-03   
    11    -2  7.860E-03 -1.906E-03  8.088E-03   
    12    -1  1.294E-02 -3.931E-03  1.352E-02   
    13     0  9.131E-03 -4.558E-03  1.021E-02   
    14     1  1.867E-02 -3.624E-03  1.901E-02   
    15     2 -1.599E-02 -8.633E-03  1.817E-02   
    16     3 -1.063E-02  2.679E-03  1.096E-02   
    17     4 -9.326E-04  2.610E-04  9.684E-04   
    18     5  3.297E-03 -2.207E-03  3.968E-03   
    19     6  6.036E-03  2.718E-03  6.620E-03   
    20     7  4.693E-04 -5.534E-03  5.554E-03   
    21     8  1.420E-02  1.118E-02  1.807E-02   
    22     9 -6.011E-02 -1.815E-02  6.279E-02   
    23    10 -2.340E-01  1.555E-02  2.346E-01   
    24    11  8.918E-01 -5.551E-17  8.918E-01  *
    25    12  2.642E-01  2.761E-02  2.656E-01   
    26    13  1.391E-01 -1.140E-02  1.395E-01   
    27    14  4.659E-02  1.056E-02  4.777E-02   
    28    15  1.940E-02 -5.504E-03  2.017E-02   
    29    16  5.339E-03  3.356E-03  6.306E-03   
    30    17  9.919E-04 -1.831E-03  2.082E-03   
    31    18  2.800E-04  8.915E-04  9.345E-04   
    32    19 -4.508E-04 -4.608E-04  6.446E-04   
    33    20  5.009E-05  1.259E-04  1.355E-04   

  ipert    m    re wt      im wt      abs wt


   isol  imax   plasma     vacuum     total

    11    11  1.004E+02  1.241E+02  2.244E+02

  ipert    m    re wt      im wt      abs wt

     1   -12  4.772E-04  2.760E-04  5.512E-04   
     2   -11 -1.923E-03  2.105E-04  1.934E-03   
     3   -10  8.521E-04 -5.669E-04  1.023E-03   
     4    -9 -2.165E-03  1.221E-03  2.486E-03   
     5    -8  9.656E-04 -1.799E-03  2.041E-03   
     6    -7  2.572E-03  2.371E-03  3.499E-03   
     7    -6  9.028E-03 -8.687E-04  9.070E-03   
     8    -5  2.956E-02  1.789E-03  2.962E-02   
     9    -4  7.918E-02  9.607E-03  7.977E-02   
    10    -3  1.576E-01  3.339E-03  1.577E-01   
    11    -2  2.580E-01  1.169E-02  2.582E-01   
    12    -1  4.960E-01  4.308E-02  4.978E-01   
    13     0  3.561E-01  3.813E-02  3.581E-01   
    14     1  6.327E-01  0.000E+00  6.327E-01  *
    15     2 -2.553E-01  1.398E-02  2.557E-01   
    16     3 -7.142E-02 -8.041E-04  7.142E-02   
    17     4 -5.741E-03  8.915E-04  5.809E-03   
    18     5  6.008E-03  2.616E-03  6.553E-03   
    19     6  8.966E-03 -6.264E-03  1.094E-02   
    20     7 -2.335E-03  8.434E-03  8.752E-03   
    21     8 -1.383E-02 -8.777E-03  1.638E-02   
    22     9 -1.520E-02  4.752E-03  1.593E-02   
    23    10 -1.693E-02 -6.793E-03  1.824E-02   
    24    11 -3.716E-02 -2.674E-03  3.725E-02   
    25    12 -3.396E-03 -1.528E-02  1.566E-02   
    26    13  6.537E-03 -3.495E-03  7.413E-03   
    27    14  3.588E-03 -1.340E-03  3.830E-03   
    28    15  3.679E-03 -4.049E-04  3.701E-03   
    29    16  1.912E-03  6.504E-05  1.913E-03   
    30    17  9.471E-04 -2.481E-05  9.474E-04   
    31    18  2.632E-04  5.246E-06  2.632E-04   
    32    19  6.637E-05 -9.766E-06  6.708E-05   
    33    20 -5.778E-05 -6.245E-06  5.811E-05   

  ipert    m    re wt      im wt      abs wt


   isol  imax   plasma     vacuum     total

    12    11  1.165E+02  1.252E+02  2.417E+02

  ipert    m    re wt      im wt      abs wt

     1   -12 -5.458E-06 -2.374E-06  5.952E-06   
     2   -11  4.116E-05 -2.217E-05  4.674E-05   
     3   -10 -2.153E-05  3.983E-05  4.527E-05   
     4    -9  1.184E-04 -6.891E-05  1.370E-04   
     5    -8 -4.365E-06  1.703E-04  1.703E-04   
     6    -7  1.056E-05 -3.148E-04  3.150E-04   
     7    -6 -2.321E-04  4.322E-05  2.360E-04   
     8    -5 -8.082E-04 -6.536E-04  1.039E-03   
     9    -4 -9.357E-04 -1.079E-03  1.428E-03   
    10    -3 -4.933E-03 -2.482E-03  5.522E-03   
    11    -2 -4.282E-03 -2.877E-03  5.159E-03   
    12    -1 -9.260E-03 -5.861E-03  1.096E-02   
    13     0 -8.111E-03 -2.903E-03  8.614E-03   
    14     1 -8.854E-03 -9.340E-03  1.287E-02   
    15     2 -1.190E-02  1.066E-02  1.598E-02   
    16     3  5.469E-03 -8.107E-04  5.528E-03   
    17     4 -5.621E-04 -1.509E-03  1.611E-03   
    18     5 -1.586E-03  2.823E-03  3.238E-03   
    19     6  2.139E-03 -1.825E-03  2.812E-03   
    20     7  4.539E-03  3.251E-03  5.583E-03   
    21     8  3.687E-04 -7.177E-03  7.186E-03   
    22     9  2.251E-02  1.297E-02  2.598E-02   
    23    10 -4.649E-02 -2.003E-02  5.062E-02   
    24    11 -3.186E-01  1.426E-02  3.189E-01   
    25    12  8.358E-01  5.551E-17  8.358E-01  *
    26    13  3.287E-01  2.996E-02  3.300E-01   
    27    14  1.728E-01 -9.255E-03  1.731E-01   
    28    15  6.671E-02  1.093E-02  6.760E-02   
    29    16  2.781E-02 -4.849E-03  2.823E-02   
    30    17  9.162E-03  3.272E-03  9.729E-03   
    31    18  2.378E-03 -1.614E-03  2.874E-03   
    32    19  7.620E-04  8.613E-04  1.150E-03   
    33    20 -2.839E-04 -2.967E-04  4.107E-04   

  ipert    m    re wt      im wt      abs wt


   isol  imax   plasma     vacuum     total

    13    11  1.381E+02  1.467E+02  2.848E+02

  ipert    m    re wt      im wt      abs wt

     1   -12 -9.273E-06 -9.974E-06  1.362E-05   
     2   -11  2.185E-05 -4.978E-06  2.241E-05   
     3   -10 -2.543E-05 -3.789E-05  4.563E-05   
     4    -9 -8.463E-06  4.041E-06  9.379E-06   
     5    -8 -5.391E-05 -4.168E-05  6.815E-05   
     6    -7 -2.466E-04  1.196E-04  2.740E-04   
     7    -6 -4.057E-04 -6.678E-05  4.111E-04   
     8    -5 -8.587E-04  2.335E-04  8.899E-04   
     9    -4 -2.045E-03 -5.922E-05  2.046E-03   
    10    -3 -2.445E-03  4.490E-04  2.486E-03   
    11    -2 -4.056E-03  9.569E-05  4.057E-03   
    12    -1 -4.919E-03  3.074E-04  4.929E-03   
    13     0 -2.020E-03 -2.987E-04  2.042E-03   
    14     1 -4.119E-03  1.722E-03  4.465E-03   
    15     2  5.174E-03 -2.372E-03  5.692E-03   
    16     3 -8.014E-04  2.113E-04  8.288E-04   
    17     4 -2.575E-05  9.486E-04  9.490E-04   
    18     5  9.628E-04 -1.108E-03  1.468E-03   
    19     6  9.605E-05  2.429E-04  2.612E-04   
    20     7  3.545E-04 -1.434E-03  1.477E-03   
    21     8  3.988E-03  4.258E-03  5.834E-03   
    22     9 -2.322E-03 -8.245E-03  8.566E-03   
    23    10  2.371E-02  1.377E-02  2.742E-02   
    24    11 -1.928E-02 -2.021E-02  2.793E-02   
    25    12 -4.039E-01  1.126E-02  4.041E-01   
    26    13  7.602E-01  0.000E+00  7.602E-01  *
    27    14  3.866E-01  3.267E-02  3.880E-01   
    28    15  2.118E-01 -6.697E-03  2.119E-01   
    29    16  9.168E-02  1.129E-02  9.237E-02   
    30    17  3.948E-02 -3.749E-03  3.966E-02   
    31    18  1.473E-02  3.061E-03  1.505E-02   
    32    19  4.485E-03 -1.506E-03  4.731E-03   
    33    20  1.253E-03  7.069E-04  1.439E-03   

  ipert    m    re wt      im wt      abs wt


   isol  imax   plasma     vacuum     total

    14    11  1.600E+02  1.686E+02  3.286E+02

  ipert    m    re wt      im wt      abs wt

     1   -12  3.463E-05  2.028E-05  4.013E-05   
     2   -11 -5.783E-05  1.472E-05  5.967E-05   
     3   -10  9.803E-06 -5.386E-06  1.119E-05   
     4    -9 -1.599E-04  6.281E-05  1.718E-04   
     5    -8 -2.583E-04  2.473E-05  2.594E-04   
     6    -7 -6.371E-04  3.738E-04  7.386E-04   
     7    -6 -1.555E-03  2.988E-04  1.583E-03   
     8    -5 -2.421E-03  1.030E-03  2.631E-03   
     9    -4 -4.145E-03  1.240E-03  4.327E-03   
    10    -3 -4.338E-03  1.628E-03  4.633E-03   
    11    -2 -4.678E-03  1.732E-03  4.988E-03   
    12    -1 -1.167E-03  5.411E-04  1.287E-03   
    13     0 -7.742E-06  1.735E-04  1.737E-04   
    14     1  3.397E-03 -1.491E-03  3.710E-03   
    15     2 -7.020E-05 -5.191E-04  5.239E-04   
    16     3  1.035E-03 -3.135E-04  1.082E-03   
    17     4  5.504E-04 -2.206E-04  5.929E-04   
    18     5 -4.884E-04  2.609E-04  5.538E-04   
    19     6  2.457E-04  3.341E-05  2.480E-04   
    20     7  1.537E-03  1.032E-03  1.851E-03   
    21     8  2.950E-04 -2.580E-03  2.597E-03   
    22     9  3.648E-03  5.157E-03  6.316E-03   
    23    10 -2.628E-03 -8.809E-03  9.193E-03   
    24    11  2.568E-02  1.475E-02  2.961E-02   
    25    12  1.711E-02 -2.032E-02  2.656E-02   
    26    13 -4.849E-01  7.061E-03  4.850E-01   
    27    14  6.636E-01  0.000E+00  6.636E-01  *
    28    15  4.326E-01  3.638E-02  4.341E-01   
    29    16  2.542E-01 -2.878E-03  2.542E-01   
    30    17  1.209E-01  1.226E-02  1.215E-01   
    31    18  5.454E-02 -2.017E-03  5.458E-02   
    32    19  2.089E-02  2.813E-03  2.108E-02   
    33    20  3.843E-03 -2.278E-04  3.849E-03   

  ipert    m    re wt      im wt      abs wt


   isol  imax   plasma     vacuum     total

    15    11  1.562E+02  1.851E+02  3.413E+02

  ipert    m    re wt      im wt      abs wt

     1   -12 -8.142E-04 -3.278E-04  8.777E-04   
     2   -11  3.911E-03 -5.426E-04  3.948E-03   
     3   -10  3.602E-03  1.003E-03  3.739E-03   
     4    -9  1.949E-02 -2.842E-03  1.969E-02   
     5    -8  3.760E-02  2.943E-03  3.771E-02   
     6    -7  8.888E-02 -9.290E-03  8.936E-02   
     7    -6  1.719E-01  2.746E-03  1.720E-01   
     8    -5  2.882E-01 -2.209E-02  2.890E-01   
     9    -4  4.398E-01 -3.511E-03  4.398E-01   
    10    -3  4.665E-01 -3.385E-02  4.677E-01   
    11    -2  4.731E-01  0.000E+00  4.731E-01  *
    12    -1  3.961E-02 -1.570E-02  4.261E-02   
    13     0 -2.188E-02 -7.230E-03  2.305E-02   
    14     1 -4.251E-01  3.777E-02  4.268E-01   
    15     2 -6.984E-02 -1.689E-02  7.185E-02   
    16     3  9.170E-05 -2.024E-03  2.026E-03   
    17     4  1.097E-03 -6.812E-04  1.291E-03   
    18     5 -3.253E-03 -3.404E-04  3.271E-03   
    19     6 -3.152E-03  1.670E-03  3.567E-03   
    20     7 -7.424E-04 -1.969E-03  2.105E-03   
    21     8  1.492E-03  1.708E-03  2.267E-03   
    22     9 -4.542E-04 -1.469E-03  1.537E-03   
    23    10 -5.227E-04  1.186E-03  1.296E-03   
    24    11 -1.757E-03 -2.864E-05  1.757E-03   
    25    12 -7.901E-04 -4.360E-04  9.024E-04   
    26    13 -2.264E-03 -1.546E-03  2.742E-03   
    27    14  9.608E-03  1.144E-03  9.676E-03   
    28    15  2.495E-03  2.573E-03  3.584E-03   
    29    16  6.978E-04  7.095E-04  9.951E-04   
    30    17 -1.421E-04  7.975E-04  8.100E-04   
    31    18 -1.364E-04  1.625E-04  2.121E-04   
    32    19 -8.006E-05  1.459E-04  1.664E-04   
    33    20 -1.568E-05  7.692E-06  1.747E-05   

  ipert    m    re wt      im wt      abs wt


   isol  imax   plasma     vacuum     total

    16    11  1.824E+02  1.907E+02  3.731E+02

  ipert    m    re wt      im wt      abs wt

     1   -12  1.061E-05  3.572E-05  3.726E-05   
     2   -11 -7.326E-05 -2.102E-05  7.622E-05   
     3   -10 -4.220E-05  8.549E-06  4.306E-05   
     4    -9 -1.395E-04 -2.415E-05  1.416E-04   
     5    -8 -2.734E-04 -5.090E-05  2.781E-04   
     6    -7 -5.856E-04 -1.973E-04  6.179E-04   
     7    -6 -1.153E-03 -3.410E-04  1.202E-03   
     8    -5 -1.664E-03 -7.012E-04  1.806E-03   
     9    -4 -1.949E-03 -4.615E-04  2.003E-03   
    10    -3 -2.006E-03 -7.091E-04  2.128E-03   
    11    -2 -1.142E-03 -1.968E-04  1.159E-03   
    12    -1  6.822E-04  3.369E-04  7.609E-04   
    13     0  2.909E-04  4.128E-04  5.050E-04   
    14     1  2.121E-03  2.020E-04  2.131E-03   
    15     2 -1.710E-03 -1.104E-04  1.713E-03   
    16     3 -6.198E-04 -3.296E-04  7.020E-04   
    17     4  1.089E-04  3.783E-05  1.153E-04   
    18     5 -4.160E-05  1.557E-04  1.612E-04   
    19     6 -2.180E-04 -4.901E-05  2.234E-04   
    20     7 -9.862E-05  9.141E-04  9.194E-04   
    21     8 -7.289E-04 -1.449E-03  1.622E-03   
    22     9  4.565E-04  3.027E-03  3.062E-03   
    23    10 -3.296E-03 -5.663E-03  6.552E-03   
    24    11  4.246E-03  9.632E-03  1.053E-02   
    25    12 -2.552E-02 -1.676E-02  3.054E-02   
    26    13 -6.648E-02  1.977E-02  6.936E-02   
    27    14  5.554E-01  0.000E+00  5.554E-01  *
    28    15 -5.513E-01 -1.555E-03  5.513E-01   
    29    16 -4.616E-01 -4.232E-02  4.636E-01   
    30    17 -2.964E-01 -2.564E-03  2.964E-01   
    31    18 -1.512E-01 -1.451E-02  1.519E-01   
    32    19 -6.499E-02  1.848E-03  6.502E-02   
    33    20 -1.649E-02 -4.443E-03  1.708E-02   

  ipert    m    re wt      im wt      abs wt


   isol  imax   plasma     vacuum     total

    17    11  2.053E+02  2.135E+02  4.188E+02

  ipert    m    re wt      im wt      abs wt

     1   -12 -7.711E-06 -1.538E-05  1.720E-05   
     2   -11  4.756E-05  9.199E-05  1.036E-04   
     3   -10 -5.184E-05  8.170E-05  9.676E-05   
     4    -9 -5.806E-06  1.656E-04  1.657E-04   
     5    -8 -2.943E-05  3.470E-04  3.482E-04   
     6    -7  3.340E-05  5.729E-04  5.739E-04   
     7    -6  7.099E-05  8.007E-04  8.038E-04   
     8    -5 -7.523E-05  8.539E-04  8.572E-04   
     9    -4  6.030E-05  5.605E-04  5.638E-04   
    10    -3 -7.795E-05  2.537E-04  2.654E-04   
    11    -2 -2.623E-04 -4.711E-04  5.392E-04   
    12    -1 -1.838E-04 -2.912E-04  3.444E-04   
    13     0 -4.071E-04 -3.658E-04  5.473E-04   
    14     1  1.560E-04  2.482E-04  2.932E-04   
    15     2 -5.222E-05  2.551E-04  2.604E-04   
    16     3 -1.344E-04  4.616E-04  4.807E-04   
    17     4  1.174E-04  1.151E-05  1.180E-04   
    18     5 -1.788E-04 -2.539E-04  3.105E-04   
    19     6 -4.671E-04  5.604E-05  4.705E-04   
    20     7 -4.307E-04 -5.177E-04  6.735E-04   
    21     8 -4.360E-04  7.711E-04  8.858E-04   
    22     9 -7.828E-04 -1.609E-03  1.790E-03   
    23    10  1.082E-03  3.416E-03  3.583E-03   
    24    11 -3.016E-03 -6.329E-03  7.011E-03   
    25    12  6.055E-03  1.107E-02  1.262E-02   
    26    13 -2.041E-02 -1.836E-02  2.745E-02   
    27    14 -1.239E-01  1.936E-02  1.255E-01   
    28    15  6.116E-01 -1.388E-17  6.116E-01  *
    29    16 -4.421E-01  6.126E-03  4.421E-01   
    30    17 -4.753E-01 -4.329E-02  4.772E-01   
    31    18 -3.293E-01 -5.686E-03  3.294E-01   
    32    19 -1.575E-01 -6.979E-03  1.577E-01   
    33    20 -3.512E-02 -7.022E-03  3.581E-02   

  ipert    m    re wt      im wt      abs wt


   isol  imax   plasma     vacuum     total

    18    11  2.087E+02  2.299E+02  4.386E+02

  ipert    m    re wt      im wt      abs wt

     1   -12  8.077E-03 -3.102E-04  8.083E-03   
     2   -11  2.797E-02  1.421E-03  2.801E-02   
     3   -10  7.303E-02  8.689E-04  7.303E-02   
     4    -9  1.343E-01  4.931E-03  1.344E-01   
     5    -8  2.398E-01  1.464E-03  2.398E-01   
     6    -7  3.546E-01  1.347E-02  3.548E-01   
     7    -6  4.490E-01  0.000E+00  4.490E-01  *
     8    -5  4.364E-01  2.173E-02  4.370E-01   
     9    -4  2.258E-01 -1.166E-02  2.261E-01   
    10    -3 -3.655E-02  2.082E-02  4.206E-02   
    11    -2 -3.789E-01 -2.950E-02  3.801E-01   
    12    -1 -1.328E-01  1.319E-02  1.334E-01   
    13     0 -1.335E-01  4.309E-03  1.336E-01   
    14     1  3.250E-01 -1.349E-02  3.252E-01   
    15     2  9.455E-02  2.268E-02  9.723E-02   
    16     3  1.502E-02  1.581E-03  1.510E-02   
    17     4  3.003E-04  6.509E-04  7.169E-04   
    18     5  3.652E-04  2.874E-04  4.647E-04   
    19     6 -1.564E-04 -1.157E-03  1.167E-03   
    20     7 -1.802E-03  8.767E-04  2.004E-03   
    21     8 -2.351E-03 -1.082E-03  2.588E-03   
    22     9 -1.439E-03  6.778E-04  1.591E-03   
    23    10 -1.187E-04 -6.196E-04  6.308E-04   
    24    11  4.062E-04  3.432E-04  5.318E-04   
    25    12  4.016E-04 -3.278E-05  4.029E-04   
    26    13 -1.910E-04  4.088E-04  4.513E-04   
    27    14  3.679E-04 -6.431E-04  7.409E-04   
    28    15 -9.452E-04  1.054E-03  1.416E-03   
    29    16 -8.217E-04 -3.165E-05  8.223E-04   
    30    17  1.373E-04 -1.146E-03  1.154E-03   
    31    18 -2.800E-05 -6.758E-04  6.764E-04   
    32    19 -8.118E-06 -3.331E-04  3.332E-04   
    33    20 -3.593E-05 -6.503E-05  7.429E-05   

  ipert    m    re wt      im wt      abs wt


   isol  imax   plasma     vacuum     total

    19    11  2.301E+02  2.379E+02  4.680E+02

  ipert    m    re wt      im wt      abs wt

     1   -12  1.519E-05  5.197E-05  5.415E-05   
     2   -11  1.450E-05  5.746E-05  5.927E-05   
     3   -10  1.354E-04  2.375E-04  2.733E-04   
     4    -9  8.061E-05  2.676E-04  2.795E-04   
     5    -8  2.198E-04  3.393E-04  4.042E-04   
     6    -7  2.368E-04  4.339E-04  4.943E-04   
     7    -6  2.582E-04  4.343E-04  5.052E-04   
     8    -5  1.711E-04  1.961E-04  2.603E-04   
     9    -4 -1.531E-04 -7.585E-05  1.709E-04   
    10    -3 -2.377E-04 -3.636E-04  4.345E-04   
    11    -2 -1.178E-04 -2.761E-04  3.002E-04   
    12    -1 -9.931E-05  4.392E-05  1.086E-04   
    13     0  3.485E-05  2.246E-04  2.273E-04   
    14     1 -1.275E-04  2.744E-04  3.026E-04   
    15     2  4.614E-05  5.684E-05  7.321E-05   
    16     3 -2.493E-04 -4.648E-04  5.275E-04   
    17     4 -2.133E-04 -5.977E-05  2.215E-04   
    18     5  1.704E-04  2.846E-04  3.318E-04   
    19     6  5.918E-05  4.418E-05  7.385E-05   
    20     7 -3.834E-04  3.004E-04  4.871E-04   
    21     8 -2.511E-04 -3.724E-04  4.491E-04   
    22     9 -2.634E-06  8.818E-04  8.818E-04   
    23    10 -7.541E-04 -2.035E-03  2.170E-03   
    24    11  1.447E-03  4.052E-03  4.302E-03   
    25    12 -3.203E-03 -7.421E-03  8.083E-03   
    26    13  7.532E-03  1.284E-02  1.489E-02   
    27    14 -1.131E-02 -2.107E-02  2.392E-02   
    28    15 -1.755E-01  1.979E-02  1.767E-01   
    29    16  6.539E-01  0.000E+00  6.539E-01  *
    30    17 -3.929E-01  1.803E-02  3.933E-01   
    31    18 -4.854E-01 -5.846E-02  4.889E-01   
    32    19 -2.985E-01 -1.673E-03  2.985E-01   
    33    20 -7.640E-02 -1.853E-02  7.861E-02   

  ipert    m    re wt      im wt      abs wt


   isol  imax   plasma     vacuum     total

    20    11  2.558E+02  2.706E+02  5.265E+02

  ipert    m    re wt      im wt      abs wt

     1   -12  3.283E-02 -5.389E-03  3.327E-02   
     2   -11  1.315E-01  9.059E-04  1.315E-01   
     3   -10  2.508E-01 -1.256E-03  2.508E-01   
     4    -9  3.742E-01 -4.392E-03  3.742E-01   
     5    -8  4.346E-01  0.000E+00  4.346E-01  *
     6    -7  3.740E-01 -7.604E-03  3.741E-01   
     7    -6  1.352E-01  7.562E-03  1.354E-01   
     8    -5 -1.844E-01 -1.004E-02  1.847E-01   
     9    -4 -3.288E-01  1.949E-02  3.294E-01   
    10    -3 -2.242E-01 -2.176E-02  2.252E-01   
    11    -2  2.248E-01  2.270E-02  2.260E-01   
    12    -1  1.290E-01 -1.753E-02  1.302E-01   
    13     0  2.200E-01 -6.822E-03  2.201E-01   
    14     1 -2.485E-01  2.149E-02  2.495E-01   
    15     2 -8.566E-02 -2.065E-02  8.811E-02   
    16     3 -1.581E-02 -4.108E-04  1.581E-02   
    17     4 -3.093E-04 -5.814E-04  6.585E-04   
    18     5 -5.308E-04 -3.106E-04  6.150E-04   
    19     6 -2.160E-04  9.028E-04  9.283E-04   
    20     7  1.325E-03 -5.322E-04  1.428E-03   
    21     8  1.751E-03  7.096E-04  1.889E-03   
    22     9  1.348E-03 -4.340E-04  1.417E-03   
    23    10 -3.232E-06  3.368E-04  3.369E-04   
    24    11 -2.777E-04 -3.273E-04  4.292E-04   
    25    12 -6.016E-04  6.529E-05  6.051E-04   
    26    13 -1.984E-05 -2.363E-04  2.372E-04   
    27    14 -4.997E-04  1.580E-04  5.241E-04   
    28    15  5.641E-04 -1.360E-04  5.803E-04   
    29    16  1.287E-03 -1.220E-03  1.773E-03   
    30    17 -5.943E-03  4.371E-03  7.378E-03   
    31    18  4.823E-03 -3.736E-03  6.100E-03   
    32    19  4.313E-03 -2.594E-03  5.033E-03   
    33    20  1.487E-03 -6.478E-04  1.622E-03   

  ipert    m    re wt      im wt      abs wt


   isol  imax   plasma     vacuum     total

    21    11  2.635E+02  2.662E+02  5.297E+02

  ipert    m    re wt      im wt      abs wt

     1   -12  3.539E-04  1.109E-04  3.709E-04   
     2   -11  1.284E-03  9.855E-04  1.618E-03   
     3   -10  2.354E-03  1.733E-03  2.923E-03   
     4    -9  3.539E-03  2.632E-03  4.410E-03   
     5    -8  3.876E-03  2.937E-03  4.863E-03   
     6    -7  3.332E-03  2.368E-03  4.087E-03   
     7    -6  9.730E-04  7.832E-04  1.249E-03   
     8    -5 -1.762E-03 -1.434E-03  2.272E-03   
     9    -4 -3.107E-03 -2.116E-03  3.759E-03   
    10    -3 -1.756E-03 -1.619E-03  2.388E-03   
    11    -2  1.994E-03  1.945E-03  2.786E-03   
    12    -1  1.253E-03  7.594E-04  1.465E-03   
    13     0  1.839E-03  1.325E-03  2.267E-03   
    14     1 -2.492E-03 -1.668E-03  2.999E-03   
    15     2 -8.044E-04 -8.747E-04  1.188E-03   
    16     3  8.936E-05  2.905E-04  3.039E-04   
    17     4  8.795E-05  7.775E-06  8.829E-05   
    18     5 -1.988E-04 -1.977E-04  2.804E-04   
    19     6 -1.767E-04 -7.317E-05  1.913E-04   
    20     7 -1.139E-04 -1.901E-04  2.216E-04   
    21     8 -1.696E-04  2.389E-04  2.930E-04   
    22     9 -1.405E-04 -4.657E-04  4.864E-04   
    23    10  6.457E-05  1.134E-03  1.136E-03   
    24    11 -6.807E-04 -2.344E-03  2.440E-03   
    25    12  1.518E-03  4.401E-03  4.655E-03   
    26    13 -3.345E-03 -7.810E-03  8.496E-03   
    27    14  8.224E-03  1.457E-02  1.673E-02   
    28    15 -5.255E-03 -2.780E-02  2.829E-02   
    29    16 -1.857E-01  3.179E-02  1.884E-01   
    30    17  6.694E-01  2.776E-17  6.694E-01  *
    31    18 -5.036E-01  2.395E-03  5.036E-01   
    32    19 -4.344E-01 -5.812E-02  4.383E-01   
    33    20 -1.301E-01 -3.534E-02  1.348E-01   

  ipert    m    re wt      im wt      abs wt


   isol  imax   plasma     vacuum     total

    22    11  3.097E+02  3.068E+02  6.164E+02

  ipert    m    re wt      im wt      abs wt

     1   -12  3.269E-04 -7.065E-05  3.345E-04   
     2   -11  1.017E-03  1.331E-04  1.025E-03   
     3   -10  1.614E-03 -1.488E-04  1.621E-03   
     4    -9  1.647E-03 -2.794E-05  1.647E-03   
     5    -8  7.443E-04 -9.791E-05  7.507E-04   
     6    -7 -5.122E-04  1.203E-04  5.262E-04   
     7    -6 -1.514E-03  7.242E-05  1.515E-03   
     8    -5 -8.849E-04  6.528E-05  8.873E-04   
     9    -4  6.025E-04 -1.711E-04  6.263E-04   
    10    -3  1.489E-03  9.302E-05  1.492E-03   
    11    -2 -2.013E-04 -4.553E-05  2.064E-04   
    12    -1 -3.108E-04  1.410E-04  3.413E-04   
    13     0 -1.165E-03 -5.330E-05  1.166E-03   
    14     1  7.979E-04 -9.517E-05  8.035E-04   
    15     2  3.419E-04  3.726E-05  3.440E-04   
    16     3  1.532E-04  2.235E-04  2.710E-04   
    17     4 -4.382E-05 -1.256E-05  4.559E-05   
    18     5 -7.666E-06 -5.964E-05  6.013E-05   
    19     6  8.598E-05 -4.643E-05  9.771E-05   
    20     7  8.351E-06 -7.013E-05  7.062E-05   
    21     8  1.731E-05  1.476E-04  1.486E-04   
    22     9  1.587E-04 -2.190E-04  2.705E-04   
    23    10  3.990E-05  5.592E-04  5.606E-04   
    24    11 -1.121E-04 -1.122E-03  1.128E-03   
    25    12  5.841E-04  2.354E-03  2.425E-03   
    26    13 -1.213E-03 -4.315E-03  4.483E-03   
    27    14  2.912E-03  7.653E-03  8.188E-03   
    28    15 -7.444E-03 -1.455E-02  1.635E-02   
    29    16  1.247E-02  3.168E-02  3.405E-02   
    30    17  1.036E-01 -3.617E-02  1.098E-01   
    31    18 -5.497E-01 -2.188E-02  5.501E-01   
    32    19  7.650E-01  0.000E+00  7.650E-01  *
    33    20  4.311E-02  2.131E-01  2.175E-01   

  ipert    m    re wt      im wt      abs wt


   isol  imax   plasma     vacuum     total

    23    11  3.071E+02  3.139E+02  6.210E+02

  ipert    m    re wt      im wt      abs wt

     1   -12  7.521E-02 -1.181E-02  7.613E-02   
     2   -11  2.651E-01  5.248E-03  2.652E-01   
     3   -10  4.220E-01 -1.388E-17  4.220E-01  *
     4    -9  4.011E-01  6.969E-04  4.011E-01   
     5    -8  1.750E-01 -1.396E-03  1.750E-01   
     6    -7 -1.794E-01  4.264E-03  1.794E-01   
     7    -6 -3.753E-01 -7.626E-03  3.754E-01   
     8    -5 -1.905E-01  1.048E-02  1.908E-01   
     9    -4  1.823E-01 -1.818E-02  1.832E-01   
    10    -3  3.516E-01  2.719E-02  3.527E-01   
    11    -2 -7.870E-02 -2.646E-02  8.303E-02   
    12    -1 -9.105E-02  1.766E-02  9.274E-02   
    13     0 -2.734E-01  2.552E-03  2.734E-01   
    14     1  1.951E-01 -1.885E-02  1.960E-01   
    15     2  7.748E-02  2.213E-02  8.058E-02   
    16     3  1.763E-02  4.868E-04  1.764E-02   
    17     4  5.843E-04  5.436E-04  7.981E-04   
    18     5 -5.698E-05  2.851E-04  2.908E-04   
    19     6  5.543E-05 -8.200E-04  8.219E-04   
    20     7 -8.627E-04  3.883E-04  9.461E-04   
    21     8 -1.159E-03 -6.548E-04  1.331E-03   
    22     9 -8.924E-04  3.619E-04  9.630E-04   
    23    10  2.535E-05 -2.068E-04  2.084E-04   
    24    11  3.790E-04  3.355E-04  5.062E-04   
    25    12  5.216E-04 -3.933E-05  5.231E-04   
    26    13  2.694E-04  2.088E-04  3.408E-04   
    27    14  2.565E-04 -1.160E-04  2.815E-04   
    28    15 -5.681E-05  1.753E-04  1.842E-04   
    29    16  1.524E-04 -2.688E-04  3.090E-04   
    30    17 -6.481E-04  3.252E-04  7.251E-04   
    31    18  2.283E-03  1.171E-04  2.286E-03   
    32    19 -2.944E-03 -1.639E-04  2.949E-03   
    33    20 -1.477E-04 -8.619E-04  8.745E-04   

  ipert    m    re wt      im wt      abs wt


   isol  imax   plasma     vacuum     total

    24    11  3.705E+02  3.663E+02  7.368E+02

  ipert    m    re wt      im wt      abs wt

     1   -12  1.086E-01 -2.340E-02  1.111E-01   
     2   -11  3.628E-01  7.450E-03  3.629E-01   
     3   -10  4.049E-01  0.000E+00  4.049E-01  *
     4    -9  8.991E-02 -1.353E-03  8.992E-02   
     5    -8 -3.231E-01  2.352E-03  3.231E-01   
     6    -7 -3.565E-01 -3.232E-03  3.566E-01   
     7    -6  6.830E-02  4.248E-03  6.843E-02   
     8    -5  3.781E-01 -9.185E-03  3.782E-01   
     9    -4  9.911E-02  2.114E-02  1.013E-01   
    10    -3 -3.463E-01 -2.966E-02  3.476E-01   
    11    -2 -5.227E-02  2.624E-02  5.849E-02   
    12    -1  2.792E-02 -1.873E-02  3.362E-02   
    13     0  3.046E-01  4.700E-04  3.046E-01   
    14     1 -1.407E-01  1.842E-02  1.419E-01   
    15     2 -6.444E-02 -2.088E-02  6.774E-02   
    16     3 -1.637E-02 -1.123E-03  1.641E-02   
    17     4 -6.768E-04 -3.708E-04  7.717E-04   
    18     5  3.574E-04 -1.483E-04  3.870E-04   
    19     6  6.466E-05  6.909E-04  6.939E-04   
    20     7  5.761E-04 -3.621E-04  6.805E-04   
    21     8  1.029E-03  6.746E-04  1.230E-03   
    22     9  4.374E-04 -4.185E-04  6.053E-04   
    23    10  1.489E-04  2.064E-04  2.545E-04   
    24    11 -4.650E-04 -2.803E-04  5.429E-04   
    25    12 -4.557E-04  2.245E-05  4.562E-04   
    26    13 -3.709E-04 -1.803E-04  4.124E-04   
    27    14 -2.428E-04  9.956E-06  2.430E-04   
    28    15  4.699E-06 -1.212E-04  1.213E-04   
    29    16 -1.596E-04  1.107E-04  1.942E-04   
    30    17  2.853E-06 -9.268E-05  9.273E-05   
    31    18 -1.565E-04 -4.497E-05  1.628E-04   
    32    19  1.944E-04 -5.064E-05  2.009E-04   
    33    20  7.404E-05 -5.049E-07  7.404E-05   

  ipert    m    re wt      im wt      abs wt


   isol  imax   plasma     vacuum     total

    25    11  4.483E+02  4.314E+02  8.797E+02

  ipert    m    re wt      im wt      abs wt

     1   -12  1.300E-01 -4.220E-02  1.367E-01   
     2   -11  4.027E-01  0.000E+00  4.027E-01  *
     3   -10  2.298E-01 -1.490E-03  2.298E-01   
     4    -9 -3.054E-01  4.969E-03  3.054E-01   
     5    -8 -3.612E-01  8.998E-03  3.613E-01   
     6    -7  2.043E-01 -6.712E-03  2.044E-01   
     7    -6  3.715E-01 -7.240E-03  3.715E-01   
     8    -5 -1.862E-01  1.467E-02  1.868E-01   
     9    -4 -3.221E-01 -2.007E-02  3.228E-01   
    10    -3  2.231E-01  2.604E-02  2.246E-01   
    11    -2  1.322E-01 -2.634E-02  1.348E-01   
    12    -1  4.190E-02  2.016E-02  4.650E-02   
    13     0 -3.001E-01 -4.241E-04  3.001E-01   
    14     1  9.045E-02 -1.724E-02  9.208E-02   
    15     2  5.047E-02  1.729E-02  5.334E-02   
    16     3  1.261E-02  3.018E-03  1.297E-02   
    17     4  5.992E-04  6.251E-05  6.025E-04   
    18     5 -3.334E-04 -1.696E-04  3.741E-04   
    19     6  2.557E-05 -6.034E-04  6.039E-04   
    20     7 -4.200E-04  2.131E-04  4.710E-04   
    21     8 -1.059E-03 -5.786E-04  1.206E-03   
    22     9 -1.324E-05  5.426E-04  5.427E-04   
    23    10 -1.155E-04 -2.050E-04  2.353E-04   
    24    11  4.446E-04  2.340E-04  5.024E-04   
    25    12  3.596E-04  9.524E-06  3.597E-04   
    26    13  3.438E-04  1.251E-04  3.658E-04   
    27    14  3.006E-04 -2.668E-05  3.018E-04   
    28    15  1.242E-05  1.453E-04  1.459E-04   
    29    16  8.799E-05 -2.677E-05  9.197E-05   
    30    17  1.891E-05  3.441E-05  3.926E-05   
    31    18  1.236E-04 -7.775E-05  1.460E-04   
    32    19 -5.733E-06  1.538E-04  1.539E-04   
    33    20 -2.877E-05 -1.359E-04  1.390E-04   

  ipert    m    re wt      im wt      abs wt


   isol  imax   plasma     vacuum     total

    26    11  5.369E+02  5.100E+02  1.047E+03

  ipert    m    re wt      im wt      abs wt

     1   -12 -1.322E-01  6.971E-02  1.494E-01   
     2   -11 -4.038E-01 -6.896E-03  4.038E-01   
     3   -10  3.796E-02 -1.305E-02  4.014E-02   
     4    -9  4.547E-01 -2.776E-17  4.547E-01  *
     5    -8 -1.457E-01  1.000E-02  1.460E-01   
     6    -7 -3.850E-01 -1.056E-02  3.851E-01   
     7    -6  3.230E-01 -2.617E-03  3.230E-01   
     8    -5  1.638E-01  2.785E-02  1.661E-01   
     9    -4 -3.629E-01 -4.118E-02  3.652E-01   
    10    -3  6.801E-02  2.770E-02  7.344E-02   
    11    -2  1.581E-01 -1.455E-02  1.588E-01   
    12    -1  9.174E-02  2.662E-02  9.552E-02   
    13     0 -2.743E-01 -1.987E-02  2.750E-01   
    14     1  5.219E-02 -1.185E-02  5.352E-02   
    15     2  3.789E-02  1.547E-02  4.092E-02   
    16     3  7.246E-03  6.326E-03  9.619E-03   
    17     4  3.999E-04 -1.834E-04  4.400E-04   
    18     5 -4.773E-05 -4.488E-04  4.513E-04   
    19     6  2.304E-04 -4.548E-04  5.098E-04   
    20     7 -4.891E-04 -2.184E-04  5.356E-04   
    21     8 -9.762E-04 -2.627E-04  1.011E-03   
    22     9 -2.417E-05  5.710E-04  5.715E-04   
    23    10 -2.947E-05 -2.536E-04  2.553E-04   
    24    11  4.920E-04  1.584E-04  5.169E-04   
    25    12  2.112E-04  1.195E-04  2.427E-04   
    26    13  2.520E-04  1.413E-04  2.889E-04   
    27    14  2.197E-04 -6.722E-06  2.198E-04   
    28    15  1.015E-04  9.186E-05  1.369E-04   
    29    16  4.930E-05  8.501E-06  5.003E-05   
    30    17 -6.876E-06  1.039E-04  1.041E-04   
    31    18  8.823E-05 -2.173E-05  9.086E-05   
    32    19 -1.094E-06 -7.364E-05  7.365E-05   
    33    20 -1.566E-04  1.831E-04  2.409E-04   

  ipert    m    re wt      im wt      abs wt


   isol  imax   plasma     vacuum     total

    27    11  7.904E+02  3.217E+02  1.112E+03

  ipert    m    re wt      im wt      abs wt

     1   -12 -9.802E-05 -8.625E-06  9.840E-05   
     2   -11 -5.684E-05 -2.084E-04  2.160E-04   
     3   -10 -2.366E-05  5.718E-05  6.189E-05   
     4    -9  1.008E-04 -6.667E-06  1.010E-04   
     5    -8 -3.778E-06  1.748E-04  1.748E-04   
     6    -7 -1.237E-04 -2.152E-04  2.483E-04   
     7    -6  1.592E-04  9.766E-05  1.867E-04   
     8    -5 -1.174E-04  3.231E-06  1.174E-04   
     9    -4  4.730E-05 -3.112E-05  5.662E-05   
    10    -3  5.506E-05  3.247E-05  6.392E-05   
    11    -2 -4.425E-05  1.743E-05  4.755E-05   
    12    -1  5.706E-05 -2.708E-05  6.316E-05   
    13     0 -3.659E-05 -4.719E-06  3.689E-05   
    14     1  8.383E-05 -2.280E-06  8.386E-05   
    15     2  8.192E-06 -1.517E-06  8.331E-06   
    16     3 -1.756E-05 -1.386E-06  1.762E-05   
    17     4  1.136E-05 -2.415E-05  2.668E-05   
    18     5  9.074E-06  1.095E-05  1.422E-05   
    19     6  5.786E-05  3.909E-05  6.982E-05   
    20     7  6.694E-05 -6.705E-06  6.727E-05   
    21     8  7.600E-05 -3.488E-06  7.608E-05   
    22     9  6.114E-05  5.056E-05  7.934E-05   
    23    10  5.749E-05 -6.425E-05  8.621E-05   
    24    11  1.025E-04  1.212E-04  1.587E-04   
    25    12 -8.496E-05 -2.580E-04  2.716E-04   
    26    13  2.560E-04  5.783E-04  6.325E-04   
    27    14  5.387E-04 -4.201E-04  6.831E-04   
    28    15 -8.525E-04 -1.698E-03  1.900E-03   
    29    16 -5.072E-03  4.854E-03  7.020E-03   
    30    17  4.085E-02  1.250E-02  4.272E-02   
    31    18 -9.578E-02 -9.729E-02  1.365E-01   
    32    19 -1.294E-01  1.896E-01  2.296E-01   
    33    20  9.357E-01  0.000E+00  9.357E-01  *

  ipert    m    re wt      im wt      abs wt


   isol  imax   plasma     vacuum     total

    28    11  6.338E+02  6.023E+02  1.236E+03

  ipert    m    re wt      im wt      abs wt

     1   -12  1.037E-01 -1.153E-01  1.551E-01   
     2   -11  3.787E-01 -2.383E-02  3.795E-01   
     3   -10 -3.018E-01  6.648E-02  3.090E-01   
     4    -9 -1.915E-01 -3.116E-02  1.940E-01   
     5    -8  4.704E-01  0.000E+00  4.704E-01  *
     6    -7 -2.937E-01  2.352E-02  2.946E-01   
     7    -6 -1.109E-01 -5.615E-02  1.243E-01   
     8    -5  3.690E-01  8.047E-02  3.777E-01   
     9    -4 -2.645E-01 -6.119E-02  2.715E-01   
    10    -3 -5.454E-02  9.602E-03  5.537E-02   
    11    -2  1.554E-01  1.059E-03  1.554E-01   
    12    -1  1.153E-01  5.189E-02  1.265E-01   
    13     0 -2.437E-01 -5.385E-02  2.496E-01   
    14     1  2.794E-02 -8.648E-03  2.925E-02   
    15     2  2.981E-02  1.883E-02  3.526E-02   
    16     3  2.176E-03  1.124E-02  1.145E-02   
    17     4  6.814E-05  6.028E-04  6.066E-04   
    18     5  4.841E-04 -1.186E-03  1.281E-03   
    19     6  1.158E-05 -5.637E-04  5.638E-04   
    20     7 -9.663E-04 -3.611E-04  1.032E-03   
    21     8 -8.137E-04  5.181E-05  8.153E-04   
    22     9 -2.154E-04  4.885E-04  5.339E-04   
    23    10  1.655E-05 -8.516E-05  8.675E-05   
    24    11  5.582E-04  1.388E-04  5.752E-04   
    25    12  8.908E-05  1.583E-04  1.817E-04   
    26    13  2.288E-04  1.525E-04  2.749E-04   
    27    14  1.408E-04  7.064E-05  1.576E-04   
    28    15  7.204E-05  1.641E-04  1.792E-04   
    29    16  2.686E-05 -1.280E-05  2.976E-05   
    30    17  1.965E-05  1.170E-04  1.186E-04   
    31    18  2.730E-05 -3.235E-05  4.233E-05   
    32    19  1.321E-05  6.421E-05  6.556E-05   
    33    20  6.526E-05  6.346E-05  9.103E-05   

  ipert    m    re wt      im wt      abs wt


   isol  imax   plasma     vacuum     total

    29    11  7.023E+02  7.167E+02  1.419E+03

  ipert    m    re wt      im wt      abs wt

     1   -12 -8.975E-02  1.428E-01  1.687E-01   
     2   -11 -3.132E-01 -4.456E-02  3.164E-01   
     3   -10  4.618E-01  2.776E-17  4.618E-01  *
     4    -9 -2.986E-01  3.277E-02  3.004E-01   
     5    -8  3.280E-02 -1.133E-01  1.180E-01   
     6    -7  1.809E-01  2.244E-01  2.882E-01   
     7    -6 -2.781E-01 -2.984E-01  4.079E-01   
     8    -5  2.436E-01  2.633E-01  3.587E-01   
     9    -4 -9.809E-02 -9.544E-02  1.369E-01   
    10    -3 -7.189E-02 -8.796E-02  1.136E-01   
    11    -2  1.155E-01  6.596E-02  1.330E-01   
    12    -1  1.626E-02  1.581E-01  1.589E-01   
    13     0 -1.044E-01 -1.911E-01  2.178E-01   
    14     1  1.685E-02 -3.235E-03  1.716E-02   
    15     2  3.670E-03  4.296E-02  4.312E-02   
    16     3 -9.209E-03  1.722E-02  1.953E-02   
    17     4 -1.069E-03  1.480E-03  1.826E-03   
    18     5  1.851E-03 -1.811E-03  2.589E-03   
    19     6  3.631E-04 -4.937E-04  6.128E-04   
    20     7 -1.060E-03 -1.709E-04  1.074E-03   
    21     8 -9.668E-04  1.795E-04  9.833E-04   
    22     9 -6.325E-04  3.243E-04  7.108E-04   
    23    10 -6.867E-05  1.889E-04  2.010E-04   
    24    11  2.084E-04  4.397E-04  4.866E-04   
    25    12 -1.296E-04  9.985E-05  1.636E-04   
    26    13  1.045E-04  2.737E-04  2.929E-04   
    27    14 -1.044E-04  1.951E-04  2.213E-04   
    28    15 -1.711E-05  1.801E-04  1.809E-04   
    29    16 -8.005E-05  1.455E-04  1.661E-04   
    30    17 -4.531E-05  4.639E-05  6.485E-05   
    31    18  2.729E-05  9.405E-05  9.793E-05   
    32    19 -7.924E-05 -5.998E-05  9.938E-05   
    33    20  2.366E-04  1.385E-04  2.742E-04   

  ipert    m    re wt      im wt      abs wt


   isol  imax   plasma     vacuum     total

    30    11  7.527E+02  8.660E+02  1.619E+03

  ipert    m    re wt      im wt      abs wt

     1   -12  4.847E-02 -2.324E-01  2.374E-01   
     2   -11  1.797E-01 -2.500E-02  1.814E-01   
     3   -10 -3.642E-01  9.208E-02  3.756E-01   
     4    -9  4.197E-01  0.000E+00  4.197E-01  *
     5    -8 -3.849E-01 -1.159E-01  4.020E-01   
     6    -7  3.041E-01  1.975E-01  3.626E-01   
     7    -6 -2.034E-01 -2.121E-01  2.939E-01   
     8    -5  1.013E-01  1.310E-01  1.656E-01   
     9    -4 -1.172E-02  3.249E-02  3.454E-02   
    10    -3 -4.491E-02 -1.493E-01  1.559E-01   
    11    -2  4.088E-02  3.290E-02  5.247E-02   
    12    -1  1.577E-02  2.327E-01  2.332E-01   
    13     0 -4.555E-02 -2.167E-01  2.214E-01   
    14     1  9.235E-03 -1.836E-02  2.055E-02   
    15     2  1.450E-02  5.138E-02  5.338E-02   
    16     3 -8.794E-04  1.980E-02  1.982E-02   
    17     4 -4.261E-04  1.648E-03  1.702E-03   
    18     5  5.716E-04 -2.210E-03  2.283E-03   
    19     6 -3.299E-04 -8.383E-04  9.009E-04   
    20     7 -5.489E-04 -3.917E-05  5.503E-04   
    21     8 -2.822E-04  6.265E-04  6.871E-04   
    22     9 -3.008E-05  5.842E-04  5.850E-04   
    23    10  2.207E-05  4.255E-04  4.261E-04   
    24    11  1.229E-04  5.455E-04  5.592E-04   
    25    12 -6.974E-05  8.851E-05  1.127E-04   
    26    13  3.422E-05  3.187E-04  3.205E-04   
    27    14 -2.807E-05  2.427E-04  2.443E-04   
    28    15 -6.104E-05  2.515E-04  2.588E-04   
    29    16  7.257E-05  1.391E-04  1.569E-04   
    30    17 -9.765E-05  1.414E-04  1.718E-04   
    31    18  7.410E-05 -1.297E-05  7.523E-05   
    32    19 -3.417E-05  1.338E-04  1.381E-04   
    33    20  1.127E-04 -1.906E-04  2.214E-04   

  ipert    m    re wt      im wt      abs wt


   isol  imax   plasma     vacuum     total

    31    11  1.189E+03  8.744E+02  2.063E+03

  ipert    m    re wt      im wt      abs wt

     1   -12  2.299E-01  1.638E-01  2.823E-01   
     2   -11 -2.493E-02 -7.073E-02  7.499E-02   
     3   -10 -3.194E-02 -2.176E-02  3.865E-02   
     4    -9  6.002E-03  6.958E-02  6.984E-02   
     5    -8  3.333E-02 -9.225E-02  9.808E-02   
     6    -7 -8.023E-02  9.888E-02  1.273E-01   
     7    -6  1.572E-01 -8.612E-02  1.792E-01   
     8    -5 -2.767E-01  4.669E-02  2.806E-01   
     9    -4  4.094E-01  1.532E-02  4.097E-01   
    10    -3 -3.946E-01 -7.164E-02  4.010E-01   
    11    -2  2.890E-02  7.031E-02  7.601E-02   
    12    -1  4.684E-01 -2.776E-17  4.684E-01  *
    13     0 -3.896E-01 -4.049E-02  3.917E-01   
    14     1 -6.377E-02  8.571E-03  6.435E-02   
    15     2  8.335E-02 -3.047E-02  8.874E-02   
    16     3  3.011E-02 -1.271E-02  3.269E-02   
    17     4  2.137E-03 -1.141E-03  2.423E-03   
    18     5 -2.765E-03  1.398E-03  3.098E-03   
    19     6 -1.798E-03  1.253E-03  2.191E-03   
    20     7 -9.586E-04 -4.685E-04  1.067E-03   
    21     8  5.858E-04 -6.080E-04  8.443E-04   
    22     9  6.906E-04 -5.102E-04  8.586E-04   
    23    10  7.052E-04 -2.386E-04  7.444E-04   
    24    11  7.524E-04  1.398E-04  7.652E-04   
    25    12  2.468E-04  6.932E-06  2.469E-04   
    26    13  5.093E-04 -2.670E-05  5.100E-04   
    27    14  3.994E-04  4.299E-05  4.017E-04   
    28    15  3.403E-04 -9.810E-05  3.541E-04   
    29    16  3.222E-04 -5.216E-05  3.264E-04   
    30    17  1.197E-04 -4.277E-05  1.271E-04   
    31    18  1.018E-04 -1.160E-05  1.025E-04   
    32    19  3.191E-05 -1.583E-05  3.563E-05   
    33    20 -3.347E-05  4.232E-05  5.396E-05   

  ipert    m    re wt      im wt      abs wt


   isol  imax   plasma     vacuum     total

    32    11  1.382E+03  7.767E+02  2.159E+03

  ipert    m    re wt      im wt      abs wt

     1   -12  8.366E-01  0.000E+00  8.366E-01  *
     2   -11 -2.747E-01 -2.127E-01  3.474E-01   
     3   -10  2.604E-02  1.786E-01  1.805E-01   
     4    -9 -1.961E-03 -1.097E-01  1.097E-01   
     5    -8  3.220E-03  8.393E-02  8.400E-02   
     6    -7  1.300E-02 -7.930E-02  8.036E-02   
     7    -6 -3.774E-02  7.722E-02  8.595E-02   
     8    -5  6.823E-02 -7.548E-02  1.017E-01   
     9    -4 -9.782E-02  7.230E-02  1.216E-01   
    10    -3  9.518E-02 -4.981E-02  1.074E-01   
    11    -2 -1.732E-02 -1.280E-02  2.153E-02   
    12    -1 -9.234E-02  7.830E-02  1.211E-01   
    13     0  8.341E-02 -5.463E-02  9.971E-02   
    14     1  1.033E-02 -1.408E-02  1.747E-02   
    15     2 -1.077E-02  1.965E-02  2.241E-02   
    16     3 -3.154E-03  8.073E-03  8.667E-03   
    17     4 -2.019E-04  6.208E-04  6.528E-04   
    18     5  2.162E-04 -7.699E-04  7.997E-04   
    19     6  3.297E-04 -4.922E-04  5.924E-04   
    20     7  4.133E-04 -1.003E-05  4.134E-04   
    21     8  8.640E-05  2.243E-04  2.403E-04   
    22     9 -6.518E-05  1.740E-04  1.858E-04   
    23    10 -1.251E-04  1.802E-04  2.194E-04   
    24    11 -1.552E-04  5.319E-05  1.640E-04   
    25    12 -7.955E-05  4.412E-05  9.096E-05   
    26    13 -6.753E-05  8.041E-05  1.050E-04   
    27    14 -1.208E-04  8.522E-05  1.478E-04   
    28    15 -9.019E-06  5.397E-05  5.472E-05   
    29    16 -8.006E-05  9.144E-05  1.215E-04   
    30    17  7.873E-06 -1.774E-05  1.941E-05   
    31    18 -3.635E-05  6.656E-05  7.584E-05   
    32    19 -1.000E-05 -1.012E-05  1.423E-05   
    33    20  3.687E-06  2.927E-05  2.950E-05   

  ipert    m    re wt      im wt      abs wt


   isol  imax   plasma     vacuum     total

    33    11  4.863E+03  8.775E+02  5.740E+03

  ipert    m    re wt      im wt      abs wt

     1   -12 -2.597E-03  1.429E-03  2.964E-03   
     2   -11  3.548E-03 -3.352E-03  4.881E-03   
     3   -10 -4.130E-03  7.045E-03  8.167E-03   
     4    -9  3.509E-03 -1.291E-02  1.338E-02   
     5    -8 -6.820E-04  2.143E-02  2.145E-02   
     6    -7 -7.995E-03 -3.296E-02  3.392E-02   
     7    -6  2.529E-02  4.793E-02  5.419E-02   
     8    -5 -6.402E-02 -6.401E-02  9.053E-02   
     9    -4  1.550E-01  7.243E-02  1.710E-01   
    10    -3 -3.520E-01 -5.194E-02  3.559E-01   
    11    -2  5.953E-01 -1.388E-17  5.953E-01  *
    12    -1 -5.259E-01  1.489E-02  5.261E-01   
    13     0 -5.892E-02  6.162E-02  8.526E-02   
    14     1  3.325E-01 -8.151E-02  3.423E-01   
    15     2  1.472E-01 -3.818E-02  1.520E-01   
    16     3  3.276E-02 -9.672E-03  3.416E-02   
    17     4  1.443E-03 -4.156E-04  1.502E-03   
    18     5 -9.741E-04  4.225E-04  1.062E-03   
    19     6 -2.023E-04  8.668E-05  2.201E-04   
    20     7 -3.052E-04  2.414E-04  3.892E-04   
    21     8 -5.290E-04  2.310E-05  5.295E-04   
    22     9 -3.821E-04  1.096E-04  3.975E-04   
    23    10 -2.937E-04 -4.372E-05  2.970E-04   
    24    11 -1.335E-04 -2.612E-05  1.361E-04   
    25    12 -1.281E-04  2.591E-06  1.282E-04   
    26    13 -1.280E-04 -4.338E-06  1.281E-04   
    27    14 -1.064E-04 -2.576E-05  1.095E-04   
    28    15 -1.154E-04  1.118E-05  1.159E-04   
    29    16 -8.309E-05 -1.833E-05  8.509E-05   
    30    17 -5.421E-05  1.449E-05  5.611E-05   
    31    18 -2.297E-05 -7.603E-06  2.419E-05   
    32    19 -1.177E-05  6.537E-06  1.347E-05   
    33    20  9.277E-06 -9.818E-07  9.329E-06   

  ipert    m    re wt      im wt      abs wt


 Plasma Energy Matrix:

 isol =   1, m = -12

  i     re wp        im wp        abs wp

  1  1.46968E+03  0.00000E+00  1.46968E+03
  2 -1.39068E+02 -1.69971E+02  2.19613E+02
  3 -1.05583E+02  6.67165E+01  1.24896E+02
  4  3.72538E+01 -6.32935E-01  3.72592E+01
  5 -2.51536E+00 -7.25424E+00  7.67795E+00
  6 -8.61240E-01  1.70933E-01  8.78039E-01
  7  3.54111E-01  3.14897E+00  3.16882E+00
  8  3.55978E-01 -2.84000E+00  2.86222E+00
  9 -3.43118E-01  1.18803E+00  1.23659E+00
 10  3.22902E+00  8.24655E-01  3.33266E+00
 11 -8.17591E+00 -2.64501E+00  8.59311E+00
 12  1.06647E+01  3.27240E+00  1.11555E+01
 13 -8.63917E-01 -1.45671E+00  1.69362E+00
 14 -8.37532E+00 -1.01029E+00  8.43604E+00
 15 -3.19098E+00 -6.25679E-01  3.25174E+00
 16 -3.62047E-01  4.34618E-02  3.64646E-01
 17 -9.18752E-02 -6.55003E-02  1.12833E-01
 18  3.71247E-02  6.44067E-02  7.43402E-02
 19  3.80774E-01  5.78825E-02  3.85148E-01
 20  1.76137E-01 -1.10869E-02  1.76486E-01
 21  8.54213E-02 -2.44917E-02  8.88631E-02
 22 -9.51894E-02 -4.33709E-02  1.04604E-01
 23 -7.84653E-02  2.20919E-02  8.15160E-02
 24  1.20272E-02 -3.12008E-02  3.34386E-02
 25 -3.86712E-02  4.84943E-03  3.89741E-02
 26  3.09114E-02 -2.77246E-02  4.15231E-02
 27 -5.45861E-02  5.80724E-02  7.96997E-02
 28  3.39997E-02 -5.55217E-02  6.51048E-02
 29 -9.16429E-03  6.50294E-02  6.56719E-02
 30  6.53387E-03 -9.32251E-02  9.34538E-02
 31  7.15720E-03  7.04491E-02  7.08117E-02
 32 -4.10116E-02 -1.45887E-02  4.35291E-02
 33  2.68136E-02  4.88647E-02  5.57380E-02

  i     re wp        im wp        abs wp

 isol =   2, m = -11

  i     re wp        im wp        abs wp

  1 -1.39068E+02  1.69971E+02  2.19613E+02
  2  6.21300E+02  0.00000E+00  6.21300E+02
  3 -1.46809E+02 -1.79056E+01  1.47897E+02
  4 -7.65791E+00  2.74985E+00  8.13666E+00
  5  5.80380E+00  1.56136E+00  6.01016E+00
  6 -2.97354E+00  1.18681E+00  3.20163E+00
  7  2.24517E+00 -3.30421E+00  3.99482E+00
  8 -8.17376E-01  3.23379E+00  3.33549E+00
  9  1.26862E+00 -1.06268E+00  1.65490E+00
 10 -4.25051E+00 -2.85950E+00  5.12285E+00
 11  1.16255E+01  7.55173E+00  1.38630E+01
 12 -1.43435E+01 -9.07594E+00  1.69737E+01
 13  1.07661E+00  2.47999E+00  2.70360E+00
 14  1.25208E+01  4.94306E+00  1.34612E+01
 15  5.07333E+00  2.43705E+00  5.62831E+00
 16  9.30015E-01  3.28117E-01  9.86199E-01
 17  7.79392E-02  1.26322E-02  7.89563E-02
 18 -1.00570E-01 -5.62591E-02  1.15236E-01
 19 -3.29322E-01 -9.08769E-02  3.41631E-01
 20 -1.15938E-01 -3.55192E-02  1.21257E-01
 21  4.17012E-02  5.58699E-02  6.97168E-02
 22  1.41582E-01  7.42972E-02  1.59892E-01
 23  1.47014E-02  1.08586E-02  1.82767E-02
 24  2.71223E-02  3.80580E-02  4.67336E-02
 25  4.66145E-02 -1.43064E-02  4.87605E-02
 26 -3.27472E-02  8.83187E-03  3.39172E-02
 27  4.18965E-02 -4.17946E-02  5.91786E-02
 28 -5.77336E-02  5.83121E-02  8.20577E-02
 29  3.11937E-02 -5.75338E-02  6.54461E-02
 30 -5.52014E-03  5.94579E-02  5.97136E-02
 31  1.20143E-02 -8.90818E-02  8.98884E-02
 32  1.51793E-02  6.30920E-02  6.48923E-02
 33 -3.90047E-02 -1.59403E-02  4.21362E-02

  i     re wp        im wp        abs wp

 Total cpu time =  2.143E+01 seconds
