 IPEC_PMODB_CHEBYSHEV: Chebyshev coefficients for perturbed mod b
 
       nche =  20      mpert =  33
 
 mfac =  -12
 
   chea       real(chea)       imag(chea)
      0   7.77895740E-07  -1.21777861E-06
      1   1.16804898E-06  -1.94836079E-06
      2   4.00090550E-07  -8.96988041E-07
      3  -1.08500855E-07  -5.91981704E-10
      4  -2.34582186E-07   4.51674532E-07
      5  -2.66263023E-07   6.05752703E-07
      6  -3.48560744E-07   6.42236093E-07
      7  -3.99006034E-07   6.40658524E-07
      8  -4.00251799E-07   6.77468896E-07
      9  -4.30122883E-07   7.88899353E-07
     10  -4.74446026E-07   8.73559985E-07
     11  -4.54890181E-07   7.96510690E-07
     12  -3.71929438E-07   5.65869723E-07
     13  -2.76295641E-07   3.10312505E-07
     14  -1.58437698E-07   9.67634411E-08
     15   2.51177805E-08  -1.00622053E-07
     16   2.19608832E-07  -2.77695248E-07
     17   3.20124462E-07  -3.91359583E-07
     18   3.33438818E-07  -4.57541796E-07
     19   3.58659464E-07  -5.16391893E-07
     20   4.03583160E-07  -5.41797689E-07
 
 mfac =  -11
 
   chea       real(chea)       imag(chea)
      0   7.68188543E-07  -1.18812615E-06
      1   1.12497932E-06  -1.88813032E-06
      2   3.64145331E-07  -8.72918837E-07
      3  -4.33383459E-08  -5.30914261E-08
      4  -7.69159440E-08   3.66264529E-07
      5  -1.35943715E-07   5.59973934E-07
      6  -3.18426786E-07   6.53031926E-07
      7  -4.44138212E-07   6.87319537E-07
      8  -4.72929359E-07   7.32837430E-07
      9  -5.11808052E-07   8.35282928E-07
     10  -5.62351863E-07   9.09797503E-07
     11  -5.34688052E-07   8.08308970E-07
     12  -4.31696830E-07   5.35448600E-07
     13  -3.17937890E-07   2.53017427E-07
     14  -1.81994481E-07   3.84236075E-08
     15   2.86195114E-08  -1.54316441E-07
     16   2.49105589E-07  -3.17512416E-07
     17   3.58355074E-07  -4.10733016E-07
     18   3.65943005E-07  -4.67158121E-07
     19   3.94154667E-07  -5.20325015E-07
     20   4.50082876E-07  -5.30683662E-07
 
 mfac =  -10
 
   chea       real(chea)       imag(chea)
      0   7.68053730E-07  -1.17341833E-06
      1   1.14902418E-06  -1.92182653E-06
      2   4.83724884E-07  -1.02831027E-06
      3   2.07738244E-07  -2.62509445E-07
      4   2.02502433E-07   2.38663883E-07
      5   2.89662588E-08   5.72097614E-07
      6  -3.19847555E-07   7.68806677E-07
      7  -5.77720609E-07   8.64950878E-07
      8  -6.79337190E-07   9.33280354E-07
      9  -7.39083984E-07   1.00194474E-06
     10  -7.86031609E-07   1.01919715E-06
     11  -7.53884331E-07   8.73372054E-07
     12  -6.32361390E-07   5.58903403E-07
     13  -4.71351289E-07   2.21487936E-07
     14  -2.66860507E-07  -4.59018216E-08
     15   4.35444366E-09  -2.47479098E-07
     16   2.70600178E-07  -3.88258738E-07
     17   4.22297777E-07  -4.75739571E-07
     18   4.74694606E-07  -5.48867151E-07
     19   5.30774798E-07  -5.93186840E-07
     20   5.93735392E-07  -5.61509849E-07
 
 mfac =   -9
 
   chea       real(chea)       imag(chea)
      0   7.64290256E-07  -1.12808275E-06
      1   1.19621103E-06  -1.97678277E-06
      2   6.79252457E-07  -1.34130621E-06
      3   5.12420671E-07  -6.44017410E-07
      4   4.40284312E-07   1.29847732E-08
      5   7.27110677E-08   5.57813919E-07
      6  -4.41150824E-07   8.94448030E-07
      7  -7.69906529E-07   1.06007798E-06
      8  -8.79362534E-07   1.16610024E-06
      9  -9.26469506E-07   1.24549635E-06
     10  -9.57263716E-07   1.23964613E-06
     11  -9.09497847E-07   1.06676261E-06
     12  -7.67015192E-07   7.28604880E-07
     13  -5.69558060E-07   3.34756508E-07
     14  -3.23424134E-07  -1.37398875E-09
     15  -8.59641055E-09  -2.41241168E-07
     16   2.92651736E-07  -4.05021614E-07
     17   4.72674598E-07  -5.41472922E-07
     18   5.51374392E-07  -6.66612865E-07
     19   6.29312765E-07  -7.35804154E-07
     20   7.05359669E-07  -7.01120593E-07
 
 mfac =   -8
 
   chea       real(chea)       imag(chea)
      0   7.36227972E-07  -1.15935568E-06
      1   1.21971809E-06  -2.21721650E-06
      2   8.26470341E-07  -1.80636873E-06
      3   6.43780970E-07  -1.03013506E-06
      4   3.79005941E-07  -4.10223409E-08
      5  -1.82757579E-07   7.35263118E-07
      6  -7.36490728E-07   1.11841563E-06
      7  -9.60682384E-07   1.26613895E-06
      8  -9.31487036E-07   1.36786450E-06
      9  -8.74966437E-07   1.43427768E-06
     10  -8.39207320E-07   1.43061978E-06
     11  -7.46341917E-07   1.25979392E-06
     12  -5.81450315E-07   8.95534149E-07
     13  -3.88036320E-07   4.70163009E-07
     14  -1.62838259E-07   1.02616221E-07
     15   1.16264010E-07  -1.77547284E-07
     16   3.78212533E-07  -3.83582582E-07
     17   5.06322745E-07  -5.60534239E-07
     18   5.23309972E-07  -7.52683086E-07
     19   5.54299152E-07  -8.70068068E-07
     20   6.10818133E-07  -8.53589686E-07
 
 mfac =   -7
 
   chea       real(chea)       imag(chea)
      0   9.16428462E-07  -1.76276339E-06
      1   1.65085945E-06  -3.48067169E-06
      2   1.26831908E-06  -2.84495487E-06
      3   8.07970140E-07  -1.26127873E-06
      4   1.80788548E-07   4.83393952E-07
      5  -5.29284936E-07   1.54387765E-06
      6  -1.03987713E-06   1.89680472E-06
      7  -1.23278709E-06   1.96385122E-06
      8  -1.19436011E-06   1.98101931E-06
      9  -1.06434693E-06   1.91108785E-06
     10  -9.30705803E-07   1.71242822E-06
     11  -8.10047290E-07   1.41330495E-06
     12  -6.46778239E-07   9.89994287E-07
     13  -3.84754412E-07   4.22987209E-07
     14  -5.37525777E-08  -1.18857662E-07
     15   2.61238098E-07  -4.35721311E-07
     16   4.91800493E-07  -5.93037148E-07
     17   6.29059258E-07  -7.91778363E-07
     18   6.93767240E-07  -1.02178092E-06
     19   7.11620881E-07  -1.11373456E-06
     20   6.81373482E-07  -1.01176753E-06
 
 mfac =   -6
 
   chea       real(chea)       imag(chea)
      0   2.50452103E-06  -3.75910274E-06
      1   4.34643953E-06  -6.85108061E-06
      2   2.72652925E-06  -4.41805352E-06
      3   9.52697271E-07  -1.10112607E-06
      4  -5.22611302E-07   1.66973754E-06
      5  -1.58891937E-06   3.03942292E-06
      6  -2.21195343E-06   3.49127319E-06
      7  -2.37625142E-06   3.38402287E-06
      8  -2.26172142E-06   3.18737739E-06
      9  -2.05663734E-06   2.92103820E-06
     10  -1.82846284E-06   2.59042160E-06
     11  -1.53790787E-06   2.01213665E-06
     12  -1.16791369E-06   1.25500796E-06
     13  -7.03880295E-07   4.25807860E-07
     14  -1.77646451E-07  -2.87107730E-07
     15   3.39151689E-07  -8.08305150E-07
     16   7.76562089E-07  -1.16778239E-06
     17   1.07001333E-06  -1.41783280E-06
     18   1.22031921E-06  -1.58898040E-06
     19   1.30969224E-06  -1.64866172E-06
     20   1.34927698E-06  -1.58158563E-06
 
 mfac =   -5
 
   chea       real(chea)       imag(chea)
      0   5.43936085E-06  -7.93431441E-06
      1   9.19447929E-06  -1.30970809E-05
      2   5.11602858E-06  -6.37087027E-06
      3   8.82150916E-07   3.66287092E-07
      4  -2.04681471E-06   4.28900803E-06
      5  -3.79346945E-06   5.83542750E-06
      6  -4.63574087E-06   6.05174298E-06
      7  -4.64434349E-06   5.48716307E-06
      8  -4.16303625E-06   4.73329892E-06
      9  -3.60759734E-06   4.16428045E-06
     10  -3.03609591E-06   3.59615566E-06
     11  -2.32309296E-06   2.65265190E-06
     12  -1.50004038E-06   1.44206496E-06
     13  -6.92197402E-07   3.46665889E-07
     14   7.47315233E-08  -4.86857351E-07
     15   8.31321571E-07  -1.19903038E-06
     16   1.48339391E-06  -1.79948466E-06
     17   1.84979310E-06  -2.14624713E-06
     18   1.95035808E-06  -2.24547254E-06
     19   2.02972048E-06  -2.33150277E-06
     20   2.10131893E-06  -2.33987237E-06
 
 mfac =   -4
 
   chea       real(chea)       imag(chea)
      0   3.85785607E-06  -1.06571117E-05
      1   6.60226681E-06  -1.83460738E-05
      2   3.68504455E-06  -8.68056719E-06
      3   1.04259770E-06  -1.23827046E-07
      4  -6.51433297E-07   5.62631496E-06
      5  -1.85647234E-06   7.39297269E-06
      6  -2.87112152E-06   8.36050845E-06
      7  -3.29858836E-06   7.49835748E-06
      8  -3.36909567E-06   7.18283992E-06
      9  -3.14810750E-06   6.14725824E-06
     10  -2.91031883E-06   5.65933802E-06
     11  -2.53965405E-06   3.95466172E-06
     12  -2.08167495E-06   2.38828372E-06
     13  -1.33895745E-06   4.58937072E-07
     14  -4.62528440E-07  -5.64831861E-07
     15   4.32631001E-07  -1.79560277E-06
     16   1.13362512E-06  -2.44041807E-06
     17   1.63844300E-06  -3.12854679E-06
     18   1.89599282E-06  -3.28686305E-06
     19   2.05996434E-06  -3.57793117E-06
     20   2.10856979E-06  -3.38111843E-06
 
 mfac =   -3
 
   chea       real(chea)       imag(chea)
      0   7.99510577E-06  -7.33618111E-06
      1   5.23573644E-06  -8.04893519E-06
      2  -8.23980254E-06   1.07023249E-06
      3  -8.10143403E-06   2.97177937E-06
      4  -3.62284914E-06   2.14625941E-06
      5  -1.09638775E-06   1.90408654E-06
      6   4.84792877E-07   1.37677752E-06
      7   1.80573845E-06   1.17411325E-06
      8   2.87626358E-06   1.35979857E-06
      9   2.86776456E-06   1.95068161E-06
     10   1.70147977E-06   2.77039642E-06
     11   8.27983022E-07   2.77596020E-06
     12   6.98487000E-07   1.72064013E-06
     13  -1.46327872E-08   8.60060820E-07
     14  -1.02852993E-06   5.30573863E-07
     15  -7.00288055E-07  -1.81127471E-07
     16   1.02642599E-07  -8.57700950E-07
     17  -1.13723960E-07  -1.06897867E-06
     18  -5.99518058E-07  -1.34681375E-06
     19  -4.77850274E-07  -1.75070383E-06
     20  -1.72496484E-08  -1.79636863E-06
 
 mfac =   -2
 
   chea       real(chea)       imag(chea)
      0   6.29618421E-05  -8.33173815E-05
      1   6.88406049E-05  -7.73127104E-05
      2  -1.05585440E-06   3.22352863E-05
      3  -1.54916360E-05   2.94649303E-05
      4  -2.25668858E-05   3.22380899E-05
      5  -2.60206154E-05   2.44756212E-05
      6  -2.66127622E-05   2.61141481E-05
      7  -2.37087850E-05   1.58116804E-05
      8  -1.99300664E-05   1.51284783E-05
      9  -1.56503695E-05   5.89575258E-06
     10  -1.41138720E-05   1.06046114E-05
     11  -1.02001428E-05   3.71211096E-06
     12  -4.14788751E-06   1.43843568E-06
     13   9.14530982E-08  -5.19385135E-06
     14   9.16598270E-07   1.05673831E-06
     15   5.35254149E-06  -6.51874393E-06
     16   9.17458157E-06  -7.03628696E-06
     17   9.68754070E-06  -8.86070003E-06
     18   9.24800115E-06  -3.80935220E-06
     19   1.00896243E-05  -7.55801652E-06
     20   9.72154036E-06  -4.59322119E-06
 
 mfac =   -1
 
   chea       real(chea)       imag(chea)
      0   1.25508671E-04  -3.06260754E-04
      1   8.20257464E-05  -1.91856681E-04
      2  -2.70121410E-05   9.53613127E-05
      3  -1.00874306E-05   5.74383053E-05
      4  -3.00539739E-05   8.64795348E-05
      5  -3.25332975E-05   7.62101938E-05
      6  -3.90423169E-05   8.12802094E-05
      7  -3.54212794E-05   6.73768642E-05
      8  -3.32427265E-05   5.91697899E-05
      9  -2.64179704E-05   4.27293942E-05
     10  -2.42801636E-05   3.92923949E-05
     11  -1.76915235E-05   2.63241417E-05
     12  -8.38006659E-06   7.22120917E-06
     13  -1.76210359E-07  -5.90213885E-06
     14   2.25580271E-06  -4.68654789E-06
     15   9.31140660E-06  -1.79264225E-05
     16   1.43095661E-05  -2.89811210E-05
     17   1.43308614E-05  -2.71346218E-05
     18   1.43982758E-05  -2.52758927E-05
     19   1.57181011E-05  -2.74366275E-05
     20   1.44915725E-05  -2.48202217E-05
 
 mfac =    0
 
   chea       real(chea)       imag(chea)
      0  -5.11510461E-04   1.52498685E-03
      1   7.28033186E-05  -2.96935593E-04
      2   3.50211266E-05  -2.12495288E-04
      3   1.05917562E-04  -2.94428136E-04
      4   8.91705714E-05  -2.19704774E-04
      5   8.04812978E-05  -1.93487693E-04
      6   7.69630321E-05  -1.88480062E-04
      7   4.90783087E-05  -1.22040459E-04
      8   5.11958347E-05  -1.32553808E-04
      9   2.47789212E-05  -5.23910654E-05
     10   3.09849345E-05  -7.38396598E-05
     11   1.82917663E-06   3.47772582E-06
     12   7.46937921E-06  -2.54034075E-05
     13  -1.60686563E-05   3.99388974E-05
     14  -4.46325359E-06   1.64311107E-06
     15  -2.34734331E-05   6.41055608E-05
     16  -9.88944776E-06   2.38650878E-05
     17  -2.94656318E-05   7.97121535E-05
     18  -1.20692720E-05   2.61028235E-05
     19  -2.71359157E-05   7.19148522E-05
     20  -1.08039573E-05   2.04669081E-05
 
 mfac =    1
 
   chea       real(chea)       imag(chea)
      0   2.25240078E-05  -8.93703806E-05
      1  -3.83110685E-05  -8.81132107E-05
      2  -5.50907815E-05  -1.96594806E-05
      3  -6.95160289E-07   2.93022459E-05
      4   1.72763123E-05   6.80496770E-05
      5   2.26361874E-05   5.45684434E-05
      6   9.35407363E-06   2.95636776E-05
      7   7.09211679E-06   6.16759282E-07
      8   1.06760088E-05   8.13274746E-07
      9   1.90509597E-05   1.32629665E-05
     10   1.57829337E-05   2.85234724E-05
     11   6.02479146E-06   2.51317292E-05
     12  -5.30215664E-06   1.04554125E-05
     13  -1.08830575E-05  -6.83774734E-06
     14  -1.08516439E-05  -1.08487228E-05
     15  -3.19694551E-06  -5.06774455E-06
     16   1.34458126E-06   2.21022671E-06
     17  -9.94691948E-07  -1.08147470E-06
     18  -4.80277257E-06  -1.14931640E-05
     19  -4.13744067E-06  -2.07046936E-05
     20  -7.43788528E-07  -1.90075187E-05
 
 mfac =    2
 
   chea       real(chea)       imag(chea)
      0   5.08350861E-05   7.15241762E-05
      1   1.03205265E-04   8.42452725E-06
      2   4.94557840E-05   2.46737105E-05
      3  -2.66017549E-05  -5.36938150E-06
      4  -3.85513033E-05  -5.23537047E-05
      5  -4.24353714E-05  -3.20697044E-05
      6  -2.59416963E-05  -2.39289115E-05
      7  -1.30573722E-05  -1.07839539E-06
      8  -1.44382460E-05  -4.37510561E-06
      9  -2.33456362E-05  -7.79251384E-06
     10  -3.56329683E-05  -1.17458684E-05
     11  -3.44562645E-05  -7.61245327E-07
     12  -2.63735942E-05   5.86069364E-06
     13  -1.52155129E-05   1.76426089E-05
     14  -9.91043914E-06   1.56417983E-05
     15  -1.48018332E-06   6.49594613E-06
     16   7.02191517E-06  -8.38361350E-06
     17   1.90180234E-05  -5.25612959E-06
     18   2.72470330E-05  -2.39090148E-06
     19   3.37667183E-05   4.44012156E-06
     20   3.10062995E-05   1.61899920E-06
 
 mfac =    3
 
   chea       real(chea)       imag(chea)
      0   1.62490383E-05  -6.03089198E-05
      1   3.45970339E-05  -1.09390186E-04
      2   3.34720798E-05  -6.56948247E-05
      3   2.32958607E-05  -1.36861376E-05
      4   9.36088667E-06   2.07626179E-05
      5  -8.89818560E-06   4.11898712E-05
      6  -2.93800651E-05   5.29708181E-05
      7  -4.36689230E-05   6.03664544E-05
      8  -4.67079455E-05   6.33850140E-05
      9  -3.67492769E-05   5.90098602E-05
     10  -1.93965665E-05   4.51697280E-05
     11  -2.66013933E-06   2.57223482E-05
     12   7.80624562E-06   7.11637996E-06
     13   1.22575219E-05  -5.57562963E-06
     14   1.36825246E-05  -1.31664074E-05
     15   1.39952910E-05  -1.81341663E-05
     16   1.30758702E-05  -2.24559538E-05
     17   9.81709867E-06  -2.46485047E-05
     18   3.90718919E-06  -2.31847752E-05
     19  -1.63122920E-06  -1.92576951E-05
     20  -3.12734087E-06  -1.55626554E-05
 
 mfac =    4
 
   chea       real(chea)       imag(chea)
      0   6.87948469E-06   4.36786289E-06
      1   1.67992963E-05   6.06464130E-07
      2   1.84129740E-05  -9.04890090E-06
      3   1.39335303E-05  -1.09983318E-05
      4   8.32685337E-06  -1.13071763E-05
      5   2.49061380E-06  -1.06559204E-05
      6  -3.85649350E-06  -8.51198299E-06
      7  -9.58791211E-06  -4.53675423E-06
      8  -1.37537411E-05   8.54807747E-07
      9  -1.58240506E-05   5.71725952E-06
     10  -1.65419548E-05   9.34903495E-06
     11  -1.71097449E-05   1.24893305E-05
     12  -1.76159120E-05   1.57545487E-05
     13  -1.66700850E-05   1.79589993E-05
     14  -1.30214500E-05   1.84350378E-05
     15  -6.97395714E-06   1.71262984E-05
     16   2.57647176E-07   1.31386720E-05
     17   7.04594214E-06   6.13005061E-06
     18   1.20414920E-05  -1.76122279E-06
     19   1.51087546E-05  -8.46896370E-06
     20   1.67110135E-05  -1.31877909E-05
 
 mfac =    5
 
   chea       real(chea)       imag(chea)
      0  -1.73470270E-05   2.52943409E-05
      1  -2.86613247E-05   4.08243444E-05
      2  -1.71074060E-05   2.16864511E-05
      3  -6.92871615E-06   5.07852225E-06
      4   2.61532906E-06  -7.17843756E-06
      5   1.11633746E-05  -1.45265990E-05
      6   1.65745354E-05  -1.78223033E-05
      7   1.81621027E-05  -1.93626901E-05
      8   1.66836196E-05  -2.02499220E-05
      9   1.39674498E-05  -2.02379547E-05
     10   1.13711518E-05  -1.82184378E-05
     11   8.76860136E-06  -1.33515620E-05
     12   5.60739424E-06  -6.62747173E-06
     13   2.07789299E-06  -6.92885400E-07
     14  -1.38495150E-06   2.89613785E-06
     15  -4.34943875E-06   4.64860212E-06
     16  -5.99924398E-06   5.42983633E-06
     17  -6.16492826E-06   5.97071903E-06
     18  -5.93595884E-06   6.82910581E-06
     19  -6.20172266E-06   7.55129679E-06
     20  -6.88799985E-06   7.45903467E-06
 
 mfac =    6
 
   chea       real(chea)       imag(chea)
      0  -3.12551432E-05   3.10688577E-05
      1  -5.44131076E-05   5.41706682E-05
      2  -3.65553028E-05   3.70331974E-05
      3  -1.77731935E-05   1.95520209E-05
      4  -4.09827363E-07   3.76894242E-06
      5   1.43942981E-05  -9.50651373E-06
      6   2.49301338E-05  -1.95891486E-05
      7   3.10185013E-05  -2.70080476E-05
      8   3.35232070E-05  -3.21823696E-05
      9   3.35335681E-05  -3.50620982E-05
     10   3.16141059E-05  -3.51957355E-05
     11   2.74667480E-05  -3.20146917E-05
     12   2.09879984E-05  -2.58614546E-05
     13   1.29491642E-05  -1.81685229E-05
     14   4.18606013E-06  -9.99424195E-06
     15  -4.57975871E-06  -1.68288809E-06
     16  -1.21239137E-05   6.09045181E-06
     17  -1.74920616E-05   1.26208936E-05
     18  -2.07211641E-05   1.77066580E-05
     19  -2.20470090E-05   2.10497406E-05
     20  -2.14783306E-05   2.23708371E-05
 
 mfac =    7
 
   chea       real(chea)       imag(chea)
      0  -1.37280314E-05   1.64285598E-05
      1  -2.33386858E-05   2.77007493E-05
      2  -1.49859005E-05   1.68436297E-05
      3  -7.53988965E-06   6.47604786E-06
      4  -1.18372559E-06  -2.20441171E-06
      5   4.73542393E-06  -9.05052296E-06
      6   9.45671313E-06  -1.33933255E-05
      7   1.25431600E-05  -1.54726948E-05
      8   1.42252091E-05  -1.59818030E-05
      9   1.48734132E-05  -1.54734180E-05
     10   1.45689510E-05  -1.40671577E-05
     11   1.30080250E-05  -1.13865669E-05
     12   1.02335409E-05  -7.49806262E-06
     13   6.85385470E-06  -3.27116934E-06
     14   3.18134235E-06   6.97957064E-07
     15  -7.54191376E-07   4.26115236E-06
     16  -4.42269991E-06   6.93604259E-06
     17  -7.19863106E-06   8.37091361E-06
     18  -9.04439165E-06   8.86236381E-06
     19  -1.00551684E-05   8.68413630E-06
     20  -1.01691389E-05   7.84998415E-06
 
 mfac =    8
 
   chea       real(chea)       imag(chea)
      0  -1.09888655E-05   1.26080424E-05
      1  -1.89586712E-05   2.17547778E-05
      2  -1.26919505E-05   1.43640768E-05
      3  -6.92756290E-06   7.17674439E-06
      4  -1.86885429E-06   9.18985919E-07
      5   3.18632882E-06  -4.57957291E-06
      6   7.59956257E-06  -8.80234575E-06
      7   1.06289045E-05  -1.15483067E-05
      8   1.22855212E-05  -1.30267524E-05
      9   1.29003975E-05  -1.35007957E-05
     10   1.25452289E-05  -1.30634676E-05
     11   1.10712623E-05  -1.15440985E-05
     12   8.67103711E-06  -8.99482859E-06
     13   5.87017038E-06  -5.93427319E-06
     14   2.90157866E-06  -2.76412651E-06
     15  -2.50710560E-07   3.44479602E-07
     16  -3.25436841E-06   3.05444000E-06
     17  -5.63508743E-06   5.12457326E-06
     18  -7.30837614E-06   6.66501668E-06
     19  -8.39371176E-06   7.71090586E-06
     20  -8.81825250E-06   8.16145441E-06
 
 mfac =    9
 
   chea       real(chea)       imag(chea)
      0  -6.25667385E-06   7.34491732E-06
      1  -1.04378508E-05   1.23209121E-05
      2  -6.25495118E-06   7.40852905E-06
      3  -2.84229668E-06   3.06825941E-06
      4  -4.06005866E-07  -2.66177684E-07
      5   1.88444697E-06  -3.14127296E-06
      6   3.93583687E-06  -5.34511981E-06
      7   5.31841930E-06  -6.59209777E-06
      8   6.04233375E-06  -7.04047873E-06
      9   6.34617623E-06  -7.01155947E-06
     10   6.25793517E-06  -6.56995007E-06
     11   5.60154484E-06  -5.51110317E-06
     12   4.42211796E-06  -3.94009996E-06
     13   3.03992908E-06  -2.33476344E-06
     14   1.58808523E-06  -8.53509098E-07
     15   2.96530437E-08   6.39863095E-07
     16  -1.45618072E-06   1.97711570E-06
     17  -2.61163471E-06   2.89059019E-06
     18  -3.46287258E-06   3.46332413E-06
     19  -4.11388842E-06   3.86878199E-06
     20  -4.48781767E-06   4.05198157E-06
 
 mfac =   10
 
   chea       real(chea)       imag(chea)
      0  -4.62202553E-06   5.64947808E-06
      1  -7.58314856E-06   9.52147081E-06
      2  -4.20151587E-06   5.76211338E-06
      3  -1.49613625E-06   2.40435311E-06
      4   1.93168454E-07  -4.67902257E-08
      5   1.64213937E-06  -2.07418510E-06
      6   2.95034917E-06  -3.72438477E-06
      7   3.77249487E-06  -4.80969562E-06
      8   4.13752271E-06  -5.36579059E-06
      9   4.29683028E-06  -5.54581801E-06
     10   4.20792584E-06  -5.34465621E-06
     11   3.65457246E-06  -4.63311673E-06
     12   2.71107484E-06  -3.49204844E-06
     13   1.68873601E-06  -2.23747074E-06
     14   6.95446887E-07  -1.01695132E-06
     15  -3.52865466E-07   2.01078982E-07
     16  -1.32593582E-06   1.30591052E-06
     17  -1.98146220E-06   2.12905627E-06
     18  -2.36019454E-06   2.70183663E-06
     19  -2.66575921E-06   3.10455380E-06
     20  -2.86552948E-06   3.29675398E-06
 
 mfac =   11
 
   chea       real(chea)       imag(chea)
      0  -3.62601289E-06   4.04951077E-06
      1  -5.95285694E-06   6.74785000E-06
      2  -3.22004844E-06   3.84467108E-06
      3  -9.34426354E-07   1.25006481E-06
      4   4.30467216E-07  -4.75077329E-07
      5   1.40349934E-06  -1.69636686E-06
      6   2.22746316E-06  -2.62485472E-06
      7   2.77335772E-06  -3.24106095E-06
      8   3.03193701E-06  -3.55942562E-06
      9   3.13098280E-06  -3.63689153E-06
     10   3.06060263E-06  -3.46139709E-06
     11   2.69654902E-06  -2.94650642E-06
     12   2.05584289E-06  -2.14052227E-06
     13   1.31396103E-06  -1.25723974E-06
     14   5.54296054E-07  -4.27691697E-07
     15  -2.22688887E-07   3.33003577E-07
     16  -9.21830622E-07   9.69533744E-07
     17  -1.41305517E-06   1.42680451E-06
     18  -1.72542285E-06   1.74260307E-06
     19  -1.96136465E-06   1.95418412E-06
     20  -2.09190439E-06   2.02281607E-06
 
 mfac =   12
 
   chea       real(chea)       imag(chea)
      0  -2.93519471E-06   3.17396167E-06
      1  -4.83112804E-06   5.25528053E-06
      2  -2.57450050E-06   2.88461804E-06
      3  -5.88377368E-07   7.65784317E-07
      4   5.86496472E-07  -5.71906293E-07
      5   1.30011840E-06  -1.42433298E-06
      6   1.82985653E-06  -2.02292303E-06
      7   2.15697672E-06  -2.38959461E-06
      8   2.30351742E-06  -2.57495234E-06
      9   2.36151639E-06  -2.65543579E-06
     10   2.30671670E-06  -2.57479747E-06
     11   2.03860915E-06  -2.19952319E-06
     12   1.56656955E-06  -1.57263912E-06
     13   9.92954600E-07  -9.12321619E-07
     14   3.86862997E-07  -3.14883928E-07
     15  -2.19008690E-07   2.53752325E-07
     16  -7.56063880E-07   7.48989540E-07
     17  -1.13790957E-06   1.08380385E-06
     18  -1.37070304E-06   1.29426710E-06
     19  -1.53731159E-06   1.45829834E-06
     20  -1.62267229E-06   1.54019606E-06
 
 mfac =   13
 
   chea       real(chea)       imag(chea)
      0  -2.38257615E-06   2.58574181E-06
      1  -3.91533654E-06   4.28905892E-06
      2  -2.03255038E-06   2.32395614E-06
      3  -3.22715447E-07   4.87804385E-07
      4   6.96795860E-07  -6.74997028E-07
      5   1.23967154E-06  -1.31066180E-06
      6   1.55446944E-06  -1.66783727E-06
      7   1.69478709E-06  -1.87196332E-06
      8   1.72157441E-06  -1.98048465E-06
      9   1.72786511E-06  -2.02036555E-06
     10   1.67859662E-06  -1.95218705E-06
     11   1.46794826E-06  -1.67711245E-06
     12   1.09556309E-06  -1.20324549E-06
     13   6.63921003E-07  -6.76581209E-07
     14   2.22201561E-07  -1.86805861E-07
     15  -2.27115380E-07   2.60890145E-07
     16  -6.26293644E-07   6.29038128E-07
     17  -8.90307424E-07   8.79340501E-07
     18  -1.03216931E-06   1.04675274E-06
     19  -1.13853000E-06   1.16100538E-06
     20  -1.19425104E-06   1.18983902E-06
 
 mfac =   14
 
   chea       real(chea)       imag(chea)
      0  -2.03014643E-06   2.19352444E-06
      1  -3.37434740E-06   3.67341538E-06
      2  -1.80537160E-06   2.02518923E-06
      3  -2.79137833E-07   3.86413298E-07
      4   6.90173219E-07  -6.92838767E-07
      5   1.16170511E-06  -1.22557477E-06
      6   1.36457756E-06  -1.45702429E-06
      7   1.42959829E-06  -1.57849672E-06
      8   1.42902494E-06  -1.64847684E-06
      9   1.41309814E-06  -1.65561892E-06
     10   1.35955008E-06  -1.57162723E-06
     11   1.20486800E-06  -1.35251503E-06
     12   9.30470955E-07  -9.87291005E-07
     13   5.77164737E-07  -5.46018069E-07
     14   1.98597633E-07  -1.14516837E-07
     15  -1.70754655E-07   2.47624809E-07
     16  -4.86135305E-07   5.17685960E-07
     17  -7.10592010E-07   7.16837043E-07
     18  -8.60483761E-07   8.69716595E-07
     19  -9.61020130E-07   9.59302840E-07
     20  -9.97281953E-07   9.57296062E-07
 
 mfac =   15
 
   chea       real(chea)       imag(chea)
      0  -1.79784808E-06   1.90920979E-06
      1  -3.03284504E-06   3.21554220E-06
      2  -1.68415318E-06   1.79050810E-06
      3  -2.73345139E-07   3.24517736E-07
      4   6.88227905E-07  -6.69506954E-07
      5   1.16060473E-06  -1.16478666E-06
      6   1.32935111E-06  -1.35155705E-06
      7   1.34334028E-06  -1.39425179E-06
      8   1.29747892E-06  -1.39392975E-06
      9   1.23969282E-06  -1.37853760E-06
     10   1.14473041E-06  -1.30081016E-06
     11   9.86162548E-07  -1.10374306E-06
     12   7.50773765E-07  -7.92340426E-07
     13   4.33700890E-07  -4.26088869E-07
     14   8.32852493E-08  -7.25688204E-08
     15  -2.26052677E-07   2.24876366E-07
     16  -4.71766132E-07   4.55399687E-07
     17  -6.57493335E-07   6.18171741E-07
     18  -7.74631834E-07   7.22514814E-07
     19  -8.36440600E-07   7.85594872E-07
     20  -8.37744460E-07   7.95895459E-07
 
 mfac =   16
 
   chea       real(chea)       imag(chea)
      0  -1.61903624E-06   1.68894161E-06
      1  -2.75818509E-06   2.86336017E-06
      2  -1.59212095E-06   1.63540595E-06
      3  -3.23769271E-07   3.23861626E-07
      4   6.02054442E-07  -6.27270678E-07
      5   1.09525844E-06  -1.11277309E-06
      6   1.27163746E-06  -1.26626788E-06
      7   1.27000517E-06  -1.28154704E-06
      8   1.20399485E-06  -1.25319407E-06
      9   1.13077983E-06  -1.19748684E-06
     10   1.03826478E-06  -1.10716836E-06
     11   8.88402990E-07  -9.34692808E-07
     12   6.65881771E-07  -6.58220069E-07
     13   3.84200802E-07  -3.40880979E-07
     14   8.08210135E-08  -3.97758655E-08
     15  -1.98987366E-07   2.23684921E-07
     16  -4.28468846E-07   4.18537609E-07
     17  -5.93552541E-07   5.45906594E-07
     18  -6.95160062E-07   6.37063918E-07
     19  -7.50224991E-07   6.86013573E-07
     20  -7.54797539E-07   6.71546759E-07
 
 mfac =   17
 
   chea       real(chea)       imag(chea)
      0  -1.44957439E-06   1.51573533E-06
      1  -2.49644147E-06   2.60859965E-06
      2  -1.49765755E-06   1.55494349E-06
      3  -3.66526013E-07   3.58263233E-07
      4   5.14685346E-07  -5.54733652E-07
      5   1.01795566E-06  -1.04352220E-06
      6   1.20504214E-06  -1.21254197E-06
      7   1.20733859E-06  -1.22697062E-06
      8   1.13404026E-06  -1.18780292E-06
      9   1.04538968E-06  -1.11494047E-06
     10   9.43551022E-07  -9.97361022E-07
     11   7.97049981E-07  -8.24519930E-07
     12   5.89167526E-07  -5.86331946E-07
     13   3.34768829E-07  -2.95651880E-07
     14   6.36070356E-08  -4.69855807E-09
     15  -1.89763269E-07   2.26141789E-07
     16  -3.97062033E-07   3.88667921E-07
     17  -5.44847298E-07   5.08821718E-07
     18  -6.35345953E-07   5.91823778E-07
     19  -6.81419749E-07   6.24591215E-07
     20  -6.77802851E-07   6.00197798E-07
 
 mfac =   18
 
   chea       real(chea)       imag(chea)
      0  -1.33621990E-06   1.38589642E-06
      1  -2.33704116E-06   2.41128814E-06
      2  -1.47294651E-06   1.48887393E-06
      3  -4.28976290E-07   3.98107362E-07
      4   4.37428995E-07  -4.78206935E-07
      5   9.63370482E-07  -9.87641121E-07
      6   1.18494299E-06  -1.19020644E-06
      7   1.21356206E-06  -1.21445200E-06
      8   1.14970554E-06  -1.16085129E-06
      9   1.04187777E-06  -1.06701686E-06
     10   9.03647967E-07  -9.27197225E-07
     11   7.40508699E-07  -7.40852119E-07
     12   5.39872721E-07  -5.08970443E-07
     13   2.87703302E-07  -2.34785098E-07
     14   1.38926544E-08   3.75243473E-08
     15  -2.22316562E-07   2.48521521E-07
     16  -4.03306561E-07   3.94057164E-07
     17  -5.40833503E-07   4.98859455E-07
     18  -6.27569371E-07   5.60040501E-07
     19  -6.55638005E-07   5.73431968E-07
     20  -6.27873220E-07   5.41501481E-07
 
 mfac =   19
 
   chea       real(chea)       imag(chea)
      0  -1.25303573E-06   1.29057966E-06
      1  -2.22488519E-06   2.26439514E-06
      2  -1.46994821E-06   1.44991997E-06
      3  -5.07179630E-07   4.60478317E-07
      4   3.39924623E-07  -3.85506677E-07
      5   8.91734297E-07  -9.22046045E-07
      6   1.15629507E-06  -1.16214197E-06
      7   1.22876843E-06  -1.21490773E-06
      8   1.18942982E-06  -1.16711330E-06
      9   1.07641148E-06  -1.05704143E-06
     10   9.15863050E-07  -9.05393094E-07
     11   7.38241126E-07  -7.12107897E-07
     12   5.36748388E-07  -4.74225080E-07
     13   2.79886883E-07  -2.10399257E-07
     14  -1.48065048E-09   4.49606024E-08
     15  -2.34116735E-07   2.52723754E-07
     16  -4.06209662E-07   3.97704643E-07
     17  -5.44903506E-07   4.92290089E-07
     18  -6.36603192E-07   5.45640626E-07
     19  -6.58781563E-07   5.52759412E-07
     20  -6.17696089E-07   5.13993487E-07
 
 mfac =   20
 
   chea       real(chea)       imag(chea)
      0  -1.16102906E-06   1.19751009E-06
      1  -2.08271232E-06   2.12400981E-06
      2  -1.42902382E-06   1.41539142E-06
      3  -5.65823294E-07   5.22492547E-07
      4   2.32692452E-07  -2.82868448E-07
      5   7.90882225E-07  -8.30183681E-07
      6   1.09167206E-06  -1.10553449E-06
      7   1.20508150E-06  -1.19717324E-06
      8   1.19289480E-06  -1.17286933E-06
      9   1.08996269E-06  -1.06354389E-06
     10   9.29402135E-07  -9.04740059E-07
     11   7.47149877E-07  -7.11080831E-07
     12   5.42438316E-07  -4.77942513E-07
     13   2.87464134E-07  -2.20502453E-07
     14   1.12427590E-08   3.02528570E-08
     15  -2.20171593E-07   2.37655454E-07
     16  -3.95554232E-07   3.83292969E-07
     17  -5.37063632E-07   4.80969777E-07
     18  -6.32360822E-07   5.40347504E-07
     19  -6.56683170E-07   5.49374655E-07
     20  -6.16601748E-07   5.08264940E-07
 
