 IPEC_PMODB_CHEBYSHEV: Chebyshev coefficients for perturbed mod b
 
       nche =  20      mpert =  33
 
 mfac =  -12
 
   chea       real(chea)       imag(chea)
      0   1.39641403E-06  -1.77722504E-06
      1   2.21122966E-06  -2.80253809E-06
      2   9.23833052E-07  -1.09671652E-06
      3  -1.98685110E-07   4.48201412E-07
      4  -7.30424600E-07   1.20404881E-06
      5  -8.41437732E-07   1.35330873E-06
      6  -8.19633394E-07   1.24340822E-06
      7  -7.79141249E-07   9.89000012E-07
      8  -7.30389191E-07   7.28234747E-07
      9  -6.78408511E-07   6.07734341E-07
     10  -6.16628490E-07   5.41317400E-07
     11  -5.35561477E-07   3.93856743E-07
     12  -4.27978675E-07   1.70805766E-07
     13  -2.76173365E-07  -5.74065622E-08
     14  -8.26409392E-08  -1.98827848E-07
     15   1.16078301E-07  -2.41874613E-07
     16   2.93047328E-07  -3.11307479E-07
     17   4.30090354E-07  -4.17062795E-07
     18   4.99916306E-07  -4.25372219E-07
     19   5.11357846E-07  -3.59539038E-07
     20   4.87184496E-07  -3.38093925E-07
 
 mfac =  -11
 
   chea       real(chea)       imag(chea)
      0   1.43475079E-06  -1.90311508E-06
      1   2.16625155E-06  -2.88268461E-06
      2   6.94551006E-07  -9.60758400E-07
      3  -4.10599168E-07   5.49227454E-07
      4  -7.54208092E-07   1.16784051E-06
      5  -7.53325171E-07   1.20944205E-06
      6  -7.47597106E-07   1.04304749E-06
      7  -6.99126280E-07   8.53958259E-07
      8  -6.01213008E-07   6.94908056E-07
      9  -5.57478391E-07   6.22733796E-07
     10  -5.50672712E-07   6.55138908E-07
     11  -4.97941320E-07   6.01147633E-07
     12  -3.81845821E-07   3.38660941E-07
     13  -2.15553014E-07   7.88443466E-08
     14  -4.81610513E-08  -2.21210842E-08
     15   9.73040163E-08  -1.00930714E-07
     16   2.67808954E-07  -2.45291562E-07
     17   4.28899559E-07  -3.77990837E-07
     18   4.63011193E-07  -4.44105670E-07
     19   4.14737311E-07  -4.39419795E-07
     20   4.03384512E-07  -4.14436447E-07
 
 mfac =  -10
 
   chea       real(chea)       imag(chea)
      0   1.53324202E-06  -1.99495341E-06
      1   2.20834156E-06  -2.99463976E-06
      2   5.45123577E-07  -9.59037143E-07
      3  -5.06891411E-07   5.18306497E-07
      4  -7.24985145E-07   9.83147579E-07
      5  -6.96574377E-07   9.72330129E-07
      6  -7.24360584E-07   9.19301040E-07
      7  -7.20406707E-07   8.63828631E-07
      8  -6.26687241E-07   8.22189401E-07
      9  -5.54939090E-07   8.63920374E-07
     10  -5.74354988E-07   9.21090726E-07
     11  -5.53578088E-07   8.29119867E-07
     12  -3.82367027E-07   5.57511381E-07
     13  -1.71503051E-07   2.62798340E-07
     14  -2.18405820E-08   7.95354273E-08
     15   1.32537519E-07  -4.42413263E-08
     16   3.33990349E-07  -2.27980886E-07
     17   4.87063230E-07  -4.37389329E-07
     18   5.06516393E-07  -5.53015509E-07
     19   4.40099044E-07  -5.70024516E-07
     20   3.98181070E-07  -5.81846596E-07
 
 mfac =   -9
 
   chea       real(chea)       imag(chea)
      0   1.60084563E-06  -2.13422308E-06
      1   2.28745863E-06  -3.13707341E-06
      2   5.83991959E-07  -9.71381341E-07
      3  -3.88485142E-07   3.89897484E-07
      4  -5.23758333E-07   7.37322361E-07
      5  -5.30529554E-07   8.23589309E-07
      6  -6.73241536E-07   9.64877701E-07
      7  -7.92090623E-07   1.06205599E-06
      8  -8.06105202E-07   1.08261009E-06
      9  -7.89828937E-07   1.13126550E-06
     10  -7.81787774E-07   1.20365347E-06
     11  -7.23372485E-07   1.07772254E-06
     12  -5.65557400E-07   6.77392246E-07
     13  -3.40237438E-07   2.74358586E-07
     14  -1.07572001E-07   6.77785709E-08
     15   1.25914304E-07  -8.91018719E-08
     16   3.56033561E-07  -3.47289031E-07
     17   5.31529078E-07  -6.15010469E-07
     18   5.99445641E-07  -7.37251727E-07
     19   5.91057144E-07  -7.18793134E-07
     20   5.69165867E-07  -6.90183155E-07
 
 mfac =   -8
 
   chea       real(chea)       imag(chea)
      0   1.57255830E-06  -2.27262929E-06
      1   2.13835155E-06  -3.36807736E-06
      2   3.99078789E-07  -1.20435294E-06
      3  -3.55822428E-07   5.29680448E-08
      4  -3.00917256E-07   4.93871073E-07
      5  -3.49886116E-07   8.41886196E-07
      6  -6.19982432E-07   1.20654470E-06
      7  -7.84183021E-07   1.41261601E-06
      8  -7.78504660E-07   1.45779856E-06
      9  -7.69240831E-07   1.45518962E-06
     10  -8.15275477E-07   1.46650509E-06
     11  -7.86291648E-07   1.27297776E-06
     12  -5.98267890E-07   7.66915784E-07
     13  -3.49150439E-07   2.75340406E-07
     14  -1.41701300E-07   2.68898146E-08
     15   6.16828599E-08  -1.73307026E-07
     16   3.17780778E-07  -4.69909686E-07
     17   5.37046469E-07  -7.37531424E-07
     18   5.97315670E-07  -8.74532259E-07
     19   5.52334986E-07  -8.61732177E-07
     20   5.43711306E-07  -8.06507603E-07
 
 mfac =   -7
 
   chea       real(chea)       imag(chea)
      0   1.83683440E-06  -2.70510879E-06
      1   2.50927545E-06  -4.08901242E-06
      2   6.02986179E-07  -1.68453132E-06
      3  -1.80380626E-07  -1.60623582E-07
      4  -2.92465899E-07   6.23929438E-07
      5  -5.58366011E-07   1.29253723E-06
      6  -8.81579627E-07   1.76221318E-06
      7  -1.06888301E-06   1.93537554E-06
      8  -1.08051602E-06   1.90082826E-06
      9  -9.90191038E-07   1.78005602E-06
     10  -9.54513185E-07   1.63742259E-06
     11  -8.89434353E-07   1.31645214E-06
     12  -6.40627712E-07   7.42790618E-07
     13  -3.43320767E-07   1.99484661E-07
     14  -1.02528759E-07  -1.15705644E-07
     15   1.79779835E-07  -3.53334670E-07
     16   4.62381679E-07  -6.18629386E-07
     17   6.28386612E-07  -8.43698873E-07
     18   6.98854403E-07  -9.67386587E-07
     19   6.96536706E-07  -9.71281992E-07
     20   6.32379208E-07  -8.97652732E-07
 
 mfac =   -6
 
   chea       real(chea)       imag(chea)
      0   3.37435909E-06  -4.69173220E-06
      1   4.92989721E-06  -7.14710519E-06
      2   1.73012686E-06  -2.83600126E-06
      3  -1.06041412E-07   7.66818932E-09
      4  -9.27734260E-07   1.66010748E-06
      5  -1.61949256E-06   2.70351740E-06
      6  -2.09720142E-06   3.23573955E-06
      7  -2.23531035E-06   3.22588775E-06
      8  -2.11140859E-06   2.98143620E-06
      9  -1.86670680E-06   2.57220049E-06
     10  -1.62489194E-06   2.28071646E-06
     11  -1.32825123E-06   1.78270208E-06
     12  -8.97128152E-07   9.36498562E-07
     13  -4.30657841E-07   1.53069920E-07
     14  -1.78969721E-08  -2.34489671E-07
     15   3.94559712E-07  -5.82285230E-07
     16   7.94754888E-07  -1.00778005E-06
     17   1.07716674E-06  -1.31913690E-06
     18   1.19768218E-06  -1.47363419E-06
     19   1.17913242E-06  -1.43001172E-06
     20   1.09650637E-06  -1.28607971E-06
 
 mfac =   -5
 
   chea       real(chea)       imag(chea)
      0   6.31551180E-06  -8.96499292E-06
      1   9.75974397E-06  -1.34489430E-05
      2   4.39324467E-06  -4.99027920E-06
      3   5.24498116E-07   9.96209530E-07
      4  -1.93751123E-06   4.10670850E-06
      5  -3.74036153E-06   5.73911704E-06
      6  -4.70772888E-06   6.16488723E-06
      7  -4.88563817E-06   5.71604304E-06
      8  -4.48641222E-06   4.81397333E-06
      9  -3.83278411E-06   3.93678114E-06
     10  -3.22069070E-06   3.31076137E-06
     11  -2.51019684E-06   2.48226755E-06
     12  -1.51217214E-06   1.18166069E-06
     13  -5.05645516E-07  -8.48450167E-09
     14   2.76080910E-07  -6.36056924E-07
     15   9.82833325E-07  -1.10273744E-06
     16   1.63401928E-06  -1.68681628E-06
     17   2.05679599E-06  -2.16196940E-06
     18   2.20631489E-06  -2.30797184E-06
     19   2.15254085E-06  -2.17220325E-06
     20   2.01286525E-06  -1.99349742E-06
 
 mfac =   -4
 
   chea       real(chea)       imag(chea)
      0   4.13844958E-06  -1.14575479E-05
      1   6.04235145E-06  -1.79693570E-05
      2   2.48085366E-06  -7.10518751E-06
      3   6.68859035E-07  -1.15668640E-07
      4  -5.37093795E-07   4.81972572E-06
      5  -1.72028387E-06   6.99767805E-06
      6  -2.47060295E-06   8.26093113E-06
      7  -2.86906529E-06   7.74564217E-06
      8  -2.95227587E-06   7.32568841E-06
      9  -2.77681682E-06   6.01291327E-06
     10  -2.61617800E-06   5.48479590E-06
     11  -2.37815699E-06   4.02813365E-06
     12  -1.82421820E-06   2.27699584E-06
     13  -1.09518450E-06   2.45345899E-07
     14  -3.71300117E-07  -5.50360897E-07
     15   4.11249236E-07  -1.55782245E-06
     16   1.08465830E-06  -2.37047068E-06
     17   1.48457628E-06  -3.20497857E-06
     18   1.74175363E-06  -3.44660220E-06
     19   1.87172830E-06  -3.49619381E-06
     20   1.81002162E-06  -3.12299772E-06
 
 mfac =   -3
 
   chea       real(chea)       imag(chea)
      0   5.82769185E-06  -9.51366173E-06
      1   2.08804197E-06  -9.21244055E-06
      2  -8.78224307E-06   2.50978753E-06
      3  -7.26070311E-06   3.34136644E-06
      4  -3.02927870E-06   2.27509744E-06
      5  -2.80989240E-07   2.25704898E-06
      6   1.78262152E-06   1.98859070E-06
      7   2.88164127E-06   2.03396555E-06
      8   3.54095200E-06   2.01707498E-06
      9   3.73310870E-06   2.11552013E-06
     10   2.67969691E-06   2.64922042E-06
     11   1.31131580E-06   2.68859015E-06
     12   9.11120229E-07   1.47595753E-06
     13   4.79222896E-07   3.46367774E-07
     14  -5.87966861E-07   2.41032222E-07
     15  -9.52229331E-07  -2.72170307E-08
     16  -6.13553074E-07  -7.83007722E-07
     17  -5.32357758E-07  -1.39518948E-06
     18  -6.16566911E-07  -1.73458530E-06
     19  -8.56180096E-07  -1.73445185E-06
     20  -1.17389265E-06  -1.46110351E-06
 
 mfac =   -2
 
   chea       real(chea)       imag(chea)
      0   6.51851494E-05  -8.55641977E-05
      1   6.84884139E-05  -7.87103934E-05
      2  -3.46888591E-06   3.23376320E-05
      3  -1.67393974E-05   2.96832272E-05
      4  -2.28013137E-05   3.32241378E-05
      5  -2.60571501E-05   2.53526034E-05
      6  -2.59226904E-05   2.65354565E-05
      7  -2.41261976E-05   1.73712743E-05
      8  -2.00602387E-05   1.67716787E-05
      9  -1.48997896E-05   5.47048189E-06
     10  -1.27096050E-05   9.37402435E-06
     11  -1.06502143E-05   4.82298243E-06
     12  -4.19027855E-06   2.24716589E-06
     13   1.24120522E-06  -6.99243535E-06
     14   2.35768263E-06  -9.83978438E-07
     15   4.65100973E-06  -5.32801308E-06
     16   8.50692756E-06  -5.33159035E-06
     17   1.01095588E-05  -9.51440151E-06
     18   1.05523040E-05  -6.01645391E-06
     19   9.75377786E-06  -7.95032645E-06
     20   7.77876926E-06  -2.20244436E-06
 
 mfac =   -1
 
   chea       real(chea)       imag(chea)
      0   1.45126163E-04  -3.02278958E-04
      1   9.51708847E-05  -1.86023638E-04
      2  -3.35965091E-05   9.58827327E-05
      3  -1.67372936E-05   5.72691043E-05
      4  -3.75333953E-05   8.75115270E-05
      5  -3.72413432E-05   7.49236095E-05
      6  -4.37862518E-05   7.93922809E-05
      7  -3.96599207E-05   6.62669080E-05
      8  -3.74419116E-05   5.90351463E-05
      9  -2.75232086E-05   3.84226874E-05
     10  -2.46095526E-05   3.41239936E-05
     11  -1.90472729E-05   2.63210586E-05
     12  -8.50035353E-06   7.70714950E-06
     13   2.25901078E-06  -9.72304537E-06
     14   4.49165230E-06  -8.74317699E-06
     15   9.65115488E-06  -1.52085771E-05
     16   1.51139364E-05  -2.49696464E-05
     17   1.70716427E-05  -2.80792114E-05
     18   1.72614702E-05  -2.81300991E-05
     19   1.71272501E-05  -2.72678083E-05
     20   1.32507623E-05  -1.89523600E-05
 
 mfac =    0
 
   chea       real(chea)       imag(chea)
      0  -5.72563984E-04   1.49938290E-03
      1   9.01801266E-05  -2.78206682E-04
      2   5.02572292E-05  -2.02703360E-04
      3   1.14625051E-04  -2.90391076E-04
      4   9.43757342E-05  -2.18064072E-04
      5   8.53032008E-05  -1.96658125E-04
      6   8.28874283E-05  -1.88449383E-04
      7   5.40825657E-05  -1.25403760E-04
      8   5.51973898E-05  -1.32428660E-04
      9   2.49462149E-05  -5.38541122E-05
     10   3.22464541E-05  -7.44135577E-05
     11   1.72771110E-06  -1.69503992E-06
     12   9.81866009E-06  -2.78360553E-05
     13  -1.73992080E-05   4.06060479E-05
     14  -4.38579679E-06   4.61566112E-06
     15  -2.55162391E-05   6.46610443E-05
     16  -9.46672490E-06   2.52857210E-05
     17  -3.18634270E-05   7.97248591E-05
     18  -1.38240192E-05   3.03788621E-05
     19  -2.92656053E-05   7.17289824E-05
     20  -1.04116431E-05   1.97159776E-05
 
 mfac =    1
 
   chea       real(chea)       imag(chea)
      0   4.07063300E-05  -6.52125437E-05
      1  -1.04378116E-05  -5.82138505E-05
      2  -4.62830342E-05  -1.28508783E-05
      3  -1.22977018E-05   1.76126420E-05
      4  -2.97432798E-06   4.35181762E-05
      5   7.26015318E-06   3.37410004E-05
      6   3.42246358E-06   2.01070392E-05
      7   6.36024354E-06   2.22718591E-06
      8   8.08986846E-06   4.94930417E-06
      9   1.34633409E-05   1.27801100E-05
     10   9.34178515E-06   2.19955995E-05
     11   2.47329188E-06   1.74563371E-05
     12  -3.53958528E-06   7.15384608E-06
     13  -5.40721231E-06  -3.78312930E-06
     14  -6.76850809E-06  -5.15873718E-06
     15  -3.24082484E-06  -1.66639449E-06
     16   3.40525857E-07   1.76415796E-06
     17   1.23798229E-06  -2.19850456E-06
     18   3.20783163E-07  -9.52934042E-06
     19   4.18829838E-07  -1.52384154E-05
     20   5.98858480E-08  -1.32387160E-05
 
 mfac =    2
 
   chea       real(chea)       imag(chea)
      0   2.36029534E-05   4.38836083E-05
      1   7.06966764E-05  -2.18031258E-05
      2   2.85473499E-05   1.08962244E-05
      3  -2.14936077E-05   7.49479451E-06
      4  -1.99053426E-05  -2.93079483E-05
      5  -2.31078022E-05  -7.98010611E-06
      6  -1.09915743E-05  -1.03395659E-05
      7  -5.65695266E-06   6.27179666E-06
      8  -5.51893940E-06   4.19550965E-08
      9  -1.25476611E-05  -3.54281917E-06
     10  -2.23512369E-05  -8.30934492E-06
     11  -2.70141922E-05   1.35141238E-06
     12  -2.31723757E-05   1.56011164E-06
     13  -1.62363946E-05   7.62873880E-06
     14  -1.05737303E-05   6.48284156E-06
     15  -3.78264913E-06   4.32410267E-06
     16   6.25934461E-06  -6.63081478E-06
     17   1.64552344E-05  -3.76323373E-06
     18   2.36238462E-05  -4.28444331E-06
     19   2.48718839E-05   2.06454955E-06
     20   2.20786671E-05   9.49652585E-07
 
 mfac =    3
 
   chea       real(chea)       imag(chea)
      0   2.64291638E-05  -4.45559527E-05
      1   5.37109884E-05  -8.43788658E-05
      2   4.40855745E-05  -5.48888367E-05
      3   2.34293645E-05  -1.64700283E-05
      4   1.60215441E-06   1.06742298E-05
      5  -2.10605395E-05   3.16857578E-05
      6  -4.01814722E-05   4.47175453E-05
      7  -5.12108096E-05   5.15697812E-05
      8  -5.14266491E-05   5.17955751E-05
      9  -4.12207344E-05   4.59883085E-05
     10  -2.46890963E-05   3.58457202E-05
     11  -7.34823186E-06   2.32154937E-05
     12   6.09774236E-06   1.02610271E-05
     13   1.44035480E-05  -1.17207901E-06
     14   1.82780457E-05  -1.01209582E-05
     15   1.87405805E-05  -1.65396592E-05
     16   1.64488023E-05  -2.03502567E-05
     17   1.19806517E-05  -2.12004969E-05
     18   6.23595250E-06  -1.94004604E-05
     19   1.60402014E-06  -1.65831237E-05
     20   3.57634805E-07  -1.45871293E-05
 
 mfac =    4
 
   chea       real(chea)       imag(chea)
      0   2.49826941E-06   3.28521485E-06
      1   9.78672401E-06  -1.23191243E-06
      2   1.46094290E-05  -1.08629588E-05
      3   1.24233321E-05  -1.27186377E-05
      4   8.00846771E-06  -1.16638366E-05
      5   3.39760933E-06  -9.03319226E-06
      6  -9.91078911E-07  -5.66642734E-06
      7  -4.66489889E-06  -1.68113717E-06
      8  -7.79411882E-06   2.93661907E-06
      9  -1.03530120E-05   7.20282663E-06
     10  -1.23623391E-05   1.06402304E-05
     11  -1.41668919E-05   1.35088815E-05
     12  -1.57525715E-05   1.60397060E-05
     13  -1.58809974E-05   1.71344325E-05
     14  -1.35706585E-05   1.59966175E-05
     15  -9.20163768E-06   1.30988418E-05
     16  -3.51208921E-06   9.07240768E-06
     17   2.72829794E-06   3.98118381E-06
     18   8.44335232E-06  -1.74809745E-06
     19   1.29383931E-05  -7.31774096E-06
     20   1.57538529E-05  -1.17034215E-05
 
 mfac =    5
 
   chea       real(chea)       imag(chea)
      0  -1.69089813E-05   2.37009645E-05
      1  -2.69828622E-05   3.78927395E-05
      2  -1.39587381E-05   1.92904964E-05
      3  -3.33591539E-06   3.48135162E-06
      4   4.92583285E-06  -7.75907109E-06
      5   1.13266671E-05  -1.43989105E-05
      6   1.50879766E-05  -1.73035921E-05
      7   1.60746045E-05  -1.82214404E-05
      8   1.46127344E-05  -1.79768122E-05
      9   1.18244497E-05  -1.67599525E-05
     10   8.93447880E-06  -1.43420195E-05
     11   5.96675428E-06  -1.01638112E-05
     12   2.54697472E-06  -4.67516125E-06
     13  -6.70397613E-07  -7.71169928E-08
     14  -3.02242921E-06   2.24939814E-06
     15  -4.65369122E-06   3.21118106E-06
     16  -5.53280150E-06   3.98269896E-06
     17  -5.49188385E-06   4.87157795E-06
     18  -4.96216823E-06   5.78916732E-06
     19  -4.45710138E-06   6.26131074E-06
     20  -4.30157828E-06   6.13930531E-06
 
 mfac =    6
 
   chea       real(chea)       imag(chea)
      0  -2.96300662E-05   2.90260922E-05
      1  -5.12511368E-05   5.03439186E-05
      2  -3.36248496E-05   3.36702021E-05
      3  -1.55426717E-05   1.68618016E-05
      4   2.83791361E-07   2.26691784E-06
      5   1.33196045E-05  -9.73741618E-06
      6   2.27469458E-05  -1.88435836E-05
      7   2.85100056E-05  -2.53158310E-05
      8   3.10992895E-05  -2.93602467E-05
      9   3.12795377E-05  -3.11640881E-05
     10   2.95561521E-05  -3.07204476E-05
     11   2.57044033E-05  -2.76550438E-05
     12   1.95550987E-05  -2.21389974E-05
     13   1.18445458E-05  -1.54852403E-05
     14   3.61051584E-06  -8.77332688E-06
     15  -4.44251854E-06  -2.02886739E-06
     16  -1.15234546E-05   4.68722561E-06
     17  -1.67532469E-05   1.07215793E-05
     18  -1.97099562E-05   1.54138660E-05
     19  -2.04705175E-05   1.83949509E-05
     20  -1.94361328E-05   1.97595698E-05
 
 mfac =    7
 
   chea       real(chea)       imag(chea)
      0  -1.44906780E-05   1.60330733E-05
      1  -2.46048796E-05   2.70811507E-05
      2  -1.54028742E-05   1.63565858E-05
      3  -6.83922092E-06   5.93056849E-06
      4   1.58589984E-07  -2.55594518E-06
      5   6.06414476E-06  -9.04843910E-06
      6   1.05416723E-05  -1.32897133E-05
      7   1.34040082E-05  -1.54152232E-05
      8   1.47610416E-05  -1.57906864E-05
      9   1.49219049E-05  -1.49084023E-05
     10   1.41790006E-05  -1.31115928E-05
     11   1.23443785E-05  -1.02596717E-05
     12   9.28679882E-06  -6.41490832E-06
     13   5.57988161E-06  -2.42314519E-06
     14   1.80082862E-06   1.00989444E-06
     15  -1.93835083E-06   3.93533998E-06
     16  -5.36489559E-06   6.36035958E-06
     17  -7.96123012E-06   7.95613492E-06
     18  -9.46900204E-06   8.54747958E-06
     19  -9.87157008E-06   8.20946517E-06
     20  -9.38470218E-06   7.26380645E-06
 
 mfac =    8
 
   chea       real(chea)       imag(chea)
      0  -1.04697741E-05   1.18382439E-05
      1  -1.80364097E-05   2.04404812E-05
      2  -1.17976084E-05   1.33399982E-05
      3  -5.83917569E-06   6.22715887E-06
      4  -8.90221938E-07   1.82626017E-07
      5   3.54776540E-06  -4.84820593E-06
      6   7.26857702E-06  -8.61357724E-06
      7   9.86354290E-06  -1.09926992E-05
      8   1.12639153E-05  -1.21111377E-05
      9   1.16591970E-05  -1.22532405E-05
     10   1.11970288E-05  -1.16226442E-05
     11   9.83615089E-06  -1.00778975E-05
     12   7.64127809E-06  -7.60033472E-06
     13   4.97698417E-06  -4.73139634E-06
     14   2.20035483E-06  -1.98415164E-06
     15  -5.55960823E-07   5.80991820E-07
     16  -3.15968007E-06   2.91620459E-06
     17  -5.32149865E-06   4.80649664E-06
     18  -6.77248698E-06   6.13893621E-06
     19  -7.47972023E-06   6.90296117E-06
     20  -7.58219253E-06   7.17916989E-06
 
 mfac =    9
 
   chea       real(chea)       imag(chea)
      0  -6.12067413E-06   7.10213872E-06
      1  -1.02977604E-05   1.20628790E-05
      2  -6.19921772E-06   7.40710121E-06
      3  -2.54949759E-06   2.93727116E-06
      4   1.05839339E-07  -5.72788891E-07
      5   2.27682641E-06  -3.33647094E-06
      6   4.05110381E-06  -5.32661916E-06
      7   5.25500758E-06  -6.45936195E-06
      8   5.86031037E-06  -6.82971660E-06
      9   5.99962412E-06  -6.69282029E-06
     10   5.78017795E-06  -6.20725947E-06
     11   5.12195378E-06  -5.22878628E-06
     12   3.98084997E-06  -3.72044109E-06
     13   2.58299636E-06  -2.08750313E-06
     14   1.15945506E-06  -6.70299852E-07
     15  -2.47851547E-07   6.16257703E-07
     16  -1.58327100E-06   1.84475548E-06
     17  -2.68665708E-06   2.85422142E-06
     18  -3.46114680E-06   3.50399073E-06
     19  -3.89076955E-06   3.79628044E-06
     20  -4.02701567E-06   3.85272456E-06
 
 mfac =   10
 
   chea       real(chea)       imag(chea)
      0  -4.47957192E-06   5.30573582E-06
      1  -7.44001145E-06   9.06497507E-06
      2  -4.21825602E-06   5.63919420E-06
      3  -1.38668368E-06   2.28539592E-06
      4   5.22982899E-07  -3.11574407E-07
      5   1.95359505E-06  -2.28702515E-06
      6   3.06426460E-06  -3.71707653E-06
      7   3.74219556E-06  -4.61142454E-06
      8   3.98363567E-06  -5.03161327E-06
      9   3.96063782E-06  -5.08538885E-06
     10   3.77986387E-06  -4.83221431E-06
     11   3.29139276E-06  -4.17978994E-06
     12   2.41099348E-06  -3.12894792E-06
     13   1.39407171E-06  -1.96718662E-06
     14   4.71784156E-07  -9.05040332E-07
     15  -4.06236363E-07   1.18203169E-07
     16  -1.26341588E-06   1.14099179E-06
     17  -1.94912497E-06   2.02496118E-06
     18  -2.34239284E-06   2.63750316E-06
     19  -2.47438748E-06   2.94708984E-06
     20  -2.46956880E-06   3.03114275E-06
 
 mfac =   11
 
   chea       real(chea)       imag(chea)
      0  -3.45002793E-06   3.77754960E-06
      1  -5.78070430E-06   6.42940362E-06
      2  -3.28439028E-06   3.89222945E-06
      3  -9.48263326E-07   1.37121362E-06
      4   5.96495713E-07  -5.27199146E-07
      5   1.62899283E-06  -1.87712838E-06
      6   2.38626533E-06  -2.77658512E-06
      7   2.81367986E-06  -3.25189639E-06
      8   2.95086516E-06  -3.39846854E-06
      9   2.93174324E-06  -3.34645643E-06
     10   2.75224408E-06  -3.12066375E-06
     11   2.36278059E-06  -2.63749253E-06
     12   1.78536863E-06  -1.90148682E-06
     13   1.08021509E-06  -1.09921431E-06
     14   3.50446958E-07  -3.95347927E-07
     15  -3.05456036E-07   2.27232953E-07
     16  -8.96152666E-07   8.21136126E-07
     17  -1.38882798E-06   1.33383064E-06
     18  -1.68027114E-06   1.68053170E-06
     19  -1.79615069E-06   1.84930458E-06
     20  -1.82460862E-06   1.89828566E-06
 
 mfac =   12
 
   chea       real(chea)       imag(chea)
      0  -2.76379475E-06   2.90351714E-06
      1  -4.62201086E-06   4.90776710E-06
      2  -2.61424784E-06   2.92310899E-06
      3  -7.07704344E-07   9.93346354E-07
      4   6.07344099E-07  -4.77350220E-07
      5   1.44908376E-06  -1.53102848E-06
      6   1.98077721E-06  -2.20320167E-06
      7   2.27242422E-06  -2.53535461E-06
      8   2.34028895E-06  -2.57785799E-06
      9   2.24066777E-06  -2.44531686E-06
     10   2.06385758E-06  -2.25248262E-06
     11   1.76616944E-06  -1.89427893E-06
     12   1.28740412E-06  -1.28893927E-06
     13   7.35134496E-07  -6.83679804E-07
     14   2.06595642E-07  -2.46587301E-07
     15  -3.07981045E-07   1.61088550E-07
     16  -7.69881174E-07   5.99264025E-07
     17  -1.10758919E-06   9.67210350E-07
     18  -1.31352917E-06   1.22084341E-06
     19  -1.39334241E-06   1.34223834E-06
     20  -1.36017935E-06   1.36253867E-06
 
 mfac =   13
 
   chea       real(chea)       imag(chea)
      0  -2.21228491E-06   2.31761962E-06
      1  -3.70658332E-06   3.94916758E-06
      2  -2.06478564E-06   2.35267173E-06
      3  -4.81746411E-07   7.28300612E-07
      4   5.59550889E-07  -4.58544152E-07
      5   1.21593566E-06  -1.27767824E-06
      6   1.66254836E-06  -1.82538461E-06
      7   1.85037027E-06  -2.05996605E-06
      8   1.82272225E-06  -2.05508051E-06
      9   1.73500833E-06  -1.96150126E-06
     10   1.59113163E-06  -1.77826902E-06
     11   1.31487817E-06  -1.43099216E-06
     12   9.08579880E-07  -9.52453112E-07
     13   4.53004187E-07  -4.63384481E-07
     14   4.67636532E-08  -7.16876096E-08
     15  -2.91533592E-07   2.29757982E-07
     16  -6.26439049E-07   5.39065566E-07
     17  -9.14123689E-07   8.36458227E-07
     18  -1.02586052E-06   9.96938164E-07
     19  -1.00323763E-06   1.03094577E-06
     20  -9.77740895E-07   1.04201357E-06
 
 mfac =   14
 
   chea       real(chea)       imag(chea)
      0  -1.87589720E-06   1.91657701E-06
      1  -3.18518912E-06   3.28944229E-06
      2  -1.84040649E-06   2.02139504E-06
      3  -4.55558062E-07   6.81728921E-07
      4   5.03756989E-07  -3.66352131E-07
      5   1.07836635E-06  -1.05934211E-06
      6   1.42984163E-06  -1.48084612E-06
      7   1.59115467E-06  -1.74253164E-06
      8   1.60342145E-06  -1.85116952E-06
      9   1.53401461E-06  -1.77894627E-06
     10   1.37541745E-06  -1.56477637E-06
     11   1.11598674E-06  -1.23026357E-06
     12   7.88650748E-07  -7.90357816E-07
     13   4.11371969E-07  -3.48074562E-07
     14   2.93706959E-08   2.55107780E-08
     15  -2.94611111E-07   3.36966319E-07
     16  -5.68664958E-07   5.67541060E-07
     17  -7.89205877E-07   7.17229040E-07
     18  -8.97326794E-07   8.33668647E-07
     19  -9.10682781E-07   8.96188087E-07
     20  -8.83890804E-07   8.57283186E-07
 
 mfac =   15
 
   chea       real(chea)       imag(chea)
      0  -1.60980426E-06   1.66178870E-06
      1  -2.75723764E-06   2.83681264E-06
      2  -1.65672462E-06   1.71403686E-06
      3  -4.72084915E-07   5.66159962E-07
      4   4.27251020E-07  -3.00692444E-07
      5   9.51562280E-07  -9.00610153E-07
      6   1.21585096E-06  -1.29808915E-06
      7   1.37579915E-06  -1.50604734E-06
      8   1.45278287E-06  -1.54645980E-06
      9   1.41035613E-06  -1.49066342E-06
     10   1.27046570E-06  -1.36917794E-06
     11   1.05675792E-06  -1.11109437E-06
     12   7.56015584E-07  -7.02805233E-07
     13   3.92356376E-07  -2.90999754E-07
     14   6.68776984E-09   1.02428721E-08
     15  -3.54896659E-07   2.52080699E-07
     16  -6.14384956E-07   4.93053295E-07
     17  -7.61974740E-07   6.88770690E-07
     18  -8.57555605E-07   7.81205788E-07
     19  -8.92605816E-07   7.78870624E-07
     20  -8.19519212E-07   7.44461004E-07
 
 mfac =   16
 
   chea       real(chea)       imag(chea)
      0  -1.44361293E-06   1.41162105E-06
      1  -2.46893191E-06   2.42029469E-06
      2  -1.47032143E-06   1.46507679E-06
      3  -4.16725924E-07   4.59807346E-07
      4   3.61230987E-07  -2.82393988E-07
      5   8.63938230E-07  -7.49943897E-07
      6   1.16263453E-06  -1.03766417E-06
      7   1.26765887E-06  -1.20339414E-06
      8   1.24231840E-06  -1.27837665E-06
      9   1.19371959E-06  -1.28754678E-06
     10   1.12630945E-06  -1.21293131E-06
     11   9.57200204E-07  -1.00716136E-06
     12   6.60638251E-07  -6.80718134E-07
     13   3.08846290E-07  -3.28828955E-07
     14  -6.02179661E-09  -3.27040154E-08
     15  -2.67068795E-07   2.13953106E-07
     16  -5.07810410E-07   4.41296740E-07
     17  -6.95120558E-07   6.25269903E-07
     18  -7.60186668E-07   7.18399579E-07
     19  -7.37838995E-07   7.25466459E-07
     20  -7.09158684E-07   6.89425000E-07
 
 mfac =   17
 
   chea       real(chea)       imag(chea)
      0  -1.25795179E-06   1.23504215E-06
      1  -2.18255546E-06   2.14313698E-06
      2  -1.34888456E-06   1.35275455E-06
      3  -4.00488015E-07   4.54804617E-07
      4   3.27451550E-07  -2.78410419E-07
      5   7.39880103E-07  -6.95715222E-07
      6   9.29861034E-07  -8.69536693E-07
      7   1.01693860E-06  -1.00407250E-06
      8   1.06156924E-06  -1.12241571E-06
      9   1.06461292E-06  -1.13042695E-06
     10   9.99482045E-07  -1.04155440E-06
     11   8.70096879E-07  -8.89030046E-07
     12   6.89114897E-07  -6.65405241E-07
     13   4.49980033E-07  -4.11895204E-07
     14   1.67794323E-07  -1.49331564E-07
     15  -1.12043908E-07   1.21157346E-07
     16  -3.53415044E-07   3.26932345E-07
     17  -5.44756489E-07   4.59051736E-07
     18  -6.74693254E-07   5.99556109E-07
     19  -7.34069330E-07   7.07889494E-07
     20  -7.21610171E-07   6.93474706E-07
 
 mfac =   18
 
   chea       real(chea)       imag(chea)
      0  -1.17155334E-06   1.16361277E-06
      1  -2.05877313E-06   2.02397551E-06
      2  -1.33260090E-06   1.27507821E-06
      3  -4.57020208E-07   4.27813937E-07
      4   2.73711585E-07  -2.48666159E-07
      5   7.03861609E-07  -6.81008670E-07
      6   8.86704113E-07  -9.07155701E-07
      7   9.81302358E-07  -9.84568749E-07
      8   1.04546645E-06  -9.85735354E-07
      9   1.03533875E-06  -9.73092117E-07
     10   9.49837003E-07  -9.36757775E-07
     11   8.19122007E-07  -8.24514773E-07
     12   6.50153571E-07  -6.21548918E-07
     13   4.35737989E-07  -3.74876304E-07
     14   1.68697983E-07  -1.42996485E-07
     15  -1.07115142E-07   6.28956095E-08
     16  -3.21433952E-07   2.58257992E-07
     17  -4.67703294E-07   4.29789053E-07
     18  -5.83517311E-07   5.43622554E-07
     19  -6.52615146E-07   6.03579427E-07
     20  -6.28704472E-07   6.32378346E-07
 
 mfac =   19
 
   chea       real(chea)       imag(chea)
      0  -1.06340984E-06   9.82346589E-07
      1  -1.87812210E-06   1.69474023E-06
      2  -1.22727288E-06   1.04457079E-06
      3  -4.26918404E-07   3.17902436E-07
      4   2.63602186E-07  -2.76034616E-07
      5   7.21949584E-07  -6.52493043E-07
      6   9.45473602E-07  -8.15850917E-07
      7   9.91042429E-07  -8.31814248E-07
      8   9.46681715E-07  -7.72381444E-07
      9   8.81916239E-07  -7.00361800E-07
     10   8.01964939E-07  -6.44823323E-07
     11   6.85135390E-07  -5.55384590E-07
     12   5.20676708E-07  -3.93242785E-07
     13   3.04641012E-07  -2.22625681E-07
     14   6.64077967E-08  -9.61609674E-08
     15  -1.44845025E-07   1.85263545E-08
     16  -3.13132035E-07   1.40407025E-07
     17  -4.40900477E-07   2.41674907E-07
     18  -5.19444649E-07   3.08705748E-07
     19  -5.57441170E-07   3.47704626E-07
     20  -5.63284761E-07   3.74958179E-07
 
 mfac =   20
 
   chea       real(chea)       imag(chea)
      0  -8.24941473E-07   8.67673227E-07
      1  -1.43751124E-06   1.52205504E-06
      2  -9.07836002E-07   9.66368316E-07
      3  -2.55533439E-07   2.74694786E-07
      4   3.39866771E-07  -3.17281981E-07
      5   7.14522067E-07  -6.67693839E-07
      6   8.42217039E-07  -7.96901045E-07
      7   8.43040388E-07  -8.08107666E-07
      8   7.76254360E-07  -7.65031449E-07
      9   6.41878990E-07  -6.67582156E-07
     10   4.95954646E-07  -5.22788341E-07
     11   3.55035793E-07  -3.69671748E-07
     12   1.86711496E-07  -2.32857812E-07
     13   1.51042838E-08  -1.06526812E-07
     14  -1.46336806E-07   2.17247592E-08
     15  -3.04324970E-07   1.35846504E-07
     16  -4.04886661E-07   2.11773747E-07
     17  -4.28533747E-07   2.59580305E-07
     18  -4.34397030E-07   3.01382265E-07
     19  -4.15284194E-07   3.24522129E-07
     20  -3.26676814E-07   3.04324396E-07
 
